timestamp: 2015-02-16T00:16:40.297498
CREATE TABLE auth_user(
    id INTEGER PRIMARY KEY AUTOINCREMENT,
    first_name CHAR(128),
    last_name CHAR(128),
    email CHAR(512),
    password CHAR(512),
    registration_key CHAR(512),
    reset_password_key CHAR(512),
    registration_id CHAR(512)
);
success!
timestamp: 2015-02-16T00:16:40.359986
CREATE TABLE auth_group(
    id INTEGER PRIMARY KEY AUTOINCREMENT,
    role CHAR(512),
    description TEXT
);
success!
timestamp: 2015-02-16T00:16:40.380992
CREATE TABLE auth_membership(
    id INTEGER PRIMARY KEY AUTOINCREMENT,
    user_id INTEGER REFERENCES auth_user (id) ON DELETE CASCADE,
    group_id INTEGER REFERENCES auth_group (id) ON DELETE CASCADE
);
success!
timestamp: 2015-02-16T00:16:40.407755
CREATE TABLE auth_permission(
    id INTEGER PRIMARY KEY AUTOINCREMENT,
    group_id INTEGER REFERENCES auth_group (id) ON DELETE CASCADE,
    name CHAR(512),
    table_name CHAR(512),
    record_id INTEGER
);
success!
timestamp: 2015-02-16T00:16:40.430337
CREATE TABLE auth_event(
    id INTEGER PRIMARY KEY AUTOINCREMENT,
    time_stamp TIMESTAMP,
    client_ip CHAR(512),
    user_id INTEGER REFERENCES auth_user (id) ON DELETE CASCADE,
    origin CHAR(512),
    description TEXT
);
success!
timestamp: 2015-02-16T00:16:40.448343
CREATE TABLE auth_cas(
    id INTEGER PRIMARY KEY AUTOINCREMENT,
    user_id INTEGER REFERENCES auth_user (id) ON DELETE CASCADE,
    created_on TIMESTAMP,
    service CHAR(512),
    ticket CHAR(512),
    renew CHAR(1)
);
success!
timestamp: 2015-02-16T00:16:40.475922
CREATE TABLE algorithm(
    id INTEGER PRIMARY KEY AUTOINCREMENT,
    Name CHAR(512),
    Description TEXT
);
success!
timestamp: 2015-02-16T00:16:40.496593
CREATE TABLE input_data(
    id INTEGER PRIMARY KEY AUTOINCREMENT,
    input_value TEXT,
    algorithm TEXT
);
success!
timestamp: 2015-02-16T00:16:40.559010
CREATE TABLE simulation(
    id INTEGER PRIMARY KEY AUTOINCREMENT,
    simulation_date TIMESTAMP,
    algorithm INTEGER REFERENCES algorithm (id) ON DELETE CASCADE,
    input_data INTEGER REFERENCES input_data (id) ON DELETE CASCADE,
    simulation_owner INTEGER REFERENCES auth_user (id) ON DELETE CASCADE
);
success!
timestamp: 2015-02-16T00:16:40.599453
CREATE TABLE simulation_log(
    id INTEGER PRIMARY KEY AUTOINCREMENT,
    simulation INTEGER REFERENCES simulation (id) ON DELETE CASCADE,
    log_content CHAR(512),
    log_owner INTEGER REFERENCES auth_user (id) ON DELETE CASCADE
);
success!
timestamp: 2015-02-16T00:16:40.615113
CREATE TABLE simulation_plot(
    id INTEGER PRIMARY KEY AUTOINCREMENT,
    simulation INTEGER REFERENCES simulation (id) ON DELETE CASCADE,
    plot_content CHAR(512),
    plot_owner INTEGER REFERENCES auth_user (id) ON DELETE CASCADE
);
success!
timestamp: 2015-02-16T00:16:40.651100
CREATE TABLE scheduler_task(
    id INTEGER PRIMARY KEY AUTOINCREMENT,
    application_name CHAR(512),
    task_name CHAR(512),
    group_name CHAR(512),
    status CHAR(512),
    function_name CHAR(512),
    uuid CHAR(255) UNIQUE,
    args TEXT,
    vars TEXT,
    enabled CHAR(1),
    start_time TIMESTAMP,
    next_run_time TIMESTAMP,
    stop_time TIMESTAMP,
    repeats INTEGER,
    retry_failed INTEGER,
    period INTEGER,
    prevent_drift CHAR(1),
    timeout INTEGER,
    sync_output INTEGER,
    times_run INTEGER,
    times_failed INTEGER,
    last_run_time TIMESTAMP,
    assigned_worker_name CHAR(512)
);
success!
timestamp: 2015-02-16T00:16:40.685933
CREATE TABLE scheduler_run(
    id INTEGER PRIMARY KEY AUTOINCREMENT,
    task_id INTEGER REFERENCES scheduler_task (id) ON DELETE CASCADE,
    status CHAR(512),
    start_time TIMESTAMP,
    stop_time TIMESTAMP,
    run_output TEXT,
    run_result TEXT,
    traceback TEXT,
    worker_name CHAR(512)
);
success!
timestamp: 2015-02-16T00:16:40.713631
CREATE TABLE scheduler_worker(
    id INTEGER PRIMARY KEY AUTOINCREMENT,
    worker_name CHAR(255) UNIQUE,
    first_heartbeat TIMESTAMP,
    last_heartbeat TIMESTAMP,
    status CHAR(512),
    is_ticker CHAR(1),
    group_names TEXT,
    worker_stats TEXT
);
success!
timestamp: 2015-02-16T00:16:40.746936
CREATE TABLE scheduler_task_deps(
    id INTEGER PRIMARY KEY AUTOINCREMENT,
    job_name CHAR(512),
    task_parent INTEGER,
    task_child INTEGER REFERENCES scheduler_task (id) ON DELETE CASCADE,
    can_visit CHAR(1)
);
success!
