2015-02-12 22:47:10,317 - INFO - floating_point_add - ****SYSTEM INFORMATION****
2015-02-12 22:47:10,318 - INFO - floating_point_add - Python version    : 2.7.3
2015-02-12 22:47:10,318 - INFO - floating_point_add - compiler          : GCC 4.7.2
2015-02-12 22:47:10,318 - INFO - floating_point_add - system            : Linux
2015-02-12 22:47:10,318 - INFO - floating_point_add - release           : 3.2.0-4-686-pae
2015-02-12 22:47:10,319 - INFO - floating_point_add - machine           : i686
2015-02-12 22:47:10,319 - INFO - floating_point_add - cpu's             : 2
2015-02-12 22:47:10,319 - INFO - floating_point_add - interpreter       : 32bit
2015-02-12 22:47:10,319 - INFO - floating_point_add - node              : crunchbang
2015-02-12 22:47:10,319 - INFO - floating_point_add - platform          : Linux-3.2.0-4-686-pae-i686-with-debian-7.8
2015-02-12 22:47:10,319 - INFO - floating_point_add - main: START
2015-02-12 22:47:10,321 - INFO - floating_point_add - ****RUN_SERIAL()****
2015-02-12 22:47:10,869 - INFO - floating_point_add - head of a         : [0.052363598850944326, 0.08718667752263232, 0.4072417636703983, 0.10770023493843905, 0.9011988779516946]
2015-02-12 22:47:10,870 - INFO - floating_point_add - head of b         : [0.2877004236426126, 0.8110778363047234, 0.13889654150429964, 0.754907521581703, 0.587728467465608]
2015-02-12 22:47:10,870 - INFO - floating_point_add - data size         : 1000000
2015-02-12 22:47:10,870 - INFO - floating_point_add - result            : 250176.274830
2015-02-12 22:47:10,894 - INFO - psim - pid for 0 is 1931
2015-02-12 22:47:10,895 - INFO - floating_point_add - ****RUN_PARALLEL()****
2015-02-12 22:47:10,897 - INFO - psim - pid for 1 is 1938
2015-02-12 22:47:11,242 - INFO - floating_point_add - head of a         : [0.4821176087768366, 0.6102663835487343, 0.5458850951203287, 0.03648651542880177, 0.7773751342880395]
2015-02-12 22:47:11,243 - INFO - floating_point_add - head of b         : [0.22189396417514795, 0.20469610640426428, 0.4541277844871693, 0.38388152216808635, 0.26778884696189265]
2015-02-12 22:47:11,243 - INFO - floating_point_add - data size         : 1000000
2015-02-12 22:47:11,243 - INFO - floating_point_add - # processes       : 2
2015-02-12 22:47:16,637 - INFO - floating_point_add - result            : 249762.291722
2015-02-12 22:47:16,666 - INFO - psim - pid for 1 is 1941
2015-02-12 22:47:16,668 - INFO - psim - pid for 0 is 1931
2015-02-12 22:47:16,668 - INFO - floating_point_add - ****RUN_PARALLEL()****
2015-02-12 22:47:16,668 - INFO - psim - pid for 2 is 1944
2015-02-12 22:47:17,072 - INFO - floating_point_add - head of a         : [0.41251398890477287, 0.09314018191744389, 0.9241299065173832, 0.02468590526041259, 0.5981702485320711]
2015-02-12 22:47:17,072 - INFO - floating_point_add - head of b         : [0.8787822210894023, 0.687709024206215, 0.030450154115250427, 0.3662051413483961, 0.7851030723903698]
2015-02-12 22:47:17,072 - INFO - floating_point_add - data size         : 1000000
2015-02-12 22:47:17,072 - INFO - floating_point_add - # processes       : 3
2015-02-12 22:47:24,074 - INFO - floating_point_add - result            : 249733.293384
2015-02-12 22:47:24,105 - INFO - psim - pid for 1 is 1947
2015-02-12 22:47:24,108 - INFO - psim - pid for 2 is 1948
2015-02-12 22:47:24,110 - INFO - psim - pid for 3 is 1949
2015-02-12 22:47:24,110 - INFO - floating_point_add - ****RUN_PARALLEL()****
2015-02-12 22:47:24,470 - INFO - floating_point_add - head of a         : [0.48763451517249534, 0.9536472972599397, 0.0942445647857898, 0.8609656651412811, 0.6785469978082064]
2015-02-12 22:47:24,471 - INFO - floating_point_add - head of b         : [0.846126293585101, 0.027788929350520575, 0.9570552667312374, 0.8290750958756077, 0.5293995578000141]
2015-02-12 22:47:24,471 - INFO - floating_point_add - data size         : 1000000
2015-02-12 22:47:24,471 - INFO - floating_point_add - # processes       : 4
2015-02-12 22:47:32,396 - INFO - floating_point_add - result            : 249859.831751
2015-02-12 22:47:32,422 - INFO - psim - pid for 1 is 1952
2015-02-12 22:47:32,424 - INFO - psim - pid for 2 is 1953
2015-02-12 22:47:32,426 - INFO - psim - pid for 3 is 1956
2015-02-12 22:47:32,428 - INFO - psim - pid for 4 is 1957
2015-02-12 22:47:32,429 - INFO - psim - pid for 0 is 1931
2015-02-12 22:47:32,429 - INFO - floating_point_add - ****RUN_PARALLEL()****
2015-02-12 22:47:32,429 - INFO - psim - pid for 5 is 1958
2015-02-12 22:47:32,799 - INFO - floating_point_add - head of a         : [0.06440397448944457, 0.789202256848174, 0.7467779205089714, 0.1442343865821777, 0.0665005168162408]
2015-02-12 22:47:32,800 - INFO - floating_point_add - head of b         : [0.7095440321470725, 0.644444453066783, 0.44070535871282956, 0.8937335934959091, 0.21836090782233852]
2015-02-12 22:47:32,800 - INFO - floating_point_add - data size         : 1000000
2015-02-12 22:47:32,800 - INFO - floating_point_add - # processes       : 6
2015-02-12 22:47:41,693 - INFO - floating_point_add - result            : 249755.593759
2015-02-12 22:47:42,132 - INFO - floating_point_add - main: END
