2015-02-26 05:59:53,978 - INFO - log - ****merge_sort****
2015-02-26 05:59:53,978 - INFO - log - ****SYSTEM INFORMATION****
2015-02-26 05:59:53,978 - INFO - log - Python version    : 2.7.3
2015-02-26 05:59:53,978 - INFO - log - compiler          : GCC 4.7.2
2015-02-26 05:59:53,979 - INFO - log - system            : Linux
2015-02-26 05:59:53,979 - INFO - log - release           : 3.2.0-4-686-pae
2015-02-26 05:59:53,979 - INFO - log - machine           : i686
2015-02-26 05:59:53,979 - INFO - log - cpu's             : 2
2015-02-26 05:59:53,979 - INFO - log - interpreter       : 32bit
2015-02-26 05:59:53,979 - INFO - log - node              : crunchbang
2015-02-26 05:59:53,979 - INFO - log - platform          : Linux-3.2.0-4-686-pae-i686-with-debian-7.8
2015-02-26 05:59:53,979 - INFO - log - main: START
2015-02-26 05:59:53,982 - INFO - log - ****Run serial****
2015-02-26 05:59:53,982 - INFO - log - input data       : [9.0, 3.0, 5.0, 4.0, 1.0, 10.0, 55.0, 44.0, 99.0, 77.0, 88.0, 100.0, 33.0, 66.0, 77.0, 55.0, 22.0, 888.0, 4444.0, 12.0, 0.0, 23.0, 5555.0, 24.0, 25.0, 26.0, 27.0, 28.0, 29.0, 20.0, 15.0, 14.0]
2015-02-26 05:59:53,982 - INFO - log - result           : [0.0, 1.0, 3.0, 4.0, 5.0, 9.0, 10.0, 12.0, 14.0, 15.0, 20.0, 22.0, 23.0, 24.0, 25.0, 26.0, 27.0, 28.0, 29.0, 33.0, 44.0, 55.0, 55.0, 66.0, 77.0, 77.0, 88.0, 99.0, 100.0, 888.0, 4444.0, 5555.0]
2015-02-26 05:59:53,984 - INFO - log - ****Run parallel (2)****
2015-02-26 05:59:53,984 - INFO - log - input data       : [9.0, 3.0, 5.0, 4.0, 1.0, 10.0, 55.0, 44.0, 99.0, 77.0, 88.0, 100.0, 33.0, 66.0, 77.0, 55.0, 22.0, 888.0, 4444.0, 12.0, 0.0, 23.0, 5555.0, 24.0, 25.0, 26.0, 27.0, 28.0, 29.0, 20.0, 15.0, 14.0]
2015-02-26 05:59:53,984 - INFO - log - 1 scattering to all [9.0, 3.0, 5.0, 4.0, 1.0, 10.0, 55.0, 44.0, 99.0, 77.0, 88.0, 100.0, 33.0, 66.0, 77.0, 55.0, 22.0, 888.0, 4444.0, 12.0, 0.0, 23.0, 5555.0, 24.0, 25.0, 26.0, 27.0, 28.0, 29.0, 20.0, 15.0, 14.0]
2015-02-26 05:59:53,984 - INFO - log - # processes       : 2
2015-02-26 05:59:53,984 - INFO - log - input data       : [9.0, 3.0, 5.0, 4.0, 1.0, 10.0, 55.0, 44.0, 99.0, 77.0, 88.0, 100.0, 33.0, 66.0, 77.0, 55.0, 22.0, 888.0, 4444.0, 12.0, 0.0, 23.0, 5555.0, 24.0, 25.0, 26.0, 27.0, 28.0, 29.0, 20.0, 15.0, 14.0]
2015-02-26 05:59:53,985 - INFO - log - 0 scattering to all [9.0, 3.0, 5.0, 4.0, 1.0, 10.0, 55.0, 44.0, 99.0, 77.0, 88.0, 100.0, 33.0, 66.0, 77.0, 55.0, 22.0, 888.0, 4444.0, 12.0, 0.0, 23.0, 5555.0, 24.0, 25.0, 26.0, 27.0, 28.0, 29.0, 20.0, 15.0, 14.0]
