2015-02-16 03:21:40,586 - INFO - merge_sort - ****SYSTEM INFORMATION****
2015-02-16 03:21:40,587 - INFO - merge_sort - Python version    : 2.7.3
2015-02-16 03:21:40,587 - INFO - merge_sort - compiler          : GCC 4.7.2
2015-02-16 03:21:40,587 - INFO - merge_sort - system            : Linux
2015-02-16 03:21:40,587 - INFO - merge_sort - release           : 3.2.0-4-686-pae
2015-02-16 03:21:40,587 - INFO - merge_sort - machine           : i686
2015-02-16 03:21:40,587 - INFO - merge_sort - cpu's             : 2
2015-02-16 03:21:40,587 - INFO - merge_sort - interpreter       : 32bit
2015-02-16 03:21:40,587 - INFO - merge_sort - node              : crunchbang
2015-02-16 03:21:40,587 - INFO - merge_sort - platform          : Linux-3.2.0-4-686-pae-i686-with-debian-7.8
2015-02-16 03:21:40,587 - INFO - merge_sort - main: START
2015-02-16 03:21:40,589 - INFO - merge_sort - ****RUN_SERIAL()****
2015-02-16 03:21:40,590 - INFO - merge_sort - input data       : [0, 9, 3, 4, 2, 6, 1, 4, 6, 99, 12, 5, 56, 76, 855, 5685]
2015-02-16 03:21:40,590 - INFO - merge_sort - result            : [0, 1, 2, 3, 4, 4, 5, 6, 6, 9, 12, 56, 76, 99, 855, 5685]
2015-02-16 03:21:40,592 - INFO - psim - pid for 0 is 16126
2015-02-16 03:21:40,592 - INFO - psim - pid for 1 is 16136
2015-02-16 03:21:40,597 - INFO - merge_sort - ****RUN_PARALLEL()****
2015-02-16 03:21:40,597 - INFO - merge_sort - input data       : [0, 9, 3, 4, 2, 6, 1, 4, 6, 99, 12, 5, 56, 76, 855, 5685]
2015-02-16 03:21:40,597 - INFO - merge_sort - result           : [0, 1, 2, 3, 4, 4, 5, 6, 6, 9, 12, 56, 76, 99, 855, 5685]
2015-02-16 03:21:40,600 - INFO - psim - pid for 0 is 16136
2015-02-16 03:21:40,601 - INFO - psim - pid for 0 is 16126
2015-02-16 03:21:40,604 - INFO - psim - pid for 3 is 16142
2015-02-16 03:21:40,604 - INFO - psim - pid for 2 is 16139
2015-02-16 03:21:40,603 - INFO - psim - pid for 3 is 16141
2015-02-16 03:21:40,605 - INFO - psim - pid for 2 is 16140
2015-02-16 03:21:40,608 - INFO - psim - pid for 1 is 16138
2015-02-16 03:21:40,609 - INFO - psim - pid for 1 is 16137
2015-02-16 03:21:40,612 - INFO - merge_sort - ****RUN_PARALLEL()****
2015-02-16 03:21:40,612 - INFO - merge_sort - input data       : [0, 9, 3, 4, 2, 6, 1, 4, 6, 99, 12, 5, 56, 76, 855, 5685]
2015-02-16 03:21:40,612 - INFO - merge_sort - result           : [0, 1, 2, 3, 4, 4, 5, 6, 6, 9, 12, 56, 76, 99, 855, 5685]
2015-02-16 03:21:40,647 - INFO - merge_sort - ****RUN_PARALLEL()****
2015-02-16 03:21:40,647 - INFO - merge_sort - input data       : [0, 9, 3, 4, 2, 6, 1, 4, 6, 99, 12, 5, 56, 76, 855, 5685]
2015-02-16 03:21:40,647 - INFO - merge_sort - result           : [0, 1, 2, 3, 4, 4, 5, 6, 6, 9, 12, 56, 76, 99, 855, 5685]
2015-02-16 03:21:40,675 - INFO - psim - pid for 3 is 16149
2015-02-16 03:21:40,677 - INFO - psim - pid for 3 is 16152
2015-02-16 03:21:40,679 - INFO - psim - pid for 1 is 16148
2015-02-16 03:21:40,681 - INFO - psim - pid for 2 is 16160
2015-02-16 03:21:40,682 - INFO - psim - pid for 4 is 16151
2015-02-16 03:21:40,685 - INFO - psim - pid for 5 is 16153
2015-02-16 03:21:40,693 - INFO - psim - pid for 3 is 16162
2015-02-16 03:21:40,696 - INFO - psim - pid for 5 is 16156
2015-02-16 03:21:40,697 - INFO - psim - pid for 1 is 16158
2015-02-16 03:21:40,711 - INFO - psim - pid for 1 is 16159
2015-02-16 03:21:40,819 - INFO - psim - pid for 5 is 16190
2015-02-16 03:21:40,826 - INFO - psim - pid for 0 is 16140
2015-02-16 03:21:40,831 - INFO - psim - pid for 6 is 16191
2015-02-16 03:21:40,832 - INFO - psim - pid for 7 is 16192
2015-02-16 03:21:40,833 - INFO - psim - pid for 7 is 16189
2015-02-16 03:21:40,803 - INFO - psim - pid for 6 is 16183
2015-02-16 03:21:40,885 - INFO - psim - pid for 0 is 16139
2015-02-16 03:21:40,888 - INFO - merge_sort - ****RUN_PARALLEL()****
2015-02-16 03:21:40,888 - INFO - merge_sort - input data       : [0, 9, 3, 4, 2, 6, 1, 4, 6, 99, 12, 5, 56, 76, 855, 5685]
2015-02-16 03:21:40,889 - INFO - merge_sort - result           : [0, 1, 2, 3, 4, 4, 5, 6, 6, 9, 12, 56, 76, 99, 855, 5685]
2015-02-16 03:21:40,807 - INFO - psim - pid for 1 is 16187
2015-02-16 03:21:40,897 - INFO - psim - pid for 3 is 16194
2015-02-16 03:21:40,906 - INFO - psim - pid for 3 is 16205
2015-02-16 03:21:40,910 - INFO - psim - pid for 1 is 16195
2015-02-16 03:21:40,912 - INFO - psim - pid for 2 is 16213
2015-02-16 03:21:40,934 - INFO - psim - pid for 5 is 16200
2015-02-16 03:21:40,936 - INFO - psim - pid for 7 is 16204
2015-02-16 03:21:40,937 - INFO - psim - pid for 1 is 16217
2015-02-16 03:21:40,938 - INFO - psim - pid for 6 is 16202
2015-02-16 03:21:40,940 - INFO - psim - pid for 4 is 16214
2015-02-16 03:21:40,940 - INFO - psim - pid for 1 is 16196
2015-02-16 03:21:40,944 - INFO - psim - pid for 2 is 16197
2015-02-16 03:21:40,945 - INFO - psim - pid for 2 is 16218
2015-02-16 03:21:40,946 - INFO - psim - pid for 3 is 16198
2015-02-16 03:21:40,957 - INFO - psim - pid for 3 is 16209
2015-02-16 03:21:40,958 - INFO - psim - pid for 8 is 16206
2015-02-16 03:21:40,962 - INFO - psim - pid for 2 is 16208
2015-02-16 03:21:40,973 - INFO - psim - pid for 6 is 16216
2015-02-16 03:21:40,997 - INFO - psim - pid for 3 is 16231
2015-02-16 03:21:41,000 - INFO - psim - pid for 8 is 16236
2015-02-16 03:21:41,009 - INFO - psim - pid for 4 is 16210
2015-02-16 03:21:41,014 - INFO - psim - pid for 1 is 16220
2015-02-16 03:21:41,016 - INFO - psim - pid for 2 is 16221
2015-02-16 03:21:41,017 - INFO - psim - pid for 4 is 16199
2015-02-16 03:21:41,018 - INFO - psim - pid for 3 is 16222
2015-02-16 03:21:41,013 - INFO - psim - pid for 3 is 16219
2015-02-16 03:21:41,027 - INFO - psim - pid for 2 is 16230
2015-02-16 03:21:40,928 - INFO - psim - pid for 2 is 16193
2015-02-16 03:21:41,029 - INFO - psim - pid for 5 is 16233
2015-02-16 03:21:41,030 - INFO - psim - pid for 2 is 16238
2015-02-16 03:21:41,032 - INFO - psim - pid for 1 is 16229
2015-02-16 03:21:41,034 - INFO - psim - pid for 4 is 16232
2015-02-16 03:21:41,034 - INFO - psim - pid for 5 is 16224
2015-02-16 03:21:41,036 - INFO - psim - pid for 0 is 16137
2015-02-16 03:21:40,943 - INFO - psim - pid for 5 is 16215
2015-02-16 03:21:41,053 - INFO - psim - pid for 1 is 16242
2015-02-16 03:21:41,055 - INFO - psim - pid for 3 is 16244
2015-02-16 03:21:41,057 - INFO - psim - pid for 2 is 16243
2015-02-16 03:21:41,057 - INFO - psim - pid for 3 is 16239
2015-02-16 03:21:41,060 - INFO - psim - pid for 6 is 16212
2015-02-16 03:21:41,278 - INFO - psim - pid for 8 is 16286
2015-02-16 03:21:41,421 - INFO - psim - pid for 3 is 16324
2015-02-16 03:21:41,568 - INFO - psim - pid for 2 is 16300
2015-02-16 03:21:41,426 - INFO - psim - pid for 4 is 16325
2015-02-16 03:21:41,591 - INFO - merge_sort - ****RUN_PARALLEL()****
2015-02-16 03:21:41,591 - INFO - merge_sort - input data       : [0, 9, 3, 4, 2, 6, 1, 4, 6, 99, 12, 5, 56, 76, 855, 5685]
2015-02-16 03:21:41,591 - INFO - merge_sort - result           : [0, 1, 2, 3, 4, 4, 5, 6, 6, 9, 12, 56, 76, 99, 855, 5685]
2015-02-16 03:21:41,632 - INFO - psim - pid for 1 is 16298
2015-02-16 03:21:41,411 - INFO - psim - pid for 10 is 16258
2015-02-16 03:21:41,275 - INFO - psim - pid for 7 is 16285
2015-02-16 03:21:41,311 - INFO - psim - pid for 8 is 16289
2015-02-16 03:21:41,365 - INFO - psim - pid for 5 is 16260
2015-02-16 03:21:41,444 - INFO - psim - pid for 3 is 16304
2015-02-16 03:21:41,702 - INFO - psim - pid for 8 is 16263
2015-02-16 03:21:41,702 - INFO - psim - pid for 5 is 16279
2015-02-16 03:21:41,704 - INFO - psim - pid for 1 is 16272
2015-02-16 03:21:41,708 - INFO - psim - pid for 9 is 16326
2015-02-16 03:21:41,459 - INFO - psim - pid for 4 is 16240
2015-02-16 03:21:41,459 - INFO - psim - pid for 6 is 16321
2015-02-16 03:21:41,721 - INFO - psim - pid for 10 is 16327
2015-02-16 03:21:41,723 - INFO - psim - pid for 9 is 16305
2015-02-16 03:21:41,724 - INFO - psim - pid for 4 is 16250
2015-02-16 03:21:41,729 - INFO - psim - pid for 4 is 16296
2015-02-16 03:21:41,418 - INFO - psim - pid for 1 is 16314
2015-02-16 03:21:41,732 - INFO - psim - pid for 2 is 16283
2015-02-16 03:21:41,737 - INFO - psim - pid for 3 is 16249
2015-02-16 03:21:41,741 - INFO - psim - pid for 2 is 16323
2015-02-16 03:21:42,090 - INFO - psim - pid for 10 is 162912015-02-16 03:21:42,175 - INFO - psim - pid for 4 is 16363
2015-02-16 03:21:41,716 - INFO - psim - pid for 9 is 16228
2015-02-16 03:21:42,260 - INFO - psim - pid for 2 is 16345
2015-02-16 03:21:42,139 - INFO - psim - pid for 6 is 16284
2015-02-16 03:21:42,892 - INFO - psim - pid for 10 is 16404
2015-02-16 03:21:42,518 - INFO - psim - pid for 7 is 16301
2015-02-16 03:21:42,322 - INFO - psim - pid for 7 is 16226
2015-02-16 03:21:42,261 - INFO - psim - pid for 2 is 16333
2015-02-16 03:21:42,598 - INFO - psim - pid for 12 is 16393
2015-02-16 03:21:42,958 - INFO - psim - pid for 14 is 16395
2015-02-16 03:21:42,583 - INFO - psim - pid for 3 is 16380
2015-02-16 03:21:41,757 - INFO - psim - pid for 1 is 16265
2015-02-16 03:21:42,323 - INFO - psim - pid for 9 is 16374
2015-02-16 03:21:42,823 - INFO - psim - pid for 3 is 16295
2015-02-16 03:21:43,008 - INFO - psim - pid for 10 is 16309
2015-02-16 03:21:42,771 - INFO - psim - pid for 7 is 16266
2015-02-16 03:21:42,606 - INFO - psim - pid for 4 is 16319
2015-02-16 03:21:42,279 - INFO - psim - pid for 5 is 16376
2015-02-16 03:21:42,586 - INFO - psim - pid for 4 is 16365
2015-02-16 03:21:42,442 - INFO - psim - pid for 5 is 16396
2015-02-16 03:21:43,045 - INFO - psim - pid for 4 is 16383
2015-02-16 03:21:43,053 - INFO - psim - pid for 1 is 16424
2015-02-16 03:21:43,054 - INFO - psim - pid for 11 is 16392
2015-02-16 03:21:43,077 - INFO - psim - pid for 1 is 16428
2015-02-16 03:21:43,370 - INFO - psim - pid for 0 is 16126
ut data       : [0, 9, 3, 4, 2, 6, 1, 4, 6, 99, 12, 5, 56, 76, 855, 5685]
2015-02-16 03:21:42,182 - INFO - psim - pid for 12 is 16348
2015-02-16 03:21:43,141 - INFO - psim - pid for 12 is 16400
2015-02-16 03:21:43,148 - INFO - psim - pid for 5 is 16371
2015-02-16 03:21:43,153 - INFO - psim - pid for 5 is 16431
2015-02-16 03:21:42,410 - INFO - psim - pid for 13 is 16387
2015-02-16 03:21:42,863 - INFO - psim - pid for 7 is 16288
2015-02-16 03:21:41,902 - INFO - psim - pid for 9 is 16264
2015-02-16 03:21:42,438 - INFO - psim - pid for 6 is 16397
2015-02-16 03:21:42,743 - INFO - psim - pid for 6 is 16306
2015-02-16 03:21:42,914 - INFO - psim - pid for 4 is 16367
2015-02-16 03:21:43,354 - INFO - psim - pid for 6 is 16409

   : [0, 1, 2, 3, 4, 4, 5, 6, 6, 9, 12, 56, 76, 99, 855, 52015-02-16 03:21:42,350 - INFO - psim - pid for 9 is 16290
2015-02-16 03:21:44,158 - INFO - psim - pid for 4 is 16509
2015-02-16 03:21:44,158 - INFO - psim - pid for 12 is 16482
2015-02-16 03:21:43,471 - INFO - psim - pid for 1 is 16458
2015-02-16 03:21:43,482 - INFO - psim - pid for 4 is 16442
2015-02-16 03:21:44,188 - INFO - psim - pid for 1 is 16471
2015-02-16 03:21:43,559 - INFO - psim - pid for 7 is 16515
2015-02-16 03:21:43,609 - INFO - psim - pid for 4 is 16436
2015-02-16 03:21:43,454 - INFO - psim - pid for 3 is 16418
2015-02-16 03:21:44,409 - INFO - psim - pid for 9 is 16492
2015-02-16 03:21:44,411 - INFO - psim - pid for 2 is 16426
2015-02-16 03:21:43,525 - INFO - psim - pid for 6 is 16437
2015-02-16 03:21:44,414 - INFO - psim - pid for 2 is 16401
2015-02-16 03:21:43,479 - INFO - psim - pid for 13 is 16467
2015-02-16 03:21:43,519 - INFO - psim - pid for 1 is 16503
2015-02-16 03:21:44,422 - INFO - psim - pid for 2 is 16526
2015-02-16 03:21:43,491 - INFO - psim - pid for 1 is 16391
2015-02-16 03:21:44,951 - INFO - psim - pid for 6 is 16545
2015-02-16 03:21:45,261 - INFO - psim - pid for 8 is 16562
2015-02-16 03:21:45,265 - INFO - psim - pid for 1 is 16532
2015-02-16 03:21:44,761 - INFO - psim - pid for 1 is 16339
2015-02-16 03:21:43,511 - INFO - psim - pid for 2 is 16479
2015-02-16 03:21:45,177 - INFO - psim - pid for 6 is 16581
2015-02-16 03:21:45,281 - INFO - psim - pid for 14 is 16578
2015-02-16 03:21:45,379 - INFO - psim - pid for 13 is 165892015-02-16 03:21:47,370 - INFO - psim - pid for 6 is 16521
2015-02-16 03:21:45,190 - INFO - psim - pid for 3 is 16580
2015-02-16 03:21:45,222 - INFO - psim - pid for 12 is 16613
2015-02-16 03:21:44,250 - INFO - psim - pid for 15 is 165352015-02-16 03:21:43,107 - INFO - psim - pid for 5 is 16390
2015-02-16 03:22:00,426 - INFO - psim - pid for 3 is 16698
2015-02-16 03:22:00,526 - INFO - psim - pid for 0 is 16169
2015-02-16 03:22:01,347 - INFO - psim - pid for 14 is 16600
2015-02-16 03:21:53,383 - INFO - psim - pid for 3 is 16528
2015-02-16 03:22:22,982 - INFO - psim - pid for 8 is 16609
2015-02-16 03:21:45,285 - INFO - psim - pid for 3 is 16441
2015-02-16 03:22:22,994 - INFO - psim - pid for 5 is 16686
2015-02-16 03:21:43,263 - INFO - psim - pid for 0 is 16155
2015-02-16 03:22:23,286 - INFO - psim - pid for 11 is 16645
2015-02-16 03:22:25,394 - INFO - psim - pid for 11 is 16693
2015-02-16 03:22:27,687 - INFO - psim - pid for 8 is 16781
2015-02-16 03:22:27,688 - INFO - psim - pid for 6 is 16779
2015-02-16 03:22:27,691 - INFO - psim - pid for 10 is 16783
2015-02-16 03:22:27,873 - INFO - psim - pid for 15 is 16735
2015-02-16 03:22:28,286 - INFO - psim - pid for 14 is 16646
2015-02-16 03:22:28,322 - INFO - psim - pid for 12 is 16682
2015-02-16 03:22:29,314 - INFO - psim - pid for 5 is 16772
2015-02-16 03:21:52,408 - INFO - psim - pid for 6 is 16500

2015-02-16 03:21:45,221 - INFO - psim - pid for 13 is 16497
2015-02-16 03:22:38,881 - INFO - psim - pid for 2 is 16769

2015-02-16 03:22:38,599 - INFO - psim - pid for 0 is 16174

2015-02-16 03:22:38,699 - INFO - psim - pid for 7 is 16666

2015-02-16 03:22:27,875 - INFO - psim - pid for 7 is 16525
2015-02-16 03:22:38,763 - INFO - psim - pid for 12 is 167852015-02-16 03:22:55,394 - INFO - psim - pid for 0 is 16185
2015-02-16 03:22:55,397 - INFO - psim - pid for 0 is 16162
2015-02-16 03:22:55,400 - INFO - psim - pid for 11 is 16744
2015-02-16 03:22:55,407 - INFO - psim - pid for 7 is 16718
2015-02-16 03:22:55,409 - INFO - psim - pid for 15 is 16847
2015-02-16 03:22:55,411 - INFO - psim - pid for 15 is 16848
2015-02-16 03:22:57,265 - INFO - psim - pid for 9 is 16787
2015-02-16 03:22:59,003 - INFO - psim - pid for 13 is 16765
2015-02-16 03:22:38,991 - INFO - psim - pid for 11 is 16630
2015-02-16 03:22:59,211 - INFO - psim - pid for 0 is 16168
2015-02-16 03:22:59,224 - INFO - psim - pid for 0 is 16148
2015-02-16 03:22:59,407 - INFO - psim - pid for 12 is 16826
2015-02-16 03:23:03,689 - INFO - psim - pid for 14 is 16845
2015-02-16 03:23:03,689 - INFO - psim - pid for 11 is 16844
2015-02-16 03:23:03,703 - INFO - psim - pid for 5 is 16679
2015-02-16 03:22:55,151 - INFO - psim - pid for 0 is 16184
2015-02-16 03:22:23,137 - INFO - psim - pid for 4 is 16670
2015-02-16 03:22:28,792 - INFO - psim - pid for 0 is 16177
2015-02-16 03:23:03,722 - INFO - psim - pid for 7 is 16621
2015-02-16 03:22:59,003 - INFO - psim - pid for 0 is 16158
2015-02-16 03:22:57,337 - INFO - psim - pid for 7 is 16851
2015-02-16 03:23:03,748 - INFO - psim - pid for 8 is 16802
2015-02-16 03:23:03,751 - INFO - psim - pid for 9 is 16853
2015-02-16 03:23:03,752 - INFO - psim - pid for 14 is 16806
2015-02-16 03:23:03,753 - INFO - psim - pid for 10 is 16797
2015-02-16 03:22:00,785 - INFO - psim - pid for 12 is 16730
2015-02-16 03:23:03,826 - INFO - psim - pid for 10 is 16642
2015-02-16 03:22:01,094 - INFO - psim - pid for 5 is 16668
2015-02-16 03:22:38,429 - INFO - psim - pid for 14 is 16640
2015-02-16 03:23:03,834 - INFO - psim - pid for 8 is 16810
2015-02-16 03:22:38,431 - INFO - psim - pid for 12 is 16776
2015-02-16 03:22:00,651 - INFO - psim - pid for 2 is 16574
2015-02-16 03:22:38,492 - INFO - psim - pid for 4 is 16539
2015-02-16 03:23:04,044 - INFO - psim - pid for 14 is 16841
2015-02-16 03:22:59,358 - INFO - psim - pid for 8 is 16816
2015-02-16 03:22:38,452 - INFO - psim - pid for 12 is 16629
2015-02-16 03:23:04,268 - INFO - psim - pid for 15 is 16865
2015-02-16 03:22:59,410 - INFO - psim - pid for 0 is 16141
2015-02-16 03:23:04,359 - INFO - psim - pid for 14 is 16864
2015-02-16 03:23:04,814 - INFO - psim - pid for 0 is 16157
2015-02-16 03:22:23,002 - INFO - psim - pid for 9 is 16688
2015-02-16 03:22:23,275 - INFO - psim - pid for 10 is 16677
2015-02-16 03:22:57,272 - INFO - psim - pid for 3 is 16770
2015-02-16 03:23:16,996 - INFO - psim - pid for 0 is 16150
2015-02-16 03:23:17,137 - INFO - psim - pid for 0 is 16172
2015-02-16 03:23:17,138 - INFO - psim - pid for 13 is 16908
2015-02-16 03:23:19,491 - INFO - psim - pid for 14 is 16809
2015-02-16 03:23:05,151 - INFO - psim - pid for 6 is 16602
2015-02-16 03:23:05,061 - INFO - psim - pid for 6 is 16514
2015-02-16 03:23:14,954 - INFO - psim - pid for 6 is 16773
2015-02-16 03:23:26,821 - INFO - psim - pid for 10 is 16800
2015-02-16 03:22:27,754 - INFO - psim - pid for 12 is 16762
2015-02-16 03:23:05,061 - INFO - psim - pid for 13 is 16793
2015-02-16 03:23:36,125 - INFO - psim - pid for 13 is 16886
2015-02-16 03:23:36,128 - INFO - psim - pid for 11 is 16665
2015-02-16 03:23:36,129 - INFO - psim - pid for 14 is 16871
2015-02-16 03:23:36,133 - INFO - psim - pid for 14 is 16909
2015-02-16 03:23:36,133 - INFO - psim - pid for 12 is 16885
2015-02-16 03:23:34,727 - INFO - psim - pid for 14 is 16915
2015-02-16 03:23:36,135 - INFO - psim - pid for 14 is 16887
2015-02-16 03:23:36,137 - INFO - psim - pid for 7 is 16835
2015-02-16 03:23:36,137 - INFO - psim - pid for 15 is 16883
2015-02-16 03:23:29,036 - INFO - psim - pid for 14 is 16849
2015-02-16 03:23:36,138 - INFO - psim - pid for 10 is 16878
2015-02-16 03:23:36,140 - INFO - psim - pid for 4 is 16771
2015-02-16 03:23:36,140 - INFO - psim - pid for 12 is 16873
2015-02-16 03:23:29,169 - INFO - psim - pid for 12 is 16889
2015-02-16 03:23:36,142 - INFO - psim - pid for 14 is 16877
2015-02-16 03:23:36,131 - INFO - psim - pid for 15 is 16888
2015-02-16 03:23:36,143 - INFO - psim - pid for 15 is 16884
2015-02-16 03:23:36,144 - INFO - psim - pid for 13 is 16914
2015-02-16 03:23:36,144 - INFO - psim - pid for 11 is 16760
2015-02-16 03:23:26,821 - INFO - psim - pid for 10 is 16896
2015-02-16 03:23:36,123 - INFO - psim - pid for 12 is 16913
2015-02-16 03:23:26,955 - INFO - psim - pid for 10 is 16813
2015-02-16 03:23:36,126 - INFO - psim - pid for 2 is 16586
2015-02-16 03:23:27,616 - INFO - psim - pid for 11 is 16866
2015-02-16 03:23:36,151 - INFO - psim - pid for 14 is 16874
2015-02-16 03:23:36,152 - INFO - psim - pid for 15 is 16862
2015-02-16 03:23:36,131 - INFO - psim - pid for 8 is 16891
2015-02-16 03:23:36,733 - INFO - psim - pid for 12 is 16857
2015-02-16 03:23:36,154 - INFO - psim - pid for 10 is 16855
2015-02-16 03:23:38,074 - INFO - psim - pid for 15 is 16916
2015-02-16 03:23:40,180 - INFO - psim - pid for 14 is 16882
2015-02-16 03:25:34,799 - INFO - merge_sort - ****RUN_PARALLEL()****
2015-02-16 03:25:35,707 - INFO - psim - pid for 3 is 16939
2015-02-16 03:26:03,212 - INFO - psim - pid for 1 is 16929
2015-02-16 03:26:03,388 - INFO - psim - pid for 2 is 16955
2015-02-16 03:26:03,326 - INFO - psim - pid for 2 is 16952
2015-02-16 03:26:03,420 - INFO - psim - pid for 5 is 16949
2015-02-16 03:26:03,275 - INFO - psim - pid for 3 is 16940
2015-02-16 03:26:03,589 - INFO - psim - pid for 5 is 16974
2015-02-16 03:26:04,459 - INFO - psim - pid for 9 is 16971
2015-02-16 03:26:14,648 - INFO - psim - pid for 0 is 16216
2015-02-16 03:26:03,591 - INFO - psim - pid for 5 is 16950
2015-02-16 03:26:14,853 - INFO - psim - pid for 15 is 16995
2015-02-16 03:26:14,856 - INFO - psim - pid for 6 is 16980
2015-02-16 03:26:14,857 - INFO - psim - pid for 11 is 16983
2015-02-16 03:26:23,646 - INFO - merge_sort - ****RUN_PARAL2015-02-16 03:26:47,240 - INFO - merge_sort - input data   22015-02-16 03:26:54,254 - INFO - merge_sort - input data       : [0, 9, 3, 4, 2, 6, 1, 4, 6, 99, 12, 5, 56, 76, 855, 5685]
   : [0, 1, 2, 3, 4, 4, 5, 6, 6, 9, 12, 56, 76, 99, 855, 5685]
2015-02-16 03:26:55,059 - INFO - merge_sort - input data       : [0, 9, 3, 4, 2, 6, 1, 4, 6, 99, 12, 5, 56, 76, 855, 5685]
2015-02-16 03:26:57,268 - INFO - merge_sort - result           : [0, 1, 2, 3, 4, 4, 5, 6, 6, 9, 12, 56, 76, 99, 855, 5685]
2015-02-16 03:26:53,442 - INFO - psim - pid for 0 is 16187
2015-02-16 03:26:59,210 - INFO - psim - pid for 11 is 17131
2015-02-16 03:26:54,561 - INFO - psim - pid for 4 is 16964
2015-02-16 03:27:03,467 - INFO - psim - pid for 12 is 171252015-02-16 03:26:55,469 - INFO - psim - pid for 7 is 16963
2015-02-16 03:26:04,397 - INFO - psim - pid for 2 is 16944

2015-02-16 03:27:11,935 - INFO - psim - pid for 15 is 17139
2015-02-16 03:27:13,261 - INFO - merge_sort - result           : [0, 1, 2, 3, 4, 4, 5, 6, 6, 9, 12, 56, 76, 99, 855, 5685]
2015-02-16 03:27:12,966 - INFO - psim - pid for 9 is 17129
2015-02-16 03:27:33,425 - INFO - psim - pid for 4 is 16943
2015-02-16 03:27:35,315 - INFO - merge_sort - input data       : [0, 9, 3, 4, 2, 6, 1, 4, 6, 99, 12, 5, 56, 76, 855, 5685]
2015-02-16 03:27:38,994 - INFO - merge_sort - result           : [0, 1, 2, 3, 4, 4, 5, 6, 6, 9, 12, 56, 76, 99, 855, 5685]
2015-02-16 03:27:41,793 - INFO - psim - pid for 10 is 17149
2015-02-16 03:27:41,736 - INFO - psim - pid for 9 is 17148
2015-02-16 03:27:41,806 - INFO - psim - pid for 11 is 17150
2015-02-16 03:27:41,806 - INFO - psim - pid for 12 is 17151
2015-02-16 03:27:41,833 - INFO - psim - pid for 14 is 17153
2015-02-16 03:27:41,836 - INFO - psim - pid for 13 is 17152
2015-02-16 03:27:41,836 - INFO - psim - pid for 15 is 17154
2015-02-16 03:27:41,837 - INFO - psim - pid for 0 is 16137
2015-02-16 03:27:21,444 - INFO - psim - pid for 3 is 17141
2015-02-16 03:27:21,230 - INFO - psim - pid for 5 is 17143
2015-02-16 03:27:17,561 - INFO - psim - pid for 1 is 17138
2015-02-16 03:28:00,605 - INFO - psim - pid for 7 is 17145
2015-02-16 03:27:57,717 - INFO - merge_sort - ****RUN_PARALLEL()****
2015-02-16 03:28:30,810 - INFO - merge_sort - input data       : [0, 9, 3, 4, 2, 6, 1, 4, 6, 99, 12, 5, 56, 76, 855, 5685]
2015-02-16 03:28:30,811 - INFO - merge_sort - result           : [0, 1, 2, 3, 4, 4, 5, 6, 6, 9, 12, 56, 76, 99, 855, 5685]
2015-02-16 03:28:56,665 - INFO - psim - pid for 9 is 17163
2015-02-16 03:27:18,797 - INFO - psim - pid for 10 is 17130
2015-02-16 03:27:25,416 - INFO - psim - pid for 15 is 17128
2015-02-16 03:28:56,698 - INFO - psim - pid for 14 is 17168
2015-02-16 03:29:00,216 - INFO - psim - pid for 14 is 17137
2015-02-16 03:28:56,692 - INFO - psim - pid for 6 is 17160
2015-02-16 03:28:30,190 - INFO - psim - pid for 6 is 16987
2015-02-16 03:28:56,665 - INFO - psim - pid for 1 is 17155
2015-02-16 03:28:49,386 - INFO - psim - pid for 13 is 17136
2015-02-16 03:29:13,490 - INFO - merge_sort - ****RUN_PARALLEL()****
2015-02-16 03:29:13,492 - INFO - merge_sort - input data       : [0, 9, 3, 4, 2, 6, 1, 4, 6, 99, 12, 5, 56, 76, 855, 5685]
2015-02-16 03:29:13,492 - INFO - merge_sort - result           : [0, 1, 2, 3, 4, 4, 5, 6, 6, 9, 12, 56, 76, 99, 855, 5685]
2015-02-16 03:28:29,456 - INFO - psim - pid for 4 is 17142
2015-02-16 03:28:56,668 - INFO - psim - pid for 13 is 17167
2015-02-16 03:28:56,667 - INFO - psim - pid for 5 is 17159

2015-02-16 03:28:56,698 - INFO - psim - pid for 10 is 17164
2015-02-16 03:30:28,388 - INFO - merge_sort - ****RUN_PARALLEL()****
2015-02-16 03:28:56,668 - INFO - psim - pid for 11 is 17165
5685]
