2015-02-25 10:25:01,208 - INFO - log - ****bubble_sort****
2015-02-25 10:25:01,209 - INFO - log - ****SYSTEM INFORMATION****
2015-02-25 10:25:01,209 - INFO - log - Python version    : 2.7.3
2015-02-25 10:25:01,209 - INFO - log - compiler          : GCC 4.7.2
2015-02-25 10:25:01,209 - INFO - log - system            : Linux
2015-02-25 10:25:01,209 - INFO - log - release           : 3.2.0-4-686-pae
2015-02-25 10:25:01,209 - INFO - log - machine           : i686
2015-02-25 10:25:01,209 - INFO - log - cpu's             : 2
2015-02-25 10:25:01,209 - INFO - log - interpreter       : 32bit
2015-02-25 10:25:01,209 - INFO - log - node              : crunchbang
2015-02-25 10:25:01,209 - INFO - log - platform          : Linux-3.2.0-4-686-pae-i686-with-debian-7.8
2015-02-25 10:25:01,209 - INFO - log - main: START
2015-02-25 10:25:01,213 - INFO - log - ****Run serial****
2015-02-25 10:25:01,213 - INFO - log - input data       : ['9', '3', '5', '4', '1', '10', '55', '44', '99', '77', '88', '100', '33', '66', '77', '55', '22', '888', '4444', '12', '0', '23', '5555', '24', '25', '26', '27', '28', '29', '20']
2015-02-25 10:25:01,214 - INFO - log - input data       : ['9', '3', '5', '4', '1', '10', '55', '44', '99', '77', '88', '100', '33', '66', '77', '55', '22', '888', '4444', '12', '0', '23', '5555', '24', '25', '26', '27', '28', '29', '20']
2015-02-25 10:25:01,214 - INFO - log - result           : ['0', '1', '10', '100', '12', '20', '22', '23', '24', '25', '26', '27', '28', '29', '3', '33', '4', '44', '4444', '5', '55', '55', '5555', '66', '77', '77', '88', '888', '9', '99']
2015-02-25 10:25:01,214 - INFO - log - PSim: initialized PSim
2015-02-25 10:25:01,214 - INFO - log - START: creating 2 parallel processes
2015-02-25 10:25:01,216 - INFO - log - pid for 0 is 10576
2015-02-25 10:25:01,216 - INFO - log - pid for 0 is 10576
2015-02-25 10:25:01,216 - INFO - log - START: done.
2015-02-25 10:25:01,216 - INFO - log - pid for 1 is 10583
2015-02-25 10:25:01,216 - INFO - log - ****Run parallel (2)****
2015-02-25 10:25:01,216 - INFO - log - pid for 1 is 10583
2015-02-25 10:25:01,217 - INFO - log - input data       : ['9', '3', '5', '4', '1', '10', '55', '44', '99', '77', '88', '100', '33', '66', '77', '55', '22', '888', '4444', '12', '0', '23', '5555', '24', '25', '26', '27', '28', '29', '20']
2015-02-25 10:25:01,217 - INFO - log - # processes       : 2
2015-02-25 10:25:01,217 - INFO - log - input data       : ['9', '3', '5', '4', '1', '10', '55', '44', '99', '77', '88', '100', '33', '66', '77', '55', '22', '888', '4444', '12', '0', '23', '5555', '24', '25', '26', '27', '28', '29', '20']
