2015-02-20 13:06:54,537 - INFO - log - ****SYSTEM INFORMATION****
2015-02-20 13:06:54,538 - INFO - log - Python version    : 2.7.3
2015-02-20 13:06:54,538 - INFO - log - compiler          : GCC 4.7.2
2015-02-20 13:06:54,538 - INFO - log - system            : Linux
2015-02-20 13:06:54,538 - INFO - log - release           : 3.2.0-4-686-pae
2015-02-20 13:06:54,538 - INFO - log - machine           : i686
2015-02-20 13:06:54,538 - INFO - log - cpu's             : 2
2015-02-20 13:06:54,538 - INFO - log - interpreter       : 32bit
2015-02-20 13:06:54,538 - INFO - log - node              : crunchbang
2015-02-20 13:06:54,538 - INFO - log - platform          : Linux-3.2.0-4-686-pae-i686-with-debian-7.8
2015-02-20 13:06:54,538 - INFO - log - main: START
2015-02-20 13:06:54,540 - INFO - log - ****Run serial****
2015-02-20 13:06:54,541 - INFO - log - input data       : 20
2015-02-20 13:06:54,541 - INFO - log - A: [0.52154658293317, 0.6432651937157611, 0.4862364410681671, 0.8365869257610351, 0.954556382799473, 0.44793360465889154, 0.030781471249739845, 0.21689756795935877, 0.9826963819289601, 0.24844270940820667, 0.12712377433070987, 0.3563603019907271, 0.19581387730930777, 0.3350512478636477, 0.02141121537928814, 0.8000697247112739, 0.7538423039850064, 0.29239061849822157, 0.0542097439631859, 0.05723819420430609]
2015-02-20 13:06:54,541 - INFO - log - B is: [0.0, 0.752426059738398, 0.7328964119338199, 0.6547602652099633, 0.5051689270246064, 0.34491558630912517, 0.51923892658935, 0.24517013868378273, 0.567410078129835, 0.3149015056994669, 0.17396882582000883, 0.3582057749271874, 0.12111254634429795, 0.5800604862874608, 0.4001267596821473, 0.5587301716047477, 0.41652602397409616, 1.0]
2015-02-20 13:06:54,617 - INFO - log - B is: [0.0, 0.17726783352660996, 0.34320148974747056, 0.41713356448452027, 0.5349890456316548, 0.4977639886715783, 0.5796360881575529, 0.4958941059679618, 0.5347574463139684, 0.5056215078406859, 0.48097522218129546, 0.5712224401630304, 0.4994502471126837, 0.694291871102674, 0.6404974537715569, 0.8544114075734097, 0.878568145398033, 1.0]
2015-02-20 13:06:54,698 - INFO - log - B is: [0.0, 0.15444109246259835, 0.3062248915819924, 0.38810979817945074, 0.505165347418803, 0.5312258248906803, 0.6074297488435682, 0.6136508578256923, 0.6477786436023335, 0.6761653522197696, 0.6757288146746434, 0.7510508819784272, 0.7346743357552238, 0.8470376896593492, 0.8384527752831851, 0.9446083831473688, 0.9566210814071652, 1.0]
2015-02-20 13:06:54,782 - INFO - log - B is: [0.0, 0.15910416373265265, 0.30662642889328345, 0.40985647555029964, 0.5221253600782801, 0.5857046103483236, 0.6625576750525382, 0.7089810090706736, 0.7530987679272566, 0.8033841166728252, 0.8223317035956452, 0.8861095211358888, 0.8907901365375204, 0.9598316771152188, 0.9591130075249519, 1.008675910437197, 1.0021263246397523, 1.0]
2015-02-20 13:06:54,873 - INFO - log - B is: [0.0, 0.1697052786534058, 0.32144254906631065, 0.4434009174440202, 0.5578769972444246, 0.6452050699469947, 0.7264912107306055, 0.7937995511642993, 0.8463899450775076, 0.9052913888409655, 0.9348114794925058, 0.9891225898106448, 1.0009520365598492, 1.0440281474505604, 1.0402152426542564, 1.0560682715442657, 1.0320222585592524, 1.0]
2015-02-20 13:06:55,044 - INFO - log - B is: [0.0, 0.18134161513628835, 0.34119568224350094, 0.47815819542096644, 0.5987929321938524, 0.7018498932006372, 0.7890889065050426, 0.8682693332964624, 0.9270895249690334, 0.9893334554894306, 1.023870642144259, 1.0705403962073685, 1.0831574220765936, 1.1088711873422723, 1.0985838559613084, 1.0920753542411605, 1.053171984315455, 1.0]
2015-02-20 13:06:55,361 - INFO - log - B is: [0.0, 0.19238603083461647, 0.36147680324788967, 0.5104763689094264, 0.63865218612319, 0.752742444453866, 0.8461562735866738, 0.932626915545103, 0.9960786517742333, 1.0593985474229208, 1.0960283853145847, 1.136481505251025, 1.1471473501959306, 1.1603232376742783, 1.1428448615465994, 1.1203050307830262, 1.0690048282615103, 1.0]
2015-02-20 13:06:55,501 - INFO - log - B is: [0.0, 0.20228689483113096, 0.3803756159326072, 0.5391723788127177, 0.6749113248758773, 0.7971750612807085, 0.8963780698376361, 0.9876681314689646, 1.0546831880288308, 1.1180863441465123, 1.1553790920553035, 1.1907167323514585, 1.198436278743127, 1.2020577401343426, 1.1776952373311853, 1.1430069448669349, 1.0813595207191768, 1.0]
2015-02-20 13:06:55,633 - INFO - log - B is: [0.0, 0.2109195036163955, 0.3971970947874302, 0.5640675130861568, 0.7067867515386904, 0.8353744526019784, 0.9397480109579022, 1.0344457952193242, 1.104288015900853, 1.1673605087609504, 1.20465729477235, 1.235748676429337, 1.2403384876827717, 1.2364065100413226, 1.2058418693164425, 1.1615868553922648, 1.0912785030466594, 1.0]
2015-02-20 13:06:55,818 - INFO - log - B is: [0.0, 0.21833532750268098, 0.411814156109607, 0.585394323099983, 0.73429747629052, 0.8679322982754444, 0.9768075176888588, 1.0740526383228648, 1.146188267318603, 1.2087847051072838, 1.2458078810278772, 1.273354324628578, 1.2749858797985731, 1.2649363416198678, 1.2289487064588112, 1.1769654182286144, 1.0993908177868603, 1.0]
2015-02-20 13:06:55,931 - INFO - log - B is: [0.0, 0.2246530802897107, 0.42434836678933024, 0.6035344914943171, 0.7577977055139586, 0.8955444464386941, 1.0082841294022757, 1.1075144579978866, 1.1815378045361762, 1.243635435139998, 1.2802901969937528, 1.304866716662375, 1.3038465651995295, 1.288765813642929, 1.2481120257054095, 1.1897830986218976, 1.1061030436257482, 1.0]
2015-02-20 13:06:56,028 - INFO - log - B is: [0.0, 0.2300097253441473, 0.43501589062009155, 0.6189009319496594, 0.7777539857289585, 0.9188947922440601, 1.0349255104835182, 1.135748222113859, 1.2113395941992249, 1.2729685485575624, 1.309244395329163, 1.3313274247293154, 1.3279943461290575, 1.308736390370336, 1.2641036620441055, 1.2005114406978634, 1.1116964685554123, 1.0]
2015-02-20 13:06:56,126 - INFO - log - B is: [0.0, 0.23453890028707075, 0.44405536309033566, 0.6318866800758473, 0.7946428851629219, 0.9386078814180078, 1.057428398939013, 1.1595526833703602, 1.2364537988067352, 1.297663901214685, 1.333586500777932, 1.3535733805102803, 1.348252760226142, 1.325506611942985, 1.2774984212037381, 1.2095136957552375, 1.116377629802513, 1.0]
2015-02-20 13:06:56,222 - INFO - log - B is: [0.0, 0.23836222513148325, 0.45169589138535116, 0.6428452200956227, 0.808907346594596, 0.955233833363579, 1.076412913443751, 1.1796137374584859, 1.2576125266454186, 1.3184578799253721, 1.354066011811711, 1.3722894354903643, 1.3652752270311002, 1.339606153132958, 1.288743020830135, 1.2170789228857248, 1.120305386223076, 1.0]
2015-02-20 13:06:56,339 - INFO - log - B is: [0.0, 0.24158663274635003, 0.4581444109837244, 0.6520854173404111, 0.820941081918298, 0.9692479478387227, 1.0924178813499523, 1.196515604570198, 1.275436175280952, 1.335968376931147, 1.3713032327822987, 1.3880424272193208, 1.3795920959548564, 1.3514687018380995, 1.2981951084607461, 1.223442176676229, 1.123606031435621, 1.0]
2015-02-20 13:06:56,433 - INFO - log - B is: [0.0, 0.24430442012055123, 0.4635821521982472, 0.6598729441251635, 0.831085946694931, 0.981056480901351, 1.1059053355529385, 1.2107535761511607, 1.29044914036161, 1.3507146434301327, 1.3858151554549698, 1.4013048046295644, 1.3916401073666025, 1.361453344353867, 1.3061466620661186, 1.2287972487277197, 1.1263822039889024, 1.0]
2015-02-20 13:06:56,536 - INFO - log - B is: [0.0, 0.2465944320749224, 0.4681652012143384, 0.6664343059883028, 0.8396349569512176, 0.991004543109638, 1.11726849213581, 1.222746408099186, 1.3030940110310236, 1.3631334280758873, 1.3980344926881476, 1.4124720086494702, 1.4017821541693112, 1.3698594388992629, 1.3128389970680134, 1.2333052770635136, 1.128718494380577, 1.0]
2015-02-20 13:06:56,627 - INFO - log - B is: [0.0, 0.24852362457433666, 0.4720267306236312, 0.6719616359383409, 0.8468374283910107, 0.99938425883693, 1.126840551754275, 1.2328475828947496, 1.3137440049787388, 1.373592280353859, 1.4083243348975996, 1.4218758595569616, 1.4103214149352679, 1.3769375822338816, 1.3184730690681519, 1.2371009417984806, 1.1306852245100623, 1.0]
2015-02-20 13:06:56,730 - INFO - log - B is: [0.0, 0.250148662757227, 0.4752797517605293, 0.676617429469253, 0.8529045961195589, 1.0064423872005601, 1.1349031472313704, 1.2413552045133314, 1.3227136796160017, 1.3824006114941956, 1.416989810983831, 1.4297952102991875, 1.4175120093457592, 1.3828980703533083, 1.3232169897586499, 1.2402971585552829, 1.132341162191094, 1.0]
2015-02-20 13:06:56,821 - INFO - log - B is: [0.0, 0.2515174066404217, 0.47801986700181237, 0.6805388789219415, 0.8580149894572124, 1.012387112734998, 1.141693972561238, 1.2485205356972229, 1.3302680715044775, 1.389818938848627, 1.424287569842395, 1.4364646098409894, 1.4235673522077537, 1.3879176386948537, 1.3272117797896676, 1.2429887705161933, 1.1337355744525837, 1.0]
2015-02-20 13:06:56,925 - INFO - log - A evolved is: [0, 0.0, 0.25244867833799595, 0.4803404637614818, 0.68320692885584, 0.8623429284548106, 1.016431626406963, 1.1474449706418015, 1.2533953010752914, 1.3366656080295576, 1.3948656038707534, 1.4304676643111143, 1.441001590237848, 1.4286952275536275, 1.3913321719111618, 1.330594666842027, 1.2448196821957918, 1.1349163897094259, 1.0, 0]
2015-02-20 13:06:56,929 - INFO - log - PSim_mp: initialized PSim_mp
2015-02-20 13:06:56,929 - INFO - log - START: creating 2 parallel processes
2015-02-20 13:06:56,931 - INFO - log - pid for 0 is 16779
2015-02-20 13:06:56,932 - INFO - log - pid for 1 is 16791
