2015-02-20 16:05:20,239 - INFO - log - ****SYSTEM INFORMATION****
2015-02-20 16:05:20,240 - INFO - log - Python version    : 2.7.3
2015-02-20 16:05:20,240 - INFO - log - compiler          : GCC 4.7.2
2015-02-20 16:05:20,240 - INFO - log - system            : Linux
2015-02-20 16:05:20,240 - INFO - log - release           : 3.2.0-4-686-pae
2015-02-20 16:05:20,240 - INFO - log - machine           : i686
2015-02-20 16:05:20,240 - INFO - log - cpu's             : 2
2015-02-20 16:05:20,240 - INFO - log - interpreter       : 32bit
2015-02-20 16:05:20,240 - INFO - log - node              : crunchbang
2015-02-20 16:05:20,240 - INFO - log - platform          : Linux-3.2.0-4-686-pae-i686-with-debian-7.8
2015-02-20 16:05:20,240 - INFO - log - main: START
2015-02-20 16:05:20,244 - INFO - log - ****Run serial****
2015-02-20 16:05:20,244 - INFO - log - input data       : 416620
2015-02-20 16:05:20,452 - INFO - log - head of a         : [0.7168544318128258, 0.825334661862169, 0.28931540691353397, 0.05756535299867083, 0.04205467821462905]
2015-02-20 16:05:20,456 - INFO - log - head of b         : [0.680079410622186, 0.2827107726884952, 0.016925154695492717, 0.9487272306825524, 0.18802318796970163]
2015-02-20 16:05:20,456 - INFO - log - data size         : 416620
2015-02-20 16:05:20,457 - INFO - log - result            : 103935.054665
2015-02-20 16:05:20,474 - INFO - log - PSim_mp: initialized PSim_mp
2015-02-20 16:05:20,474 - INFO - log - START: creating 2 parallel processes
2015-02-20 16:05:20,476 - INFO - log - pid for 0 is 19855
2015-02-20 16:05:20,477 - INFO - log - pid for 0 is 19855
2015-02-20 16:05:20,477 - INFO - log - START: done.
2015-02-20 16:05:20,477 - INFO - log - ****Run parallel (2)****
2015-02-20 16:05:20,477 - INFO - log - input data       : 416620
2015-02-20 16:05:20,477 - INFO - log - pid for 1 is 19866
2015-02-20 16:05:20,643 - INFO - log - head of a         : [0.4391064857955209, 0.7728381204288954, 0.1577692298523823, 0.4114277720100379, 0.8019448505811672]
2015-02-20 16:05:20,644 - INFO - log - head of b         : [0.8331037620512858, 0.13217105673461504, 0.7849657905554608, 0.6854479876129944, 0.7409162815261207]
2015-02-20 16:05:20,644 - INFO - log - data size         : 416620
2015-02-20 16:05:20,644 - INFO - log - # processes       : 2.000000
2015-02-20 16:05:22,472 - INFO - log - result            : 104229.169025
2015-02-20 16:05:22,481 - INFO - log - PSim_mp: initialized PSim_mp
2015-02-20 16:05:22,482 - INFO - log - START: creating 3 parallel processes
2015-02-20 16:05:22,484 - INFO - log - pid for 1 is 19868
2015-02-20 16:05:22,485 - INFO - log - pid for 0 is 19855
2015-02-20 16:05:22,485 - INFO - log - pid for 1 is 19868
2015-02-20 16:05:22,485 - INFO - log - pid for 0 is 19855
2015-02-20 16:05:22,485 - INFO - log - START: done.
2015-02-20 16:05:22,485 - INFO - log - ****Run parallel (3)****
2015-02-20 16:05:22,485 - INFO - log - input data       : 416620
2015-02-20 16:05:22,486 - INFO - log - pid for 2 is 19869
2015-02-20 16:05:22,486 - INFO - log - pid for 2 is 19869
2015-02-20 16:05:22,681 - INFO - log - head of a         : [0.024816641076696233, 0.010827689600088952, 0.07800118456974092, 0.8168992951592522, 0.2254432098585678]
2015-02-20 16:05:22,681 - INFO - log - head of b         : [0.17911292101031184, 0.8195210040678929, 0.7612581334549074, 0.8120785949016767, 0.49419549077413893]
2015-02-20 16:05:22,682 - INFO - log - data size         : 416620
2015-02-20 16:05:22,682 - INFO - log - # processes       : 3.000000
2015-02-20 16:05:25,620 - INFO - log - result            : 104105.089009
2015-02-20 16:05:25,642 - INFO - log - PSim_mp: initialized PSim_mp
2015-02-20 16:05:25,642 - INFO - log - START: creating 4 parallel processes
2015-02-20 16:05:25,648 - INFO - log - pid for 0 is 19855
2015-02-20 16:05:25,649 - INFO - log - pid for 0 is 19855
2015-02-20 16:05:25,649 - INFO - log - START: done.
2015-02-20 16:05:25,649 - INFO - log - ****Run parallel (4)****
2015-02-20 16:05:25,649 - INFO - log - input data       : 416620
2015-02-20 16:05:25,649 - INFO - log - pid for 2 is 19871
2015-02-20 16:05:25,650 - INFO - log - pid for 2 is 19871
2015-02-20 16:05:25,658 - INFO - log - pid for 1 is 19870
2015-02-20 16:05:25,658 - INFO - log - pid for 1 is 19870
2015-02-20 16:05:25,659 - INFO - log - pid for 3 is 19872
2015-02-20 16:05:25,659 - INFO - log - pid for 3 is 19872
2015-02-20 16:05:25,857 - INFO - log - head of a         : [0.3646259037478231, 0.668421830183772, 0.4279333674340574, 0.9385205166295181, 0.7962851429478122]
2015-02-20 16:05:25,858 - INFO - log - head of b         : [0.23020566708544898, 0.15490185876470863, 0.322664186058069, 0.9088825539488344, 0.5615153204719301]
2015-02-20 16:05:25,858 - INFO - log - data size         : 416620
2015-02-20 16:05:25,858 - INFO - log - # processes       : 4.000000
2015-02-20 16:05:29,251 - INFO - log - result            : 103960.865571
2015-02-20 16:05:29,262 - INFO - log - PSim_mp: initialized PSim_mp
2015-02-20 16:05:29,262 - INFO - log - START: creating 6 parallel processes
2015-02-20 16:05:29,265 - INFO - log - pid for 1 is 19874
2015-02-20 16:05:29,266 - INFO - log - pid for 1 is 19874
2015-02-20 16:05:29,268 - INFO - log - pid for 0 is 19855
2015-02-20 16:05:29,269 - INFO - log - pid for 0 is 19855
2015-02-20 16:05:29,269 - INFO - log - START: done.
2015-02-20 16:05:29,269 - INFO - log - ****Run parallel (6)****
2015-02-20 16:05:29,269 - INFO - log - input data       : 416620
2015-02-20 16:05:29,269 - INFO - log - pid for 4 is 19877
2015-02-20 16:05:29,269 - INFO - log - pid for 4 is 19877
2015-02-20 16:05:29,271 - INFO - log - pid for 5 is 19878
2015-02-20 16:05:29,272 - INFO - log - pid for 5 is 19878
2015-02-20 16:05:29,274 - INFO - log - pid for 3 is 19876
2015-02-20 16:05:29,274 - INFO - log - pid for 3 is 19876
2015-02-20 16:05:29,275 - INFO - log - pid for 2 is 19875
2015-02-20 16:05:29,276 - INFO - log - pid for 2 is 19875
2015-02-20 16:05:29,441 - INFO - log - head of a         : [0.6380393058113929, 0.9008481265543861, 0.7878320608705301, 0.4711262477858912, 0.9732283457037002]
2015-02-20 16:05:29,442 - INFO - log - head of b         : [0.00982275580182701, 0.06672614712204261, 0.5949414710830574, 0.5544281481888355, 0.31147527741289294]
2015-02-20 16:05:29,442 - INFO - log - data size         : 416620
2015-02-20 16:05:29,442 - INFO - log - # processes       : 6.000000
2015-02-20 16:05:33,272 - INFO - log - result            : 104188.196946
