2015-02-17 21:53:38,637 - INFO - log - ****SYSTEM INFORMATION****
2015-02-17 21:53:38,637 - INFO - log - Python version    : 2.7.3
2015-02-17 21:53:38,637 - INFO - log - compiler          : GCC 4.7.2
2015-02-17 21:53:38,637 - INFO - log - system            : Linux
2015-02-17 21:53:38,638 - INFO - log - release           : 3.2.0-4-686-pae
2015-02-17 21:53:38,638 - INFO - log - machine           : i686
2015-02-17 21:53:38,638 - INFO - log - cpu's             : 2
2015-02-17 21:53:38,638 - INFO - log - interpreter       : 32bit
2015-02-17 21:53:38,638 - INFO - log - node              : crunchbang
2015-02-17 21:53:38,638 - INFO - log - platform          : Linux-3.2.0-4-686-pae-i686-with-debian-7.8
2015-02-17 21:53:38,638 - INFO - floating_point_add - main: START
2015-02-17 21:53:38,640 - INFO - floating_point_add - ****RUN_SERIAL()****
2015-02-17 21:53:38,835 - INFO - floating_point_add - head of a         : [0.052363598850944326, 0.08718667752263232, 0.4072417636703983, 0.10770023493843905, 0.9011988779516946]
2015-02-17 21:53:38,835 - INFO - floating_point_add - head of b         : [0.10337852557304117, 0.7482590414438126, 0.2966602658868075, 0.27663573664837793, 0.37280621233419053]
2015-02-17 21:53:38,835 - INFO - floating_point_add - data size         : 416620
2015-02-17 21:53:38,835 - INFO - floating_point_add - result            : 104161.766902
2015-02-17 21:53:38,846 - INFO - psim - pid for 0 is 15844
2015-02-17 21:53:38,847 - INFO - floating_point_add - ****RUN_PARALLEL()****
2015-02-17 21:53:38,847 - INFO - psim - pid for 1 is 15854
2015-02-17 21:53:38,979 - INFO - floating_point_add - head of a         : [0.936490220829669, 0.3362744920832319, 0.7432521548687043, 0.7304371286429016, 0.2924864395534613]
2015-02-17 21:53:38,979 - INFO - floating_point_add - head of b         : [0.0750584477497298, 0.37112023596591937, 0.5971897212118924, 0.22696490415711335, 0.7798747205618592]
2015-02-17 21:53:38,979 - INFO - floating_point_add - data size         : 416620
2015-02-17 21:53:38,980 - INFO - floating_point_add - # processes       : 2
2015-02-17 21:53:40,791 - INFO - floating_point_add - result            : 104113.172892
2015-02-17 21:53:40,804 - INFO - psim - pid for 1 is 15855
2015-02-17 21:53:40,804 - INFO - floating_point_add - ****RUN_PARALLEL()****
2015-02-17 21:53:40,805 - INFO - psim - pid for 2 is 15856
2015-02-17 21:53:40,934 - INFO - floating_point_add - head of a         : [0.38309725277611384, 0.6211883921580083, 0.5311190784226615, 0.30256458604473635, 0.32039611483318164]
2015-02-17 21:53:40,934 - INFO - floating_point_add - head of b         : [0.6864247387061077, 0.5277220567094715, 0.07165912698670573, 0.3093263437876824, 0.010424657351857158]
2015-02-17 21:53:40,934 - INFO - floating_point_add - data size         : 416620
2015-02-17 21:53:40,934 - INFO - floating_point_add - # processes       : 3
2015-02-17 21:53:43,521 - INFO - floating_point_add - result            : 104164.593761
2015-02-17 21:53:43,533 - INFO - psim - pid for 1 is 15858
2015-02-17 21:53:43,534 - INFO - psim - pid for 0 is 15844
2015-02-17 21:53:43,535 - INFO - floating_point_add - ****RUN_PARALLEL()****
2015-02-17 21:53:43,535 - INFO - psim - pid for 2 is 15859
2015-02-17 21:53:43,536 - INFO - psim - pid for 3 is 15860
2015-02-17 21:53:43,671 - INFO - floating_point_add - head of a         : [0.03767009127482168, 0.04391284653691607, 0.9854555787388891, 0.44424248724793103, 0.4674719316349756]
2015-02-17 21:53:43,672 - INFO - floating_point_add - head of b         : [0.7358128156786649, 0.1550197736445711, 0.03020242570118936, 0.668757654402422, 0.8549891827052517]
2015-02-17 21:53:43,672 - INFO - floating_point_add - data size         : 416620
2015-02-17 21:53:43,672 - INFO - floating_point_add - # processes       : 4
2015-02-17 21:53:46,583 - INFO - floating_point_add - result            : 103931.261814
2015-02-17 21:53:46,605 - INFO - psim - pid for 1 is 15862
2015-02-17 21:53:46,606 - INFO - psim - pid for 3 is 15864
2015-02-17 21:53:46,608 - INFO - psim - pid for 4 is 15865
2015-02-17 21:53:46,609 - INFO - psim - pid for 0 is 15844
2015-02-17 21:53:46,609 - INFO - floating_point_add - ****RUN_PARALLEL()****
2015-02-17 21:53:46,609 - INFO - psim - pid for 2 is 15863
2015-02-17 21:53:46,610 - INFO - psim - pid for 5 is 15866
2015-02-17 21:53:46,758 - INFO - floating_point_add - head of a         : [0.5604402925183012, 0.5534283079994762, 0.9915553443453925, 0.48574298560896345, 0.17787576443536646]
2015-02-17 21:53:46,758 - INFO - floating_point_add - head of b         : [0.7113422073961435, 0.9948124154672681, 0.7602945892300111, 0.31363892708036734, 0.2650162397420742]
2015-02-17 21:53:46,758 - INFO - floating_point_add - data size         : 416620
2015-02-17 21:53:46,758 - INFO - floating_point_add - # processes       : 6
2015-02-17 21:53:50,004 - INFO - floating_point_add - result            : 104297.230926
2015-02-17 21:53:50,350 - INFO - floating_point_add - log_payload: {'log_owner': '1', 'simulation': 16}
2015-02-17 21:53:50,350 - INFO - floating_point_add - plot_payload: {'plot_owner': '1', 'simulation': 16}
2015-02-17 21:53:50,350 - INFO - floating_point_add - main: END
