2015-02-16 17:04:59,592 - INFO - log - ****SYSTEM INFORMATION****
2015-02-16 17:04:59,593 - INFO - log - Python version    : 2.7.3
2015-02-16 17:04:59,593 - INFO - log - compiler          : GCC 4.7.2
2015-02-16 17:04:59,593 - INFO - log - system            : Linux
2015-02-16 17:04:59,593 - INFO - log - release           : 3.2.0-4-686-pae
2015-02-16 17:04:59,593 - INFO - log - machine           : i686
2015-02-16 17:04:59,593 - INFO - log - cpu's             : 2
2015-02-16 17:04:59,593 - INFO - log - interpreter       : 32bit
2015-02-16 17:04:59,593 - INFO - log - node              : crunchbang
2015-02-16 17:04:59,594 - INFO - log - platform          : Linux-3.2.0-4-686-pae-i686-with-debian-7.8
2015-02-16 17:04:59,594 - INFO - floating_point_add - main: START
2015-02-16 17:04:59,596 - INFO - floating_point_add - ****RUN_SERIAL()****
2015-02-16 17:04:59,790 - INFO - floating_point_add - head of a         : [0.052363598850944326, 0.08718667752263232, 0.4072417636703983, 0.10770023493843905, 0.9011988779516946]
2015-02-16 17:04:59,791 - INFO - floating_point_add - head of b         : [0.10337852557304117, 0.7482590414438126, 0.2966602658868075, 0.27663573664837793, 0.37280621233419053]
2015-02-16 17:04:59,791 - INFO - floating_point_add - data size         : 416620
2015-02-16 17:04:59,791 - INFO - floating_point_add - result            : 104161.766902
2015-02-16 17:04:59,803 - INFO - psim - pid for 0 is 18469
2015-02-16 17:04:59,804 - INFO - floating_point_add - ****RUN_PARALLEL()****
2015-02-16 17:04:59,803 - INFO - psim - pid for 1 is 18479
2015-02-16 17:04:59,938 - INFO - floating_point_add - head of a         : [0.936490220829669, 0.3362744920832319, 0.7432521548687043, 0.7304371286429016, 0.2924864395534613]
2015-02-16 17:04:59,938 - INFO - floating_point_add - head of b         : [0.0750584477497298, 0.37112023596591937, 0.5971897212118924, 0.22696490415711335, 0.7798747205618592]
2015-02-16 17:04:59,938 - INFO - floating_point_add - data size         : 416620
2015-02-16 17:04:59,938 - INFO - floating_point_add - # processes       : 2
2015-02-16 17:05:01,775 - INFO - floating_point_add - result            : 104113.172892
2015-02-16 17:05:01,786 - INFO - psim - pid for 0 is 18469
2015-02-16 17:05:01,787 - INFO - floating_point_add - ****RUN_PARALLEL()****
2015-02-16 17:05:01,787 - INFO - psim - pid for 1 is 18480
2015-02-16 17:05:01,787 - INFO - psim - pid for 2 is 18481
2015-02-16 17:05:01,916 - INFO - floating_point_add - head of a         : [0.38309725277611384, 0.6211883921580083, 0.5311190784226615, 0.30256458604473635, 0.32039611483318164]
2015-02-16 17:05:01,916 - INFO - floating_point_add - head of b         : [0.6864247387061077, 0.5277220567094715, 0.07165912698670573, 0.3093263437876824, 0.010424657351857158]
2015-02-16 17:05:01,916 - INFO - floating_point_add - data size         : 416620
2015-02-16 17:05:01,917 - INFO - floating_point_add - # processes       : 3
2015-02-16 17:05:04,384 - INFO - floating_point_add - result            : 104164.593761
2015-02-16 17:05:04,396 - INFO - psim - pid for 1 is 18483
2015-02-16 17:05:04,397 - INFO - psim - pid for 0 is 18469
2015-02-16 17:05:04,398 - INFO - floating_point_add - ****RUN_PARALLEL()****
2015-02-16 17:05:04,398 - INFO - psim - pid for 3 is 18485
2015-02-16 17:05:04,400 - INFO - psim - pid for 2 is 18484
2015-02-16 17:05:04,525 - INFO - floating_point_add - head of a         : [0.03767009127482168, 0.04391284653691607, 0.9854555787388891, 0.44424248724793103, 0.4674719316349756]
2015-02-16 17:05:04,525 - INFO - floating_point_add - head of b         : [0.7358128156786649, 0.1550197736445711, 0.03020242570118936, 0.668757654402422, 0.8549891827052517]
2015-02-16 17:05:04,525 - INFO - floating_point_add - data size         : 416620
2015-02-16 17:05:04,525 - INFO - floating_point_add - # processes       : 4
2015-02-16 17:05:07,251 - INFO - floating_point_add - result            : 103931.261814
2015-02-16 17:05:07,268 - INFO - psim - pid for 1 is 18487
2015-02-16 17:05:07,270 - INFO - psim - pid for 3 is 18489
2015-02-16 17:05:07,271 - INFO - psim - pid for 0 is 18469
2015-02-16 17:05:07,271 - INFO - floating_point_add - ****RUN_PARALLEL()****
2015-02-16 17:05:07,271 - INFO - psim - pid for 4 is 18490
2015-02-16 17:05:07,272 - INFO - psim - pid for 5 is 18491
2015-02-16 17:05:07,273 - INFO - psim - pid for 2 is 18488
2015-02-16 17:05:07,409 - INFO - floating_point_add - head of a         : [0.5604402925183012, 0.5534283079994762, 0.9915553443453925, 0.48574298560896345, 0.17787576443536646]
2015-02-16 17:05:07,410 - INFO - floating_point_add - head of b         : [0.7113422073961435, 0.9948124154672681, 0.7602945892300111, 0.31363892708036734, 0.2650162397420742]
2015-02-16 17:05:07,410 - INFO - floating_point_add - data size         : 416620
2015-02-16 17:05:07,410 - INFO - floating_point_add - # processes       : 6
2015-02-16 17:05:10,433 - INFO - floating_point_add - result            : 104297.230926
2015-02-16 17:05:10,840 - INFO - floating_point_add - log_payload: {'log_owner': '1', 'simulation': 1}
2015-02-16 17:05:10,841 - INFO - floating_point_add - plot_payload: {'plot_owner': '1', 'simulation': 1}
2015-02-16 17:05:10,841 - INFO - floating_point_add - main: END
