2015-02-19 12:35:03,235 - INFO - log - ****SYSTEM INFORMATION****
2015-02-19 12:35:03,235 - INFO - log - Python version    : 2.7.3
2015-02-19 12:35:03,235 - INFO - log - compiler          : GCC 4.7.2
2015-02-19 12:35:03,235 - INFO - log - system            : Linux
2015-02-19 12:35:03,236 - INFO - log - release           : 3.2.0-4-686-pae
2015-02-19 12:35:03,236 - INFO - log - machine           : i686
2015-02-19 12:35:03,236 - INFO - log - cpu's             : 2
2015-02-19 12:35:03,236 - INFO - log - interpreter       : 32bit
2015-02-19 12:35:03,236 - INFO - log - node              : crunchbang
2015-02-19 12:35:03,236 - INFO - log - platform          : Linux-3.2.0-4-686-pae-i686-with-debian-7.8
2015-02-19 12:35:03,236 - INFO - log - main: START
2015-02-19 12:35:03,238 - INFO - log - ****Run serial****
2015-02-19 12:35:03,238 - INFO - log - input data       : 10
2015-02-19 12:35:03,239 - INFO - log - A: [0.7494078473740383, 0.43135846080166584, 0.33788781341639795, 0.2837020419866799, 0.5263517491898949, 0.4067750597108908, 0.4694809064102089, 0.525385837926474, 0.6970952089936664, 0.5632271853247531]
2015-02-19 12:35:03,239 - INFO - log - B is: [0.0, 0.40753025139417287, 0.4821197813031464, 0.39523855084878534, 0.547916327800052, 0.5160804488186824, 0.6332880577019377, 1.0]
2015-02-19 12:35:03,332 - INFO - log - B is: [0.0, 0.3413611437559866, 0.6187321620781723, 0.7979732973224494, 0.9599909373184284, 1.0268217878601804, 1.0618970284801696, 1.0]
2015-02-19 12:35:03,406 - INFO - log - B is: [0.0, 0.40656936474435684, 0.7262087035120004, 0.9470109946143882, 1.0971977883872877, 1.1488567878735925, 1.1240968665182292, 1.0]
2015-02-19 12:35:03,474 - INFO - log - B is: [0.0, 0.43006292953086006, 0.7647357329592822, 0.9998228921110248, 1.1452684906999788, 1.191230977978319, 1.1455004355390883, 1.0]
2015-02-19 12:35:03,550 - INFO - log - B is: [0.0, 0.43834777830541644, 0.7783203377165455, 1.018438976621834, 1.1622084668355115, 1.2061601169349665, 1.153039523769778, 1.0]
2015-02-19 12:35:03,630 - INFO - log - B is: [0.0, 0.44126781574792834, 0.7831082862980246, 1.0250002429576206, 1.1681789432892293, 1.2114218457646706, 1.1556966365585775, 1.0]
2015-02-19 12:35:03,706 - INFO - log - B is: [0.0, 0.44229698408702106, 0.7847958005153692, 1.0273127632399817, 1.1702832391190288, 1.213276343059538, 1.1566331363123743, 1.0]
2015-02-19 12:35:03,780 - INFO - log - B is: [0.0, 0.442659714747991, 0.7853905653589646, 1.0281278116369625, 1.1710248987481762, 1.2139299611257226, 1.1569632058991484, 1.0]
2015-02-19 12:35:03,869 - INFO - log - B is: [0.0, 0.44278755926699515, 0.785600190388023, 1.0284150756636132, 1.1712862968838424, 1.2141603289888345, 1.1570795390137147, 1.0]
2015-02-19 12:35:03,974 - INFO - log - B is: [0.0, 0.4428326181020884, 0.7856740727858711, 1.028516321947035, 1.1713784267270329, 1.2142415222041203, 1.1571205406512186, 1.0]
2015-02-19 12:35:04,045 - INFO - log - B is: [0.0, 0.4428484991006307, 0.7857001126568554, 1.0285520062268463, 1.1714108979150335, 1.214270138774676, 1.1571349916893798, 1.0]
2015-02-19 12:35:04,120 - INFO - log - B is: [0.0, 0.4428540963628364, 0.7857092904163843, 1.0285645831608592, 1.1714223423939738, 1.2142802246926618, 1.1571400849616647, 1.0]
2015-02-19 12:35:04,203 - INFO - log - B is: [0.0, 0.4428560691194057, 0.7857125251201977, 1.0285690159046335, 1.1714263760036534, 1.2142837794771673, 1.157141880086851, 1.0]
2015-02-19 12:35:04,282 - INFO - log - B is: [0.0, 0.4428567644179888, 0.7857136651924262, 1.0285705782263683, 1.171427797650469, 1.214285032361922, 1.157142512779205, 1.0]
2015-02-19 12:35:04,372 - INFO - log - B is: [0.0, 0.4428570094761614, 0.7857140670111897, 1.0285711288670838, 1.1714282987102715, 1.2142854739414908, 1.1571427357717956, 1.0]
2015-02-19 12:35:04,464 - INFO - log - B is: [0.0, 0.44285709584698013, 0.785714208632321, 1.0285713229405518, 1.1714284753089335, 1.2142856295763282, 1.157142814365594, 1.0]
2015-02-19 12:35:04,540 - INFO - log - B is: [0.0, 0.44285712628839846, 0.7857142585467266, 1.028571391341798, 1.1714285375511795, 1.2142856844298686, 1.1571428420659993, 1.0]
2015-02-19 12:35:04,616 - INFO - log - B is: [0.0, 0.4428571370174846, 0.7857142761390724, 1.0285714154498355, 1.1714285594884757, 1.2142857037630137, 1.1571428518290146, 1.0]
2015-02-19 12:35:04,688 - INFO - log - B is: [0.0, 0.44285714079895383, 0.7857142823394994, 1.0285714239467199, 1.1714285672202818, 1.2142857105769858, 1.157142855269992, 1.0]
2015-02-19 12:35:04,758 - INFO - log - B is: [0.0, 0.44285714213173366, 0.7857142845248415, 1.028571426941449, 1.1714285699453588, 1.2142857129785722, 1.1571428564827653, 1.0]
2015-02-19 12:35:04,835 - INFO - log - A evolved is: [0, 0.0, 0.44285714259892145, 0.7857142852029445, 1.0285714279912104, 1.1714285707909395, 1.2142857138204155, 1.1571428568590842, 1.0, 0]
2015-02-19 12:35:04,844 - INFO - log - pid for 0 is 6388
2015-02-19 12:35:04,845 - INFO - log - ****Run parallel (2)****
2015-02-19 12:35:04,845 - INFO - log - input data       : 10
2015-02-19 12:35:04,845 - INFO - log - A is: [0.8750873000654749, 0.772645988231484, 0.3875984503327581, 0.763583614325173, 0.7988672291160019, 0.7576308993715174, 0.49764514466506715, 0.3274413308071501, 0.00589874599727358, 0.5181825128785936]
2015-02-19 12:35:04,847 - INFO - log - B is: [[0.0, 0.6813428751991165, 0.8181148012783286, 0.6432328397243801, 0.8106072568483452], [0.6982561868905346, 0.5925361150893338, 0.30177194533117035, 0.47281192184287185, 1.0]]
2015-02-19 12:35:04,850 - INFO - log - B is: [[0.0, 0.3643914223550851, 0.6758822197618277, 0.8372228318585757, 1.0294149142112974], [1.062086096450535, 1.1637630920327242, 1.1308830126048637, 1.1199197251782518, 1.0]]
2015-02-19 12:35:04,853 - INFO - log - B is: [[0.0, 0.42261813893412203, 0.7750950796299346, 1.0075407575920603, 1.2163988235239314], [1.2957960415438181, 1.363492641795805, 1.3065110943465217, 1.2079701374786926, 1.0]]
2015-02-19 12:35:04,857 - INFO - log - B is: [[0.0, 0.46292452181844407, 0.8421973037330259, 1.1112008699966978, 1.3216558599965569], [1.416463034921988, 1.458504901157949, 1.3868718462985994, 1.246125222663516, 1.0]]
2015-02-19 12:35:04,860 - INFO - log - B is: [[0.0, 0.4851946080169717, 0.879188039832976, 1.1677021115712887, 1.3784994964895658], [1.4809079671105416, 1.508662897290651, 1.4290466924267682, 1.265978123322996, 1.0]]
2015-02-19 12:35:04,863 - INFO - log - B is: [[0.0, 0.4971943834511032, 0.8991140138441351, 1.1980943620569338, 1.4090397275746984], [1.5154822657500167, 1.5355313935365749, 1.4516212156322468, 1.2765923803972297, 1.0]]
2015-02-19 12:35:04,867 - INFO - log - B is: [[0.0, 0.5036395976101741, 0.9098160817443787, 1.214414756684134, 1.4254370727278862], [1.5340420736652711, 1.5499518027287087, 1.4637358093884305, 1.2822876576501743, 1.0]]
2015-02-19 12:35:04,871 - INFO - log - B is: [[0.0, 0.5070999650833022, 0.9155618814920847, 1.2231767522473238, 1.434240206134785], [1.5440059127962182, 1.5576932057972124, 1.4702392810462495, 1.2853449913093669, 1.0]]
2015-02-19 12:35:04,873 - INFO - log - B is: [[0.0, 0.5089577004404754, 0.9186465737359469, 1.2278807059113106, 1.4389662328384036], [1.5493550560888527, 1.5618492079309823, 1.4737306889817108, 1.2869863257691236, 1.0]]
2015-02-19 12:35:04,875 - INFO - log - B is: [[0.0, 0.509955038654844, 0.9203026121993253, 1.230406055101536, 1.4415034312416373], [1.5522267775476395, 1.5640803830400345, 1.4756050722261287, 1.287867485708979, 1.0]]
2015-02-19 12:35:04,878 - INFO - log - B is: [[0.0, 0.5104904661664094, 0.9211916672174321, 1.2317618051656078, 1.4428655425735], [1.5537684796588005, 1.5652782036620194, 1.4766113468257245, 1.2883405420227347, 1.0]]
2015-02-19 12:35:04,880 - INFO - log - B is: [[0.0, 0.510777913877323, 0.9216689621340448, 1.2324896483206673, 1.4435968008120479], [1.5545961523578637, 1.565921261366124, 1.4771515718138744, 1.28859450534467, 1.0]]
2015-02-19 12:35:04,883 - INFO - log - B is: [[0.0, 0.5109322320314641, 0.921925200982723, 1.232880395603774, 1.443989381504424], [1.5550404937735807, 1.5662664910332194, 1.47744159507545, 1.2887308471883678, 1.0]]
2015-02-19 12:35:04,884 - INFO - log - B is: [[0.0, 0.5110150787258254, 0.9220627644579835, 1.233090170797832, 1.4442001409760294], [1.5552790413226498, 1.5664518298020773, 1.4775972959301578, 1.2888040431847128, 1.0]]
2015-02-19 12:35:04,886 - INFO - log - B is: [[0.0, 0.511059555506947, 0.9221366162951226, 1.233202789961006, 1.444313288554939], [1.5554071071098052, 1.5665513301130904, 1.4776808849361915, 1.288843338926483, 1.0]]
2015-02-19 12:35:04,888 - INFO - log - B is: [[0.0, 0.5110834331531722, 0.9221762641292468, 1.2332632502836425, 1.444374032560964], [1.5554758600519494, 1.5666047474955027, 1.4777257602321106, 1.288864435098384, 1.0]]
2015-02-19 12:35:04,890 - INFO - log - B is: [[0.0, 0.5110962520212394, 0.9221975493241941, 1.2332957087970096, 1.444406643371584], [1.5555127705114757, 1.566633424961078, 1.4777498518235699, 1.2888757607140569, 1.0]]
2015-02-19 12:35:04,892 - INFO - log - B is: [[0.0, 0.5111031339130714, 0.9222089764181062, 1.2333131343588337, 1.444424150695169], [1.5555325861292508, 1.5666488206430575, 1.4777627855495128, 1.2888818409437295, 1.0]]
2015-02-19 12:35:04,894 - INFO - log - B is: [[0.0, 0.5111068285009974, 0.9222151111270247, 1.2333224893838604, 1.444433549614523], [1.5555432242711988, 1.5666570859140245, 1.477769729103535, 1.2888851051541652, 1.0]]
2015-02-19 12:35:04,897 - INFO - log - B is: [[0.0, 0.5111088119643062, 0.9222184045849944, 1.233327511689261, 1.4444385954848757], [1.5555489354261776, 1.5666615231779435, 1.4777734567952046, 1.2888868575665484, 1.0]]
2015-02-19 12:35:04,900 - INFO - log - pid for 0 is 6388
2015-02-19 12:35:04,900 - INFO - log - pid for 1 is 6400
2015-02-19 12:35:04,901 - INFO - log - ****Run parallel (4)****
2015-02-19 12:35:04,901 - INFO - log - input data       : 10
2015-02-19 12:35:04,902 - INFO - log - A is: [0.9667350615365651, 0.6413239664311338, 0.7171661174743383, 0.3035356664244353, 0.5717994423871312, 0.5279944824417313, 0.4430652695681262, 0.9546788674151766, 0.3286375429531414, 0.77104823322154]
2015-02-19 12:35:04,903 - INFO - log - pid for 2 is 6401
2015-02-19 12:35:04,904 - INFO - log - B is: [[0.0, 0.8919505895054518, 0.5224298164277845], [0.6944827799307348, 0.4657650744330833, 0.5574323559776287], [0.791336674928454, 0.4358514062606338, 0.9128635503183584], [1.0]]
2015-02-19 12:35:04,910 - INFO - log - B is: [[0.0, 0.3716716303361122, 0.6179736634062034], [0.8529983697491311, 0.9714756515953097, 1.0759326633229869], [1.1441372178141158, 1.1379235033382307, 1.1203667619120683], [1.0]]
2015-02-19 12:35:04,915 - INFO - log - B is: [[0.0, 0.42555118224049066, 0.7562201491499942], [1.0148099327475215, 1.1896504882665113, 1.3037882790692712], [1.3421408170296398, 1.311570751584983, 1.2000971992471061], [1.0]]
2015-02-19 12:35:04,922 - INFO - log - B is: [[0.0, 0.46443708016158436, 0.8329199649242247], [1.1150198651737593, 1.307593168764072, 1.420786781789073], [1.4462893949997662, 1.3896830352747112, 1.241339870695444], [1.0]]
2015-02-19 12:35:04,929 - INFO - log - B is: [[0.0, 0.4860023213534625, 0.8742669998776265], [1.1697465524672659, 1.3709705349528816, 1.4832314935675697], [1.502052548719075, 1.4305625055477469, 1.2633702017421065], [1.0]]
2015-02-19 12:35:04,936 - INFO - log - B is: [[0.0, 0.4976277093995025, 0.8964762665241047], [1.1991915289132684, 1.404999195536335, 1.5167298255934165], [1.5319789406093, 1.4524354495272476, 1.2751895956788972], [1.0]]
2015-02-19 12:35:04,943 - INFO - log - B is: [[0.0, 0.5038722105472716, 0.9084002785392321], [1.2150037496314083, 1.4232679872635765, 1.534711845311243], [1.5480443918750824, 1.4641729680973048, 1.2815343753910111], [1.0]]
2015-02-19 12:35:04,951 - INFO - log - B is: [[0.0, 0.5072248433822889, 0.9148018184993627], [1.2234929549438476, 1.4330757256122684, 1.5443654847888288], [1.5566691823530874, 1.4704739747398734, 1.2849405737795725], [1.0]]
2015-02-19 12:35:04,958 - INFO - log - B is: [[0.0, 0.5090247420579302, 0.9182385304227855], [1.2280504612279357, 1.4383410744596523, 1.5495480946813327], [1.5612994531255107, 1.473856685956736, 1.2867692107035338], [1.0]]
2015-02-19 12:35:04,965 - INFO - log - B is: [[0.0, 0.5099910303716566, 0.920083551617433], [1.2304971893264318, 1.4411678109758574, 1.5523304115622725], [1.5637852435486852, 1.475672714523949, 1.287750926025091], [1.0]]
2015-02-19 12:35:04,972 - INFO - log - B is: [[0.0, 0.5105097885507552, 0.9210740631407985], [1.2318107311601791, 1.4426853626759069, 1.553824116246869], [1.5651197561204417, 1.4766476610294472, 1.2882779662017751], [1.0]]
2015-02-19 12:35:04,979 - INFO - log - B is: [[0.0, 0.5107882872236956, 0.921605825629003], [1.2325159145557247, 1.4435000700744405, 1.5546260212182978], [1.5658361977831485, 1.4771710673279355, 1.2885609111121041], [1.0]]
2015-02-19 12:35:04,985 - INFO - log - B is: [[0.0, 0.5109378010292311, 0.9218913057436389], [1.232894496801127, 1.4439374509853324, 1.5550565290635603], [1.566220824101149, 1.4774520613676627, 1.2887128119083606], [1.0]]
2015-02-19 12:35:04,990 - INFO - log - B is: [[0.0, 0.5110180684781219, 0.9220445675807128], [1.2330977411163946, 1.4441722617425994, 1.5552876499712884], [1.5664273132156528, 1.4776029148265, 1.2887943608285533], [1.0]]
2015-02-19 12:35:04,994 - INFO - log - B is: [[0.0, 0.5110611605747114, 0.9221268471844338], [1.2332068541352539, 1.4442983214090244, 1.5554117287182374], [1.5665381682258646, 1.4776839014768595, 1.2888381408912573], [1.0]]
2015-02-19 12:35:04,998 - INFO - log - B is: [[0.0, 0.5110842948441328, 0.9221710195192936], [1.2332654321617469, 1.444365997352342, 1.555478341192184], [1.5665976814516274, 1.4777273796813846, 1.288861644499715], [1.0]]
2015-02-19 12:35:05,003 - INFO - log - B is: [[0.0, 0.5110967146255779, 0.922194733721583], [1.2332968801523136, 1.4444023296181159, 1.5555141025275805], [1.566629631509942, 1.477750721235336, 1.2888742625631995], [1.0]]
2015-02-19 12:35:05,007 - INFO - log - B is: [[0.0, 0.5111033822651881, 0.9222074648437215], [1.233313763208468, 1.4444218348288536, 1.5555333012306705], [1.5666467841043985, 1.4777632522988156, 1.2888810366517987], [1.0]]
2015-02-19 12:35:05,012 - INFO - log - B is: [[0.0, 0.5111069618304299, 0.9222142996285869], [1.2333228269858345, 1.4444323063267857, 1.555543608177999], [1.566655992585137, 1.4777699796809023, 1.2888846733648653], [1.0]]
2015-02-19 12:35:05,016 - INFO - log - B is: [[0.0, 0.5111088835430702, 0.9222179689268347], [1.2333276929330534, 1.4444379280178514, 1.5555491415290137], [1.566660936217293, 1.477773591319277, 1.2888866257576834], [1.0]]
2015-02-19 12:35:05,023 - INFO - log - pid for 1 is 6403
2015-02-19 12:35:05,024 - INFO - log - pid for 3 is 6405
2015-02-19 12:35:05,026 - INFO - log - pid for 4 is 6406
2015-02-19 12:35:05,029 - INFO - log - pid for 0 is 6388
2015-02-19 12:35:05,027 - INFO - log - pid for 6 is 6408
2015-02-19 12:35:05,030 - INFO - log - pid for 7 is 6409
2015-02-19 12:35:05,031 - INFO - log - pid for 2 is 6404
2015-02-19 12:35:05,029 - INFO - log - ****Run parallel (8)****
2015-02-19 12:35:05,032 - INFO - log - input data       : 10
2015-02-19 12:35:05,032 - INFO - log - pid for 5 is 6407
2015-02-19 12:35:05,032 - INFO - log - A is: [0.05684114646591232, 0.55582881475368, 0.12196917655290429, 0.28424382319429387, 0.3533630564177047, 0.09325673956961211, 0.11746076479283984, 0.7741169440194708, 0.6266892152203689, 0.9724532565645762]
2015-02-19 12:35:05,039 - INFO - log - B is: [[0.0, 0.1394051615094083], [0.4700363189739869, 0.2876661164853045], [0.23875028138195298, 0.28541191060527227], [0.48368684179454147, 0.42207499000660437], [0.9232851002920235, 0.36334460761018444], [], [], []]
2015-02-19 12:35:05,051 - INFO - log - B is: [[0.0, 0.2774709395249811], [0.530806057072798, 0.6048805106020461], [0.7874040867680936, 0.7138744449547554], [0.8198811629658671, 0.6285905294291343], [0.5833555222681084, 0.2921256555514438], [], [], []]
2015-02-19 12:35:05,060 - INFO - log - B is: [[0.0, 0.348897736875265], [0.6488860246426945, 0.7861871285739859], [0.9586320095325029, 0.9256665662848214], [0.9625328309938959, 0.7890349811687772], [0.6551976863548625, 0.3506578065826767], [], [], []]
2015-02-19 12:35:05,068 - INFO - log - B is: [[0.0, 0.389215845493506], [0.7100384265119986, 0.890970699412952], [1.0548180807799568, 1.0536403606241251], [1.0552866055102854, 0.8913127528454171], [0.7107965154502403, 0.38942724614073804], [], [], []]
2015-02-19 12:35:05,078 - INFO - log - B is: [[0.0, 0.41325080060880653], [0.7457185863269225, 0.9538020424300849], [1.112216354071187, 1.1311181762502673], [1.112272628223955, 0.9538431262104434], [0.7458096398187893, 0.41327619178145447], [], [], []]
2015-02-19 12:35:05,087 - INFO - log - B is: [[0.0, 0.42775712852994613], [0.7671585502282645, 0.9917689313408762], [1.146866886210761, 1.1780254904491627], [1.1468736452569004, 0.9917738658828171], [0.7671694865946497, 0.4277601782445845], [], [], []]
2015-02-19 12:35:05,095 - INFO - log - B is: [[0.0, 0.43653425950632724], [0.7801194860905621, 1.0147464168533418], [1.167833309560073, 1.2064245410792183], [1.1678341213840182, 1.0147470095374609], [0.7801207996492984, 0.4365346258052574], [], [], []]
2015-02-19 12:35:05,104 - INFO - log - B is: [[0.0, 0.4418475384152941], [0.7879640781040315, 1.0286566004772066], [1.1805255481716594, 1.2236181513147797], [1.1805256456792226, 1.0286566716640502], [0.7879642358745828, 0.44184758241118294], [], [], []]
2015-02-19 12:35:05,113 - INFO - log - B is: [[0.0, 0.44506427360598705], [0.7927131415286891, 1.0370781031834606], [1.18820962479706, 1.2340276624208324], [1.1882096365086199, 1.037078111733659], [0.7927131604783912, 0.44506427889030015], [], [], []]
2015-02-19 12:35:05,122 - INFO - log - B is: [[0.0, 0.4470117691419198], [0.7955883287986534, 1.0421767103646622], [1.1928617671870494, 1.240329882837748], [1.192861768593716, 1.04217671139162], [0.7955883310746878, 0.44701176977661466], [], [], []]
2015-02-19 12:35:05,131 - INFO - log - B is: [[0.0, 0.44819083838528423], [0.7973290466492245, 1.0452635534396488], [1.1956783068327663, 1.2441454301558437], [1.1956783070017198, 1.0452635535629962], [0.7973290469225973, 0.44819083846151697], [], [], []]
2015-02-19 12:35:05,142 - INFO - log - B is: [[0.0, 0.4489046810213239], [0.7983829273173487, 1.0471324176898813], [1.1973835214536086, 1.2464554733427737], [1.1973835214739015, 1.0471324177046963], [0.7983829273501835, 0.44890468103048015], [], [], []]
2015-02-19 12:35:05,151 - INFO - log - B is: [[0.0, 0.4493368620738294], [0.7990209772303931, 1.0482638823706063], [1.198415907884988, 1.2478540405942333], [1.1984159078874252, 1.0482638823723855], [0.799020977234337, 0.44933686207492907], [], [], []]
2015-02-19 12:35:05,162 - INFO - log - B is: [[0.0, 0.44959851703579673], [0.7994072711759066, 1.0489489039538777], [1.199040944616742, 1.248700773836244], [1.1990409446170347, 1.0489489039540916], [0.7994072711763803, 0.4495985170359288], [], [], []]
2015-02-19 12:35:05,174 - INFO - log - B is: [[0.0, 0.44975693055053856], [0.7996411447514067, 1.0493636359196912], [1.1994193600107632, 1.249213410738315], [1.1994193600107985, 1.049363635919717], [0.7996411447514636, 0.4497569305505545], [], [], []]
2015-02-19 12:35:05,187 - INFO - log - B is: [[0.0, 0.44985283869420223], [0.7997827386078736, 1.0496147266995937], [1.1996484636831, 1.2495237760107838], [1.199648463683104, 1.0496147266995968], [0.7997827386078804, 0.4498528386942041], [], [], []]
2015-02-19 12:35:05,196 - INFO - log - B is: [[0.0, 0.4499109042704768], [0.7998684636418275, 1.049766744351856], [1.199787169701721, 1.2497116801627584], [1.1997871697017215, 1.0497667443518564], [0.7998684636418283, 0.4499109042704771], [], [], []]
2015-02-19 12:35:05,206 - INFO - log - B is: [[0.0, 0.4499460588571414], [0.7999203640676694, 1.0498587802546042], [1.1998711463547633, 1.2498254427949256], [1.1998711463547633, 1.0498587802546042], [0.7999203640676694, 0.44994605885714145], [], [], []]
2015-02-19 12:35:05,215 - INFO - log - B is: [[0.0, 0.44996734246513875], [0.7999517860931663, 1.0499145014637445], [1.1999219882600125, 1.2498943179972115], [1.1999219882600125, 1.0499145014637445], [0.7999517860931663, 0.44996734246513875], [], [], []]
2015-02-19 12:35:05,224 - INFO - log - B is: [[0.0, 0.44998022817970307], [0.7999708099002029, 1.0499482367024433], [1.1999527694263932, 1.2499360170454805], [1.1999527694263932, 1.0499482367024433], [0.7999708099002029, 0.44998022817970307], [], [], []]
2015-02-19 12:35:05,237 - INFO - log - pid for 1 is 6410
2015-02-19 12:35:05,238 - INFO - log - pid for 3 is 6412
2015-02-19 12:35:05,239 - INFO - log - pid for 5 is 6414
2015-02-19 12:35:05,240 - INFO - log - pid for 9 is 6418
2015-02-19 12:35:05,242 - INFO - log - pid for 7 is 6416
2015-02-19 12:35:05,243 - INFO - log - pid for 2 is 6411
2015-02-19 12:35:05,244 - INFO - log - pid for 10 is 6419
2015-02-19 12:35:05,241 - INFO - log - pid for 6 is 6415
2015-02-19 12:35:05,245 - INFO - log - pid for 4 is 6413
2015-02-19 12:35:05,246 - INFO - log - pid for 12 is 6421
2015-02-19 12:35:05,247 - INFO - log - pid for 0 is 6388
2015-02-19 12:35:05,247 - INFO - log - ****Run parallel (16)****
2015-02-19 12:35:05,247 - INFO - log - input data       : 10
2015-02-19 12:35:05,247 - INFO - log - pid for 13 is 6422
2015-02-19 12:35:05,249 - INFO - log - pid for 11 is 6420
2015-02-19 12:35:05,249 - INFO - log - pid for 15 is 6424
2015-02-19 12:35:05,250 - INFO - log - pid for 8 is 6417
2015-02-19 12:35:05,250 - INFO - log - pid for 14 is 6423
2015-02-19 12:35:05,250 - INFO - log - A is: [0.35059245718894394, 0.1323338468256049, 0.6357481302018466, 0.7424440969150108, 0.320302614017279, 0.7361297775017981, 0.9559877716875417, 0.4655484870429283, 0.5130031018753313, 0.2365861665931478]
2015-02-19 12:35:05,263 - INFO - log - B is: [[0.0], [0.5431702936953953], [0.48738897187030783], [0.5280253721095628], [0.7892869372084045], [0.6881451928524104], [0.6508391322723632], [0.7844954367814365], [0.40106732681803803], [0.3065015509376656], [], [], [], [], [], []]
2015-02-19 12:35:05,279 - INFO - log - B is: [[0.0], [0.35659734178110325], [0.6177791880169953], [0.8074351883327884], [0.8981626607672566], [0.9553377425183421], [0.8889293445116899], [0.8170143435125946], [0.6028404617658876], [0.3625144475459375], [], [], [], [], [], []]
2015-02-19 12:35:05,295 - INFO - log - B is: [[0.0], [0.394621292575138], [0.6861797457002539], [0.9053672768041494], [1.0149401214659763], [1.0719313732404203], [1.0138311735201753], [0.9065176533940603], [0.6843854302408743], [0.3953322643826514], [], [], [], [], [], []]
2015-02-19 12:35:05,315 - INFO - log - B is: [[0.0], [0.41664333806388104], [0.7306551260370084], [0.9627137984689429], [1.0876898914589854], [1.142193697384357], [1.0875566965562287], [0.9628519693340946], [0.7304396121572196], [0.4167287323547995], [], [], [], [], [], []]
2015-02-19 12:35:05,333 - INFO - log - B is: [[0.0], [0.4298256231936], [0.7579643053433238], [0.9971879240229817], [1.1319718747560263], [1.1847309406133772], [1.131955876816493], [0.9972045196216137], [0.7579384201334088], [0.4298358798376182], [], [], [], [], [], []]
2015-02-19 12:35:05,348 - INFO - log - B is: [[0.0], [0.4377883350660746], [0.774544088042592], [1.0180300621020744], [1.1588099147120243], [1.2104842154390678], [1.158807993211546], [1.0180320553869369], [0.7745409789895091], [0.4377895669838689], [], [], [], [], [], []]
2015-02-19 12:35:05,366 - INFO - log - B is: [[0.0], [0.4426070022405329], [0.7845874969716067], [1.0306449545693201], [1.1750618595353373], [1.2260759961048], [1.1750616287453608], [1.0306451939812649], [0.7845871235455807], [0.4426071502052521], [], [], [], [], [], []]
2015-02-19 12:35:05,385 - INFO - log - B is: [[0.0], [0.4455241002970582], [0.7906687323222975], [1.0382819513334283], [1.1849016693133947], [1.2355157130563978], [1.1849016415933842], [1.038281980089017], [0.7906686874703786], [0.4455241180689893], [], [], [], [], [], []]
2015-02-19 12:35:05,411 - INFO - log - B is: [[0.0], [0.4472901646087719], [0.7943505685935079], [1.0429055599091341], [1.1908590252736198], [1.2412307919199634], [1.1908590219441901], [1.0429055633629463], [0.7943505632063778], [0.44729016674334515], [], [], [], [], [], []]
2015-02-19 12:35:05,430 - INFO - log - B is: [[0.0], [0.4483593874521853], [0.7965796688049078], [1.0457048207156425], [1.1944657875500373], [1.2446908666853673], [1.194465787150142], [1.0457048211304774], [0.7965796681578637], [0.4483593877085673], [], [], [], [], [], []]
2015-02-19 12:35:05,446 - INFO - log - B is: [[0.0], [0.44900672556644283], [0.7979292319778399], [1.047399573788188], [1.1966494269184704], [1.246785696462522], [1.1966494268704395], [1.0473995738380135], [0.7979292319001239], [0.4490067255972367], [], [], [], [], [], []]
2015-02-19 12:35:05,464 - INFO - log - B is: [[0.0], [0.4493986428110596], [0.798746296865309], [1.0484256264418244], [1.1979714657116005], [1.2480539672638156], [1.1979714657058314], [1.0484256264478091], [0.7987462968559744], [0.44939864281475833], [], [], [], [], [], []]
2015-02-19 12:35:05,481 - INFO - log - B is: [[0.0], [0.44963592088945925], [0.7992409717002767], [1.0490468285142327], [1.1987718664120643], [1.2488218152498216], [1.1987718664113713], [1.0490468285149517], [0.7992409716991556], [0.44963592088990356], [], [], [], [], [], []]
2015-02-19 12:35:05,496 - INFO - log - B is: [[0.0], [0.44977957593019285], [0.7995404622175215], [1.0494229222933331], [1.1992564522487676], [1.2492866927263135], [1.1992564522486842], [1.0494229222934195], [0.7995404622173867], [0.44977957593024626], [], [], [], [], [], []]
2015-02-19 12:35:05,515 - INFO - log - B is: [[0.0], [0.4498665488648958], [0.7997217824770142], [1.0496506203924632], [1.199549834591535], [1.2495681430551389], [1.1995498345915252], [1.0496506203924736], [0.799721782476998], [0.44986654886490224], [], [], [], [], [], []]
2015-02-19 12:35:05,531 - INFO - log - B is: [[0.0], [0.4499192048060923], [0.7998315590294414], [1.0497884754362226], [1.1997274567845373], [1.2497385412602608], [1.1997274567845362], [1.049788475436224], [0.7998315590294396], [0.44991920480609315], [], [], [], [], [], []]
2015-02-19 12:35:05,546 - INFO - log - B is: [[0.0], [0.44995108424253133], [0.7998980209432617], [1.0498719368843616], [1.1998349944200566], [1.249841705283661], [1.1998349944200564], [1.049871936884362], [0.7998980209432613], [0.4499510842425315], [], [], [], [], [], []]
2015-02-19 12:35:05,564 - INFO - log - B is: [[0.0], [0.4499703849794399], [0.7999382589165884], [1.0499224668695961], [1.1999001008285377], [1.2499041637803125], [1.1999001008285377], [1.0499224668695963], [0.7999382589165884], [0.44997038497944], [], [], [], [], [], []]
2015-02-19 12:35:05,580 - INFO - log - B is: [[0.0], [0.44998207020624514], [0.799962620154542], [1.0499530591905386], [1.1999395181395547], [1.2499419779685867], [1.1999395181395547], [1.0499530591905386], [0.799962620154542], [0.44998207020624514], [], [], [], [], [], []]
2015-02-19 12:35:05,598 - INFO - log - B is: [[0.0], [0.4499891447820055], [0.799977369155686], [1.0499715806703351], [1.1999633825247058], [1.2499648717766594], [1.1999633825247058], [1.0499715806703351], [0.799977369155686], [0.4499891447820055], [], [], [], [], [], []]
2015-02-19 12:35:05,981 - INFO - log - log_payload: {'log_owner': '1', 'simulation': 79}
2015-02-19 12:35:05,982 - INFO - log - plot_payload: {'plot_owner': '1', 'simulation': 79}
2015-02-19 12:35:05,982 - INFO - log - main: END
