2015-02-17 22:14:18,723 - INFO - log - ****SYSTEM INFORMATION****
2015-02-17 22:14:18,723 - INFO - log - Python version    : 2.7.3
2015-02-17 22:14:18,723 - INFO - log - compiler          : GCC 4.7.2
2015-02-17 22:14:18,723 - INFO - log - system            : Linux
2015-02-17 22:14:18,723 - INFO - log - release           : 3.2.0-4-686-pae
2015-02-17 22:14:18,723 - INFO - log - machine           : i686
2015-02-17 22:14:18,723 - INFO - log - cpu's             : 2
2015-02-17 22:14:18,723 - INFO - log - interpreter       : 32bit
2015-02-17 22:14:18,724 - INFO - log - node              : crunchbang
2015-02-17 22:14:18,724 - INFO - log - platform          : Linux-3.2.0-4-686-pae-i686-with-debian-7.8
2015-02-17 22:14:18,724 - INFO - floating_point_add - main: START
2015-02-17 22:14:18,727 - INFO - floating_point_add - ****RUN_SERIAL()****
2015-02-17 22:14:18,949 - INFO - floating_point_add - head of a         : [0.052363598850944326, 0.08718667752263232, 0.4072417636703983, 0.10770023493843905, 0.9011988779516946]
2015-02-17 22:14:18,949 - INFO - floating_point_add - head of b         : [0.10337852557304117, 0.7482590414438126, 0.2966602658868075, 0.27663573664837793, 0.37280621233419053]
2015-02-17 22:14:18,949 - INFO - floating_point_add - data size         : 416620
2015-02-17 22:14:18,950 - INFO - floating_point_add - result            : 104161.766902
2015-02-17 22:14:18,969 - INFO - psim - pid for 0 is 17058
2015-02-17 22:14:18,970 - INFO - floating_point_add - ****RUN_PARALLEL()****
2015-02-17 22:14:18,970 - INFO - psim - pid for 1 is 17069
2015-02-17 22:14:19,105 - INFO - floating_point_add - head of a         : [0.936490220829669, 0.3362744920832319, 0.7432521548687043, 0.7304371286429016, 0.2924864395534613]
2015-02-17 22:14:19,105 - INFO - floating_point_add - head of b         : [0.0750584477497298, 0.37112023596591937, 0.5971897212118924, 0.22696490415711335, 0.7798747205618592]
2015-02-17 22:14:19,105 - INFO - floating_point_add - data size         : 416620
2015-02-17 22:14:19,106 - INFO - floating_point_add - # processes       : 2
2015-02-17 22:14:20,967 - INFO - floating_point_add - result            : 104113.172892
2015-02-17 22:14:20,979 - INFO - psim - pid for 0 is 17058
2015-02-17 22:14:20,980 - INFO - floating_point_add - ****RUN_PARALLEL()****
2015-02-17 22:14:20,979 - INFO - psim - pid for 1 is 17070
2015-02-17 22:14:20,982 - INFO - psim - pid for 2 is 17071
2015-02-17 22:14:21,123 - INFO - floating_point_add - head of a         : [0.38309725277611384, 0.6211883921580083, 0.5311190784226615, 0.30256458604473635, 0.32039611483318164]
2015-02-17 22:14:21,123 - INFO - floating_point_add - head of b         : [0.6864247387061077, 0.5277220567094715, 0.07165912698670573, 0.3093263437876824, 0.010424657351857158]
2015-02-17 22:14:21,123 - INFO - floating_point_add - data size         : 416620
2015-02-17 22:14:21,123 - INFO - floating_point_add - # processes       : 3
2015-02-17 22:14:24,154 - INFO - floating_point_add - result            : 104164.593761
2015-02-17 22:14:24,171 - INFO - psim - pid for 0 is 17058
2015-02-17 22:14:24,172 - INFO - floating_point_add - ****RUN_PARALLEL()****
2015-02-17 22:14:24,177 - INFO - psim - pid for 1 is 17073
2015-02-17 22:14:24,179 - INFO - psim - pid for 3 is 17075
2015-02-17 22:14:24,180 - INFO - psim - pid for 2 is 17074
2015-02-17 22:14:24,402 - INFO - floating_point_add - head of a         : [0.03767009127482168, 0.04391284653691607, 0.9854555787388891, 0.44424248724793103, 0.4674719316349756]
2015-02-17 22:14:24,402 - INFO - floating_point_add - head of b         : [0.7358128156786649, 0.1550197736445711, 0.03020242570118936, 0.668757654402422, 0.8549891827052517]
2015-02-17 22:14:24,402 - INFO - floating_point_add - data size         : 416620
2015-02-17 22:14:24,402 - INFO - floating_point_add - # processes       : 4
2015-02-17 22:14:27,238 - INFO - floating_point_add - result            : 103931.261814
2015-02-17 22:14:27,249 - INFO - psim - pid for 1 is 17078
2015-02-17 22:14:27,252 - INFO - psim - pid for 4 is 17081
2015-02-17 22:14:27,251 - INFO - psim - pid for 2 is 17079
2015-02-17 22:14:27,252 - INFO - psim - pid for 0 is 17058
2015-02-17 22:14:27,253 - INFO - floating_point_add - ****RUN_PARALLEL()****
2015-02-17 22:14:27,253 - INFO - psim - pid for 3 is 17080
2015-02-17 22:14:27,254 - INFO - psim - pid for 5 is 17082
2015-02-17 22:14:27,403 - INFO - floating_point_add - head of a         : [0.5604402925183012, 0.5534283079994762, 0.9915553443453925, 0.48574298560896345, 0.17787576443536646]
2015-02-17 22:14:27,403 - INFO - floating_point_add - head of b         : [0.7113422073961435, 0.9948124154672681, 0.7602945892300111, 0.31363892708036734, 0.2650162397420742]
2015-02-17 22:14:27,404 - INFO - floating_point_add - data size         : 416620
2015-02-17 22:14:27,404 - INFO - floating_point_add - # processes       : 6
2015-02-17 22:14:30,668 - INFO - floating_point_add - result            : 104297.230926
2015-02-17 22:14:31,015 - INFO - floating_point_add - log_payload: {'log_owner': '1', 'simulation': 19}
2015-02-17 22:14:31,015 - INFO - floating_point_add - plot_payload: {'plot_owner': '1', 'simulation': 19}
2015-02-17 22:14:31,015 - INFO - floating_point_add - main: END
