2015-02-17 23:47:01,191 - INFO - log - ****SYSTEM INFORMATION****
2015-02-17 23:47:01,191 - INFO - log - Python version    : 2.7.3
2015-02-17 23:47:01,191 - INFO - log - compiler          : GCC 4.7.2
2015-02-17 23:47:01,191 - INFO - log - system            : Linux
2015-02-17 23:47:01,191 - INFO - log - release           : 3.2.0-4-686-pae
2015-02-17 23:47:01,191 - INFO - log - machine           : i686
2015-02-17 23:47:01,191 - INFO - log - cpu's             : 2
2015-02-17 23:47:01,191 - INFO - log - interpreter       : 32bit
2015-02-17 23:47:01,191 - INFO - log - node              : crunchbang
2015-02-17 23:47:01,192 - INFO - log - platform          : Linux-3.2.0-4-686-pae-i686-with-debian-7.8
2015-02-17 23:47:01,192 - INFO - merge_sort - main: START
2015-02-17 23:47:01,194 - INFO - merge_sort - ****RUN_SERIAL()****
2015-02-17 23:47:01,194 - INFO - merge_sort - input data       : [0, 14, 5, 6, 3, 9, 2, 2, 7, 9, 2, 9, 6, 16, 1, 16]
2015-02-17 23:47:01,194 - INFO - merge_sort - result            : [0, 1, 2, 2, 2, 3, 5, 6, 6, 7, 9, 9, 9, 14, 16, 16]
2015-02-17 23:47:01,196 - INFO - psim - pid for 1 is 22044
2015-02-17 23:47:01,196 - INFO - merge_sort - 0 scattering to all [0, 14, 5, 6, 3, 9, 2, 2, 7, 9, 2, 9, 6, 16, 1, 16]
2015-02-17 23:47:01,197 - INFO - merge_sort - ****RUN_PARALLEL()****
2015-02-17 23:47:01,197 - INFO - merge_sort - # processes       : 2
2015-02-17 23:47:01,197 - INFO - merge_sort - input data       : [0, 14, 5, 6, 3, 9, 2, 2, 7, 9, 2, 9, 6, 16, 1, 16]
2015-02-17 23:47:01,198 - INFO - merge_sort - result           : [0, 1, 2, 2, 2, 3, 5, 6, 6, 7, 9, 9, 9, 14, 16, 16]
2015-02-17 23:47:01,201 - INFO - psim - pid for 1 is 22045
2015-02-17 23:47:01,201 - INFO - merge_sort - 1 scattering to all [0, 14, 5, 6, 3, 9, 2, 2, 7, 9, 2, 9, 6, 16, 1, 16]
2015-02-17 23:47:01,201 - INFO - psim - pid for 0 is 22034
2015-02-17 23:47:01,202 - INFO - merge_sort - 0 scattering to all [0, 14, 5, 6, 3, 9, 2, 2, 7, 9, 2, 9, 6, 16, 1, 16]
2015-02-17 23:47:01,202 - INFO - psim - pid for 3 is 22047
2015-02-17 23:47:01,202 - INFO - merge_sort - 3 scattering to all [0, 14, 5, 6, 3, 9, 2, 2, 7, 9, 2, 9, 6, 16, 1, 16]
2015-02-17 23:47:01,203 - INFO - psim - pid for 2 is 22046
2015-02-17 23:47:01,203 - INFO - merge_sort - 2 scattering to all [0, 14, 5, 6, 3, 9, 2, 2, 7, 9, 2, 9, 6, 16, 1, 16]
2015-02-17 23:47:01,205 - INFO - merge_sort - ****RUN_PARALLEL()****
2015-02-17 23:47:01,205 - INFO - merge_sort - # processes       : 4
2015-02-17 23:47:01,205 - INFO - merge_sort - input data       : [0, 14, 5, 6, 3, 9, 2, 2, 7, 9, 2, 9, 6, 16, 1, 16]
2015-02-17 23:47:01,205 - INFO - merge_sort - result           : [0, 1, 2, 2, 2, 3, 5, 6, 6, 7, 9, 9, 9, 14, 16, 16]
2015-02-17 23:47:01,209 - INFO - psim - pid for 1 is 22048
2015-02-17 23:47:01,209 - INFO - merge_sort - 1 scattering to all [0, 14, 5, 6, 3, 9, 2, 2, 7, 9, 2, 9, 6, 16, 1, 16]
2015-02-17 23:47:01,210 - INFO - psim - pid for 3 is 22050
2015-02-17 23:47:01,210 - INFO - merge_sort - 3 scattering to all [0, 14, 5, 6, 3, 9, 2, 2, 7, 9, 2, 9, 6, 16, 1, 16]
2015-02-17 23:47:01,211 - INFO - psim - pid for 4 is 22051
2015-02-17 23:47:01,211 - INFO - psim - pid for 0 is 22034
2015-02-17 23:47:01,212 - INFO - merge_sort - 4 scattering to all [0, 14, 5, 6, 3, 9, 2, 2, 7, 9, 2, 9, 6, 16, 1, 16]
2015-02-17 23:47:01,212 - INFO - merge_sort - 0 scattering to all [0, 14, 5, 6, 3, 9, 2, 2, 7, 9, 2, 9, 6, 16, 1, 16]
2015-02-17 23:47:01,214 - INFO - psim - pid for 6 is 22053
2015-02-17 23:47:01,214 - INFO - psim - pid for 5 is 22052
2015-02-17 23:47:01,214 - INFO - merge_sort - 6 scattering to all [0, 14, 5, 6, 3, 9, 2, 2, 7, 9, 2, 9, 6, 16, 1, 16]
2015-02-17 23:47:01,214 - INFO - merge_sort - 5 scattering to all [0, 14, 5, 6, 3, 9, 2, 2, 7, 9, 2, 9, 6, 16, 1, 16]
2015-02-17 23:47:01,215 - INFO - psim - pid for 2 is 22049
2015-02-17 23:47:01,216 - INFO - merge_sort - 2 scattering to all [0, 14, 5, 6, 3, 9, 2, 2, 7, 9, 2, 9, 6, 16, 1, 16]
2015-02-17 23:47:01,216 - INFO - merge_sort - 7 scattering to all [0, 14, 5, 6, 3, 9, 2, 2, 7, 9, 2, 9, 6, 16, 1, 16]
2015-02-17 23:47:01,221 - INFO - merge_sort - ****RUN_PARALLEL()****
2015-02-17 23:47:01,221 - INFO - merge_sort - # processes       : 8
2015-02-17 23:47:01,221 - INFO - merge_sort - input data       : [0, 14, 5, 6, 3, 9, 2, 2, 7, 9, 2, 9, 6, 16, 1, 16]
2015-02-17 23:47:01,221 - INFO - merge_sort - result           : [0, 1, 2, 2, 2, 3, 5, 6, 6, 7, 9, 9, 9, 14, 16, 16]
2015-02-17 23:47:01,223 - INFO - psim - pid for 1 is 22055
2015-02-17 23:47:01,225 - INFO - psim - pid for 2 is 22056
2015-02-17 23:47:01,225 - INFO - merge_sort - 2 scattering to all [0, 14, 5, 6, 3, 9, 2, 2, 7, 9, 2, 9, 6, 16, 1, 16]
2015-02-17 23:47:01,225 - INFO - merge_sort - 1 scattering to all [0, 14, 5, 6, 3, 9, 2, 2, 7, 9, 2, 9, 6, 16, 1, 16]
2015-02-17 23:47:01,227 - INFO - psim - pid for 3 is 22057
2015-02-17 23:47:01,228 - INFO - merge_sort - 3 scattering to all [0, 14, 5, 6, 3, 9, 2, 2, 7, 9, 2, 9, 6, 16, 1, 16]
2015-02-17 23:47:01,228 - INFO - psim - pid for 4 is 22058
2015-02-17 23:47:01,229 - INFO - merge_sort - 4 scattering to all [0, 14, 5, 6, 3, 9, 2, 2, 7, 9, 2, 9, 6, 16, 1, 16]
2015-02-17 23:47:01,230 - INFO - psim - pid for 6 is 22060
2015-02-17 23:47:01,230 - INFO - merge_sort - 6 scattering to all [0, 14, 5, 6, 3, 9, 2, 2, 7, 9, 2, 9, 6, 16, 1, 16]
2015-02-17 23:47:01,231 - INFO - psim - pid for 7 is 22061
2015-02-17 23:47:01,231 - INFO - merge_sort - 7 scattering to all [0, 14, 5, 6, 3, 9, 2, 2, 7, 9, 2, 9, 6, 16, 1, 16]
2015-02-17 23:47:01,232 - INFO - psim - pid for 9 is 22063
2015-02-17 23:47:01,232 - INFO - merge_sort - 9 scattering to all [0, 14, 5, 6, 3, 9, 2, 2, 7, 9, 2, 9, 6, 16, 1, 16]
2015-02-17 23:47:01,233 - INFO - psim - pid for 12 is 22066
2015-02-17 23:47:01,234 - INFO - merge_sort - 12 scattering to all [0, 14, 5, 6, 3, 9, 2, 2, 7, 9, 2, 9, 6, 16, 1, 16]
2015-02-17 23:47:01,234 - INFO - psim - pid for 0 is 22034
2015-02-17 23:47:01,236 - INFO - psim - pid for 5 is 22059
2015-02-17 23:47:01,237 - INFO - merge_sort - 14 scattering to all [0, 14, 5, 6, 3, 9, 2, 2, 7, 9, 2, 9, 6, 16, 1, 16]
2015-02-17 23:47:01,237 - INFO - merge_sort - 5 scattering to all [0, 14, 5, 6, 3, 9, 2, 2, 7, 9, 2, 9, 6, 16, 1, 16]
2015-02-17 23:47:01,237 - INFO - psim - pid for 10 is 22064
2015-02-17 23:47:01,238 - INFO - psim - pid for 8 is 22062
2015-02-17 23:47:01,238 - INFO - merge_sort - 10 scattering to all [0, 14, 5, 6, 3, 9, 2, 2, 7, 9, 2, 9, 6, 16, 1, 16]
2015-02-17 23:47:01,238 - INFO - merge_sort - 8 scattering to all [0, 14, 5, 6, 3, 9, 2, 2, 7, 9, 2, 9, 6, 16, 1, 16]
2015-02-17 23:47:01,238 - INFO - psim - pid for 13 is 22067
2015-02-17 23:47:01,239 - INFO - merge_sort - 13 scattering to all [0, 14, 5, 6, 3, 9, 2, 2, 7, 9, 2, 9, 6, 16, 1, 16]
2015-02-17 23:47:01,239 - INFO - psim - pid for 11 is 22065
2015-02-17 23:47:01,240 - INFO - psim - pid for 15 is 22069
2015-02-17 23:47:01,240 - INFO - merge_sort - 11 scattering to all [0, 14, 5, 6, 3, 9, 2, 2, 7, 9, 2, 9, 6, 16, 1, 16]
2015-02-17 23:47:01,240 - INFO - merge_sort - 15 scattering to all [0, 14, 5, 6, 3, 9, 2, 2, 7, 9, 2, 9, 6, 16, 1, 16]
2015-02-17 23:47:01,234 - INFO - merge_sort - 0 scattering to all [0, 14, 5, 6, 3, 9, 2, 2, 7, 9, 2, 9, 6, 16, 1, 16]
2015-02-17 23:47:01,260 - INFO - merge_sort - ****RUN_PARALLEL()****
2015-02-17 23:47:01,260 - INFO - merge_sort - # processes       : 16
2015-02-17 23:47:01,260 - INFO - merge_sort - input data       : [0, 14, 5, 6, 3, 9, 2, 2, 7, 9, 2, 9, 6, 16, 1, 16]
2015-02-17 23:47:01,260 - INFO - merge_sort - result           : [0, 1, 2, 2, 2, 3, 5, 6, 6, 7, 9, 9, 9, 14, 16, 16]
2015-02-17 23:47:01,578 - INFO - merge_sort - log_payload: {'log_owner': '1', 'simulation': 43}
2015-02-17 23:47:01,578 - INFO - merge_sort - plot_payload: {'plot_owner': '1', 'simulation': 43}
2015-02-17 23:47:01,578 - INFO - merge_sort - main: END
