2015-02-20 16:53:55,610 - INFO - log - ****floating_point_add****
2015-02-20 16:53:55,610 - INFO - log - ****SYSTEM INFORMATION****
2015-02-20 16:53:55,610 - INFO - log - Python version    : 2.7.3
2015-02-20 16:53:55,610 - INFO - log - compiler          : GCC 4.7.2
2015-02-20 16:53:55,611 - INFO - log - system            : Linux
2015-02-20 16:53:55,611 - INFO - log - release           : 3.2.0-4-686-pae
2015-02-20 16:53:55,611 - INFO - log - machine           : i686
2015-02-20 16:53:55,611 - INFO - log - cpu's             : 2
2015-02-20 16:53:55,611 - INFO - log - interpreter       : 32bit
2015-02-20 16:53:55,611 - INFO - log - node              : crunchbang
2015-02-20 16:53:55,611 - INFO - log - platform          : Linux-3.2.0-4-686-pae-i686-with-debian-7.8
2015-02-20 16:53:55,611 - INFO - log - main: START
2015-02-20 16:53:55,614 - INFO - log - ****Run serial****
2015-02-20 16:53:55,614 - INFO - log - input data       : 416620
2015-02-20 16:53:55,805 - INFO - log - head of a         : [0.584718063705319, 0.06703942988430167, 0.015592576776316536, 0.5313511345966647, 0.50222458813399]
2015-02-20 16:53:55,805 - INFO - log - head of b         : [0.9982244504888564, 0.22646561612153382, 0.25174263637987726, 0.7458651445853816, 0.47190007487571506]
2015-02-20 16:53:55,805 - INFO - log - data size         : 416620
2015-02-20 16:53:55,805 - INFO - log - result            : 104039.334388
2015-02-20 16:53:55,814 - INFO - log - PSim: initialized PSim
2015-02-20 16:53:55,814 - INFO - log - START: creating 2 parallel processes
2015-02-20 16:53:55,816 - INFO - log - pid for 0 is 23297
2015-02-20 16:53:55,817 - INFO - log - pid for 0 is 23297
2015-02-20 16:53:55,817 - INFO - log - START: done.
2015-02-20 16:53:55,817 - INFO - log - ****Run parallel (2)****
2015-02-20 16:53:55,817 - INFO - log - input data       : 416620
2015-02-20 16:53:55,817 - INFO - log - pid for 1 is 23307
2015-02-20 16:53:55,817 - INFO - log - pid for 1 is 23307
2015-02-20 16:53:55,948 - INFO - log - head of a         : [0.18889818009609316, 0.6081700245297107, 0.9477901124695542, 0.2999968966244302, 0.3273493457413025]
2015-02-20 16:53:55,949 - INFO - log - head of b         : [0.5358461146029272, 0.4785524193601878, 0.32435564151089025, 0.7307826769278224, 0.3123089657128688]
2015-02-20 16:53:55,949 - INFO - log - data size         : 416620
2015-02-20 16:53:55,949 - INFO - log - # processes       : 2.000000
2015-02-20 16:53:57,842 - INFO - log - result            : 104051.667128
2015-02-20 16:53:57,852 - INFO - log - PSim: initialized PSim
2015-02-20 16:53:57,852 - INFO - log - START: creating 3 parallel processes
2015-02-20 16:53:57,854 - INFO - log - pid for 1 is 23308
2015-02-20 16:53:57,854 - INFO - log - pid for 1 is 23308
2015-02-20 16:53:57,854 - INFO - log - pid for 0 is 23297
2015-02-20 16:53:57,855 - INFO - log - pid for 0 is 23297
2015-02-20 16:53:57,855 - INFO - log - START: done.
2015-02-20 16:53:57,855 - INFO - log - ****Run parallel (3)****
2015-02-20 16:53:57,855 - INFO - log - input data       : 416620
2015-02-20 16:53:57,855 - INFO - log - pid for 2 is 23309
2015-02-20 16:53:57,855 - INFO - log - pid for 2 is 23309
2015-02-20 16:53:57,986 - INFO - log - head of a         : [0.45762443928793195, 0.7704850176786853, 0.7630363666079388, 0.18198260310356218, 0.8772786317928801]
2015-02-20 16:53:57,987 - INFO - log - head of b         : [0.8339202111682423, 0.41211068845614607, 0.35924970677128953, 0.4946161891259093, 0.8042672803371639]
2015-02-20 16:53:57,987 - INFO - log - data size         : 416620
2015-02-20 16:53:57,987 - INFO - log - # processes       : 3.000000
2015-02-20 16:54:00,585 - INFO - log - result            : 104212.711287
2015-02-20 16:54:00,594 - INFO - log - PSim: initialized PSim
2015-02-20 16:54:00,594 - INFO - log - START: creating 4 parallel processes
2015-02-20 16:54:00,596 - INFO - log - pid for 1 is 23311
2015-02-20 16:54:00,598 - INFO - log - pid for 1 is 23311
2015-02-20 16:54:00,598 - INFO - log - pid for 0 is 23297
2015-02-20 16:54:00,598 - INFO - log - pid for 0 is 23297
2015-02-20 16:54:00,598 - INFO - log - START: done.
2015-02-20 16:54:00,599 - INFO - log - ****Run parallel (4)****
2015-02-20 16:54:00,599 - INFO - log - input data       : 416620
2015-02-20 16:54:00,599 - INFO - log - pid for 3 is 23313
2015-02-20 16:54:00,599 - INFO - log - pid for 3 is 23313
2015-02-20 16:54:00,600 - INFO - log - pid for 2 is 23312
2015-02-20 16:54:00,600 - INFO - log - pid for 2 is 23312
2015-02-20 16:54:00,728 - INFO - log - head of a         : [0.33367482110953606, 0.05020946307809182, 0.5133274781841269, 0.4247476743206785, 0.1486559408021353]
2015-02-20 16:54:00,729 - INFO - log - head of b         : [0.36266141294579113, 0.6985181061161888, 0.9324006343087066, 0.9121082586870459, 0.8576992417823754]
2015-02-20 16:54:00,729 - INFO - log - data size         : 416620
2015-02-20 16:54:00,729 - INFO - log - # processes       : 4.000000
2015-02-20 16:54:03,559 - INFO - log - result            : 103944.754188
2015-02-20 16:54:03,569 - INFO - log - PSim: initialized PSim
2015-02-20 16:54:03,569 - INFO - log - START: creating 6 parallel processes
2015-02-20 16:54:03,571 - INFO - log - pid for 1 is 23315
2015-02-20 16:54:03,571 - INFO - log - pid for 1 is 23315
2015-02-20 16:54:03,572 - INFO - log - pid for 3 is 23317
2015-02-20 16:54:03,573 - INFO - log - pid for 3 is 23317
2015-02-20 16:54:03,573 - INFO - log - pid for 0 is 23297
2015-02-20 16:54:03,574 - INFO - log - pid for 0 is 23297
2015-02-20 16:54:03,574 - INFO - log - START: done.
2015-02-20 16:54:03,574 - INFO - log - pid for 4 is 23318
2015-02-20 16:54:03,574 - INFO - log - ****Run parallel (6)****
2015-02-20 16:54:03,574 - INFO - log - pid for 4 is 23318
2015-02-20 16:54:03,574 - INFO - log - input data       : 416620
2015-02-20 16:54:03,575 - INFO - log - pid for 5 is 23319
2015-02-20 16:54:03,575 - INFO - log - pid for 5 is 23319
2015-02-20 16:54:03,576 - INFO - log - pid for 2 is 23316
2015-02-20 16:54:03,576 - INFO - log - pid for 2 is 23316
2015-02-20 16:54:03,706 - INFO - log - head of a         : [0.4896386704469683, 0.2367518583608884, 0.0340746084079675, 0.8429327437862939, 0.8566139427989817]
2015-02-20 16:54:03,706 - INFO - log - head of b         : [0.14892711740658338, 0.8313219343878664, 0.70353155211502, 0.4504355883865251, 0.33938262098183625]
2015-02-20 16:54:03,706 - INFO - log - data size         : 416620
2015-02-20 16:54:03,707 - INFO - log - # processes       : 6.000000
2015-02-20 16:54:07,018 - INFO - log - result            : 104160.137767
2015-02-20 16:54:07,399 - INFO - log - log_payload: {'log_owner': '2', 'simulation': 4}
2015-02-20 16:54:07,400 - INFO - log - plot_payload: {'plot_owner': '2', 'simulation': 4}
2015-02-20 16:54:07,400 - INFO - log - main: END
