2015-02-20 13:32:06,786 - INFO - log - ****SYSTEM INFORMATION****
2015-02-20 13:32:06,786 - INFO - log - Python version    : 2.7.3
2015-02-20 13:32:06,786 - INFO - log - compiler          : GCC 4.7.2
2015-02-20 13:32:06,786 - INFO - log - system            : Linux
2015-02-20 13:32:06,786 - INFO - log - release           : 3.2.0-4-686-pae
2015-02-20 13:32:06,786 - INFO - log - machine           : i686
2015-02-20 13:32:06,786 - INFO - log - cpu's             : 2
2015-02-20 13:32:06,786 - INFO - log - interpreter       : 32bit
2015-02-20 13:32:06,786 - INFO - log - node              : crunchbang
2015-02-20 13:32:06,786 - INFO - log - platform          : Linux-3.2.0-4-686-pae-i686-with-debian-7.8
2015-02-20 13:32:06,787 - INFO - log - main: START
2015-02-20 13:32:06,789 - INFO - log - ****Run serial****
2015-02-20 13:32:06,789 - INFO - log - input data       : 23
2015-02-20 13:32:06,789 - INFO - log - A: [0.7875889000845729, 0.21967326106675655, 0.009487937262779522, 0.16713335234570748, 0.3658755557446285, 0.8789312719188478, 0.20096030015916622, 0.40483622915588846, 0.6747853366892219, 0.21345553807057216, 0.8755067003040574, 0.8042252349480091, 0.5231352754197406, 0.9320660584574488, 0.3917122829956978, 0.5717453399651145, 0.24451547282825548, 0.23094129187735613, 0.5801110494306011, 0.3225395347077903, 0.5391319066317168, 0.5697424437462331, 0.7917496448606608]
2015-02-20 13:32:06,789 - INFO - log - B is: [0.0, 0.20285510254744185, 0.19713354234491384, 0.5324841079734874, 0.29286972379310716, 0.6513355463785779, 0.4473246142654039, 0.3185976794544401, 0.7845978143378495, 0.5182921823505005, 0.7087727837031088, 0.8775974425439388, 0.466875575048929, 0.7613574950524914, 0.32756567375318646, 0.4107951117624451, 0.4217650569706381, 0.286192209133783, 0.5690732738723688, 0.4555927850682215, 1.0]
2015-02-20 13:32:06,869 - INFO - log - B is: [0.0, 0.15852252003699915, 0.22628388998952165, 0.40110518818800267, 0.4078260013468116, 0.5425535358553096, 0.5526104987620902, 0.6218438677490686, 0.641191766328591, 0.6793867500522168, 0.6562636821652026, 0.7109300671777204, 0.6221217803271805, 0.6976876598859063, 0.6046786302877915, 0.6764028477705465, 0.6663254353142629, 0.7336024770465625, 0.8176200567767767, 0.901470971991656, 1.0]
2015-02-20 13:32:06,933 - INFO - log - B is: [0.0, 0.14880775274098731, 0.25335163223324897, 0.3900343263116554, 0.44385326313212864, 0.5603630210820868, 0.5793193367088812, 0.6711175050702929, 0.6644495272364094, 0.737144996777306, 0.709092999727274, 0.7740302035457788, 0.7346999144022552, 0.8005572529222375, 0.7700115249420989, 0.8388956644989821, 0.8353179149262798, 0.9022567339525028, 0.9248518916964458, 0.9750520580484111, 1.0]
2015-02-20 13:32:07,000 - INFO - log - B is: [0.0, 0.15099409576817605, 0.26714032865369436, 0.39940195764064185, 0.4684883088233175, 0.5826643386578417, 0.6138405885449716, 0.7107888540655926, 0.7140830560040716, 0.7968341947839865, 0.7827770016986564, 0.8560397054842864, 0.8358339202800937, 0.9033484437973055, 0.8873059201357317, 0.9485826056094769, 0.9420464204310953, 0.9898935855958456, 0.9890413141507278, 1.0089215358031576, 1.0]
2015-02-20 13:32:07,083 - INFO - log - B is: [0.0, 0.15550114805701046, 0.279546654298112, 0.4139780560036297, 0.4937345935842431, 0.6099659462664936, 0.6533529524298554, 0.7538139599620528, 0.7700786259660041, 0.8572767030350522, 0.8561545108866228, 0.9322683935090281, 0.9227407631243424, 0.9882646014930657, 0.9767676970290734, 1.0287889751536408, 1.017160481921483, 1.0481803162019265, 1.0322268224033315, 1.0303393304251969, 1.0]
2015-02-20 13:32:07,162 - INFO - log - B is: [0.0, 0.1610429992172734, 0.29266591114479373, 0.43113656391357486, 0.520487245156157, 0.6399991340008993, 0.6944107606211513, 0.7977494224982631, 0.8253931930558847, 0.9145530704826642, 0.9235858290685877, 0.999375063129266, 0.9967378511705259, 1.0580036644936668, 1.0480465263339025, 1.090852237546614, 1.074124349334896, 1.0913609730140272, 1.064012734942896, 1.0458465541208126, 1.0]
2015-02-20 13:32:07,242 - INFO - log - B is: [0.0, 0.16704870986778383, 0.30618587162915983, 0.44930431550031125, 0.547541256924543, 0.6705309072352469, 0.7346338353175597, 0.8402273930543557, 0.8773445362256614, 0.9670797624296795, 0.9839811721429687, 1.0578860817601645, 1.0599962853435494, 1.116156917308129, 1.106563905804251, 1.1407759484187054, 1.1194714881733767, 1.125230256547523, 1.0888378808656585, 1.0578528146548252, 1.0]
2015-02-20 13:32:07,322 - INFO - log - B is: [0.0, 0.17309871054973797, 0.31949266450680824, 0.46734087434482685, 0.5737400267285861, 0.7000577457369902, 0.7726339062572812, 0.879963929757895, 0.9249671500883608, 1.0144972268126329, 1.037598395813011, 1.1089305680806294, 1.114464078162977, 1.1653900950001652, 1.1556395945170506, 1.1820432292964405, 1.1567457342973757, 1.1527666092108535, 1.1089896238240753, 1.0675317858305882, 1.0]
2015-02-20 13:32:07,406 - INFO - log - B is: [0.0, 0.1789194953765643, 0.3321345947024769, 0.48453379157958276, 0.598348405917429, 0.7277312493111151, 0.8077210210464358, 0.9164005038765298, 0.9680407020016012, 1.0569509212406083, 1.085050044251998, 1.1535806397899997, 1.1616818447280868, 1.2075769765134257, 1.1974321757245454, 1.216824737741473, 1.1880595629147306, 1.1757102125243117, 1.1257757411814937, 1.07554918197844, 1.0]
2015-02-20 13:32:07,490 - INFO - log - B is: [0.0, 0.18435832515940362, 0.3438588823137385, 0.5005030898069434, 0.6209973062036795, 0.7531543148900587, 0.8396442625986232, 0.9493942439538706, 1.0066868429557014, 1.0947814510047993, 1.1269986142065742, 1.1927409769565107, 1.2028370069499255, 1.2440522116236934, 1.2334150973155218, 1.2465511959547662, 1.2147681411991345, 1.1951610512680593, 1.1400090467586765, 1.0823178472739234, 1.0]
2015-02-20 13:32:07,583 - INFO - log - B is: [0.0, 0.18934544783275678, 0.3545593726910886, 0.5150894765693218, 0.6415639623714484, 0.776209006598314, 0.8684098746663025, 0.9790287405494015, 1.041183732265013, 1.128394714056653, 1.1640676721560312, 1.227159350861501, 1.2388529298198556, 1.275794517485602, 1.2646385571160441, 1.272211286576178, 1.2377926448546472, 1.2118552527597992, 1.1522285703000663, 1.0881100841767226, 1.0]
2015-02-20 13:32:07,667 - INFO - log - B is: [0.0, 0.19386251908395724, 0.36422221444588443, 0.5282673959239883, 0.6600735733483531, 0.7969382888229216, 0.8941647854683779, 1.0055037373268212, 1.0718739159777009, 1.1582052556980076, 1.196820195707128, 1.257457330820879, 1.2704627804813973, 1.3035456445497884, 1.2918815202758782, 1.2945179529889017, 1.257790308159872, 1.2263093030573875, 1.162811078956083, 1.0931145941514726, 1.0]
2015-02-20 13:32:07,750 - INFO - log - B is: [0.0, 0.19792076482932566, 0.3728863983136398, 0.5400866850655678, 0.6766326536009736, 0.8154711554328798, 0.917125499130285, 1.0290715216277955, 1.0991165726451706, 1.184610759347176, 1.2257573723435515, 1.2841579438861266, 1.298262230224205, 1.3278860353568125, 1.3157431440555227, 1.3140058138089035, 1.275250298526694, 1.2389011987838272, 1.1720320558934558, 1.0974679493616277, 1.0]
2015-02-20 13:32:07,846 - INFO - log - B is: [0.0, 0.20154710265768144, 0.3806182802711706, 0.5506360686679797, 0.69138736530468, 0.8319772982807795, 0.9375361225718674, 1.0500007550899737, 1.1232626156951453, 1.2079808370122043, 1.251323193766842, 1.3077066893763123, 1.3227453719752804, 1.3492830272608745, 1.3366992046527055, 1.3310901378938713, 1.2905504473855764, 1.2499183408375887, 1.1801010365514, 1.1012729550209912, 1.0]
2015-02-20 13:32:07,945 - INFO - log - B is: [0.0, 0.20477572965206836, 0.3874960846444738, 0.5600212621284901, 0.704498689194068, 0.8466405698134717, 0.9556444122335866, 1.0685564641625047, 1.1446422003504602, 1.228652850327051, 1.2739102984963468, 1.3284868733841784, 1.344329045976695, 1.3681219308846673, 1.3551377178131154, 1.3461034571434831, 1.303991994773604, 1.259586728850498, 1.1871829302707209, 1.1046097527091001, 1.0]
2015-02-20 13:32:08,042 - INFO - log - B is: [0.0, 0.20764320351099624, 0.39360087656629467, 0.568352293871518, 0.7161282358413007, 0.8596440053703479, 0.9716887203614296, 1.0849895332986264, 1.1635591356575266, 1.2469313242662357, 1.2938656961885477, 1.346830837003415, 1.3633695429026076, 1.3847264542291196, 1.3713819528399511, 1.3593188217569687, 1.3158214683198233, 1.2680892148019929, 1.1934112838113775, 1.1075427162481641, 1.0]
2015-02-20 13:32:08,137 - INFO - log - B is: [0.0, 0.21018567624004839, 0.3990115418513487, 0.5757364677421081, 0.7264305558527586, 0.8711618076799305, 0.9858914218574423, 1.0995317443297332, 1.1802891509486768, 1.2630891956561643, 1.3114960023694577, 1.3630283577481237, 1.3801743659872343, 1.3993724686186784, 1.3857056958884315, 1.3709649320739008, 1.3262448298837481, 1.2755771920310512, 1.198896756889907, 1.1101248383320068, 1.0]
2015-02-20 13:32:08,220 - INFO - log - B is: [0.0, 0.2124374247024847, 0.4038021828101216, 0.5822747055798312, 0.7355493287184297, 0.8813554523865229, 0.9984561255922602, 1.1123940042029237, 1.1950802734442778, 1.277369949762077, 1.3270721191823187, 1.3773331167252252, 1.3950107792941508, 1.4122975740605372, 1.3983436816953356, 1.3812362581754536, 1.3354368848215052, 1.2821782754374451, 1.203732688659995, 1.1124005916656332, 1.0]
2015-02-20 13:32:08,306 - INFO - log - B is: [0.0, 0.21443014817446104, 0.4080409391689748, 0.5880598785195138, 0.7436158169481112, 0.8903721859062017, 1.0095670431987076, 1.1237663576248984, 1.2081543081798822, 1.2899901223322843, 1.340833388399916, 1.3899678225417853, 1.4081122344026107, 1.4237079760154303, 1.4094989663970472, 1.3903000222682635, 1.343547740146451, 1.2880014969100462, 1.2079988653917038, 1.1144078483839623, 1.0]
2015-02-20 13:32:08,409 - INFO - log - B is: [0.0, 0.216192710277086, 0.4117896296080631, 0.5931762827167041, 0.7507486078166582, 0.8983448748067885, 1.0193895424751858, 1.1338189532214935, 1.2197088365083457, 1.3011418785177213, 1.352991266112739, 1.401128377576751, 1.4196833638213546, 1.4337836072991528, 1.4193483268018494, 1.3983011848440483, 1.3507073921433224, 1.293140936794364, 1.2117641569210724, 1.116179209336116, 1.0]
2015-02-20 13:32:08,503 - INFO - log - A evolved is: [0, 0.0, 0.21668844389237712, 0.4165986703955533, 0.5946156644707861, 0.7598972430510307, 0.9005888583326626, 1.0319843371080681, 1.1366501689429114, 1.234519021420214, 1.3042850376843966, 1.3685684133409686, 1.4042765126651588, 1.43450267369649, 1.4366278501527925, 1.4319578859354445, 1.4005612707908999, 1.3598707918784074, 1.2945933456806673, 1.2165823226718302, 1.1166799188731396, 1.0, 0]
2015-02-20 13:32:08,507 - INFO - log - PSim_mp: initialized PSim_mp
2015-02-20 13:32:08,507 - INFO - log - START: creating 2 parallel processes
2015-02-20 13:32:08,509 - INFO - log - pid for 0 is 18525
2015-02-20 13:32:08,510 - INFO - log - pid for 0 is 18525
2015-02-20 13:32:08,510 - INFO - log - pid for 1 is 18536
2015-02-20 13:32:08,510 - INFO - log - START: done.
2015-02-20 13:32:08,510 - INFO - log - pid for 1 is 18536
2015-02-20 13:32:08,510 - INFO - log - ****Run parallel (2)****
2015-02-20 13:32:08,510 - INFO - log - input data       : 23
2015-02-20 13:32:08,511 - INFO - log - A is: [0.7152183169411954, 0.14655611466700125, 0.9843049947589044, 0.21167813293698123, 0.18941004386154536, 0.726213770656323, 0.7458837142448919, 0.4707005455995382, 0.9713958635451116, 0.18227475555922923, 0.4185206115928748, 0.3652556217134054, 0.3638137084965234, 0.8574862267062898, 0.4767056929582555, 0.2917516068943623, 0.4040102206523496, 0.6692926782538785, 0.8605534591344359, 0.05982911347521924, 0.6393330660762825, 0.9616213708236481, 0.9796200808299513]
2015-02-20 13:32:08,512 - INFO - log - B is: [[0.0, 0.8592134516912597, 0.18856891964320108, 0.5963093151514347, 0.4783977476378619, 0.4770986748944284, 0.6079089539691404, 0.8680915847362115, 0.33593944642059353, 0.704410033410203, 0.28321698447752713, 0.4006189558859089], [0.6208227200510574, 0.42971149656859925, 0.5840707126415359, 0.44980975264651235, 0.4899739384153302, 0.6417336357346025, 0.3740126917057587, 0.7593950584465691, 0.5201770379906435, 0.8189283692943267, 1.0]]
2015-02-20 13:32:08,514 - INFO - log - B is: [[0.0, 0.19824314777770785, 0.24904101115119795, 0.5047188035914226, 0.41354251247612483, 0.6707223326049429, 0.49653279340802514, 0.7196167302693662, 0.5276019388190897, 0.694834237187312, 0.5486693393344991, 0.6441784058730321], [0.5760102815170584, 0.6183169945095194, 0.5982363340827206, 0.649164064682699, 0.6205615149281482, 0.7344737004670688, 0.6851729413495412, 0.8496385398948395, 0.8247559652684142, 0.9601779276060184, 1.0]]
2015-02-20 13:32:08,517 - INFO - log - B is: [[0.0, 0.17234337522024673, 0.2452057429785572, 0.45081543423906734, 0.4189294333012133, 0.6330518565657846, 0.5310928358876064, 0.7264544457625602, 0.5983149164060426, 0.7566901410000471, 0.6395346691594052, 0.7588580251397088], [0.6712691114025965, 0.7657932328216976, 0.7072438499383867, 0.7980973282659513, 0.7600069603069487, 0.8586271937523368, 0.836909863015251, 0.932233562451122, 0.9286144694883643, 0.989404792339507, 1.0]]
2015-02-20 13:32:08,519 - INFO - log - B is: [[0.0, 0.16467376916925147, 0.2533106984004961, 0.43506192257139287, 0.43995478236047525, 0.6266694941895101, 0.5708221820588378, 0.7474432370803938, 0.6593688875100389, 0.8149424816015379, 0.7206680492410994, 0.8523477817714453], [0.7695791854736728, 0.8817119359173992, 0.8185455174215163, 0.917238881655385, 0.874685643807154, 0.9608075255408484, 0.9358825210688918, 1.0007164016495136, 0.9871346823300373, 1.0134548141507935, 1.0]]
2015-02-20 13:32:08,522 - INFO - log - B is: [[0.0, 0.16382782369631813, 0.2655228892137514, 0.43598196537241757, 0.4661274059064697, 0.6379540634647972, 0.6133091220179411, 0.7784661619240941, 0.7196208177593785, 0.8711320981712843, 0.798081878067905, 0.9322360254502521], [0.8607105995084178, 0.9767110622899225, 0.9163277642451911, 1.0137811756802908, 0.9679408854172326, 1.0437060651731414, 1.010323541012735, 1.056540476292437, 1.0287668301318194, 1.033126487765238, 1.0]]
2015-02-20 13:32:08,524 - INFO - log - B is: [[0.0, 0.16633272018089976, 0.2793123522032181, 0.4452450220008405, 0.4944003621057554, 0.6583174055220972, 0.6568976809371337, 0.8145766155353642, 0.7785892389668556, 0.9253002362200307, 0.870751319244997, 1.0025620083531732], [0.9428679930107718, 1.056671704167738, 1.0008776657345397, 1.0933274424958273, 1.0453204756213337, 1.111391017188175, 1.069936382984544, 1.1019743705618992, 1.0613131535762472, 1.0491241715093735, 1.0]]
2015-02-20 13:32:08,526 - INFO - log - B is: [[0.0, 0.17052006051775923, 0.2936516595342779, 0.45865663575083826, 0.5231892144905013, 0.6830038031381637, 0.6999971617278109, 0.8525081728606331, 0.8350059917122372, 0.9768453022026845, 0.9379843949050813, 1.0653507224643], [1.0164495670258669, 1.1252967005420262, 1.0743473839599524, 1.1600031635337558, 1.1108054369879723, 1.1673656091918925, 1.1193480228258255, 1.139282242296651, 1.0879327117639386, 1.0622212571548617, 1.0]]
2015-02-20 13:32:08,529 - INFO - log - B is: [[0.0, 0.17548948646228296, 0.30792132901628, 0.47391077601274467, 0.5514562688503751, 0.7092949279945143, 0.7414835906771463, 0.8902575879800667, 0.8880456770742441, 1.0252600002772696, 0.9996417564448233, 1.1217624082731532], [1.0823184858761545, 1.185010873485784, 1.1386886978048978, 1.2167652784052303, 1.1671028779195767, 1.2143473022566649, 1.1612352155946355, 1.170335321794094, 1.1103016223329292, 1.073080577829983, 1.0]]
2015-02-20 13:32:08,531 - INFO - log - B is: [[0.0, 0.18073049854736903, 0.3217175753205831, 0.4896898318565855, 0.5785345503788009, 0.7356154143098496, 0.7806760587805651, 0.9266456650758966, 0.9373138408256766, 1.0702612670452352, 1.0558889546373083, 1.1725830812099265], [1.1413532386421485, 1.237485529925315, 1.1954352235962349, 1.2657276089518097, 1.2160915198017699, 1.2543508540563768, 1.197317645632777, 1.1965619096241953, 1.1294502218091569, 1.0822163286754785, 1.0]]
2015-02-20 13:32:08,533 - INFO - log - B is: [[0.0, 0.18594894462097444, 0.33479325734742704, 0.505234726851868, 0.6040335232557429, 0.7610623054423453, 0.817221416046327, 0.9610186863586067, 0.9827025797413905, 1.1117616258978915, 1.1070330294389834, 1.218420793402873], [1.1943412189960443, 1.2839283892814286, 1.245770381283288, 1.308416461758058, 1.2591155924063098, 1.2888467228020952, 1.22877075134693, 1.2190159296318372, 1.14606487860102, 1.0900104057997175, 1.0]]
2015-02-20 13:32:08,535 - INFO - log - B is: [[0.0, 0.19097739072094103, 0.3470147838045899, 0.5201171070271071, 0.6277586850100206, 0.7851401610630203, 0.8509878216118613, 0.9930550638079487, 1.0242780516803363, 1.1498124187617453, 1.1534378334153959, 1.2597850805658475], [1.2419655257021536, 1.3252478266621717, 1.2906172008300576, 1.345952363715382, 1.297166602667007, 1.3189089285751023, 1.2564334551097576, 1.2384674945416594, 1.1606267105760508, 1.096742179716174, 1.0]]
2015-02-20 13:32:08,538 - INFO - log - B is: [[0.0, 0.19572499106975486, 0.3583264936735292, 0.5341096469428904, 0.6496469491422313, 0.8076040369023346, 0.8819849891033632, 1.022640701034877, 1.0622067001156477, 1.1845534020273245, 1.195481664475789, 1.2971206515412554], [1.284815863082321, 1.362150465411611, 1.3307093122354166, 1.3791750028124743, 1.3309973130213313, 1.345330431309353, 1.2809257142797383, 1.2554817674156482, 1.1734861119445494, 1.1026162388679774, 1.0]]
2015-02-20 13:32:08,540 - INFO - log - B is: [[0.0, 0.20014786237671517, 0.3687235121185662, 0.5471084832585957, 0.6697190250692392, 0.8283630821904154, 0.9103087336368125, 1.0497885666695246, 1.0967085759879815, 1.216175280948225, 1.2335359602372589, 1.3308230436223567], [1.3234035276887757, 1.3952019118816106, 1.3666419545253472, 1.4087281261703537, 1.361194964639162, 1.3687067723460504, 1.3027198860754232, 1.2704789645296388, 1.184906660762286, 1.1077840703486632, 1.0]]
2015-02-20 13:32:08,542 - INFO - log - B is: [[0.0, 0.20423092766918954, 0.37823242229628523, 0.5590853216588284, 0.6880462621078705, 0.8474200699481919, 0.9361038487994123, 1.0745868361584188, 1.1280281447852272, 1.2448939638133607, 1.2679546346923216, 1.3612470311588114], [1.3581749351801269, 1.4248660102641781, 1.398907732312962, 1.4351170639865531, 1.3882293503121355, 1.3894946553188126, 1.3221859955804796, 1.283777378019548, 1.1950924612220257, 1.112359799809637, 1.0]]
2015-02-20 13:32:08,545 - INFO - log - B is: [[0.0, 0.20797654275275598, 0.3868980981769883, 0.5700573116476787, 0.7047283998720348, 0.8648330478792955, 0.9595398815770364, 1.0971655920076393, 1.1564162566159981, 1.2709337071285638, 1.2990690166812047, 1.3887119962900074], [1.389522590053579, 1.451530984904984, 1.4279216003275819, 1.4587477759657401, 1.4124849494475769, 1.408052325551536, 1.3396213033604647, 1.2956233647617592, 1.2042057845863525, 1.1164312282968993, 1.0]]
2015-02-20 13:32:08,546 - INFO - log - B is: [[0.0, 0.21139729215415232, 0.3947750063295222, 0.5800679345896982, 0.7198790402389378, 0.8806909467124951, 0.9807956818419425, 1.1176756171413604, 1.1821192561251566, 1.2945165253349415, 1.3271858571935176, 1.4135059163109895], [1.4177937008514785, 1.475527287122478, 1.45403843097189, 1.4799534908709393, 1.4342827532431757, 1.4246672433306682, 1.3552700373643287, 1.3062119876572889, 1.2123787352660926, 1.120067447756751, 1.0]]
2015-02-20 13:32:08,549 - INFO - log - B is: [[0.0, 0.21451141336087984, 0.40192160502106244, 0.5891748696232829, 0.7336163964616921, 0.8950981264014726, 1.0000498051376094, 1.1362750735283667, 1.2053726630479742, 1.3158558442265456, 1.3525870603597743, 1.435888629312711], [1.4432969275323824, 1.4971400552467915, 1.4775655166943296, 1.4990130275242988, 1.4538953195395952, 1.4395750620860295, 1.369336797669238, 1.31570117119099, 1.2197211156515615, 1.1233240656991403, 1.0]]
2015-02-20 13:32:08,551 - INFO - log - B is: [[0.0, 0.2173399028891512, 0.40839683307722324, 0.5974423373544063, 0.746057571348954, 0.9081646904741217, 1.0174747668905755, 1.1531213142840009, 1.226397769174146, 1.3351529568806202, 1.3755303844032933, 1.456094652720365], [1.4663077227504704, 1.5166180079834775, 1.4987716147231376, 1.5161635329967205, 1.471557330273239, 1.4529727136119266, 1.381995817238829, 1.3242214311847558, 1.2263258199441012, 1.1262467925421615, 1.0]]
2015-02-20 13:32:08,554 - INFO - log - B is: [[0.0, 0.21990470701530232, 0.41425798391496, 0.6049363350092735, 0.7573151595576088, 0.9200005332538442, 1.033233801018424, 1.1683660251871693, 1.2454000804499006, 1.3525952926769131, 1.396250672146033, 1.4743356774993785], [1.4870726311808358, 1.5341799386864317, 1.5178936213087464, 1.5316094631753703, 1.487473131918059, 1.4650275143377387, 1.3933974725926122, 1.331882607855518, 1.2322725972544437, 1.1288739185976897, 1.0]]
2015-02-20 13:32:08,556 - INFO - log - B is: [[0.0, 0.22222761394818522, 0.41955948508787366, 0.6117217415802294, 0.7674953604949569, 0.9307118001636384, 1.0474792265769028, 1.1821525119757759, 1.26256890880538, 1.368355834772048, 1.4149613468703517, 1.4908028003217992], [1.5058128148884289, 1.5500195724380774, 1.5351416077203637, 1.545529022234893, 1.5018222324820272, 1.475883584627083, 1.4036729494030926, 1.3387785748647822, 1.2376307257515948, 1.1312380408696574, 1.0]]
2015-02-20 13:32:08,558 - INFO - log - PSim_mp: initialized PSim_mp
2015-02-20 13:32:08,558 - INFO - log - START: creating 4 parallel processes
2015-02-20 13:32:08,560 - INFO - log - pid for 2 is 18538
2015-02-20 13:32:08,560 - INFO - log - pid for 2 is 18538
2015-02-20 13:32:08,562 - INFO - log - pid for 3 is 18539
2015-02-20 13:32:08,562 - INFO - log - pid for 3 is 18539
2015-02-20 13:32:08,561 - INFO - log - pid for 0 is 18525
2015-02-20 13:32:08,566 - INFO - log - pid for 0 is 18525
2015-02-20 13:32:08,566 - INFO - log - START: done.
2015-02-20 13:32:08,567 - INFO - log - ****Run parallel (4)****
2015-02-20 13:32:08,567 - INFO - log - pid for 1 is 18537
2015-02-20 13:32:08,567 - INFO - log - input data       : 23
2015-02-20 13:32:08,567 - INFO - log - pid for 1 is 18537
2015-02-20 13:32:08,567 - INFO - log - A is: [0.039240691233461744, 0.2093107349116492, 0.5186041562725566, 0.3546442772713614, 0.9345022128855772, 0.12576679548860537, 0.787630582428813, 0.9457476565678367, 0.4985903884696673, 0.6063745580701925, 0.23681503139850835, 0.1486806516887218, 0.7935251261063078, 0.4815353535252125, 0.8987178719210186, 0.6904563610508703, 0.920509075821558, 0.3946672388461604, 0.45514363949640246, 0.18364302888976825, 0.3037182975581464, 0.3804828059778219, 0.9512854119505767]
2015-02-20 13:32:08,570 - INFO - log - B is: [[0.0, 0.288374219594219, 0.2914293019327151, 0.7360049804202767, 0.2496573322211932, 0.8705181934984049], [0.5452090218694309, 0.65256228129045, 0.7855129031602244, 0.37715450577529763, 0.38697940072066694, 0.5246218745936179], [0.32455979844817695, 0.855573294854873, 0.5954476531292512, 0.9190652697124981, 0.5520135957897251, 0.6972781535001901], [0.29860692970917413, 0.38888276436848424, 0.2915147132750049, 0.6369536505955714, 1.0]]
2015-02-20 13:32:08,576 - INFO - log - B is: [[0.0, 0.20580076845232717, 0.23874902162470354, 0.5218250347188239, 0.41762392654082464, 0.6801468224663348], [0.536975572504956, 0.7147511985652661, 0.5905883082337328, 0.7134621739720916, 0.5923499370345583, 0.7413909052707851], [0.5762335814290407, 0.7895673558286068, 0.5654207340376917, 0.8125230651780814, 0.5723791750440208, 0.8105774430270306], [0.632936036481926, 0.8437333593374593, 0.7874910270857546, 0.9441207951652345, 1.0]]
2015-02-20 13:32:08,582 - INFO - log - B is: [[0.0, 0.17493945718335394, 0.2520143620557031, 0.45814815681151844, 0.4357609502820521, 0.6465456364233858], [0.5584512308884085, 0.7538436193647461, 0.629165922316354, 0.8101199961574964, 0.6615558675199876, 0.8441544022470278], [0.6744346795067478, 0.8719700516081674, 0.6898957562694918, 0.8999631877127744, 0.7293554440779485, 0.9329710688591522], [0.8053784313972497, 0.9719698656405907, 0.9088526615433614, 1.0009848173863116, 1.0]]
2015-02-20 13:32:08,585 - INFO - log - B is: [[0.0, 0.16790208959199762, 0.2613831430117008, 0.4458754700824303, 0.4552105792697486, 0.6483623354966146], [0.5905688850313843, 0.7845780188417085, 0.6786312769005409, 0.8708108770788373, 0.7333684093877907, 0.9255511541964221], [0.7711345887655864, 0.9643883156483231, 0.8083152385950542, 0.9969661839065739, 0.8566930077822904, 1.0252695847219326], [0.9173417697599003, 1.041676147529972, 0.9755208630986605, 1.0273655678606113, 1.0]]
2015-02-20 13:32:08,588 - INFO - log - B is: [[0.0, 0.1683312495997832, 0.2720961417954215, 0.4502547665094376, 0.47788447995110767, 0.6638846212654156], [0.6275390461622843, 0.8179312058281639, 0.7326888913040402, 0.9244164028829643, 0.8063579947391871, 0.9966666360521445], [0.8618451787632393, 1.046297718951099, 0.9103100164183969, 1.0802293803920449, 0.9573310174754893, 1.0983633914376913], [0.9994104773024498, 1.0923011552405482, 1.0219374200316642, 1.0455415557265952, 1.0]]
2015-02-20 13:32:08,592 - INFO - log - B is: [[0.0, 0.17155122966817823, 0.28422618930864413, 0.46121564351069266, 0.5030427203686795, 0.685704471158605], [0.6671358892465846, 0.8536572870477638, 0.7878351708210853, 0.9750688963830489, 0.876664401667267, 1.0600744240480215], [0.9440987202700167, 1.116968438475134, 0.9975758189174545, 1.1500425598359947, 1.0391525129543067, 1.1578543591179031], [1.0635296242768002, 1.1324310192268146, 1.0572952022928794, 1.0597253347076276, 1.0]]
2015-02-20 13:32:08,596 - INFO - log - B is: [[0.0, 0.17597300692126164, 0.2972336918374091, 0.47504199526476715, 0.5294652157756411, 0.7102367986382887], [0.7074133876344695, 0.8899716893384634, 0.8417501865209086, 1.02290118264162, 0.9424911909967165, 1.1170164616939005], [1.0178669812718244, 1.178270167718379, 1.0728065397514885, 1.2090915237427988, 1.1073755267069132, 1.2072282308080522], [1.115661534640527, 1.1652965432457238, 1.08559577665213, 1.0712606223992622, 1.0]]
2015-02-20 13:32:08,599 - INFO - log - B is: [[0.0, 0.18088360023924988, 0.3105261954933676, 0.48995514870396495, 0.5560310357985464, 0.7354856996389488], [0.746929526692709, 0.9254984297379677, 0.8931012116602983, 1.067611597457568, 1.0032349096885713, 1.1683053244587056], [1.0838698172435943, 1.2319292975513043, 1.1382674301512636, 1.2596873453028696, 1.1653766085250468, 1.2488928910262562], [1.1592197066188012, 1.1927562804388527, 1.1089899501426257, 1.0808512385702433, 1.0]]
2015-02-20 13:32:08,602 - INFO - log - B is: [[0.0, 0.18590236470607002, 0.3236293509736369, 0.5049795187160789, 0.581912036013318, 0.7602996161857943], [0.7847500325095635, 0.9593926467083137, 0.9412041866612934, 1.1090212365711993, 1.0588466118285442, 1.2145616189887882], [1.142960805372954, 1.2792642610580158, 1.195704013132219, 1.3035532356733108, 1.2154224197337717, 1.2845607828102013], [1.1963364693369891, 1.216070163005846, 1.1287714926554724, 1.0889607176022666, 1.0]]
2015-02-20 13:32:08,605 - INFO - log - B is: [[0.0, 0.19081375707933662, 0.3362191713918593, 0.5195608274976049, 0.6065731087502656, 0.784025461329732], [0.8203357539230492, 0.9911963592570517, 0.9857726553356688, 1.147107101293831, 1.1095247554720398, 1.2563022027748454], [1.1959401304666974, 1.3212700097557302, 1.246445488092347, 1.341952584272877, 1.2590932159864694, 1.315464283532007], [1.228427768218807, 1.2361321669680894, 1.145777547272418, 1.095915323621042, 1.0]]
2015-02-20 13:32:08,612 - INFO - log - B is: [[0.0, 0.19549703633842394, 0.3481001636140139, 0.5333923143653139, 0.6297098110720883, 0.8063161545165765], [0.8534241885696662, 1.0207042643788966, 1.0267586233440755, 1.1819578439950977, 1.1555735287205275, 1.2939768638685405], [1.2435107834245873, 1.3587133171615127, 1.2915139217408889, 1.3758225694729067, 1.2975285712158, 1.3425017020913939], [1.2564782431089954, 1.2535879505457888, 1.1605790584106601, 1.1019497043696516, 1.0]]
2015-02-20 13:32:08,616 - INFO - log - B is: [[0.0, 0.1998890691125045, 0.35917146795519134, 0.5463187456169757, 0.6511807236112463, 0.8270143179111905], [0.8839353903343626, 1.0478694995093625, 1.0642541384112616, 1.2137306485484665, 1.1973360914441835, 1.3279851327647891], [1.2862798174463372, 1.3922007022944924, 1.3317093054075284, 1.40587261126221, 1.3315758537617965, 1.3663390030602833], [1.2811987691105469, 1.268911192348072, 1.1735817764631198, 1.1072352364156823, 1.0]]
2015-02-20 13:32:08,619 - INFO - log - B is: [[0.0, 0.20396226558047315, 0.3693966068812925, 0.5582784098329978, 0.6709524326679875, 0.8460794152136212], [0.9119043946156674, 1.0727413464872828, 1.098430190104881, 1.2426199202766615, 1.2351620203183142, 1.3586851591496305], [1.324771356888489, 1.4222238842043884, 1.367670862548898, 1.4326522723906576, 1.3618833737318075, 1.3874801028452508], [1.303119542095336, 1.28245593055942, 1.1850842143903793, 1.1118993261408037, 1.0]]
2015-02-20 13:32:08,622 - INFO - log - B is: [[0.0, 0.20771084413998953, 0.37878053061786854, 0.5692667380548918, 0.6890594574369953, 0.8635414026564963], [0.9374350257098619, 1.0954248122257089, 1.1294986109702088, 1.2688363924758195, 1.2693910461471756, 1.386399283236684], [1.3594405709393225, 1.4491902460978916, 1.3999200915001988, 1.456597433239145, 1.388960534680598, 1.4063150118642154], [1.3226478062226261, 1.2944925137994694, 1.1953128534363808, 1.1160386791626966, 1.0]]
2015-02-20 13:32:08,625 - INFO - log - B is: [[0.0, 0.2111421161833588, 0.38735345681990924, 0.5793131587340542, 0.705576652109768, 0.8794711064818611], [0.9606692585100713, 1.1160546841906083, 1.1576883829341913, 1.2925937915642343, 1.3003449913832223, 1.4114181182042715], [1.390685625733455, 1.4734435696952357, 1.4288907669231106, 1.478061701765517, 1.4132175335328232, 1.4231526693500183], [1.3401049085520105, 1.3052321763440993, 1.204444414842276, 1.119728381805052, 1.0]]
2015-02-20 13:32:08,628 - INFO - log - B is: [[0.0, 0.2142709247960378, 0.3951599641063054, 0.5884663264348725, 0.7206008415473225, 0.8939613323417555], [0.9817673629964639, 1.1347790767981543, 1.1832310842001468, 1.314100661697896, 1.3283240610715108, 1.434003868302631], [1.4188572148079353, 1.4952784094460279, 1.4549499028050186, 1.497337905583841, 1.4349920235273739, 1.438243351864324], [1.3557506867713545, 1.314843805393898, 1.212620364134714, 1.1230280982085652, 1.0]]
2015-02-20 13:32:08,631 - INFO - log - B is: [[0.0, 0.21711610381641253, 0.4022518418935743, 0.5967847325659629, 0.7342389164480196, 0.9071149173967598], [1.000895328533704, 1.1517491772619002, 1.2063521768081549, 1.333555611468671, 1.3536055403253495, 1.4543931818192204], [1.4442660128392981, 1.5149502552526402, 1.4784125289337198, 1.51467293516264, 1.454567302849537, 1.4517940366998976], [1.3697998367552646, 1.323465405595821, 1.2199565648685335, 1.1259863036123732, 1.0]]
2015-02-20 13:32:08,634 - INFO - log - B is: [[0.0, 0.21969824280807645, 0.40868351972653627, 0.604330799819687, 0.7466003100456539, 0.9190372876773493], [1.018217121440338, 1.1671130257868052, 1.227266030555058, 1.3511447869063529, 1.3764438491384576, 1.4727996713459468], [1.4671885213338702, 1.532682870468783, 1.4995522489211466, 1.5302781221287012, 1.4721849176204096, 1.463979020834818], [1.3824330864891714, 1.3312119840737184, 1.2265498207072814, 1.1286431903006886, 1.0]]
2015-02-20 13:32:08,637 - INFO - log - B is: [[0.0, 0.22203829889046592, 0.4145092265612822, 0.6111672362127839, 0.7577923900863807, 0.9298319375075538], [1.0338901113596024, 1.1810119072113592, 1.2461733268225947, 1.367040766956537, 1.397071358266378, 1.4894161675262672], [1.487871714206818, 1.548673711496172, 1.518608917228174, 1.5443366078177287, 1.4880535433065252, 1.4749473449905628], [1.3938049530504373, 1.3381810244821655, 1.2324823838662764, 1.1310326792502232, 1.0]]
2015-02-20 13:32:08,641 - INFO - log - B is: [[0.0, 0.2241567574203446, 0.4197812917174826, 0.6173548525618443, 0.7679177630850257, 0.9395977973917683], [1.0480625510466735, 1.1935784197664845, 1.2632599630598376, 1.3814023484535918, 1.4156996141860265, 1.5044167453190174], [1.506536795437498, 1.5630980273691237, 1.535794337622456, 1.5570086714035727, 1.5023553627247632, 1.4848280608538633], [1.4040492242038858, 1.3444563357968489, 1.2378251162768579, 1.1331838292002858, 1.0]]
2015-02-20 13:32:08,645 - INFO - log - PSim_mp: initialized PSim_mp
2015-02-20 13:32:08,646 - INFO - log - START: creating 8 parallel processes
2015-02-20 13:32:08,647 - INFO - log - pid for 1 is 18540
2015-02-20 13:32:08,648 - INFO - log - pid for 1 is 18540
2015-02-20 13:32:08,649 - INFO - log - pid for 3 is 18542
2015-02-20 13:32:08,649 - INFO - log - pid for 3 is 18542
2015-02-20 13:32:08,650 - INFO - log - pid for 5 is 18544
2015-02-20 13:32:08,650 - INFO - log - pid for 5 is 18544
2015-02-20 13:32:08,650 - INFO - log - pid for 0 is 18525
2015-02-20 13:32:08,651 - INFO - log - pid for 0 is 18525
2015-02-20 13:32:08,651 - INFO - log - START: done.
2015-02-20 13:32:08,651 - INFO - log - ****Run parallel (8)****
2015-02-20 13:32:08,651 - INFO - log - input data       : 23
2015-02-20 13:32:08,651 - INFO - log - A is: [0.6722833699402145, 0.43347839049762815, 0.6490403484968194, 0.010218454054381154, 0.8064069529719508, 0.5390315938182291, 0.01811855662479167, 0.35837583771779646, 0.6091679614312412, 0.6484877971738144, 0.15144581334898166, 0.7668785480507101, 0.18167779526676886, 0.9288419548787552, 0.16808723795301128, 0.4851029322823073, 0.9033145612904866, 0.11349713127320138, 0.9676558781910405, 0.31481491417710983, 0.5594794825159125, 0.44501881647506225, 0.48508123986555607]
2015-02-20 13:32:08,652 - INFO - log - pid for 7 is 18546
2015-02-20 13:32:08,653 - INFO - log - pid for 4 is 18543
2015-02-20 13:32:08,651 - INFO - log - pid for 6 is 18545
2015-02-20 13:32:08,653 - INFO - log - pid for 4 is 18543
2015-02-20 13:32:08,653 - INFO - log - pid for 6 is 18545
2015-02-20 13:32:08,653 - INFO - log - pid for 7 is 18546
2015-02-20 13:32:08,655 - INFO - log - pid for 2 is 18541
2015-02-20 13:32:08,656 - INFO - log - pid for 2 is 18541
2015-02-20 13:32:08,658 - INFO - log - B is: [[0.0, 0.6701136550597268, 0.2313002181172145], [0.7371754465755949, 0.2840768197775149, 0.421714550639581], [0.4581555116092226, 0.32309505486922624, 0.5128836132870153], [0.38975868323132123, 0.7171349684534721, 0.1760136001490851], [0.8573120473059425, 0.1843343124510999, 0.716424239421741], [0.5451526954629587, 0.30875182761896414, 0.9449370155819733], [0.22360781856636544, 0.7730194761946864, 0.38936866116729585], [0.5317321570319441, 1.0]]
2015-02-20 13:32:08,663 - INFO - log - B is: [[0.0, 0.17719881672091606, 0.21922256598631365], [0.4261623134579139, 0.3861825382134322, 0.5099959880243297], [0.5232537577021338, 0.4836401857714302, 0.6401001337154876], [0.4360190762115361, 0.7205183578841258, 0.43329510869579396], [0.7335134929522119, 0.5038019558205495, 0.6758689913899364], [0.6307285745522956, 0.6067211297155167, 0.7677424708080608], [0.6218758557193599, 0.8841662775335529, 0.7726118485092069], [0.9726859482668041, 1.0]]
2015-02-20 13:32:08,669 - INFO - log - B is: [[0.0, 0.1422576128537096, 0.24648971712857268], [0.36072589203350497, 0.43546183399227856, 0.4876434940097781], [0.5797569504088128, 0.542602065072685, 0.6839068959232156], [0.5650126254137475, 0.7466551447406465, 0.5945457286067124], [0.7703414879242181, 0.6537632074124625, 0.7714692233759773], [0.7427906407087822, 0.7811353112258173, 0.8452160378300693], [0.8285311884787544, 0.9373234739937129, 0.9152484862264835], [0.9935466187368404, 1.0]]
2015-02-20 13:32:08,675 - INFO - log - B is: [[0.0, 0.13674258628785407, 0.266188342473006], [0.3543031326739722, 0.46976914243742146, 0.5026931253213222], [0.6214181562359876, 0.5968399203734674, 0.7290037093140511], [0.6594224166125914, 0.7997022621366029, 0.7137665424168126], [0.8434083844751202, 0.7757418172797942, 0.874251252142999], [0.8490199696423527, 0.9071113881528156, 0.9250748408095765], [0.9490708973943941, 0.9863477468028218, 0.9901630887597608], [1.0100543214394986, 1.0]]
2015-02-20 13:32:08,681 - INFO - log - B is: [[0.0, 0.1398541846866519, 0.28125812268746914], [0.3671947291746244, 0.49798400838217727, 0.533444448759739], [0.6605914880039061, 0.6521473140872823, 0.7788184365979672], [0.739451957170406, 0.8624029370484484, 0.8108848615241312], [0.9216082715471398, 0.8772406547867917, 0.9663479643674217], [0.9414805869211148, 1.0032162515096217, 0.9977275326662669], [1.0311587302435175, 1.0322680825714265, 1.037957300982512], [1.0257085920499338, 1.0]]
2015-02-20 13:32:08,687 - INFO - log - B is: [[0.0, 0.1460557696864572, 0.2947842799143711], [0.3870721317379408, 0.5245222221141693, 0.5697981033125709], [0.6996027214359823, 0.7068966846224023, 0.8301535751587708], [0.81131539905171, 0.9259281348346216, 0.8944659191488827], [0.9957841374527144, 0.9638887921653743, 1.046378771253287], [1.021288857455303, 1.080086654797997, 1.0616108143010663], [1.092764822889405, 1.0733485572843147, 1.072451264152692], [1.0398550675728748, 1.0]]
2015-02-20 13:32:08,693 - INFO - log - B is: [[0.0, 0.15330434087340875, 0.3078933303418133], [0.40915707761989334, 0.5505457098548927, 0.6072920337383276], [0.7381610125100412, 0.7595292599056345, 0.8805262727984585], [0.8768825622791302, 0.9865628124186285, 0.968330532484878], [1.0635335239868864, 1.0393377878867334, 1.1158589478944902], [1.0905802778274665, 1.143719389968407, 1.1172786160366173], [1.1418803409940261, 1.1093422309008438, 1.099307311170833], [1.0522958337657087, 1.0]]
2015-02-20 13:32:08,699 - INFO - log - B is: [[0.0, 0.16073621501252527, 0.32074115945344295], [0.4313744948294256, 0.5759750247360325, 0.6438547270261709], [0.7755234915584086, 0.8091343259244577, 0.9285399809760495], [0.9368535888358601, 1.0429435002280543, 1.0343958732057625], [1.124632003031978, 1.1058624774789372, 1.1765321094328163], [1.1512177143564353, 1.1976709201991773, 1.1658544949387526], [1.1825634541330778, 1.140737755189343, 1.1212251977699939], [1.0631504560543876, 1.0]]
2015-02-20 13:32:08,704 - INFO - log - B is: [[0.0, 0.1679587639868215, 0.3331817176667212], [0.45277028568934374, 0.6004408235743994, 0.6785134396562883], [0.8110723281694383, 0.8552797831600577, 0.9735054594307571], [0.9916255416210503, 1.0947160928591908, 1.0937975511536446], [1.1795268518442272, 1.1649718487380039, 1.2298737625120413], [1.2046619360308315, 1.2441917558542868, 1.2084568652707453], [1.2171139092255032, 1.1681997236722428, 1.1396602833269904], [1.072634616274421, 1.0]]
2015-02-20 13:32:08,710 - INFO - log - B is: [[0.0, 0.174790611582361, 0.3450376594116697], [0.4729068814694424, 0.6236156639063806, 0.7108386154481182], [0.8444178236195188, 0.897831688369527, 1.0151456900861362], [1.0415336370641337, 1.1419494567290722, 1.1473298708775483], [1.2288254541116717, 1.2177489910900539, 1.2770541340949084], [1.252041215295775, 1.2847935667960255, 1.246035236620224], [1.2469574755067663, 1.1923474275592905, 1.1554799143055794], [1.0809617876079025, 1.0]]
2015-02-20 13:32:08,717 - INFO - log - B is: [[0.0, 0.18115354250487262, 0.3561808623945036], [0.49160396948008855, 0.6452916851411171, 0.740684614947097], [0.8753690490155827, 0.9368333070926748, 1.053419470875183], [1.0869110178138404, 1.1848848382442234, 1.1956203477147465], [1.2731267096203516, 1.2650238611882227, 1.3189919035952313], [1.2942354056287935, 1.3205436455053914, 1.2793552979593255], [1.2730436241392755, 1.213697067525678, 1.169244303627224], [1.0883135588698332, 1.0]]
2015-02-20 13:32:08,723 - INFO - log - B is: [[0.0, 0.18702285358008922, 0.3665419781331861], [0.5088163867665018, 0.6653726694440526, 0.768059247043167], [0.9038789841572828, 0.972429461551232, 1.088419022548904], [1.128095459733158, 1.223827597575148, 1.2392007428782583], [1.312972774445624, 1.3074631874445977, 1.3564145825585567], [1.3319429175983697, 1.3522272111127287, 1.3090274244238225], [1.29604113887684, 1.2326636760291982, 1.1813388664860789], [1.0948368084399356, 1.0]]
2015-02-20 13:32:08,729 - INFO - log - B is: [[0.0, 0.19240257214124976, 0.37609898641917794], [0.5245718753789043, 0.6838453378432346, 0.793053640077878], [0.9299953634051809, 1.0048196025266445, 1.120309590491362], [1.1654227432057567, 1.2590992324602734, 1.2785376352837725], [1.3488417942536433, 1.3456203663882345, 1.3899076404732558], [1.3657293645878827, 1.3804424074123143, 1.3355412175697563], [1.3164425921852916, 1.2495792597341866, 1.1920422509859265], [1.100648993969725, 1.0]]
2015-02-20 13:32:08,735 - INFO - log - B is: [[0.0, 0.19731220008078745, 0.3848627436994633], [0.5389372269956559, 0.7007514807744084, 0.8158025573459469], [0.953823735766799, 1.0342287229280334, 1.1492931432856468], [1.1992188361420772, 1.2910155799114962, 1.3140470059427412], [1.3811532104557342, 1.3799652943768301, 1.4199509681066662], [1.396061904023743, 1.4056587899040107, 1.3592949589861087], [1.3346242971927642, 1.2647118159896003, 1.2015641401695603], [1.1058446247892328, 1.0]]
2015-02-20 13:32:08,740 - INFO - log - B is: [[0.0, 0.20177923937298267, 0.39286489381477796], [0.5519989710360054, 0.7161663790404659, 0.8364611712021252], [0.9755017808619563, 1.060889455036126, 1.1755863602335068], [1.2297940526388254, 1.319876866242005, 1.3461023564886807], [1.4102757675309834, 1.4109034718637343, 1.446945045695268], [1.4233333205944905, 1.4282547672746606, 1.3806180928021543], [1.350882762368821, 1.2782809350850857, 1.2100676652651672], [1.1105008062017765, 1.0]]
2015-02-20 13:32:08,747 - INFO - log - B is: [[0.0, 0.20583483173227654, 0.4001490383027413], [0.5638520382919121, 0.7301836008581004, 0.855191261554861], [0.9951822489817069, 1.0850312520413306, 1.1994073477790643], [1.2574395047033589, 1.3459633999371745, 1.3750400805247334], [1.436535087326036, 1.4387889608073043, 1.471229533178503], [1.4478789813504018, 1.4485422912217305, 1.3997876498947261], [1.3654578599695226, 1.290469544483415, 1.2176833838671424], [1.114681483840476, 1.0]]
2015-02-20 13:32:08,752 - INFO - log - B is: [[0.0, 0.20951117684592516, 0.40676471044555845], [0.5745930424136737, 0.7429048504328981, 0.8721530440815368], [1.0130220208931162, 1.106874081670632, 1.2209677958917826], [1.2824253934988397, 1.3695340907613631, 1.401163553348659], [1.4602200467215807, 1.4639335931087059, 1.4930965075419576], [1.4699888980510563, 1.466783527145724, 1.4170400648010213], [1.378548049331726, 1.3014324525657301, 1.2245183357955234], [1.1184405515549318, 1.0]]
2015-02-20 13:32:08,759 - INFO - log - B is: [[0.0, 0.21284001089303578, 0.41276344227909895], [0.5843163397779241, 0.7544334559593472, 0.8875004537655936], [1.0291753400078127, 1.1266249922058384, 1.2404685587282702], [1.3050005916152314, 1.3908264390346432, 1.4247465294823718], [1.4815879641883531, 1.4866137730112152, 1.5127999852740577], [1.4899164411833514, 1.4832023463113357, 1.4325796782917382], [1.390320645674225, 1.3113025015955888, 1.230662083849938], [1.1218240925094702, 1.0]]
2015-02-20 13:32:08,765 - INFO - log - B is: [[0.0, 0.21585173466938234, 0.41819629636260786], [0.5931118004865353, 0.7648703571800333, 0.9013785788745942], [1.043789819836493, 1.1444764950841912, 1.2580973933299067], [1.3253930626981392, 1.410057299768163, 1.4460360955874234], [1.500868801069432, 1.5070756716609912, 1.5305628812446566], [1.507884756433544, 1.4979924091930088, 1.4465849134748743], [1.4009189052532312, 1.3201950135302003, 1.2361908414584006], [1.1248719955851227, 1.0]]
2015-02-20 13:32:08,771 - INFO - log - B is: [[0.0, 0.2185749452671852, 0.4231123865855371], [0.6010636443628136, 0.7743117609430854, 0.9139224370173534], [1.0570042636428785, 1.1606060808670755, 1.2740280487953686], [1.3438107876457563, 1.427424044192939, 1.4652552919196424], [1.518268596201868, 1.5255393111163944, 1.5465821954669468], [1.5240915937002004, 1.5113229712765373, 1.459212833277132], [1.4104670200812024, 1.3282110402587615, 1.2411703555248927], [1.1276191326258818, 1.0]]
2015-02-20 13:32:08,781 - INFO - log - PSim_mp: initialized PSim_mp
2015-02-20 13:32:08,781 - INFO - log - START: creating 16 parallel processes
2015-02-20 13:32:08,790 - INFO - log - pid for 5 is 18551
2015-02-20 13:32:08,790 - INFO - log - pid for 5 is 18551
2015-02-20 13:32:08,791 - INFO - log - pid for 2 is 18548
2015-02-20 13:32:08,791 - INFO - log - pid for 2 is 18548
2015-02-20 13:32:08,793 - INFO - log - pid for 4 is 18550
2015-02-20 13:32:08,793 - INFO - log - pid for 4 is 18550
2015-02-20 13:32:08,794 - INFO - log - pid for 6 is 18552
2015-02-20 13:32:08,794 - INFO - log - pid for 6 is 18552
2015-02-20 13:32:08,795 - INFO - log - pid for 7 is 18553
2015-02-20 13:32:08,795 - INFO - log - pid for 7 is 18553
2015-02-20 13:32:08,796 - INFO - log - pid for 11 is 18557
2015-02-20 13:32:08,797 - INFO - log - pid for 11 is 18557
2015-02-20 13:32:08,796 - INFO - log - pid for 1 is 18547
2015-02-20 13:32:08,797 - INFO - log - pid for 1 is 18547
2015-02-20 13:32:08,798 - INFO - log - pid for 9 is 18555
2015-02-20 13:32:08,798 - INFO - log - pid for 9 is 18555
2015-02-20 13:32:08,799 - INFO - log - pid for 10 is 18556
2015-02-20 13:32:08,800 - INFO - log - pid for 10 is 18556
2015-02-20 13:32:08,797 - INFO - log - pid for 8 is 18554
2015-02-20 13:32:08,800 - INFO - log - pid for 0 is 18525
2015-02-20 13:32:08,800 - INFO - log - pid for 8 is 18554
2015-02-20 13:32:08,800 - INFO - log - pid for 0 is 18525
2015-02-20 13:32:08,801 - INFO - log - START: done.
2015-02-20 13:32:08,801 - INFO - log - ****Run parallel (16)****
2015-02-20 13:32:08,801 - INFO - log - input data       : 23
2015-02-20 13:32:08,802 - INFO - log - pid for 12 is 18558
2015-02-20 13:32:08,803 - INFO - log - pid for 12 is 18558
2015-02-20 13:32:08,804 - INFO - log - pid for 15 is 18561
2015-02-20 13:32:08,804 - INFO - log - pid for 15 is 18561
2015-02-20 13:32:08,805 - INFO - log - pid for 14 is 18560
2015-02-20 13:32:08,805 - INFO - log - pid for 14 is 18560
2015-02-20 13:32:08,806 - INFO - log - pid for 13 is 18559
2015-02-20 13:32:08,806 - INFO - log - pid for 13 is 18559
2015-02-20 13:32:08,802 - INFO - log - A is: [0.894812405272098, 0.15805288714202204, 0.9189068769098149, 0.08351225239031757, 0.051387244651805886, 0.8916865640567576, 0.10540430253243416, 0.23898218174484853, 0.5253728102323388, 0.1583428036256581, 0.6655710039316617, 0.5046319563319918, 0.7228071065240371, 0.665391740196754, 0.5535480888614256, 0.45555843648473004, 0.19501309014561097, 0.7602270322935856, 0.5080440465320939, 0.8155709597446346, 0.6126671749413901, 0.782394663771515, 0.7017491084108373]
2015-02-20 13:32:08,807 - INFO - log - pid for 3 is 18549
2015-02-20 13:32:08,808 - INFO - log - pid for 3 is 18549
2015-02-20 13:32:08,821 - INFO - log - B is: [[0.0, 0.9163114369321662], [0.13023436560737964, 0.4945988566220202], [0.4970512040647474, 0.08784756943332986], [0.5747861687420129, 0.3248403522235963], [0.20811428852646316, 0.6049237029232101], [0.34093917582003475, 0.7036408510690592], [0.5944636441055827, 0.6476293935339411], [0.5699268841819518, 0.3837323853447281], [0.6173445302303676, 0.36098036418006224], [0.7973507918603199, 0.5698074065779518], [0.8084346075992846, 0.6666599375173236], [0.4006491277269673], [], [], [], []]
2015-02-20 13:32:08,832 - INFO - log - B is: [[0.0, 0.14398942999035144], [0.23601435948407054, 0.34881928012633867], [0.38907670974382896, 0.45193932295255457], [0.46530035519029955, 0.5199957523562794], [0.4988159158822985, 0.5912088545661688], [0.5359786017087882, 0.6392510289713319], [0.5979102181805779, 0.6372506712461209], [0.6709560827490587, 0.6034414366852424], [0.7213736540940322, 0.5619672118953861], [0.6972992354324322, 0.4842269124035771], [0.5366022050885695, 0.3045666896101281], [0.21197150024226735], [], [], [], []]
2015-02-20 13:32:08,845 - INFO - log - B is: [[0.0, 0.13265330780783885], [0.23488978973280342, 0.3440195196194371], [0.40102768700817937, 0.4918438115977069], [0.5113942954174652, 0.5908781032136879], [0.5855547748698385, 0.6544416764779412], [0.6429260373803587, 0.6885463124349458], [0.6927349151512449, 0.6931875035656493], [0.7269873159347652, 0.6651253468373867], [0.7208431508871376, 0.5961332510566751], [0.6413769388817927, 0.4713273189135305], [0.46228060329463977, 0.2749675530868573], [0.17746025550007385], [], [], [], []]
2015-02-20 13:32:08,861 - INFO - log - B is: [[0.0, 0.13771582151074765], [0.24648608886910897, 0.36139887773730117], [0.42892396814402817, 0.5245766608980419], [0.560091043828752, 0.6373984630447496], [0.653153075072454, 0.7086013007723347], [0.7183198385695937, 0.7436940029575676], [0.7585207830184014, 0.7437705636973299], [0.7667976029447954, 0.7052867473670402], [0.7276225517441449, 0.6207870217088204], [0.6223793868696436, 0.4807126268851735], [0.436732192268122, 0.2759885501710034], [0.16598364368510996], [], [], [], []]
2015-02-20 13:32:08,878 - INFO - log - B is: [[0.0, 0.143968290658125], [0.26141215262626083, 0.38012435537619627], [0.45924046800128965, 0.5552090572660983], [0.6049988971219814, 0.6779610705374616], [0.7085106351130165, 0.7553661882774717], [0.7760264813379442, 0.7916931446118701], [0.808380434949944, 0.7878038845379846], [0.800334973971837, 0.7410723046228498], [0.7419280654041579, 0.6460411362136953], [0.62164110106966, 0.49564777279662336], [0.4301018578433469, 0.2825543139574374], [0.16252189211423732], [], [], [], []]
2015-02-20 13:32:08,899 - INFO - log - B is: [[0.0, 0.14995842816861332], [0.2760361618802132, 0.39772276390634675], [0.48751876374685416, 0.5832059092352451], [0.644489173308425, 0.7141396653461817], [0.7548275617440143, 0.7964983661297775], [0.8230912796422636, 0.8338703952730443], [0.849709927656543, 0.8270827613412473], [0.8310022293728208, 0.7742266096761163], [0.7602494197484319, 0.6711142365543354], [0.6295842092023992, 0.512032820530438], [0.43199262635559155, 0.2905346160668625], [0.16257549940922775], [], [], [], []]
2015-02-20 13:32:08,910 - INFO - log - B is: [[0.0, 0.15544067827650124], [0.2892101273563483, 0.4137370270943555], [0.5125477541005422, 0.608453406763096], [0.6786976751608865, 0.7464867388506922], [0.7942963169394489, 0.8331175294306921], [0.8631396460685303, 0.8715431389096885], [0.885790228155273, 0.8626347837058354], [0.8597608082975171, 0.8049767463726653], [0.7803003474204077, 0.6951787633364716], [0.6415766325742521, 0.528371863614261], [0.4378573360728912, 0.2987462657084947], [0.16426176501060677], [], [], [], []]
2015-02-20 13:32:08,921 - INFO - log - B is: [[0.0, 0.1603864725070126], [0.300738321934805, 0.428158216595827], [0.5343331892107623, 0.6311290631412525], [0.7083131345892762, 0.7754839786035026], [0.8284364300085169, 0.8659679744455816], [0.8981002560663865, 0.9055054569436086], [0.9181016491126489, 0.8950092351679161], [0.8868134556617845, 0.8334023492439001], [0.8007380159856973, 0.7178349994442698], [0.655282492294836, 0.5440375479153164], [0.4455187533638733, 0.30672788366698295], [0.16669806262979034], [], [], [], []]
2015-02-20 13:32:08,931 - INFO - log - B is: [[0.0, 0.164830636916868], [0.31075599919128977, 0.44111366402867624], [0.5532629414546898, 0.6514988975137088], [0.7340885527017345, 0.8015545360289665], [0.8583178734062178, 0.895578011623335], [0.9290818090994051, 0.9362673757245454], [0.9473716572194272, 0.9245516691606321], [0.9121606117906292, 0.8595909877821546], [0.8207850595359686, 0.7389303063518445], [0.6694730829277015, 0.558767637950699], [0.45387215045304297, 0.3142855309433906], [0.16944307745621495], [], [], [], []]
2015-02-20 13:32:08,940 - INFO - log - B is: [[0.0, 0.1688248796076654], [0.31948149485379973, 0.45276183680056026], [0.5697853726141242, 0.6698300997491394], [0.7566835004836259, 0.8250570936181166], [0.8847134981816811, 0.9223487011579621], [0.9567851850524709, 0.964196979765767], [0.9740128232151398, 0.9515216018687314], [0.9357804148385501, 0.8836520884857165], [0.8399999738704923, 0.7584392036223652], [0.683483609293147, 0.5724687005601744], [0.4623333071920962, 0.32134319150056684], [0.17226576456141604], [], [], [], []]
2015-02-20 13:32:08,950 - INFO - log - B is: [[0.0, 0.17242096284556918], [0.32712650778389035, 0.463254654582128], [0.5843016202364496, 0.6863622745194481], [0.7766333747102573, 0.8462927305315221], [0.9081968475004242, 0.9466013959082107], [0.9816960725778066, 0.9895864120111919], [0.9983031909033312, 0.9761385170690237], [0.957678917550196, 0.9057108839374669], [0.8581448394199515, 0.7764014805426301], [0.6969527159616442, 0.5851294197586164], [0.47058642002062756, 0.3278808698071557], [0.17504172924645212], [], [], [], []]
2015-02-20 13:32:08,959 - INFO - log - B is: [[0.0, 0.17566531165521082], [0.3338701360479054, 0.4727263528442066], [0.5971411483691805, 0.7013021233347289], [0.7943611303539077, 0.8655151471484462], [0.9292047467060977, 0.9686036471093149], [1.0041774923648956, 1.0126821213439068], [1.0204599283191316, 0.9985993709957091], [0.9778962617251793, 0.9259007107202576], [0.8751073401108719, 0.7928901452051972], [0.7096904762665285, 0.5967795081359341], [0.4784619460925764, 0.3339062489571236], [0.17770383945914814], [], [], [], []]
2015-02-20 13:32:08,970 - INFO - log - B is: [[0.0, 0.17859803109512598], [0.3398565156317808, 0.4812923582396087], [0.6085663064889453, 0.7148261963674268], [0.8101992878195093, 0.8829401322769109], [0.9480781179998613, 0.9885840793187365], [1.0245164417437214, 1.0336993193297495], [1.0406690989701237, 1.0190851076950034], [0.9964997212559611, 0.9443568757396356], [0.8908532021254284, 0.8079941702213214], [0.7216074909576875, 0.6074690753690356], [0.48587380423813487, 0.33944084306843014], [0.1802172558238433], [], [], [], []]
2015-02-20 13:32:08,979 - INFO - log - B is: [[0.0, 0.18125343709794028], [0.3451998530511302, 0.4890514137759848], [0.6187846348580593, 0.727085652960947], [0.8244110559018877, 0.898753247277543], [0.9650891858428902, 1.006741527072288], [1.0429489464296289, 1.0528294510026375], [1.059097592698368, 1.037763090389818], [1.0135745329305197, 0.9612123746517777], [0.9053963296419627, 0.8218088435441686], [0.7326746494099062, 0.6172577227254884], [0.49278514111478633, 0.34451284853108577], [0.18256603736602284], [], [], [], []]
2015-02-20 13:32:08,990 - INFO - log - B is: [[0.0, 0.18366096393522843], [0.3499907512298413, 0.49608835468262147], [0.6279612913714594, 0.7382108768810242], [0.8372075027509215, 0.9131157632896808], [0.9804599640019628, 1.0232510391179208], [1.0596745035508155, 1.0702444974204968], [1.0758979450068047, 1.0547881309887286], [1.0292159741760525, 0.976595129504274], [0.9187796721301028, 0.8344302320094928], [0.7428991955763057, 0.6262085314572081], [0.499188641998085, 0.3491532757880718], [0.18474554643776558], [], [], [], []]
2015-02-20 13:32:09,000 - INFO - log - B is: [[0.0, 0.18584604334735982], [0.3543018119722378, 0.5024766475725829], [0.6362293527787349, 0.7483153338690451], [0.8487605969830369, 0.9261691708376664], [0.9943750229232647, 1.0382680661024513], [1.0748650135737332, 1.0860997740457232], [1.0912104153030104, 1.0703031208570548], [1.0435234260893553, 0.9906263445137176], [0.93106283195632, 0.8459519839944784], [0.7523099783107107, 0.6343846582005738], [0.5050946980771112, 0.35339378285424206], [0.18675793484947764], [], [], [], []]
2015-02-20 13:32:09,012 - INFO - log - B is: [[0.0, 0.18783083998131794], [0.3581920567757458, 0.5082804704647242], [0.6436977167963435, 0.7574986206102013], [0.8592128076088078, 0.9380386011216891], [1.0069904330169208, 1.0519315283251205], [1.0886706626413665, 1.1005359626610993], [1.1051640675085408, 1.0844396063482495], [1.056596254227235, 1.0034196427886097], [0.9423140164192697, 0.8564635199598781], [0.7609481481628602, 0.6418473951547917], [0.5105240649527918, 0.3572654422287169], [0.18860936472928055], [], [], [], []]
2015-02-20 13:32:09,023 - INFO - log - B is: [[0.0, 0.18963483356829636], [0.3617102440148142, 0.5135563462063498], [0.650456954369685, 0.7658488274122026], [0.868684077050834, 0.9488354424498081], [1.0184401145384379, 1.0643661541412326], [1.1012240068743433, 1.1136807136907116], [1.1178775226070434, 1.0973184024254712], [1.0685311125908228, 1.0150807298409412], [0.9526048382462601, 0.8660490717711847], [0.768861220050355, 0.6486550906088395], [0.5155032172880423, 0.36079804550869077], [0.1903082576729562], [], [], [], []]
2015-02-20 13:32:09,032 - INFO - log - B is: [[0.0, 0.19127527095834349], [0.3648973020598887, 0.5183544083624918], [0.656583578767139, 0.773444365689201], [0.8772768704696695, 0.9586593684484904], [1.0288404093537034, 1.0756843210629794], [1.1126429338179014, 1.1256499800082302], [1.1294596221881168, 1.1090502501361326], [1.0794202843569123, 1.025707401616278], [0.9620070023292814, 0.874787249967689], [0.7760992793005204, 0.6548625911708564], [0.5200613848611068, 0.3640197297120331], [0.191864179108195], [], [], [], []]
2015-02-20 13:32:09,042 - INFO - log - B is: [[0.0, 0.19276751657726612], [0.3677880992322422, 0.5227193840490475], [0.6621431478726338, 0.7803553930002477], [0.88507984540414, 0.9675999369540266], [1.0382934224694365, 1.0859875447105924], [1.1230328879754656, 1.1365491644884893], [1.1400100754698956, 1.1197364986898117], [1.0893507469123211, 1.0353897699445236], [0.9705902469167064, 0.8827509405565102], [0.7827125796997504, 0.6605210060758819], [0.5242286657643652, 0.3669568008162601], [0.1932871269734292], [], [], [], []]
2015-02-20 13:32:09,392 - INFO - log - log_payload: {'log_owner': '1', 'simulation': 90}
2015-02-20 13:32:09,392 - INFO - log - plot_payload: {'plot_owner': '1', 'simulation': 90}
2015-02-20 13:32:09,392 - INFO - log - main: END
