2015-02-20 13:22:00,723 - INFO - log - ****SYSTEM INFORMATION****
2015-02-20 13:22:00,724 - INFO - log - Python version    : 2.7.3
2015-02-20 13:22:00,724 - INFO - log - compiler          : GCC 4.7.2
2015-02-20 13:22:00,724 - INFO - log - system            : Linux
2015-02-20 13:22:00,724 - INFO - log - release           : 3.2.0-4-686-pae
2015-02-20 13:22:00,725 - INFO - log - machine           : i686
2015-02-20 13:22:00,725 - INFO - log - cpu's             : 2
2015-02-20 13:22:00,725 - INFO - log - interpreter       : 32bit
2015-02-20 13:22:00,725 - INFO - log - node              : crunchbang
2015-02-20 13:22:00,725 - INFO - log - platform          : Linux-3.2.0-4-686-pae-i686-with-debian-7.8
2015-02-20 13:22:00,727 - INFO - log - ****Run serial****
2015-02-20 13:22:00,727 - INFO - log - input data       : 21
2015-02-20 13:22:02,475 - INFO - log - ****Run parallel (2)****
2015-02-20 13:22:02,475 - INFO - log - input data       : 21
2015-02-20 13:22:02,522 - INFO - log - ****Run parallel (4)****
2015-02-20 13:22:02,523 - INFO - log - input data       : 21
2015-02-20 13:22:02,639 - INFO - log - ****Run parallel (8)****
2015-02-20 13:22:02,640 - INFO - log - input data       : 21
2015-02-20 13:22:02,786 - INFO - log - ****Run parallel (16)****
2015-02-20 13:22:02,788 - INFO - log - input data       : 21
