2015-02-18 02:11:21,555 - INFO - log - ****SYSTEM INFORMATION****
2015-02-18 02:11:21,555 - INFO - log - Python version    : 2.7.3
2015-02-18 02:11:21,555 - INFO - log - compiler          : GCC 4.7.2
2015-02-18 02:11:21,555 - INFO - log - system            : Linux
2015-02-18 02:11:21,555 - INFO - log - release           : 3.2.0-4-686-pae
2015-02-18 02:11:21,555 - INFO - log - machine           : i686
2015-02-18 02:11:21,555 - INFO - log - cpu's             : 2
2015-02-18 02:11:21,555 - INFO - log - interpreter       : 32bit
2015-02-18 02:11:21,555 - INFO - log - node              : crunchbang
2015-02-18 02:11:21,555 - INFO - log - platform          : Linux-3.2.0-4-686-pae-i686-with-debian-7.8
2015-02-18 02:11:21,556 - INFO - merge_sort - main: START
2015-02-18 02:11:21,558 - INFO - merge_sort - ****RUN_SERIAL()****
2015-02-18 02:11:21,558 - INFO - merge_sort - input data       : [0, 14, 5, 6, 3, 9, 2, 2, 7, 9, 2, 9, 6, 16, 1, 16]
2015-02-18 02:11:21,558 - INFO - merge_sort - result            : [0, 1, 2, 2, 2, 3, 5, 6, 6, 7, 9, 9, 9, 14, 16, 16]
2015-02-18 02:11:21,559 - INFO - psim - pid for 0 is 29543
2015-02-18 02:11:21,560 - INFO - psim - pid for 1 is 29553
2015-02-18 02:11:21,560 - INFO - merge_sort - 0 scattering to all [0, 14, 5, 6, 3, 9, 2, 2, 7, 9, 2, 9, 6, 16, 1, 16]
2015-02-18 02:11:21,560 - INFO - merge_sort - 1 scattering to all [0, 14, 5, 6, 3, 9, 2, 2, 7, 9, 2, 9, 6, 16, 1, 16]
2015-02-18 02:11:21,561 - INFO - merge_sort - ****RUN_PARALLEL()****
2015-02-18 02:11:21,561 - INFO - merge_sort - # processes       : 2
2015-02-18 02:11:21,561 - INFO - merge_sort - input data       : [0, 14, 5, 6, 3, 9, 2, 2, 7, 9, 2, 9, 6, 16, 1, 16]
2015-02-18 02:11:21,561 - INFO - merge_sort - result           : [0, 1, 2, 2, 2, 3, 5, 6, 6, 7, 9, 9, 9, 14, 16, 16]
2015-02-18 02:11:21,563 - INFO - psim - pid for 1 is 29554
2015-02-18 02:11:21,564 - INFO - merge_sort - 1 scattering to all [0, 14, 5, 6, 3, 9, 2, 2, 7, 9, 2, 9, 6, 16, 1, 16]
2015-02-18 02:11:21,565 - INFO - psim - pid for 2 is 29555
2015-02-18 02:11:21,566 - INFO - merge_sort - 2 scattering to all [0, 14, 5, 6, 3, 9, 2, 2, 7, 9, 2, 9, 6, 16, 1, 16]
2015-02-18 02:11:21,567 - INFO - psim - pid for 0 is 29543
2015-02-18 02:11:21,567 - INFO - psim - pid for 3 is 29556
2015-02-18 02:11:21,567 - INFO - merge_sort - 0 scattering to all [0, 14, 5, 6, 3, 9, 2, 2, 7, 9, 2, 9, 6, 16, 1, 16]
2015-02-18 02:11:21,567 - INFO - merge_sort - 3 scattering to all [0, 14, 5, 6, 3, 9, 2, 2, 7, 9, 2, 9, 6, 16, 1, 16]
2015-02-18 02:11:21,570 - INFO - merge_sort - ****RUN_PARALLEL()****
2015-02-18 02:11:21,570 - INFO - merge_sort - # processes       : 4
2015-02-18 02:11:21,570 - INFO - merge_sort - input data       : [0, 14, 5, 6, 3, 9, 2, 2, 7, 9, 2, 9, 6, 16, 1, 16]
2015-02-18 02:11:21,571 - INFO - merge_sort - result           : [0, 1, 2, 2, 2, 3, 5, 6, 6, 7, 9, 9, 9, 14, 16, 16]
2015-02-18 02:11:21,572 - INFO - psim - pid for 1 is 29557
2015-02-18 02:11:21,573 - INFO - merge_sort - 1 scattering to all [0, 14, 5, 6, 3, 9, 2, 2, 7, 9, 2, 9, 6, 16, 1, 16]
2015-02-18 02:11:21,574 - INFO - psim - pid for 2 is 29558
2015-02-18 02:11:21,574 - INFO - merge_sort - 2 scattering to all [0, 14, 5, 6, 3, 9, 2, 2, 7, 9, 2, 9, 6, 16, 1, 16]
2015-02-18 02:11:21,576 - INFO - psim - pid for 0 is 29543
2015-02-18 02:11:21,576 - INFO - merge_sort - 0 scattering to all [0, 14, 5, 6, 3, 9, 2, 2, 7, 9, 2, 9, 6, 16, 1, 16]
2015-02-18 02:11:21,576 - INFO - psim - pid for 5 is 29561
2015-02-18 02:11:21,576 - INFO - merge_sort - 5 scattering to all [0, 14, 5, 6, 3, 9, 2, 2, 7, 9, 2, 9, 6, 16, 1, 16]
2015-02-18 02:11:21,577 - INFO - psim - pid for 3 is 29559
2015-02-18 02:11:21,577 - INFO - psim - pid for 7 is 29563
2015-02-18 02:11:21,577 - INFO - merge_sort - 3 scattering to all [0, 14, 5, 6, 3, 9, 2, 2, 7, 9, 2, 9, 6, 16, 1, 16]
2015-02-18 02:11:21,578 - INFO - merge_sort - 7 scattering to all [0, 14, 5, 6, 3, 9, 2, 2, 7, 9, 2, 9, 6, 16, 1, 16]
2015-02-18 02:11:21,575 - INFO - psim - pid for 4 is 29560
2015-02-18 02:11:21,578 - INFO - merge_sort - 4 scattering to all [0, 14, 5, 6, 3, 9, 2, 2, 7, 9, 2, 9, 6, 16, 1, 16]
2015-02-18 02:11:21,578 - INFO - psim - pid for 6 is 29562
2015-02-18 02:11:21,578 - INFO - merge_sort - 6 scattering to all [0, 14, 5, 6, 3, 9, 2, 2, 7, 9, 2, 9, 6, 16, 1, 16]
2015-02-18 02:11:21,584 - INFO - merge_sort - ****RUN_PARALLEL()****
2015-02-18 02:11:21,584 - INFO - merge_sort - # processes       : 8
2015-02-18 02:11:21,584 - INFO - merge_sort - input data       : [0, 14, 5, 6, 3, 9, 2, 2, 7, 9, 2, 9, 6, 16, 1, 16]
2015-02-18 02:11:21,584 - INFO - merge_sort - result           : [0, 1, 2, 2, 2, 3, 5, 6, 6, 7, 9, 9, 9, 14, 16, 16]
2015-02-18 02:11:21,588 - INFO - psim - pid for 3 is 29566
2015-02-18 02:11:21,589 - INFO - merge_sort - 3 scattering to all [0, 14, 5, 6, 3, 9, 2, 2, 7, 9, 2, 9, 6, 16, 1, 16]
2015-02-18 02:11:21,587 - INFO - psim - pid for 1 is 29564
2015-02-18 02:11:21,590 - INFO - merge_sort - 1 scattering to all [0, 14, 5, 6, 3, 9, 2, 2, 7, 9, 2, 9, 6, 16, 1, 16]
2015-02-18 02:11:21,591 - INFO - psim - pid for 5 is 29568
2015-02-18 02:11:21,591 - INFO - merge_sort - 5 scattering to all [0, 14, 5, 6, 3, 9, 2, 2, 7, 9, 2, 9, 6, 16, 1, 16]
2015-02-18 02:11:21,592 - INFO - psim - pid for 6 is 29569
2015-02-18 02:11:21,592 - INFO - merge_sort - 6 scattering to all [0, 14, 5, 6, 3, 9, 2, 2, 7, 9, 2, 9, 6, 16, 1, 16]
2015-02-18 02:11:21,593 - INFO - psim - pid for 7 is 29570
2015-02-18 02:11:21,593 - INFO - merge_sort - 7 scattering to all [0, 14, 5, 6, 3, 9, 2, 2, 7, 9, 2, 9, 6, 16, 1, 16]
2015-02-18 02:11:21,594 - INFO - psim - pid for 9 is 29572
2015-02-18 02:11:21,595 - INFO - psim - pid for 4 is 29567
2015-02-18 02:11:21,596 - INFO - merge_sort - 4 scattering to all [0, 14, 5, 6, 3, 9, 2, 2, 7, 9, 2, 9, 6, 16, 1, 16]
2015-02-18 02:11:21,596 - INFO - psim - pid for 12 is 29575
2015-02-18 02:11:21,597 - INFO - merge_sort - 12 scattering to all [0, 14, 5, 6, 3, 9, 2, 2, 7, 9, 2, 9, 6, 16, 1, 16]
2015-02-18 02:11:21,597 - INFO - psim - pid for 2 is 29565
2015-02-18 02:11:21,595 - INFO - psim - pid for 10 is 29573
2015-02-18 02:11:21,597 - INFO - merge_sort - 2 scattering to all [0, 14, 5, 6, 3, 9, 2, 2, 7, 9, 2, 9, 6, 16, 1, 16]
2015-02-18 02:11:21,597 - INFO - merge_sort - 10 scattering to all [0, 14, 5, 6, 3, 9, 2, 2, 7, 9, 2, 9, 6, 16, 1, 16]
2015-02-18 02:11:21,595 - INFO - merge_sort - 9 scattering to all [0, 14, 5, 6, 3, 9, 2, 2, 7, 9, 2, 9, 6, 16, 1, 16]
2015-02-18 02:11:21,598 - INFO - psim - pid for 15 is 29578
2015-02-18 02:11:21,598 - INFO - merge_sort - 15 scattering to all [0, 14, 5, 6, 3, 9, 2, 2, 7, 9, 2, 9, 6, 16, 1, 16]
2015-02-18 02:11:21,598 - INFO - psim - pid for 13 is 29576
2015-02-18 02:11:21,599 - INFO - merge_sort - 13 scattering to all [0, 14, 5, 6, 3, 9, 2, 2, 7, 9, 2, 9, 6, 16, 1, 16]
2015-02-18 02:11:21,599 - INFO - psim - pid for 8 is 29571
2015-02-18 02:11:21,600 - INFO - merge_sort - 8 scattering to all [0, 14, 5, 6, 3, 9, 2, 2, 7, 9, 2, 9, 6, 16, 1, 16]
2015-02-18 02:11:21,600 - INFO - psim - pid for 14 is 29577
2015-02-18 02:11:21,600 - INFO - merge_sort - 14 scattering to all [0, 14, 5, 6, 3, 9, 2, 2, 7, 9, 2, 9, 6, 16, 1, 16]
2015-02-18 02:11:21,601 - INFO - psim - pid for 11 is 29574
2015-02-18 02:11:21,601 - INFO - psim - pid for 0 is 29543
2015-02-18 02:11:21,602 - INFO - merge_sort - 0 scattering to all [0, 14, 5, 6, 3, 9, 2, 2, 7, 9, 2, 9, 6, 16, 1, 16]
2015-02-18 02:11:21,601 - INFO - merge_sort - 11 scattering to all [0, 14, 5, 6, 3, 9, 2, 2, 7, 9, 2, 9, 6, 16, 1, 16]
2015-02-18 02:11:21,621 - INFO - merge_sort - ****RUN_PARALLEL()****
2015-02-18 02:11:21,622 - INFO - merge_sort - # processes       : 16
2015-02-18 02:11:21,622 - INFO - merge_sort - input data       : [0, 14, 5, 6, 3, 9, 2, 2, 7, 9, 2, 9, 6, 16, 1, 16]
2015-02-18 02:11:21,622 - INFO - merge_sort - result           : [0, 1, 2, 2, 2, 3, 5, 6, 6, 7, 9, 9, 9, 14, 16, 16]
2015-02-18 02:11:21,993 - INFO - merge_sort - log_payload: {'log_owner': '1', 'simulation': 67}
2015-02-18 02:11:21,993 - INFO - merge_sort - plot_payload: {'plot_owner': '1', 'simulation': 67}
2015-02-18 02:11:21,993 - INFO - merge_sort - main: END
