2015-02-16 17:09:00,019 - INFO - log - ****SYSTEM INFORMATION****
2015-02-16 17:09:00,020 - INFO - log - Python version    : 2.7.3
2015-02-16 17:09:00,020 - INFO - log - compiler          : GCC 4.7.2
2015-02-16 17:09:00,020 - INFO - log - system            : Linux
2015-02-16 17:09:00,020 - INFO - log - release           : 3.2.0-4-686-pae
2015-02-16 17:09:00,020 - INFO - log - machine           : i686
2015-02-16 17:09:00,020 - INFO - log - cpu's             : 2
2015-02-16 17:09:00,020 - INFO - log - interpreter       : 32bit
2015-02-16 17:09:00,020 - INFO - log - node              : crunchbang
2015-02-16 17:09:00,021 - INFO - log - platform          : Linux-3.2.0-4-686-pae-i686-with-debian-7.8
2015-02-16 17:09:00,021 - INFO - floating_point_add - main: START
2015-02-16 17:09:00,031 - INFO - floating_point_add - ****RUN_SERIAL()****
2015-02-16 17:09:00,233 - INFO - floating_point_add - head of a         : [0.052363598850944326, 0.08718667752263232, 0.4072417636703983, 0.10770023493843905, 0.9011988779516946]
2015-02-16 17:09:00,234 - INFO - floating_point_add - head of b         : [0.10337852557304117, 0.7482590414438126, 0.2966602658868075, 0.27663573664837793, 0.37280621233419053]
2015-02-16 17:09:00,234 - INFO - floating_point_add - data size         : 416620
2015-02-16 17:09:00,234 - INFO - floating_point_add - result            : 104161.766902
2015-02-16 17:09:00,245 - INFO - psim - pid for 0 is 18669
2015-02-16 17:09:00,246 - INFO - floating_point_add - ****RUN_PARALLEL()****
2015-02-16 17:09:00,246 - INFO - psim - pid for 1 is 18679
2015-02-16 17:09:00,387 - INFO - floating_point_add - head of a         : [0.936490220829669, 0.3362744920832319, 0.7432521548687043, 0.7304371286429016, 0.2924864395534613]
2015-02-16 17:09:00,387 - INFO - floating_point_add - head of b         : [0.0750584477497298, 0.37112023596591937, 0.5971897212118924, 0.22696490415711335, 0.7798747205618592]
2015-02-16 17:09:00,387 - INFO - floating_point_add - data size         : 416620
2015-02-16 17:09:00,387 - INFO - floating_point_add - # processes       : 2
2015-02-16 17:09:02,327 - INFO - floating_point_add - result            : 104113.172892
2015-02-16 17:09:02,343 - INFO - psim - pid for 0 is 18669
2015-02-16 17:09:02,344 - INFO - floating_point_add - ****RUN_PARALLEL()****
2015-02-16 17:09:02,344 - INFO - psim - pid for 1 is 18680
2015-02-16 17:09:02,346 - INFO - psim - pid for 2 is 18681
2015-02-16 17:09:02,494 - INFO - floating_point_add - head of a         : [0.38309725277611384, 0.6211883921580083, 0.5311190784226615, 0.30256458604473635, 0.32039611483318164]
2015-02-16 17:09:02,494 - INFO - floating_point_add - head of b         : [0.6864247387061077, 0.5277220567094715, 0.07165912698670573, 0.3093263437876824, 0.010424657351857158]
2015-02-16 17:09:02,494 - INFO - floating_point_add - data size         : 416620
2015-02-16 17:09:02,494 - INFO - floating_point_add - # processes       : 3
2015-02-16 17:09:04,938 - INFO - floating_point_add - result            : 104164.593761
2015-02-16 17:09:04,953 - INFO - psim - pid for 1 is 18683
2015-02-16 17:09:04,954 - INFO - psim - pid for 0 is 18669
2015-02-16 17:09:04,954 - INFO - floating_point_add - ****RUN_PARALLEL()****
2015-02-16 17:09:04,954 - INFO - psim - pid for 3 is 18685
2015-02-16 17:09:04,955 - INFO - psim - pid for 2 is 18684
2015-02-16 17:09:05,086 - INFO - floating_point_add - head of a         : [0.03767009127482168, 0.04391284653691607, 0.9854555787388891, 0.44424248724793103, 0.4674719316349756]
2015-02-16 17:09:05,086 - INFO - floating_point_add - head of b         : [0.7358128156786649, 0.1550197736445711, 0.03020242570118936, 0.668757654402422, 0.8549891827052517]
2015-02-16 17:09:05,086 - INFO - floating_point_add - data size         : 416620
2015-02-16 17:09:05,087 - INFO - floating_point_add - # processes       : 4
2015-02-16 17:09:07,875 - INFO - floating_point_add - result            : 103931.261814
2015-02-16 17:09:07,888 - INFO - psim - pid for 1 is 18687
2015-02-16 17:09:07,890 - INFO - psim - pid for 2 is 18688
2015-02-16 17:09:07,891 - INFO - psim - pid for 3 is 18689
2015-02-16 17:09:07,892 - INFO - psim - pid for 0 is 18669
2015-02-16 17:09:07,892 - INFO - floating_point_add - ****RUN_PARALLEL()****
2015-02-16 17:09:07,892 - INFO - psim - pid for 5 is 18691
2015-02-16 17:09:07,892 - INFO - psim - pid for 4 is 18690
2015-02-16 17:09:08,028 - INFO - floating_point_add - head of a         : [0.5604402925183012, 0.5534283079994762, 0.9915553443453925, 0.48574298560896345, 0.17787576443536646]
2015-02-16 17:09:08,028 - INFO - floating_point_add - head of b         : [0.7113422073961435, 0.9948124154672681, 0.7602945892300111, 0.31363892708036734, 0.2650162397420742]
2015-02-16 17:09:08,028 - INFO - floating_point_add - data size         : 416620
2015-02-16 17:09:08,028 - INFO - floating_point_add - # processes       : 6
2015-02-16 17:09:11,113 - INFO - floating_point_add - result            : 104297.230926
2015-02-16 17:09:11,466 - INFO - floating_point_add - log_payload: {'log_owner': '1', 'simulation': 2}
2015-02-16 17:09:11,466 - INFO - floating_point_add - plot_payload: {'plot_owner': '1', 'simulation': 2}
2015-02-16 17:09:11,466 - INFO - floating_point_add - main: END
