2015-02-20 17:49:28,190 - INFO - log - ****merge_sort****
2015-02-20 17:49:28,191 - INFO - log - ****SYSTEM INFORMATION****
2015-02-20 17:49:28,191 - INFO - log - Python version    : 2.7.3
2015-02-20 17:49:28,191 - INFO - log - compiler          : GCC 4.7.2
2015-02-20 17:49:28,191 - INFO - log - system            : Linux
2015-02-20 17:49:28,191 - INFO - log - release           : 3.2.0-4-686-pae
2015-02-20 17:49:28,191 - INFO - log - machine           : i686
2015-02-20 17:49:28,191 - INFO - log - cpu's             : 2
2015-02-20 17:49:28,191 - INFO - log - interpreter       : 32bit
2015-02-20 17:49:28,191 - INFO - log - node              : crunchbang
2015-02-20 17:49:28,191 - INFO - log - platform          : Linux-3.2.0-4-686-pae-i686-with-debian-7.8
2015-02-20 17:49:28,191 - INFO - log - main: START
2015-02-20 17:49:28,194 - INFO - log - ****Run serial****
2015-02-20 17:49:28,194 - INFO - log - input data       : [0, 14, 5, 6, 3, 9, 2, 2, 7, 9, 2, 9, 6, 16, 1, 16]
2015-02-20 17:49:28,194 - INFO - log - input data       : [0, 14, 5, 6, 3, 9, 2, 2, 7, 9, 2, 9, 6, 16, 1, 16]
2015-02-20 17:49:28,195 - INFO - log - result           : [0, 1, 2, 2, 2, 3, 5, 6, 6, 7, 9, 9, 9, 14, 16, 16]
2015-02-20 17:49:28,195 - INFO - log - PSim: initialized PSim
2015-02-20 17:49:28,195 - INFO - log - START: creating 2 parallel processes
2015-02-20 17:49:28,196 - INFO - log - pid for 0 is 25387
2015-02-20 17:49:28,196 - INFO - log - pid for 0 is 25387
2015-02-20 17:49:28,196 - INFO - log - pid for 1 is 25397
2015-02-20 17:49:28,196 - INFO - log - START: done.
2015-02-20 17:49:28,196 - INFO - log - pid for 1 is 25397
2015-02-20 17:49:28,196 - INFO - log - ****Run parallel (2)****
2015-02-20 17:49:28,197 - INFO - log - 1 scattering to all [0, 14, 5, 6, 3, 9, 2, 2, 7, 9, 2, 9, 6, 16, 1, 16]
2015-02-20 17:49:28,197 - INFO - log - # processes       : 2
2015-02-20 17:49:28,197 - INFO - log - input data       : [0, 14, 5, 6, 3, 9, 2, 2, 7, 9, 2, 9, 6, 16, 1, 16]
2015-02-20 17:49:28,197 - INFO - log - 0 scattering to all [0, 14, 5, 6, 3, 9, 2, 2, 7, 9, 2, 9, 6, 16, 1, 16]
2015-02-20 17:49:28,198 - INFO - log - result           : [0, 1, 2, 2, 2, 3, 5, 6, 6, 7, 9, 9, 9, 14, 16, 16]
2015-02-20 17:49:28,198 - INFO - log - PSim: initialized PSim
2015-02-20 17:49:28,198 - INFO - log - START: creating 4 parallel processes
2015-02-20 17:49:28,206 - INFO - log - pid for 0 is 25387
2015-02-20 17:49:28,207 - INFO - log - pid for 0 is 25387
2015-02-20 17:49:28,207 - INFO - log - pid for 1 is 25398
2015-02-20 17:49:28,207 - INFO - log - START: done.
2015-02-20 17:49:28,207 - INFO - log - ****Run parallel (4)****
2015-02-20 17:49:28,207 - INFO - log - 1 scattering to all [0, 14, 5, 6, 3, 9, 2, 2, 7, 9, 2, 9, 6, 16, 1, 16]
2015-02-20 17:49:28,208 - INFO - log - pid for 3 is 25400
2015-02-20 17:49:28,208 - INFO - log - pid for 2 is 25399
2015-02-20 17:49:28,208 - INFO - log - pid for 3 is 25400
2015-02-20 17:49:28,209 - INFO - log - 2 scattering to all [0, 14, 5, 6, 3, 9, 2, 2, 7, 9, 2, 9, 6, 16, 1, 16]
2015-02-20 17:49:28,209 - INFO - log - input data       : [0, 14, 5, 6, 3, 9, 2, 2, 7, 9, 2, 9, 6, 16, 1, 16]
2015-02-20 17:49:28,209 - INFO - log - # processes       : 4
2015-02-20 17:49:28,209 - INFO - log - input data       : [0, 14, 5, 6, 3, 9, 2, 2, 7, 9, 2, 9, 6, 16, 1, 16]
2015-02-20 17:49:28,209 - INFO - log - 0 scattering to all [0, 14, 5, 6, 3, 9, 2, 2, 7, 9, 2, 9, 6, 16, 1, 16]
2015-02-20 17:49:28,212 - INFO - log - result           : [0, 1, 2, 2, 2, 3, 5, 6, 6, 7, 9, 9, 9, 14, 16, 16]
2015-02-20 17:49:28,213 - INFO - log - PSim: initialized PSim
2015-02-20 17:49:28,214 - INFO - log - START: creating 8 parallel processes
2015-02-20 17:49:28,216 - INFO - log - pid for 3 is 25403
2015-02-20 17:49:28,216 - INFO - log - pid for 3 is 25403
2015-02-20 17:49:28,216 - INFO - log - 3 scattering to all [0, 14, 5, 6, 3, 9, 2, 2, 7, 9, 2, 9, 6, 16, 1, 16]
2015-02-20 17:49:28,215 - INFO - log - pid for 1 is 25401
2015-02-20 17:49:28,217 - INFO - log - pid for 1 is 25401
2015-02-20 17:49:28,217 - INFO - log - 1 scattering to all [0, 14, 5, 6, 3, 9, 2, 2, 7, 9, 2, 9, 6, 16, 1, 16]
2015-02-20 17:49:28,217 - INFO - log - pid for 0 is 25387
2015-02-20 17:49:28,219 - INFO - log - pid for 0 is 25387
2015-02-20 17:49:28,219 - INFO - log - START: done.
2015-02-20 17:49:28,219 - INFO - log - ****Run parallel (8)****
2015-02-20 17:49:28,219 - INFO - log - pid for 5 is 25405
2015-02-20 17:49:28,219 - INFO - log - pid for 5 is 25405
2015-02-20 17:49:28,219 - INFO - log - 5 scattering to all [0, 14, 5, 6, 3, 9, 2, 2, 7, 9, 2, 9, 6, 16, 1, 16]
2015-02-20 17:49:28,219 - INFO - log - input data       : [0, 14, 5, 6, 3, 9, 2, 2, 7, 9, 2, 9, 6, 16, 1, 16]
2015-02-20 17:49:28,221 - INFO - log - # processes       : 8
2015-02-20 17:49:28,221 - INFO - log - input data       : [0, 14, 5, 6, 3, 9, 2, 2, 7, 9, 2, 9, 6, 16, 1, 16]
2015-02-20 17:49:28,222 - INFO - log - 0 scattering to all [0, 14, 5, 6, 3, 9, 2, 2, 7, 9, 2, 9, 6, 16, 1, 16]
2015-02-20 17:49:28,224 - INFO - log - pid for 7 is 25407
2015-02-20 17:49:28,225 - INFO - log - pid for 7 is 25407
2015-02-20 17:49:28,225 - INFO - log - pid for 4 is 25404
2015-02-20 17:49:28,225 - INFO - log - 7 scattering to all [0, 14, 5, 6, 3, 9, 2, 2, 7, 9, 2, 9, 6, 16, 1, 16]
2015-02-20 17:49:28,225 - INFO - log - 4 scattering to all [0, 14, 5, 6, 3, 9, 2, 2, 7, 9, 2, 9, 6, 16, 1, 16]
2015-02-20 17:49:28,222 - INFO - log - pid for 6 is 25406
2015-02-20 17:49:28,226 - INFO - log - pid for 6 is 25406
2015-02-20 17:49:28,226 - INFO - log - 6 scattering to all [0, 14, 5, 6, 3, 9, 2, 2, 7, 9, 2, 9, 6, 16, 1, 16]
2015-02-20 17:49:28,226 - INFO - log - pid for 2 is 25402
2015-02-20 17:49:28,226 - INFO - log - pid for 2 is 25402
2015-02-20 17:49:28,226 - INFO - log - 2 scattering to all [0, 14, 5, 6, 3, 9, 2, 2, 7, 9, 2, 9, 6, 16, 1, 16]
2015-02-20 17:49:28,231 - INFO - log - result           : [0, 1, 2, 2, 2, 3, 5, 6, 6, 7, 9, 9, 9, 14, 16, 16]
2015-02-20 17:49:28,232 - INFO - log - PSim: initialized PSim
2015-02-20 17:49:28,232 - INFO - log - START: creating 16 parallel processes
2015-02-20 17:49:28,235 - INFO - log - pid for 1 is 25408
2015-02-20 17:49:28,235 - INFO - log - pid for 1 is 25408
2015-02-20 17:49:28,235 - INFO - log - 1 scattering to all [0, 14, 5, 6, 3, 9, 2, 2, 7, 9, 2, 9, 6, 16, 1, 16]
2015-02-20 17:49:28,236 - INFO - log - pid for 3 is 25410
2015-02-20 17:49:28,237 - INFO - log - pid for 3 is 25410
2015-02-20 17:49:28,239 - INFO - log - pid for 5 is 25412
2015-02-20 17:49:28,239 - INFO - log - pid for 5 is 25412
2015-02-20 17:49:28,239 - INFO - log - 5 scattering to all [0, 14, 5, 6, 3, 9, 2, 2, 7, 9, 2, 9, 6, 16, 1, 16]
2015-02-20 17:49:28,237 - INFO - log - 3 scattering to all [0, 14, 5, 6, 3, 9, 2, 2, 7, 9, 2, 9, 6, 16, 1, 16]
2015-02-20 17:49:28,240 - INFO - log - pid for 2 is 25409
2015-02-20 17:49:28,240 - INFO - log - pid for 2 is 25409
2015-02-20 17:49:28,240 - INFO - log - pid for 8 is 25415
2015-02-20 17:49:28,241 - INFO - log - pid for 8 is 25415
2015-02-20 17:49:28,241 - INFO - log - 2 scattering to all [0, 14, 5, 6, 3, 9, 2, 2, 7, 9, 2, 9, 6, 16, 1, 16]
2015-02-20 17:49:28,241 - INFO - log - 8 scattering to all [0, 14, 5, 6, 3, 9, 2, 2, 7, 9, 2, 9, 6, 16, 1, 16]
2015-02-20 17:49:28,242 - INFO - log - pid for 4 is 25411
2015-02-20 17:49:28,242 - INFO - log - pid for 4 is 25411
2015-02-20 17:49:28,242 - INFO - log - 4 scattering to all [0, 14, 5, 6, 3, 9, 2, 2, 7, 9, 2, 9, 6, 16, 1, 16]
2015-02-20 17:49:28,243 - INFO - log - pid for 7 is 25414
2015-02-20 17:49:28,243 - INFO - log - pid for 7 is 25414
2015-02-20 17:49:28,244 - INFO - log - 7 scattering to all [0, 14, 5, 6, 3, 9, 2, 2, 7, 9, 2, 9, 6, 16, 1, 16]
2015-02-20 17:49:28,245 - INFO - log - pid for 11 is 25418
2015-02-20 17:49:28,244 - INFO - log - pid for 10 is 25417
2015-02-20 17:49:28,246 - INFO - log - pid for 10 is 25417
2015-02-20 17:49:28,246 - INFO - log - 10 scattering to all [0, 14, 5, 6, 3, 9, 2, 2, 7, 9, 2, 9, 6, 16, 1, 16]
2015-02-20 17:49:28,246 - INFO - log - pid for 11 is 25418
2015-02-20 17:49:28,247 - INFO - log - 11 scattering to all [0, 14, 5, 6, 3, 9, 2, 2, 7, 9, 2, 9, 6, 16, 1, 16]
2015-02-20 17:49:28,247 - INFO - log - pid for 9 is 25416
2015-02-20 17:49:28,248 - INFO - log - pid for 9 is 25416
2015-02-20 17:49:28,249 - INFO - log - 9 scattering to all [0, 14, 5, 6, 3, 9, 2, 2, 7, 9, 2, 9, 6, 16, 1, 16]
2015-02-20 17:49:28,249 - INFO - log - pid for 13 is 25420
2015-02-20 17:49:28,249 - INFO - log - pid for 13 is 25420
2015-02-20 17:49:28,249 - INFO - log - 13 scattering to all [0, 14, 5, 6, 3, 9, 2, 2, 7, 9, 2, 9, 6, 16, 1, 16]
2015-02-20 17:49:28,250 - INFO - log - pid for 0 is 25387
2015-02-20 17:49:28,251 - INFO - log - pid for 0 is 25387
2015-02-20 17:49:28,251 - INFO - log - START: done.
2015-02-20 17:49:28,251 - INFO - log - ****Run parallel (16)****
2015-02-20 17:49:28,251 - INFO - log - pid for 15 is 25422
2015-02-20 17:49:28,251 - INFO - log - input data       : [0, 14, 5, 6, 3, 9, 2, 2, 7, 9, 2, 9, 6, 16, 1, 16]
2015-02-20 17:49:28,251 - INFO - log - # processes       : 16
2015-02-20 17:49:28,251 - INFO - log - 15 scattering to all [0, 14, 5, 6, 3, 9, 2, 2, 7, 9, 2, 9, 6, 16, 1, 16]
2015-02-20 17:49:28,251 - INFO - log - input data       : [0, 14, 5, 6, 3, 9, 2, 2, 7, 9, 2, 9, 6, 16, 1, 16]
2015-02-20 17:49:28,252 - INFO - log - 0 scattering to all [0, 14, 5, 6, 3, 9, 2, 2, 7, 9, 2, 9, 6, 16, 1, 16]
2015-02-20 17:49:28,252 - INFO - log - pid for 14 is 25421
2015-02-20 17:49:28,253 - INFO - log - pid for 14 is 25421
2015-02-20 17:49:28,253 - INFO - log - 14 scattering to all [0, 14, 5, 6, 3, 9, 2, 2, 7, 9, 2, 9, 6, 16, 1, 16]
2015-02-20 17:49:28,254 - INFO - log - pid for 12 is 25419
2015-02-20 17:49:28,254 - INFO - log - pid for 12 is 25419
2015-02-20 17:49:28,254 - INFO - log - 12 scattering to all [0, 14, 5, 6, 3, 9, 2, 2, 7, 9, 2, 9, 6, 16, 1, 16]
2015-02-20 17:49:28,272 - INFO - log - result           : [0, 1, 2, 2, 2, 3, 5, 6, 6, 7, 9, 9, 9, 14, 16, 16]
2015-02-20 17:49:28,693 - INFO - log - log_payload: {'log_owner': '2', 'simulation': 8}
2015-02-20 17:49:28,693 - INFO - log - plot_payload: {'plot_owner': '2', 'simulation': 8}
2015-02-20 17:49:28,693 - INFO - log - main: END
