2015-02-18 00:50:43,108 - INFO - log - ****SYSTEM INFORMATION****
2015-02-18 00:50:43,108 - INFO - log - Python version    : 2.7.3
2015-02-18 00:50:43,108 - INFO - log - compiler          : GCC 4.7.2
2015-02-18 00:50:43,108 - INFO - log - system            : Linux
2015-02-18 00:50:43,108 - INFO - log - release           : 3.2.0-4-686-pae
2015-02-18 00:50:43,108 - INFO - log - machine           : i686
2015-02-18 00:50:43,108 - INFO - log - cpu's             : 2
2015-02-18 00:50:43,108 - INFO - log - interpreter       : 32bit
2015-02-18 00:50:43,108 - INFO - log - node              : crunchbang
2015-02-18 00:50:43,108 - INFO - log - platform          : Linux-3.2.0-4-686-pae-i686-with-debian-7.8
2015-02-18 00:50:43,108 - INFO - merge_sort - main: START
2015-02-18 00:50:43,111 - INFO - merge_sort - ****RUN_SERIAL()****
2015-02-18 00:50:43,111 - INFO - merge_sort - input data       : [0, 14, 5, 6, 3, 9, 2, 2, 7, 9, 2, 9, 6, 16, 1, 16]
2015-02-18 00:50:43,111 - INFO - merge_sort - result            : [0, 1, 2, 2, 2, 3, 5, 6, 6, 7, 9, 9, 9, 14, 16, 16]
2015-02-18 00:50:43,113 - INFO - psim - pid for 0 is 26329
2015-02-18 00:50:43,113 - INFO - psim - pid for 1 is 26339
2015-02-18 00:50:43,113 - INFO - merge_sort - 0 scattering to all [0, 14, 5, 6, 3, 9, 2, 2, 7, 9, 2, 9, 6, 16, 1, 16]
2015-02-18 00:50:43,113 - INFO - merge_sort - 1 scattering to all [0, 14, 5, 6, 3, 9, 2, 2, 7, 9, 2, 9, 6, 16, 1, 16]
2015-02-18 00:50:43,114 - INFO - merge_sort - ****RUN_PARALLEL()****
2015-02-18 00:50:43,114 - INFO - merge_sort - # processes       : 2
2015-02-18 00:50:43,115 - INFO - merge_sort - input data       : [0, 14, 5, 6, 3, 9, 2, 2, 7, 9, 2, 9, 6, 16, 1, 16]
2015-02-18 00:50:43,115 - INFO - merge_sort - result           : [0, 1, 2, 2, 2, 3, 5, 6, 6, 7, 9, 9, 9, 14, 16, 16]
2015-02-18 00:50:43,117 - INFO - psim - pid for 1 is 26340
2015-02-18 00:50:43,117 - INFO - merge_sort - 1 scattering to all [0, 14, 5, 6, 3, 9, 2, 2, 7, 9, 2, 9, 6, 16, 1, 16]
2015-02-18 00:50:43,117 - INFO - psim - pid for 0 is 26329
2015-02-18 00:50:43,118 - INFO - merge_sort - 0 scattering to all [0, 14, 5, 6, 3, 9, 2, 2, 7, 9, 2, 9, 6, 16, 1, 16]
2015-02-18 00:50:43,118 - INFO - psim - pid for 3 is 26342
2015-02-18 00:50:43,119 - INFO - merge_sort - 3 scattering to all [0, 14, 5, 6, 3, 9, 2, 2, 7, 9, 2, 9, 6, 16, 1, 16]
2015-02-18 00:50:43,119 - INFO - psim - pid for 2 is 26341
2015-02-18 00:50:43,119 - INFO - merge_sort - 2 scattering to all [0, 14, 5, 6, 3, 9, 2, 2, 7, 9, 2, 9, 6, 16, 1, 16]
2015-02-18 00:50:43,121 - INFO - merge_sort - ****RUN_PARALLEL()****
2015-02-18 00:50:43,121 - INFO - merge_sort - # processes       : 4
2015-02-18 00:50:43,121 - INFO - merge_sort - input data       : [0, 14, 5, 6, 3, 9, 2, 2, 7, 9, 2, 9, 6, 16, 1, 16]
2015-02-18 00:50:43,121 - INFO - merge_sort - result           : [0, 1, 2, 2, 2, 3, 5, 6, 6, 7, 9, 9, 9, 14, 16, 16]
2015-02-18 00:50:43,123 - INFO - psim - pid for 1 is 26343
2015-02-18 00:50:43,124 - INFO - psim - pid for 2 is 26344
2015-02-18 00:50:43,125 - INFO - merge_sort - 2 scattering to all [0, 14, 5, 6, 3, 9, 2, 2, 7, 9, 2, 9, 6, 16, 1, 16]
2015-02-18 00:50:43,125 - INFO - merge_sort - 1 scattering to all [0, 14, 5, 6, 3, 9, 2, 2, 7, 9, 2, 9, 6, 16, 1, 16]
2015-02-18 00:50:43,126 - INFO - psim - pid for 6 is 26348
2015-02-18 00:50:43,126 - INFO - psim - pid for 0 is 26329
2015-02-18 00:50:43,126 - INFO - merge_sort - 6 scattering to all [0, 14, 5, 6, 3, 9, 2, 2, 7, 9, 2, 9, 6, 16, 1, 16]
2015-02-18 00:50:43,126 - INFO - merge_sort - 0 scattering to all [0, 14, 5, 6, 3, 9, 2, 2, 7, 9, 2, 9, 6, 16, 1, 16]
2015-02-18 00:50:43,129 - INFO - psim - pid for 7 is 26349
2015-02-18 00:50:43,129 - INFO - psim - pid for 4 is 26346
2015-02-18 00:50:43,130 - INFO - merge_sort - 4 scattering to all [0, 14, 5, 6, 3, 9, 2, 2, 7, 9, 2, 9, 6, 16, 1, 16]
2015-02-18 00:50:43,130 - INFO - merge_sort - 5 scattering to all [0, 14, 5, 6, 3, 9, 2, 2, 7, 9, 2, 9, 6, 16, 1, 16]
2015-02-18 00:50:43,130 - INFO - merge_sort - 7 scattering to all [0, 14, 5, 6, 3, 9, 2, 2, 7, 9, 2, 9, 6, 16, 1, 16]
2015-02-18 00:50:43,131 - INFO - psim - pid for 3 is 26345
2015-02-18 00:50:43,131 - INFO - merge_sort - 3 scattering to all [0, 14, 5, 6, 3, 9, 2, 2, 7, 9, 2, 9, 6, 16, 1, 16]
2015-02-18 00:50:43,135 - INFO - merge_sort - ****RUN_PARALLEL()****
2015-02-18 00:50:43,135 - INFO - merge_sort - # processes       : 8
2015-02-18 00:50:43,136 - INFO - merge_sort - input data       : [0, 14, 5, 6, 3, 9, 2, 2, 7, 9, 2, 9, 6, 16, 1, 16]
2015-02-18 00:50:43,136 - INFO - merge_sort - result           : [0, 1, 2, 2, 2, 3, 5, 6, 6, 7, 9, 9, 9, 14, 16, 16]
2015-02-18 00:50:43,138 - INFO - psim - pid for 1 is 26350
2015-02-18 00:50:43,139 - INFO - merge_sort - 1 scattering to all [0, 14, 5, 6, 3, 9, 2, 2, 7, 9, 2, 9, 6, 16, 1, 16]
2015-02-18 00:50:43,142 - INFO - psim - pid for 3 is 26352
2015-02-18 00:50:43,142 - INFO - merge_sort - 3 scattering to all [0, 14, 5, 6, 3, 9, 2, 2, 7, 9, 2, 9, 6, 16, 1, 16]
2015-02-18 00:50:43,143 - INFO - psim - pid for 4 is 26353
2015-02-18 00:50:43,144 - INFO - merge_sort - 4 scattering to all [0, 14, 5, 6, 3, 9, 2, 2, 7, 9, 2, 9, 6, 16, 1, 16]
2015-02-18 00:50:43,145 - INFO - psim - pid for 5 is 26354
2015-02-18 00:50:43,147 - INFO - psim - pid for 7 is 26356
2015-02-18 00:50:43,147 - INFO - merge_sort - 7 scattering to all [0, 14, 5, 6, 3, 9, 2, 2, 7, 9, 2, 9, 6, 16, 1, 16]
2015-02-18 00:50:43,148 - INFO - psim - pid for 2 is 26351
2015-02-18 00:50:43,148 - INFO - psim - pid for 8 is 26357
2015-02-18 00:50:43,145 - INFO - merge_sort - 5 scattering to all [0, 14, 5, 6, 3, 9, 2, 2, 7, 9, 2, 9, 6, 16, 1, 16]
2015-02-18 00:50:43,148 - INFO - merge_sort - 8 scattering to all [0, 14, 5, 6, 3, 9, 2, 2, 7, 9, 2, 9, 6, 16, 1, 16]
2015-02-18 00:50:43,150 - INFO - psim - pid for 10 is 26359
2015-02-18 00:50:43,150 - INFO - merge_sort - 10 scattering to all [0, 14, 5, 6, 3, 9, 2, 2, 7, 9, 2, 9, 6, 16, 1, 16]
2015-02-18 00:50:43,152 - INFO - psim - pid for 12 is 26361
2015-02-18 00:50:43,152 - INFO - merge_sort - 12 scattering to all [0, 14, 5, 6, 3, 9, 2, 2, 7, 9, 2, 9, 6, 16, 1, 16]
2015-02-18 00:50:43,152 - INFO - psim - pid for 6 is 26355
2015-02-18 00:50:43,153 - INFO - merge_sort - 6 scattering to all [0, 14, 5, 6, 3, 9, 2, 2, 7, 9, 2, 9, 6, 16, 1, 16]
2015-02-18 00:50:43,148 - INFO - merge_sort - 2 scattering to all [0, 14, 5, 6, 3, 9, 2, 2, 7, 9, 2, 9, 6, 16, 1, 16]
2015-02-18 00:50:43,153 - INFO - psim - pid for 13 is 26362
2015-02-18 00:50:43,154 - INFO - psim - pid for 9 is 26358
2015-02-18 00:50:43,154 - INFO - merge_sort - 9 scattering to all [0, 14, 5, 6, 3, 9, 2, 2, 7, 9, 2, 9, 6, 16, 1, 16]
2015-02-18 00:50:43,153 - INFO - merge_sort - 13 scattering to all [0, 14, 5, 6, 3, 9, 2, 2, 7, 9, 2, 9, 6, 16, 1, 16]
2015-02-18 00:50:43,155 - INFO - psim - pid for 14 is 26363
2015-02-18 00:50:43,156 - INFO - merge_sort - 14 scattering to all [0, 14, 5, 6, 3, 9, 2, 2, 7, 9, 2, 9, 6, 16, 1, 16]
2015-02-18 00:50:43,156 - INFO - psim - pid for 11 is 26360
2015-02-18 00:50:43,156 - INFO - merge_sort - 11 scattering to all [0, 14, 5, 6, 3, 9, 2, 2, 7, 9, 2, 9, 6, 16, 1, 16]
2015-02-18 00:50:43,158 - INFO - psim - pid for 0 is 26329
2015-02-18 00:50:43,158 - INFO - psim - pid for 15 is 26364
2015-02-18 00:50:43,158 - INFO - merge_sort - 0 scattering to all [0, 14, 5, 6, 3, 9, 2, 2, 7, 9, 2, 9, 6, 16, 1, 16]
2015-02-18 00:50:43,158 - INFO - merge_sort - 15 scattering to all [0, 14, 5, 6, 3, 9, 2, 2, 7, 9, 2, 9, 6, 16, 1, 16]
2015-02-18 00:50:43,178 - INFO - merge_sort - ****RUN_PARALLEL()****
2015-02-18 00:50:43,179 - INFO - merge_sort - # processes       : 16
2015-02-18 00:50:43,179 - INFO - merge_sort - input data       : [0, 14, 5, 6, 3, 9, 2, 2, 7, 9, 2, 9, 6, 16, 1, 16]
2015-02-18 00:50:43,179 - INFO - merge_sort - result           : [0, 1, 2, 2, 2, 3, 5, 6, 6, 7, 9, 9, 9, 14, 16, 16]
2015-02-18 00:50:43,499 - INFO - merge_sort - log_payload: {'log_owner': '1', 'simulation': 62}
2015-02-18 00:50:43,499 - INFO - merge_sort - plot_payload: {'plot_owner': '1', 'simulation': 62}
2015-02-18 00:50:43,499 - INFO - merge_sort - main: END
