2015-02-20 16:14:36,426 - INFO - log - ****floating_point_add****
****SYSTEM INFORMATION****
2015-02-20 16:14:36,426 - INFO - log - Python version    : 2.7.3
2015-02-20 16:14:36,427 - INFO - log - compiler          : GCC 4.7.2
2015-02-20 16:14:36,427 - INFO - log - system            : Linux
2015-02-20 16:14:36,427 - INFO - log - release           : 3.2.0-4-686-pae
2015-02-20 16:14:36,427 - INFO - log - machine           : i686
2015-02-20 16:14:36,427 - INFO - log - cpu's             : 2
2015-02-20 16:14:36,427 - INFO - log - interpreter       : 32bit
2015-02-20 16:14:36,427 - INFO - log - node              : crunchbang
2015-02-20 16:14:36,427 - INFO - log - platform          : Linux-3.2.0-4-686-pae-i686-with-debian-7.8
2015-02-20 16:14:36,427 - INFO - log - main: START
2015-02-20 16:14:36,430 - INFO - log - ****Run serial****
2015-02-20 16:14:36,430 - INFO - log - input data       : 416620
2015-02-20 16:14:36,639 - INFO - log - head of a         : [0.23646260666850927, 0.8139536411446924, 0.9026624422195496, 0.17459547304627787, 0.06192052412680926]
2015-02-20 16:14:36,640 - INFO - log - head of b         : [0.46679368066325544, 0.23886216808291239, 0.9627242172962527, 0.995544740283394, 0.42605288888047554]
2015-02-20 16:14:36,640 - INFO - log - data size         : 416620
2015-02-20 16:14:36,640 - INFO - log - result            : 104278.772515
2015-02-20 16:14:36,649 - INFO - log - PSim: initialized PSim
2015-02-20 16:14:36,649 - INFO - log - START: creating 2 parallel processes
2015-02-20 16:14:36,651 - INFO - log - pid for 0 is 20536
2015-02-20 16:14:36,651 - INFO - log - pid for 0 is 20536
2015-02-20 16:14:36,651 - INFO - log - START: done.
2015-02-20 16:14:36,651 - INFO - log - pid for 1 is 20546
2015-02-20 16:14:36,651 - INFO - log - ****Run parallel (2)****
2015-02-20 16:14:36,651 - INFO - log - pid for 1 is 20546
2015-02-20 16:14:36,651 - INFO - log - input data       : 416620
2015-02-20 16:14:36,787 - INFO - log - head of a         : [0.25016050591936945, 0.7163912988158774, 0.2970336665410632, 0.6238135587262885, 0.15863826791493207]
2015-02-20 16:14:36,788 - INFO - log - head of b         : [0.05112263976488185, 0.9658973006932511, 0.6585645080957101, 0.6151581708058571, 0.3598316595988018]
2015-02-20 16:14:36,788 - INFO - log - data size         : 416620
2015-02-20 16:14:36,788 - INFO - log - # processes       : 2.000000
2015-02-20 16:14:38,711 - INFO - log - result            : 103926.108679
2015-02-20 16:14:38,721 - INFO - log - PSim: initialized PSim
2015-02-20 16:14:38,721 - INFO - log - START: creating 3 parallel processes
2015-02-20 16:14:38,724 - INFO - log - pid for 1 is 20548
2015-02-20 16:14:38,724 - INFO - log - pid for 0 is 20536
2015-02-20 16:14:38,724 - INFO - log - pid for 1 is 20548
2015-02-20 16:14:38,724 - INFO - log - START: done.
2015-02-20 16:14:38,724 - INFO - log - ****Run parallel (3)****
2015-02-20 16:14:38,724 - INFO - log - input data       : 416620
2015-02-20 16:14:38,725 - INFO - log - pid for 2 is 20549
2015-02-20 16:14:38,725 - INFO - log - pid for 2 is 20549
2015-02-20 16:14:38,859 - INFO - log - head of a         : [0.5410790076385996, 0.9285635840031593, 0.3018097178507676, 0.5237767930238904, 0.7211269547196774]
2015-02-20 16:14:38,860 - INFO - log - head of b         : [0.08761811383851914, 0.8866581021911778, 0.19665293565362196, 0.8503271147404498, 0.6392161341274384]
2015-02-20 16:14:38,860 - INFO - log - data size         : 416620
2015-02-20 16:14:38,860 - INFO - log - # processes       : 3.000000
2015-02-20 16:14:41,341 - INFO - log - result            : 104111.078850
2015-02-20 16:14:41,351 - INFO - log - PSim: initialized PSim
2015-02-20 16:14:41,351 - INFO - log - START: creating 4 parallel processes
2015-02-20 16:14:41,354 - INFO - log - pid for 1 is 20550
2015-02-20 16:14:41,354 - INFO - log - pid for 0 is 20536
2015-02-20 16:14:41,355 - INFO - log - pid for 0 is 20536
2015-02-20 16:14:41,355 - INFO - log - START: done.
2015-02-20 16:14:41,355 - INFO - log - ****Run parallel (4)****
2015-02-20 16:14:41,355 - INFO - log - pid for 3 is 20552
2015-02-20 16:14:41,355 - INFO - log - input data       : 416620
2015-02-20 16:14:41,355 - INFO - log - pid for 3 is 20552
2015-02-20 16:14:41,354 - INFO - log - pid for 1 is 20550
2015-02-20 16:14:41,357 - INFO - log - pid for 2 is 20551
2015-02-20 16:14:41,367 - INFO - log - pid for 2 is 20551
2015-02-20 16:14:41,523 - INFO - log - head of a         : [0.05501939303198988, 0.07784513033406115, 0.2600467624648346, 0.98293602223844, 0.7528393593156106]
2015-02-20 16:14:41,524 - INFO - log - head of b         : [0.9560497666722481, 0.162751772083638, 0.3850764616164237, 0.4523692057101356, 0.2933173934609149]
2015-02-20 16:14:41,524 - INFO - log - data size         : 416620
2015-02-20 16:14:41,524 - INFO - log - # processes       : 4.000000
2015-02-20 16:14:44,378 - INFO - log - result            : 104171.240727
2015-02-20 16:14:44,389 - INFO - log - PSim: initialized PSim
2015-02-20 16:14:44,389 - INFO - log - START: creating 6 parallel processes
2015-02-20 16:14:44,392 - INFO - log - pid for 1 is 20554
2015-02-20 16:14:44,392 - INFO - log - pid for 1 is 20554
2015-02-20 16:14:44,393 - INFO - log - pid for 3 is 20556
2015-02-20 16:14:44,394 - INFO - log - pid for 3 is 20556
2015-02-20 16:14:44,394 - INFO - log - pid for 0 is 20536
2015-02-20 16:14:44,394 - INFO - log - pid for 0 is 20536
2015-02-20 16:14:44,395 - INFO - log - START: done.
2015-02-20 16:14:44,395 - INFO - log - ****Run parallel (6)****
2015-02-20 16:14:44,395 - INFO - log - input data       : 416620
2015-02-20 16:14:44,395 - INFO - log - pid for 4 is 20557
2015-02-20 16:14:44,396 - INFO - log - pid for 4 is 20557
2015-02-20 16:14:44,397 - INFO - log - pid for 5 is 20558
2015-02-20 16:14:44,398 - INFO - log - pid for 5 is 20558
2015-02-20 16:14:44,399 - INFO - log - pid for 2 is 20555
2015-02-20 16:14:44,410 - INFO - log - pid for 2 is 20555
2015-02-20 16:14:44,543 - INFO - log - head of a         : [0.08732570305351717, 0.6847017416502854, 0.8497721006531961, 0.8277718392870053, 0.09581575227926242]
2015-02-20 16:14:44,543 - INFO - log - head of b         : [0.34592904287529413, 0.35187786567005175, 0.016060648813011724, 0.9191539263845663, 0.4894099265692984]
2015-02-20 16:14:44,544 - INFO - log - data size         : 416620
2015-02-20 16:14:44,544 - INFO - log - # processes       : 6.000000
2015-02-20 16:14:47,710 - INFO - log - result            : 104348.145275
2015-02-20 16:14:48,066 - INFO - log - log_payload: {'log_owner': '1', 'simulation': 94}
2015-02-20 16:14:48,066 - INFO - log - plot_payload: {'plot_owner': '1', 'simulation': 94}
2015-02-20 16:14:48,066 - INFO - log - main: END
