2015-02-20 16:07:32,986 - INFO - log - ****SYSTEM INFORMATION****
2015-02-20 16:07:32,986 - INFO - log - Python version    : 2.7.3
2015-02-20 16:07:32,987 - INFO - log - compiler          : GCC 4.7.2
2015-02-20 16:07:32,987 - INFO - log - system            : Linux
2015-02-20 16:07:32,987 - INFO - log - release           : 3.2.0-4-686-pae
2015-02-20 16:07:32,987 - INFO - log - machine           : i686
2015-02-20 16:07:32,987 - INFO - log - cpu's             : 2
2015-02-20 16:07:32,987 - INFO - log - interpreter       : 32bit
2015-02-20 16:07:32,987 - INFO - log - node              : crunchbang
2015-02-20 16:07:32,987 - INFO - log - platform          : Linux-3.2.0-4-686-pae-i686-with-debian-7.8
2015-02-20 16:07:32,987 - INFO - log - main: START
2015-02-20 16:07:32,989 - INFO - log - ****Run serial****
2015-02-20 16:07:32,989 - INFO - log - input data       : 416620
2015-02-20 16:07:33,240 - INFO - log - head of a         : [0.7627966764800176, 0.9533743212496445, 0.7445826121200837, 0.974246601939422, 0.35647701221477124]
2015-02-20 16:07:33,240 - INFO - log - head of b         : [0.4740410327436776, 0.9876868462603662, 0.06173216464352249, 0.07363757163783746, 0.9759209238422906]
2015-02-20 16:07:33,240 - INFO - log - data size         : 416620
2015-02-20 16:07:33,240 - INFO - log - result            : 104317.875005
2015-02-20 16:07:33,251 - INFO - log - PSim_mp: initialized PSim_mp
2015-02-20 16:07:33,251 - INFO - log - START: creating 2 parallel processes
2015-02-20 16:07:33,254 - INFO - log - pid for 0 is 20017
2015-02-20 16:07:33,255 - INFO - log - pid for 0 is 20017
2015-02-20 16:07:33,255 - INFO - log - START: done.
2015-02-20 16:07:33,255 - INFO - log - pid for 1 is 20027
2015-02-20 16:07:33,255 - INFO - log - ****Run parallel (2)****
2015-02-20 16:07:33,255 - INFO - log - pid for 1 is 20027
2015-02-20 16:07:33,255 - INFO - log - input data       : 416620
2015-02-20 16:07:33,417 - INFO - log - head of a         : [0.027138991250229227, 0.33535087388596274, 0.9764814299550068, 0.807467387072382, 0.01441289329794504]
2015-02-20 16:07:33,417 - INFO - log - head of b         : [0.45892848645464446, 0.6754165584050578, 0.903024926916525, 0.13577447741824755, 0.5531041273455287]
2015-02-20 16:07:33,417 - INFO - log - data size         : 416620
2015-02-20 16:07:33,417 - INFO - log - # processes       : 2.000000
2015-02-20 16:07:35,353 - INFO - log - result            : 104134.382205
2015-02-20 16:07:35,362 - INFO - log - PSim_mp: initialized PSim_mp
2015-02-20 16:07:35,362 - INFO - log - START: creating 3 parallel processes
2015-02-20 16:07:35,365 - INFO - log - pid for 1 is 20028
2015-02-20 16:07:35,365 - INFO - log - pid for 1 is 20028
2015-02-20 16:07:35,365 - INFO - log - START: done.
2015-02-20 16:07:35,366 - INFO - log - ****Run parallel (3)****
2015-02-20 16:07:35,366 - INFO - log - input data       : 416620
2015-02-20 16:07:35,366 - INFO - log - pid for 2 is 20029
2015-02-20 16:07:35,366 - INFO - log - pid for 2 is 20029
2015-02-20 16:07:35,511 - INFO - log - head of a         : [0.8167430053530048, 0.017961154107252075, 0.21130691067556495, 0.5259988003715581, 0.5473387973125681]
2015-02-20 16:07:35,511 - INFO - log - head of b         : [0.42730998337858583, 0.7348673635127034, 0.559648072052825, 0.8967419359556885, 0.4851568699207286]
2015-02-20 16:07:35,511 - INFO - log - data size         : 416620
2015-02-20 16:07:35,511 - INFO - log - # processes       : 3.000000
2015-02-20 16:07:38,037 - INFO - log - result            : 103920.970276
2015-02-20 16:07:38,049 - INFO - log - PSim_mp: initialized PSim_mp
2015-02-20 16:07:38,049 - INFO - log - START: creating 4 parallel processes
2015-02-20 16:07:38,052 - INFO - log - pid for 1 is 20031
2015-02-20 16:07:38,052 - INFO - log - pid for 1 is 20031
2015-02-20 16:07:38,053 - INFO - log - pid for 0 is 20017
2015-02-20 16:07:38,053 - INFO - log - pid for 0 is 20017
2015-02-20 16:07:38,053 - INFO - log - START: done.
2015-02-20 16:07:38,053 - INFO - log - ****Run parallel (4)****
2015-02-20 16:07:38,053 - INFO - log - input data       : 416620
2015-02-20 16:07:38,053 - INFO - log - pid for 3 is 20033
2015-02-20 16:07:38,054 - INFO - log - pid for 3 is 20033
2015-02-20 16:07:38,054 - INFO - log - pid for 2 is 20032
2015-02-20 16:07:38,055 - INFO - log - pid for 2 is 20032
2015-02-20 16:07:38,192 - INFO - log - head of a         : [0.45326345996536177, 0.1602008154161505, 0.15906108055549317, 0.44142477615437303, 0.058772500680174034]
2015-02-20 16:07:38,192 - INFO - log - head of b         : [0.9715408089318603, 0.008322815750240298, 0.6382017223107376, 0.19099060668441414, 0.7391574145264351]
2015-02-20 16:07:38,193 - INFO - log - data size         : 416620
2015-02-20 16:07:38,193 - INFO - log - # processes       : 4.000000
2015-02-20 16:07:41,095 - INFO - log - result            : 104117.079021
2015-02-20 16:07:41,105 - INFO - log - PSim_mp: initialized PSim_mp
2015-02-20 16:07:41,105 - INFO - log - START: creating 6 parallel processes
2015-02-20 16:07:41,108 - INFO - log - pid for 1 is 20035
2015-02-20 16:07:41,108 - INFO - log - pid for 1 is 20035
2015-02-20 16:07:41,109 - INFO - log - pid for 3 is 20037
2015-02-20 16:07:41,110 - INFO - log - pid for 3 is 20037
2015-02-20 16:07:41,110 - INFO - log - pid for 0 is 20017
2015-02-20 16:07:41,111 - INFO - log - pid for 0 is 20017
2015-02-20 16:07:41,111 - INFO - log - START: done.
2015-02-20 16:07:41,111 - INFO - log - ****Run parallel (6)****
2015-02-20 16:07:41,111 - INFO - log - input data       : 416620
2015-02-20 16:07:41,111 - INFO - log - pid for 2 is 20036
2015-02-20 16:07:41,112 - INFO - log - pid for 2 is 20036
2015-02-20 16:07:41,119 - INFO - log - pid for 5 is 20039
2015-02-20 16:07:41,120 - INFO - log - pid for 5 is 20039
2015-02-20 16:07:41,120 - INFO - log - pid for 4 is 20038
2015-02-20 16:07:41,121 - INFO - log - pid for 4 is 20038
2015-02-20 16:07:41,267 - INFO - log - head of a         : [0.12069433442048094, 0.5905647799213052, 0.7684480061590989, 0.4898502238650554, 0.6140692324786697]
2015-02-20 16:07:41,267 - INFO - log - head of b         : [0.7240621333577872, 0.02282268537905474, 0.0030490666129509014, 0.7453732606933069, 0.8530570620350652]
2015-02-20 16:07:41,267 - INFO - log - data size         : 416620
2015-02-20 16:07:41,267 - INFO - log - # processes       : 6.000000
2015-02-20 16:07:44,348 - INFO - log - result            : 104105.232885
2015-02-20 16:07:44,747 - INFO - log - log_payload: {'log_owner': '1', 'simulation': 92}
2015-02-20 16:07:44,747 - INFO - log - plot_payload: {'plot_owner': '1', 'simulation': 92}
2015-02-20 16:07:44,747 - INFO - log - main: END
