2015-02-18 00:35:07,149 - INFO - log - ****SYSTEM INFORMATION****
2015-02-18 00:35:07,150 - INFO - log - Python version    : 2.7.3
2015-02-18 00:35:07,150 - INFO - log - compiler          : GCC 4.7.2
2015-02-18 00:35:07,150 - INFO - log - system            : Linux
2015-02-18 00:35:07,150 - INFO - log - release           : 3.2.0-4-686-pae
2015-02-18 00:35:07,150 - INFO - log - machine           : i686
2015-02-18 00:35:07,150 - INFO - log - cpu's             : 2
2015-02-18 00:35:07,150 - INFO - log - interpreter       : 32bit
2015-02-18 00:35:07,150 - INFO - log - node              : crunchbang
2015-02-18 00:35:07,150 - INFO - log - platform          : Linux-3.2.0-4-686-pae-i686-with-debian-7.8
2015-02-18 00:35:07,150 - INFO - merge_sort - main: START
2015-02-18 00:35:07,152 - INFO - merge_sort - ****RUN_SERIAL()****
2015-02-18 00:35:07,152 - INFO - merge_sort - input data       : ['k', 'n', 'd', 's', 'e', 'i', 'a', 'i', 'z', 'z', 't', 'a', 'y', 'w', 'u', 'e', 'c', 'k', 'x', 'p', 't', 'g', 'n', 's', 'v', 'u', 'b', 'g', 'b', 'f', 'd', 'b']
2015-02-18 00:35:07,153 - INFO - merge_sort - result            : ['a', 'a', 'b', 'b', 'b', 'c', 'd', 'd', 'e', 'e', 'f', 'g', 'g', 'i', 'i', 'k', 'k', 'n', 'n', 'p', 's', 's', 't', 't', 'u', 'u', 'v', 'w', 'x', 'y', 'z', 'z']
2015-02-18 00:35:07,156 - INFO - psim - pid for 0 is 25309
2015-02-18 00:35:07,157 - INFO - merge_sort - 0 scattering to all ['k', 'n', 'd', 's', 'e', 'i', 'a', 'i', 'z', 'z', 't', 'a', 'y', 'w', 'u', 'e', 'c', 'k', 'x', 'p', 't', 'g', 'n', 's', 'v', 'u', 'b', 'g', 'b', 'f', 'd', 'b']
2015-02-18 00:35:07,159 - INFO - psim - pid for 1 is 25319
2015-02-18 00:35:07,159 - INFO - merge_sort - 1 scattering to all ['k', 'n', 'd', 's', 'e', 'i', 'a', 'i', 'z', 'z', 't', 'a', 'y', 'w', 'u', 'e', 'c', 'k', 'x', 'p', 't', 'g', 'n', 's', 'v', 'u', 'b', 'g', 'b', 'f', 'd', 'b']
2015-02-18 00:35:07,160 - INFO - merge_sort - ****RUN_PARALLEL()****
2015-02-18 00:35:07,160 - INFO - merge_sort - # processes       : 2
2015-02-18 00:35:07,160 - INFO - merge_sort - input data       : ['k', 'n', 'd', 's', 'e', 'i', 'a', 'i', 'z', 'z', 't', 'a', 'y', 'w', 'u', 'e', 'c', 'k', 'x', 'p', 't', 'g', 'n', 's', 'v', 'u', 'b', 'g', 'b', 'f', 'd', 'b']
2015-02-18 00:35:07,160 - INFO - merge_sort - result           : ['a', 'a', 'b', 'b', 'b', 'c', 'd', 'd', 'e', 'e', 'f', 'g', 'g', 'i', 'i', 'k', 'k', 'n', 'n', 'p', 's', 's', 't', 't', 'u', 'u', 'v', 'w', 'x', 'y', 'z', 'z']
2015-02-18 00:35:07,165 - INFO - psim - pid for 0 is 25309
2015-02-18 00:35:07,165 - INFO - psim - pid for 3 is 25322
2015-02-18 00:35:07,166 - INFO - merge_sort - 0 scattering to all ['k', 'n', 'd', 's', 'e', 'i', 'a', 'i', 'z', 'z', 't', 'a', 'y', 'w', 'u', 'e', 'c', 'k', 'x', 'p', 't', 'g', 'n', 's', 'v', 'u', 'b', 'g', 'b', 'f', 'd', 'b']
2015-02-18 00:35:07,166 - INFO - merge_sort - 3 scattering to all ['k', 'n', 'd', 's', 'e', 'i', 'a', 'i', 'z', 'z', 't', 'a', 'y', 'w', 'u', 'e', 'c', 'k', 'x', 'p', 't', 'g', 'n', 's', 'v', 'u', 'b', 'g', 'b', 'f', 'd', 'b']
2015-02-18 00:35:07,167 - INFO - psim - pid for 2 is 25321
2015-02-18 00:35:07,167 - INFO - psim - pid for 1 is 25320
2015-02-18 00:35:07,167 - INFO - merge_sort - 1 scattering to all ['k', 'n', 'd', 's', 'e', 'i', 'a', 'i', 'z', 'z', 't', 'a', 'y', 'w', 'u', 'e', 'c', 'k', 'x', 'p', 't', 'g', 'n', 's', 'v', 'u', 'b', 'g', 'b', 'f', 'd', 'b']
2015-02-18 00:35:07,168 - INFO - merge_sort - 2 scattering to all ['k', 'n', 'd', 's', 'e', 'i', 'a', 'i', 'z', 'z', 't', 'a', 'y', 'w', 'u', 'e', 'c', 'k', 'x', 'p', 't', 'g', 'n', 's', 'v', 'u', 'b', 'g', 'b', 'f', 'd', 'b']
2015-02-18 00:35:07,169 - INFO - merge_sort - ****RUN_PARALLEL()****
2015-02-18 00:35:07,169 - INFO - merge_sort - # processes       : 4
2015-02-18 00:35:07,169 - INFO - merge_sort - input data       : ['k', 'n', 'd', 's', 'e', 'i', 'a', 'i', 'z', 'z', 't', 'a', 'y', 'w', 'u', 'e', 'c', 'k', 'x', 'p', 't', 'g', 'n', 's', 'v', 'u', 'b', 'g', 'b', 'f', 'd', 'b']
2015-02-18 00:35:07,170 - INFO - merge_sort - result           : ['a', 'a', 'b', 'b', 'b', 'c', 'd', 'd', 'e', 'e', 'f', 'g', 'g', 'i', 'i', 'k', 'k', 'n', 'n', 'p', 's', 's', 't', 't', 'u', 'u', 'v', 'w', 'x', 'y', 'z', 'z']
2015-02-18 00:35:07,175 - INFO - psim - pid for 1 is 25323
2015-02-18 00:35:07,175 - INFO - merge_sort - 1 scattering to all ['k', 'n', 'd', 's', 'e', 'i', 'a', 'i', 'z', 'z', 't', 'a', 'y', 'w', 'u', 'e', 'c', 'k', 'x', 'p', 't', 'g', 'n', 's', 'v', 'u', 'b', 'g', 'b', 'f', 'd', 'b']
2015-02-18 00:35:07,176 - INFO - psim - pid for 3 is 25325
2015-02-18 00:35:07,177 - INFO - merge_sort - 3 scattering to all ['k', 'n', 'd', 's', 'e', 'i', 'a', 'i', 'z', 'z', 't', 'a', 'y', 'w', 'u', 'e', 'c', 'k', 'x', 'p', 't', 'g', 'n', 's', 'v', 'u', 'b', 'g', 'b', 'f', 'd', 'b']
2015-02-18 00:35:07,177 - INFO - psim - pid for 4 is 25326
2015-02-18 00:35:07,178 - INFO - merge_sort - 4 scattering to all ['k', 'n', 'd', 's', 'e', 'i', 'a', 'i', 'z', 'z', 't', 'a', 'y', 'w', 'u', 'e', 'c', 'k', 'x', 'p', 't', 'g', 'n', 's', 'v', 'u', 'b', 'g', 'b', 'f', 'd', 'b']
2015-02-18 00:35:07,178 - INFO - psim - pid for 0 is 25309
2015-02-18 00:35:07,179 - INFO - merge_sort - 0 scattering to all ['k', 'n', 'd', 's', 'e', 'i', 'a', 'i', 'z', 'z', 't', 'a', 'y', 'w', 'u', 'e', 'c', 'k', 'x', 'p', 't', 'g', 'n', 's', 'v', 'u', 'b', 'g', 'b', 'f', 'd', 'b']
2015-02-18 00:35:07,182 - INFO - psim - pid for 6 is 25328
2015-02-18 00:35:07,182 - INFO - psim - pid for 2 is 25324
2015-02-18 00:35:07,183 - INFO - merge_sort - 6 scattering to all ['k', 'n', 'd', 's', 'e', 'i', 'a', 'i', 'z', 'z', 't', 'a', 'y', 'w', 'u', 'e', 'c', 'k', 'x', 'p', 't', 'g', 'n', 's', 'v', 'u', 'b', 'g', 'b', 'f', 'd', 'b']
2015-02-18 00:35:07,183 - INFO - merge_sort - 2 scattering to all ['k', 'n', 'd', 's', 'e', 'i', 'a', 'i', 'z', 'z', 't', 'a', 'y', 'w', 'u', 'e', 'c', 'k', 'x', 'p', 't', 'g', 'n', 's', 'v', 'u', 'b', 'g', 'b', 'f', 'd', 'b']
2015-02-18 00:35:07,183 - INFO - psim - pid for 7 is 25329
2015-02-18 00:35:07,184 - INFO - merge_sort - 7 scattering to all ['k', 'n', 'd', 's', 'e', 'i', 'a', 'i', 'z', 'z', 't', 'a', 'y', 'w', 'u', 'e', 'c', 'k', 'x', 'p', 't', 'g', 'n', 's', 'v', 'u', 'b', 'g', 'b', 'f', 'd', 'b']
2015-02-18 00:35:07,184 - INFO - psim - pid for 5 is 25327
2015-02-18 00:35:07,184 - INFO - merge_sort - 5 scattering to all ['k', 'n', 'd', 's', 'e', 'i', 'a', 'i', 'z', 'z', 't', 'a', 'y', 'w', 'u', 'e', 'c', 'k', 'x', 'p', 't', 'g', 'n', 's', 'v', 'u', 'b', 'g', 'b', 'f', 'd', 'b']
2015-02-18 00:35:07,191 - INFO - merge_sort - ****RUN_PARALLEL()****
2015-02-18 00:35:07,191 - INFO - merge_sort - # processes       : 8
2015-02-18 00:35:07,192 - INFO - merge_sort - input data       : ['k', 'n', 'd', 's', 'e', 'i', 'a', 'i', 'z', 'z', 't', 'a', 'y', 'w', 'u', 'e', 'c', 'k', 'x', 'p', 't', 'g', 'n', 's', 'v', 'u', 'b', 'g', 'b', 'f', 'd', 'b']
2015-02-18 00:35:07,192 - INFO - merge_sort - result           : ['a', 'a', 'b', 'b', 'b', 'c', 'd', 'd', 'e', 'e', 'f', 'g', 'g', 'i', 'i', 'k', 'k', 'n', 'n', 'p', 's', 's', 't', 't', 'u', 'u', 'v', 'w', 'x', 'y', 'z', 'z']
2015-02-18 00:35:07,194 - INFO - psim - pid for 1 is 25330
2015-02-18 00:35:07,196 - INFO - merge_sort - 1 scattering to all ['k', 'n', 'd', 's', 'e', 'i', 'a', 'i', 'z', 'z', 't', 'a', 'y', 'w', 'u', 'e', 'c', 'k', 'x', 'p', 't', 'g', 'n', 's', 'v', 'u', 'b', 'g', 'b', 'f', 'd', 'b']
2015-02-18 00:35:07,197 - INFO - psim - pid for 2 is 25331
2015-02-18 00:35:07,198 - INFO - merge_sort - 2 scattering to all ['k', 'n', 'd', 's', 'e', 'i', 'a', 'i', 'z', 'z', 't', 'a', 'y', 'w', 'u', 'e', 'c', 'k', 'x', 'p', 't', 'g', 'n', 's', 'v', 'u', 'b', 'g', 'b', 'f', 'd', 'b']
2015-02-18 00:35:07,198 - INFO - psim - pid for 3 is 25332
2015-02-18 00:35:07,199 - INFO - merge_sort - 3 scattering to all ['k', 'n', 'd', 's', 'e', 'i', 'a', 'i', 'z', 'z', 't', 'a', 'y', 'w', 'u', 'e', 'c', 'k', 'x', 'p', 't', 'g', 'n', 's', 'v', 'u', 'b', 'g', 'b', 'f', 'd', 'b']
2015-02-18 00:35:07,200 - INFO - psim - pid for 5 is 25334
2015-02-18 00:35:07,200 - INFO - merge_sort - 5 scattering to all ['k', 'n', 'd', 's', 'e', 'i', 'a', 'i', 'z', 'z', 't', 'a', 'y', 'w', 'u', 'e', 'c', 'k', 'x', 'p', 't', 'g', 'n', 's', 'v', 'u', 'b', 'g', 'b', 'f', 'd', 'b']
2015-02-18 00:35:07,201 - INFO - psim - pid for 7 is 25336
2015-02-18 00:35:07,202 - INFO - merge_sort - 7 scattering to all ['k', 'n', 'd', 's', 'e', 'i', 'a', 'i', 'z', 'z', 't', 'a', 'y', 'w', 'u', 'e', 'c', 'k', 'x', 'p', 't', 'g', 'n', 's', 'v', 'u', 'b', 'g', 'b', 'f', 'd', 'b']
2015-02-18 00:35:07,204 - INFO - psim - pid for 4 is 25333
2015-02-18 00:35:07,205 - INFO - psim - pid for 9 is 25338
2015-02-18 00:35:07,205 - INFO - merge_sort - 4 scattering to all ['k', 'n', 'd', 's', 'e', 'i', 'a', 'i', 'z', 'z', 't', 'a', 'y', 'w', 'u', 'e', 'c', 'k', 'x', 'p', 't', 'g', 'n', 's', 'v', 'u', 'b', 'g', 'b', 'f', 'd', 'b']
2015-02-18 00:35:07,205 - INFO - merge_sort - 9 scattering to all ['k', 'n', 'd', 's', 'e', 'i', 'a', 'i', 'z', 'z', 't', 'a', 'y', 'w', 'u', 'e', 'c', 'k', 'x', 'p', 't', 'g', 'n', 's', 'v', 'u', 'b', 'g', 'b', 'f', 'd', 'b']
2015-02-18 00:35:07,206 - INFO - psim - pid for 8 is 25337
2015-02-18 00:35:07,206 - INFO - psim - pid for 6 is 25335
2015-02-18 00:35:07,207 - INFO - merge_sort - 6 scattering to all ['k', 'n', 'd', 's', 'e', 'i', 'a', 'i', 'z', 'z', 't', 'a', 'y', 'w', 'u', 'e', 'c', 'k', 'x', 'p', 't', 'g', 'n', 's', 'v', 'u', 'b', 'g', 'b', 'f', 'd', 'b']
2015-02-18 00:35:07,208 - INFO - psim - pid for 10 is 25339
2015-02-18 00:35:07,208 - INFO - merge_sort - 10 scattering to all ['k', 'n', 'd', 's', 'e', 'i', 'a', 'i', 'z', 'z', 't', 'a', 'y', 'w', 'u', 'e', 'c', 'k', 'x', 'p', 't', 'g', 'n', 's', 'v', 'u', 'b', 'g', 'b', 'f', 'd', 'b']
2015-02-18 00:35:07,210 - INFO - psim - pid for 11 is 25340
2015-02-18 00:35:07,211 - INFO - merge_sort - 11 scattering to all ['k', 'n', 'd', 's', 'e', 'i', 'a', 'i', 'z', 'z', 't', 'a', 'y', 'w', 'u', 'e', 'c', 'k', 'x', 'p', 't', 'g', 'n', 's', 'v', 'u', 'b', 'g', 'b', 'f', 'd', 'b']
2015-02-18 00:35:07,213 - INFO - psim - pid for 0 is 25309
2015-02-18 00:35:07,214 - INFO - merge_sort - 0 scattering to all ['k', 'n', 'd', 's', 'e', 'i', 'a', 'i', 'z', 'z', 't', 'a', 'y', 'w', 'u', 'e', 'c', 'k', 'x', 'p', 't', 'g', 'n', 's', 'v', 'u', 'b', 'g', 'b', 'f', 'd', 'b']
2015-02-18 00:35:07,214 - INFO - psim - pid for 13 is 25342
2015-02-18 00:35:07,214 - INFO - merge_sort - 13 scattering to all ['k', 'n', 'd', 's', 'e', 'i', 'a', 'i', 'z', 'z', 't', 'a', 'y', 'w', 'u', 'e', 'c', 'k', 'x', 'p', 't', 'g', 'n', 's', 'v', 'u', 'b', 'g', 'b', 'f', 'd', 'b']
2015-02-18 00:35:07,215 - INFO - psim - pid for 12 is 25341
2015-02-18 00:35:07,215 - INFO - merge_sort - 12 scattering to all ['k', 'n', 'd', 's', 'e', 'i', 'a', 'i', 'z', 'z', 't', 'a', 'y', 'w', 'u', 'e', 'c', 'k', 'x', 'p', 't', 'g', 'n', 's', 'v', 'u', 'b', 'g', 'b', 'f', 'd', 'b']
2015-02-18 00:35:07,215 - INFO - psim - pid for 15 is 25344
2015-02-18 00:35:07,216 - INFO - merge_sort - 15 scattering to all ['k', 'n', 'd', 's', 'e', 'i', 'a', 'i', 'z', 'z', 't', 'a', 'y', 'w', 'u', 'e', 'c', 'k', 'x', 'p', 't', 'g', 'n', 's', 'v', 'u', 'b', 'g', 'b', 'f', 'd', 'b']
2015-02-18 00:35:07,216 - INFO - psim - pid for 14 is 25343
2015-02-18 00:35:07,217 - INFO - merge_sort - 14 scattering to all ['k', 'n', 'd', 's', 'e', 'i', 'a', 'i', 'z', 'z', 't', 'a', 'y', 'w', 'u', 'e', 'c', 'k', 'x', 'p', 't', 'g', 'n', 's', 'v', 'u', 'b', 'g', 'b', 'f', 'd', 'b']
2015-02-18 00:35:07,241 - INFO - merge_sort - ****RUN_PARALLEL()****
2015-02-18 00:35:07,241 - INFO - merge_sort - # processes       : 16
2015-02-18 00:35:07,241 - INFO - merge_sort - input data       : ['k', 'n', 'd', 's', 'e', 'i', 'a', 'i', 'z', 'z', 't', 'a', 'y', 'w', 'u', 'e', 'c', 'k', 'x', 'p', 't', 'g', 'n', 's', 'v', 'u', 'b', 'g', 'b', 'f', 'd', 'b']
2015-02-18 00:35:07,241 - INFO - merge_sort - result           : ['a', 'a', 'b', 'b', 'b', 'c', 'd', 'd', 'e', 'e', 'f', 'g', 'g', 'i', 'i', 'k', 'k', 'n', 'n', 'p', 's', 's', 't', 't', 'u', 'u', 'v', 'w', 'x', 'y', 'z', 'z']
2015-02-18 00:35:07,590 - INFO - merge_sort - log_payload: {'log_owner': '1', 'simulation': 57}
2015-02-18 00:35:07,590 - INFO - merge_sort - plot_payload: {'plot_owner': '1', 'simulation': 57}
2015-02-18 00:35:07,591 - INFO - merge_sort - main: END
