2015-02-17 23:12:44,432 - INFO - log - ****SYSTEM INFORMATION****
2015-02-17 23:12:44,432 - INFO - log - Python version    : 2.7.3
2015-02-17 23:12:44,433 - INFO - log - compiler          : GCC 4.7.2
2015-02-17 23:12:44,433 - INFO - log - system            : Linux
2015-02-17 23:12:44,433 - INFO - log - release           : 3.2.0-4-686-pae
2015-02-17 23:12:44,433 - INFO - log - machine           : i686
2015-02-17 23:12:44,433 - INFO - log - cpu's             : 2
2015-02-17 23:12:44,433 - INFO - log - interpreter       : 32bit
2015-02-17 23:12:44,433 - INFO - log - node              : crunchbang
2015-02-17 23:12:44,433 - INFO - log - platform          : Linux-3.2.0-4-686-pae-i686-with-debian-7.8
2015-02-17 23:12:44,433 - INFO - floating_point_add - main: START
2015-02-17 23:12:44,436 - INFO - floating_point_add - ****RUN_SERIAL()****
2015-02-17 23:12:44,634 - INFO - floating_point_add - head of a         : [0.052363598850944326, 0.08718667752263232, 0.4072417636703983, 0.10770023493843905, 0.9011988779516946]
2015-02-17 23:12:44,634 - INFO - floating_point_add - head of b         : [0.10337852557304117, 0.7482590414438126, 0.2966602658868075, 0.27663573664837793, 0.37280621233419053]
2015-02-17 23:12:44,634 - INFO - floating_point_add - data size         : 416620
2015-02-17 23:12:44,634 - INFO - floating_point_add - result            : 104161.766902
2015-02-17 23:12:44,647 - INFO - psim - pid for 0 is 19806
2015-02-17 23:12:44,647 - INFO - floating_point_add - ****RUN_PARALLEL()****
2015-02-17 23:12:44,653 - INFO - psim - pid for 1 is 19817
2015-02-17 23:12:44,793 - INFO - floating_point_add - head of a         : [0.936490220829669, 0.3362744920832319, 0.7432521548687043, 0.7304371286429016, 0.2924864395534613]
2015-02-17 23:12:44,793 - INFO - floating_point_add - head of b         : [0.0750584477497298, 0.37112023596591937, 0.5971897212118924, 0.22696490415711335, 0.7798747205618592]
2015-02-17 23:12:44,793 - INFO - floating_point_add - data size         : 416620
2015-02-17 23:12:44,793 - INFO - floating_point_add - # processes       : 2
2015-02-17 23:12:46,587 - INFO - floating_point_add - result            : 104113.172892
2015-02-17 23:12:46,601 - INFO - psim - pid for 1 is 19818
2015-02-17 23:12:46,602 - INFO - floating_point_add - ****RUN_PARALLEL()****
2015-02-17 23:12:46,602 - INFO - psim - pid for 2 is 19819
2015-02-17 23:12:46,735 - INFO - floating_point_add - head of a         : [0.38309725277611384, 0.6211883921580083, 0.5311190784226615, 0.30256458604473635, 0.32039611483318164]
2015-02-17 23:12:46,735 - INFO - floating_point_add - head of b         : [0.6864247387061077, 0.5277220567094715, 0.07165912698670573, 0.3093263437876824, 0.010424657351857158]
2015-02-17 23:12:46,735 - INFO - floating_point_add - data size         : 416620
2015-02-17 23:12:46,736 - INFO - floating_point_add - # processes       : 3
2015-02-17 23:12:49,187 - INFO - floating_point_add - result            : 104164.593761
2015-02-17 23:12:49,199 - INFO - psim - pid for 1 is 19821
2015-02-17 23:12:49,200 - INFO - psim - pid for 0 is 19806
2015-02-17 23:12:49,201 - INFO - floating_point_add - ****RUN_PARALLEL()****
2015-02-17 23:12:49,201 - INFO - psim - pid for 2 is 19822
2015-02-17 23:12:49,202 - INFO - psim - pid for 3 is 19823
2015-02-17 23:12:49,332 - INFO - floating_point_add - head of a         : [0.03767009127482168, 0.04391284653691607, 0.9854555787388891, 0.44424248724793103, 0.4674719316349756]
2015-02-17 23:12:49,332 - INFO - floating_point_add - head of b         : [0.7358128156786649, 0.1550197736445711, 0.03020242570118936, 0.668757654402422, 0.8549891827052517]
2015-02-17 23:12:49,332 - INFO - floating_point_add - data size         : 416620
2015-02-17 23:12:49,332 - INFO - floating_point_add - # processes       : 4
2015-02-17 23:12:52,111 - INFO - floating_point_add - result            : 103931.261814
2015-02-17 23:12:52,123 - INFO - psim - pid for 1 is 19824
2015-02-17 23:12:52,124 - INFO - psim - pid for 2 is 19825
2015-02-17 23:12:52,125 - INFO - psim - pid for 4 is 19827
2015-02-17 23:12:52,125 - INFO - psim - pid for 0 is 19806
2015-02-17 23:12:52,126 - INFO - floating_point_add - ****RUN_PARALLEL()****
2015-02-17 23:12:52,127 - INFO - psim - pid for 5 is 19828
2015-02-17 23:12:52,128 - INFO - psim - pid for 3 is 19826
2015-02-17 23:12:52,259 - INFO - floating_point_add - head of a         : [0.5604402925183012, 0.5534283079994762, 0.9915553443453925, 0.48574298560896345, 0.17787576443536646]
2015-02-17 23:12:52,259 - INFO - floating_point_add - head of b         : [0.7113422073961435, 0.9948124154672681, 0.7602945892300111, 0.31363892708036734, 0.2650162397420742]
2015-02-17 23:12:52,260 - INFO - floating_point_add - data size         : 416620
2015-02-17 23:12:52,260 - INFO - floating_point_add - # processes       : 6
2015-02-17 23:12:55,291 - INFO - floating_point_add - result            : 104297.230926
2015-02-17 23:12:55,619 - INFO - floating_point_add - log_payload: {'log_owner': '1', 'simulation': 34}
2015-02-17 23:12:55,619 - INFO - floating_point_add - plot_payload: {'plot_owner': '1', 'simulation': 34}
2015-02-17 23:12:55,619 - INFO - floating_point_add - main: END
