2015-02-16 18:05:12,575 - INFO - log - ****SYSTEM INFORMATION****
2015-02-16 18:05:12,575 - INFO - log - Python version    : 2.7.3
2015-02-16 18:05:12,576 - INFO - log - compiler          : GCC 4.7.2
2015-02-16 18:05:12,576 - INFO - log - system            : Linux
2015-02-16 18:05:12,576 - INFO - log - release           : 3.2.0-4-686-pae
2015-02-16 18:05:12,576 - INFO - log - machine           : i686
2015-02-16 18:05:12,576 - INFO - log - cpu's             : 2
2015-02-16 18:05:12,576 - INFO - log - interpreter       : 32bit
2015-02-16 18:05:12,576 - INFO - log - node              : crunchbang
2015-02-16 18:05:12,576 - INFO - log - platform          : Linux-3.2.0-4-686-pae-i686-with-debian-7.8
2015-02-16 18:05:12,576 - INFO - differential_equation - main: START
2015-02-16 18:05:12,580 - INFO - differential_equation - ****RUN_SERIAL()****
2015-02-16 18:05:12,580 - INFO - differential_equation - input data       : 3
2015-02-16 18:05:12,580 - INFO - differential_equation - A           : [0.8507299788125688, 0.7656566337621709, 0.45053854020783757]
2015-02-16 18:05:12,580 - INFO - differential_equation - B           : [1.0]
2015-02-16 18:05:12,580 - INFO - differential_equation - plot B           : [1.0]
2015-02-16 18:05:12,662 - INFO - differential_equation - B           : [1.0]
2015-02-16 18:05:12,662 - INFO - differential_equation - plot B           : [1.0]
2015-02-16 18:05:12,722 - INFO - differential_equation - B           : [1.0]
2015-02-16 18:05:12,722 - INFO - differential_equation - plot B           : [1.0]
2015-02-16 18:05:12,784 - INFO - differential_equation - B           : [1.0]
2015-02-16 18:05:12,784 - INFO - differential_equation - plot B           : [1.0]
2015-02-16 18:05:12,846 - INFO - differential_equation - B           : [1.0]
2015-02-16 18:05:12,847 - INFO - differential_equation - plot B           : [1.0]
2015-02-16 18:05:12,914 - INFO - differential_equation - B           : [1.0]
2015-02-16 18:05:12,914 - INFO - differential_equation - plot B           : [1.0]
2015-02-16 18:05:12,974 - INFO - differential_equation - B           : [1.0]
2015-02-16 18:05:12,974 - INFO - differential_equation - plot B           : [1.0]
2015-02-16 18:05:13,078 - INFO - differential_equation - B           : [1.0]
2015-02-16 18:05:13,079 - INFO - differential_equation - plot B           : [1.0]
2015-02-16 18:05:13,159 - INFO - differential_equation - B           : [1.0]
2015-02-16 18:05:13,159 - INFO - differential_equation - plot B           : [1.0]
2015-02-16 18:05:13,219 - INFO - differential_equation - B           : [1.0]
2015-02-16 18:05:13,219 - INFO - differential_equation - plot B           : [1.0]
2015-02-16 18:05:13,284 - INFO - differential_equation - B           : [1.0]
2015-02-16 18:05:13,284 - INFO - differential_equation - plot B           : [1.0]
2015-02-16 18:05:13,344 - INFO - differential_equation - B           : [1.0]
2015-02-16 18:05:13,344 - INFO - differential_equation - plot B           : [1.0]
2015-02-16 18:05:13,421 - INFO - differential_equation - B           : [1.0]
2015-02-16 18:05:13,426 - INFO - differential_equation - plot B           : [1.0]
2015-02-16 18:05:13,497 - INFO - differential_equation - B           : [1.0]
2015-02-16 18:05:13,498 - INFO - differential_equation - plot B           : [1.0]
2015-02-16 18:05:13,564 - INFO - differential_equation - B           : [1.0]
2015-02-16 18:05:13,565 - INFO - differential_equation - plot B           : [1.0]
2015-02-16 18:05:13,627 - INFO - differential_equation - B           : [1.0]
2015-02-16 18:05:13,629 - INFO - differential_equation - plot B           : [1.0]
2015-02-16 18:05:13,701 - INFO - differential_equation - B           : [1.0]
2015-02-16 18:05:13,702 - INFO - differential_equation - plot B           : [1.0]
2015-02-16 18:05:13,770 - INFO - differential_equation - B           : [1.0]
2015-02-16 18:05:13,770 - INFO - differential_equation - plot B           : [1.0]
2015-02-16 18:05:13,831 - INFO - differential_equation - B           : [1.0]
2015-02-16 18:05:13,831 - INFO - differential_equation - plot B           : [1.0]
2015-02-16 18:05:13,890 - INFO - differential_equation - B           : [1.0]
2015-02-16 18:05:13,890 - INFO - differential_equation - plot B           : [1.0]
2015-02-16 18:05:13,952 - INFO - differential_equation - A           : [0, 1.0, 0]
2015-02-16 18:05:13,959 - INFO - psim - pid for 1 is 22902
2015-02-16 18:05:13,959 - INFO - differential_equation - ****RUN_PARALLEL()****
2015-02-16 18:05:13,959 - INFO - differential_equation - # processes       : 2
2015-02-16 18:05:13,959 - INFO - differential_equation - input data       : 3
2015-02-16 18:05:13,960 - INFO - differential_equation - A           : [0.43178684886204244, 0.5823983156169862, 0.3529361083934741]
2015-02-16 18:05:13,961 - INFO - differential_equation - B           : [[0.0, 0.9479170341833137], [1.0]]
2015-02-16 18:05:13,963 - INFO - differential_equation - B           : [[0.0, 1.0555555555555554], [1.0]]
2015-02-16 18:05:13,965 - INFO - differential_equation - B           : [[0.0, 1.0555555555555554], [1.0]]
2015-02-16 18:05:13,968 - INFO - differential_equation - B           : [[0.0, 1.0555555555555554], [1.0]]
2015-02-16 18:05:13,969 - INFO - differential_equation - B           : [[0.0, 1.0555555555555554], [1.0]]
2015-02-16 18:05:13,972 - INFO - differential_equation - B           : [[0.0, 1.0555555555555554], [1.0]]
2015-02-16 18:05:13,975 - INFO - differential_equation - B           : [[0.0, 1.0555555555555554], [1.0]]
2015-02-16 18:05:13,977 - INFO - differential_equation - B           : [[0.0, 1.0555555555555554], [1.0]]
2015-02-16 18:05:13,978 - INFO - differential_equation - B           : [[0.0, 1.0555555555555554], [1.0]]
2015-02-16 18:05:13,980 - INFO - differential_equation - B           : [[0.0, 1.0555555555555554], [1.0]]
2015-02-16 18:05:13,982 - INFO - differential_equation - B           : [[0.0, 1.0555555555555554], [1.0]]
2015-02-16 18:05:13,984 - INFO - differential_equation - B           : [[0.0, 1.0555555555555554], [1.0]]
2015-02-16 18:05:13,986 - INFO - differential_equation - B           : [[0.0, 1.0555555555555554], [1.0]]
2015-02-16 18:05:13,989 - INFO - differential_equation - B           : [[0.0, 1.0555555555555554], [1.0]]
2015-02-16 18:05:13,991 - INFO - differential_equation - B           : [[0.0, 1.0555555555555554], [1.0]]
2015-02-16 18:05:13,993 - INFO - differential_equation - B           : [[0.0, 1.0555555555555554], [1.0]]
2015-02-16 18:05:13,995 - INFO - differential_equation - B           : [[0.0, 1.0555555555555554], [1.0]]
2015-02-16 18:05:13,997 - INFO - differential_equation - B           : [[0.0, 1.0555555555555554], [1.0]]
2015-02-16 18:05:14,000 - INFO - differential_equation - B           : [[0.0, 1.0555555555555554], [1.0]]
2015-02-16 18:05:14,002 - INFO - differential_equation - B           : [[0.0, 1.0555555555555554], [1.0]]
2015-02-16 18:05:14,006 - INFO - psim - pid for 1 is 22903
2015-02-16 18:05:14,007 - INFO - psim - pid for 0 is 22892
2015-02-16 18:05:14,007 - INFO - differential_equation - ****RUN_PARALLEL()****
2015-02-16 18:05:14,007 - INFO - psim - pid for 3 is 22905
2015-02-16 18:05:14,007 - INFO - differential_equation - # processes       : 4
2015-02-16 18:05:14,008 - INFO - differential_equation - input data       : 3
2015-02-16 18:05:14,008 - INFO - differential_equation - A           : [0.6409511440122001, 0.7804758678936453, 0.05391389917630529]
2015-02-16 18:05:14,009 - INFO - psim - pid for 2 is 22904
2015-02-16 18:05:14,010 - INFO - differential_equation - B           : [[0.0], [0.9029880771498082], [0.9457934895023781], []]
2015-02-16 18:05:14,014 - INFO - differential_equation - B           : [[0.0], [1.1109078659607583], [1.1109496681212585], []]
2015-02-16 18:05:14,017 - INFO - differential_equation - B           : [[0.0], [1.1111109126295187], [1.111110953451941], []]
2015-02-16 18:05:14,021 - INFO - differential_equation - B           : [[0.0], [1.1111111109172813], [1.1111111109571468], []]
2015-02-16 18:05:14,025 - INFO - differential_equation - B           : [[0.0], [1.1111111111109215], [1.1111111111109606], []]
2015-02-16 18:05:14,029 - INFO - differential_equation - B           : [[0.0], [1.1111111111111107], [1.1111111111111107], []]
2015-02-16 18:05:14,031 - INFO - differential_equation - B           : [[0.0], [1.1111111111111107], [1.1111111111111107], []]
2015-02-16 18:05:14,035 - INFO - differential_equation - B           : [[0.0], [1.1111111111111107], [1.1111111111111107], []]
2015-02-16 18:05:14,038 - INFO - differential_equation - B           : [[0.0], [1.1111111111111107], [1.1111111111111107], []]
2015-02-16 18:05:14,041 - INFO - differential_equation - B           : [[0.0], [1.1111111111111107], [1.1111111111111107], []]
2015-02-16 18:05:14,045 - INFO - differential_equation - B           : [[0.0], [1.1111111111111107], [1.1111111111111107], []]
2015-02-16 18:05:14,048 - INFO - differential_equation - B           : [[0.0], [1.1111111111111107], [1.1111111111111107], []]
2015-02-16 18:05:14,051 - INFO - differential_equation - B           : [[0.0], [1.1111111111111107], [1.1111111111111107], []]
2015-02-16 18:05:14,054 - INFO - differential_equation - B           : [[0.0], [1.1111111111111107], [1.1111111111111107], []]
2015-02-16 18:05:14,057 - INFO - differential_equation - B           : [[0.0], [1.1111111111111107], [1.1111111111111107], []]
2015-02-16 18:05:14,060 - INFO - differential_equation - B           : [[0.0], [1.1111111111111107], [1.1111111111111107], []]
2015-02-16 18:05:14,064 - INFO - differential_equation - B           : [[0.0], [1.1111111111111107], [1.1111111111111107], []]
2015-02-16 18:05:14,067 - INFO - differential_equation - B           : [[0.0], [1.1111111111111107], [1.1111111111111107], []]
2015-02-16 18:05:14,069 - INFO - differential_equation - B           : [[0.0], [1.1111111111111107], [1.1111111111111107], []]
2015-02-16 18:05:14,072 - INFO - differential_equation - B           : [[0.0], [1.1111111111111107], [1.1111111111111107], []]
2015-02-16 18:05:14,078 - INFO - psim - pid for 1 is 22906
2015-02-16 18:05:14,079 - INFO - psim - pid for 2 is 22907
2015-02-16 18:05:14,080 - INFO - psim - pid for 4 is 22909
2015-02-16 18:05:14,081 - INFO - psim - pid for 0 is 22892
2015-02-16 18:05:14,081 - INFO - differential_equation - ****RUN_PARALLEL()****
2015-02-16 18:05:14,081 - INFO - differential_equation - # processes       : 8
2015-02-16 18:05:14,081 - INFO - differential_equation - in2015-02-16 18:05:14,082 - INFO - psim - pid for 6 is 22911
2015-02-16 18:05:14,085 - INFO - psim - pid for 7 is 22912
2015-02-16 18:05:14,087 - INFO - differential_equation - B           : [[0.0], [1.0951128359700668], [0.6328966569473378], [], [], [], [], []]
2015-02-16 18:05:14,093 - INFO - differential_equation - B           : [[0.0], [1.1110954877955437], [1.1106441048082165], [], [], [], [], []]
2015-02-16 18:05:14,100 - INFO - differential_equation - B           : [[0.0], [1.1111110958539667], [1.1111106550502683], [], [], [], [], []]
2015-02-16 18:05:14,106 - INFO - differential_equation - B           : [[0.0], [1.1111111110962115], [1.111111110665739], [], [], [], [], []]
2015-02-16 18:05:14,111 - INFO - differential_equation - B           : [[0.0], [1.1111111111110965], [1.111111111110676], [], [], [], [], []]
2015-02-16 18:05:14,117 - INFO - differential_equation - B           : [[0.0], [1.1111111111111107], [1.1111111111111107], [], [], [], [], []]
2015-02-16 18:05:14,122 - INFO - differential_equation - B           : [[0.0], [1.1111111111111107], [1.1111111111111107], [], [], [], [], []]
2015-02-16 18:05:14,127 - INFO - differential_equation - B           : [[0.0], [1.1111111111111107], [1.1111111111111107], [], [], [], [], []]
2015-02-16 18:05:14,133 - INFO - differential_equation - B           : [[0.0], [1.1111111111111107], [1.1111111111111107], [], [], [], [], []]
2015-02-16 18:05:14,138 - INFO - differential_equation - B           : [[0.0], [1.1111111111111107], [1.1111111111111107], [], [], [], [], []]
2015-02-16 18:05:14,144 - INFO - differential_equation - B           : [[0.0], [1.1111111111111107], [1.1111111111111107], [], [], [], [], []]
2015-02-16 18:05:14,149 - INFO - differential_equation - B           : [[0.0], [1.1111111111111107], [1.1111111111111107], [], [], [], [], []]
2015-02-16 18:05:14,154 - INFO - differential_equation - B           : [[0.0], [1.1111111111111107], [1.1111111111111107], [], [], [], [], []]
2015-02-16 18:05:14,159 - INFO - differential_equation - B           : [[0.0], [1.1111111111111107], [1.1111111111111107], [], [], [], [], []]
2015-02-16 18:05:14,165 - INFO - differential_equation - B           : [[0.0], [1.1111111111111107], [1.1111111111111107], [], [], [], [], []]
2015-02-16 18:05:14,170 - INFO - differential_equation - B           : [[0.0], [1.1111111111111107], [1.1111111111111107], [], [], [], [], []]
2015-02-16 18:05:14,176 - INFO - differential_equation - B           : [[0.0], [1.1111111111111107], [1.1111111111111107], [], [], [], [], []]
2015-02-16 18:05:14,181 - INFO - differential_equation - B           : [[0.0], [1.1111111111111107], [1.1111111111111107], [], [], [], [], []]
2015-02-16 18:05:14,187 - INFO - differential_equation - B           : [[0.0], [1.1111111111111107], [1.1111111111111107], [], [], [], [], []]
2015-02-16 18:05:14,192 - INFO - differential_equation - B           : [[0.0], [1.1111111111111107], [1.1111111111111107], [], [], [], [], []]
2015-02-16 18:05:14,201 - INFO - psim - pid for 1 is 22913
2015-02-16 18:05:14,202 - INFO - psim - pid for 3 is 22915
2015-02-16 18:05:14,204 - INFO - psim - pid for 4 is 22916
2015-02-16 18:05:14,205 - INFO - psim - pid for 6 is 22918
2015-02-16 18:05:14,206 - INFO - psim - pid for 7 is 22919
2015-02-16 18:05:14,208 - INFO - psim - pid for 10 is 22922
2015-02-16 18:05:14,209 - INFO - psim - pid for 11 is 22923
2015-02-16 18:05:14,209 - INFO - psim - pid for 5 is 22917
2015-02-16 18:05:14,207 - INFO - psim - pid for 9 is 22921
2015-02-16 18:05:14,211 - INFO - psim - pid for 8 is 22920
2015-02-16 18:05:14,212 - INFO - psim - pid for 13 is 22925
2015-02-16 18:05:14,213 - INFO - psim - pid for 2 is 22914
2015-02-16 18:05:14,213 - INFO - psim - pid for 14 is 22926
2015-02-16 18:05:14,208 - INFO - differential_equation - ****RUN_PARALLEL()****
2015-02-16 18:05:14,214 - INFO - differential_equation - # processes       : 16
2015-02-16 18:05:14,214 - INFO - psim - pid for 12 is 22924
2015-02-16 18:05:14,214 - INFO - differential_equation - input data       : 3
2015-02-16 18:05:14,214 - INFO - differential_equation - A           : [0.9859154615878513, 0.472951935831865, 0.7154991252326673]
2015-02-16 18:05:14,214 - INFO - psim - pid for 15 is 22927
2015-02-16 18:05:14,224 - INFO - differential_equation - B           : [[0.0], [1.4062628489658149], [0.792031523471488], [], [], [], [], [], [], [], [], [], [], [], [], []]
2015-02-16 18:05:14,234 - INFO - differential_equation - B           : [[0.0], [1.1113993452301099], [1.1107995099513066], [], [], [], [], [], [], [], [], [], [], [], [], []]
2015-02-16 18:05:14,247 - INFO - differential_equation - B           : [[0.0], [1.1111113925897427], [1.1111108068131035], [], [], [], [], [], [], [], [], [], [], [], [], []]
2015-02-16 18:05:14,259 - INFO - differential_equation - B           : [[0.0], [1.1111111113859926], [1.1111111108139449], [], [], [], [], [], [], [], [], [], [], [], [], []]
2015-02-16 18:05:14,270 - INFO - differential_equation - B           : [[0.0], [1.1111111111113794], [1.1111111111108207], [], [], [], [], [], [], [], [], [], [], [], [], []]
2015-02-16 18:05:14,280 - INFO - differential_equation - B           : [[0.0], [1.1111111111111112], [1.1111111111111107], [], [], [], [], [], [], [], [], [], [], [], [], []]
2015-02-16 18:05:14,291 - INFO - differential_equation - B           : [[0.0], [1.1111111111111112], [1.1111111111111107], [], [], [], [], [], [], [], [], [], [], [], [], []]
2015-02-16 18:05:14,300 - INFO - differential_equation - B           : [[0.0], [1.1111111111111112], [1.1111111111111107], [], [], [], [], [], [], [], [], [], [], [], [], []]
2015-02-16 18:05:14,310 - INFO - differential_equation - B           : [[0.0], [1.1111111111111112], [1.1111111111111107], [], [], [], [], [], [], [], [], [], [], [], [], []]
2015-02-16 18:05:14,320 - INFO - differential_equation - B           : [[0.0], [1.1111111111111112], [1.1111111111111107], [], [], [], [], [], [], [], [], [], [], [], [], []]
2015-02-16 18:05:14,330 - INFO - differential_equation - B           : [[0.0], [1.1111111111111112], [1.1111111111111107], [], [], [], [], [], [], [], [], [], [], [], [], []]
2015-02-16 18:05:14,341 - INFO - differential_equation - B           : [[0.0], [1.1111111111111112], [1.1111111111111107], [], [], [], [], [], [], [], [], [], [], [], [], []]
2015-02-16 18:05:14,351 - INFO - differential_equation - B           : [[0.0], [1.1111111111111112], [1.1111111111111107], [], [], [], [], [], [], [], [], [], [], [], [], []]
2015-02-16 18:05:14,360 - INFO - differential_equation - B           : [[0.0], [1.1111111111111112], [1.1111111111111107], [], [], [], [], [], [], [], [], [], [], [], [], []]
2015-02-16 18:05:14,371 - INFO - differential_equation - B           : [[0.0], [1.1111111111111112], [1.1111111111111107], [], [], [], [], [], [], [], [], [], [], [], [], []]
2015-02-16 18:05:14,381 - INFO - differential_equation - B           : [[0.0], [1.1111111111111112], [1.1111111111111107], [], [], [], [], [], [], [], [], [], [], [], [], []]
2015-02-16 18:05:14,393 - INFO - differential_equation - B           : [[0.0], [1.1111111111111112], [1.1111111111111107], [], [], [], [], [], [], [], [], [], [], [], [], []]
2015-02-16 18:05:14,403 - INFO - differential_equation - B           : [[0.0], [1.1111111111111112], [1.1111111111111107], [], [], [], [], [], [], [], [], [], [], [], [], []]
2015-02-16 18:05:14,413 - INFO - differential_equation - B           : [[0.0], [1.1111111111111112], [1.1111111111111107], [], [], [], [], [], [], [], [], [], [], [], [], []]
2015-02-16 18:05:14,422 - INFO - differential_equation - B           : [[0.0], [1.1111111111111112], [1.1111111111111107], [], [], [], [], [], [], [], [], [], [], [], [], []]
2015-02-16 18:05:14,781 - INFO - differential_equation - log_payload: {'log_owner': '1', 'simulation': 13}
2015-02-16 18:05:14,781 - INFO - differential_equation - plot_payload: {'plot_owner': '1', 'simulation': 13}
2015-02-16 18:05:14,781 - INFO - differential_equation - main: END
