2015-02-17 19:34:50,341 - INFO - log - ****SYSTEM INFORMATION****
2015-02-17 19:34:50,341 - INFO - log - Python version    : 2.7.3
2015-02-17 19:34:50,341 - INFO - log - compiler          : GCC 4.7.2
2015-02-17 19:34:50,342 - INFO - log - system            : Linux
2015-02-17 19:34:50,342 - INFO - log - release           : 3.2.0-4-686-pae
2015-02-17 19:34:50,342 - INFO - log - machine           : i686
2015-02-17 19:34:50,342 - INFO - log - cpu's             : 2
2015-02-17 19:34:50,342 - INFO - log - interpreter       : 32bit
2015-02-17 19:34:50,342 - INFO - log - node              : crunchbang
2015-02-17 19:34:50,342 - INFO - log - platform          : Linux-3.2.0-4-686-pae-i686-with-debian-7.8
2015-02-17 19:34:50,342 - INFO - differential_equation - main: START
2015-02-17 19:34:50,344 - INFO - differential_equation - ****RUN_SERIAL()****
2015-02-17 19:34:50,344 - INFO - differential_equation - input data       : 15
2015-02-17 19:34:50,345 - INFO - differential_equation - A           : [0.8317329491389741, 0.2012105407442707, 0.3992431330915277, 0.9675053609631163, 0.9543011214083368, 0.6399330367273817, 0.9881357038845096, 0.6464988160495305, 0.9134475031872057, 0.5486887327935951, 0.2858703158669953, 0.08746346587924547, 0.8210395390969788, 0.8185098923156695, 0.42548974984689036]
2015-02-17 19:34:50,345 - INFO - differential_equation - B           : [0.0, 0.6065801730759158, 0.6989943494721546, 0.8259414210674713, 0.9934406348686454, 0.6654381486106783, 0.9730138257580799, 0.6198159966437851, 0.6218811317493228, 0.3402983215586425, 0.5756771497042094, 0.4752089013196797, 1.0]
2015-02-17 19:34:50,345 - INFO - differential_equation - plot B           : [0.0, 0.6065801730759158, 0.6989943494721546, 0.8259414210674713, 0.9934406348686454, 0.6654381486106783, 0.9730138257580799, 0.6198159966437851, 0.6218811317493228, 0.3402983215586425, 0.5756771497042094, 0.4752089013196797, 1.0]
2015-02-17 19:34:50,420 - INFO - differential_equation - B           : [0.0, 0.26347153753260366, 0.5397595691297167, 0.6297724770814943, 0.861063269480593, 0.7876913511741509, 0.9888607187513375, 0.8302084896886947, 1.017067526753563, 0.8807386397357876, 1.0290140630270532, 0.9719205616723533, 1.0]
2015-02-17 19:34:50,420 - INFO - differential_equation - plot B           : [0.0, 0.26347153753260366, 0.5397595691297167, 0.6297724770814943, 0.861063269480593, 0.7876913511741509, 0.9888607187513375, 0.8302084896886947, 1.017067526753563, 0.8807386397357876, 1.0290140630270532, 0.9719205616723533, 1.0]
2015-02-17 19:34:50,492 - INFO - differential_equation - B           : [0.0, 0.2535375866744222, 0.5210129601926491, 0.6364041351305071, 0.8731454287011922, 0.877142861814134, 1.0779932762239235, 1.0142614387864815, 1.1643879220106448, 1.0773072381822577, 1.1455887056863052, 1.0573221127538255, 1.0]
2015-02-17 19:34:50,492 - INFO - differential_equation - plot B           : [0.0, 0.2535375866744222, 0.5210129601926491, 0.6364041351305071, 0.8731454287011922, 0.877142861814134, 1.0779932762239235, 1.0142614387864815, 1.1643879220106448, 1.0773072381822577, 1.1455887056863052, 1.0573221127538255, 1.0]
2015-02-17 19:34:50,557 - INFO - differential_equation - B           : [0.0, 0.26836655028954776, 0.5375866213563156, 0.6851204452861388, 0.9134453586586103, 0.96314427907936, 1.142971422784829, 1.122798960765135, 1.236790328764553, 1.171096474623614, 1.1942649247163444, 1.094687897941248, 1.0]
2015-02-17 19:34:50,557 - INFO - differential_equation - plot B           : [0.0, 0.26836655028954776, 0.5375866213563156, 0.6851204452861388, 0.9134453586586103, 0.96314427907936, 1.142971422784829, 1.122798960765135, 1.236790328764553, 1.171096474623614, 1.1942649247163444, 1.094687897941248, 1.0]
2015-02-17 19:34:50,625 - INFO - differential_equation - B           : [0.0, 0.28412599644496433, 0.5567831798775559, 0.7301321046637069, 0.9494782807491573, 1.029260872115913, 1.188974126034168, 1.1942635617951316, 1.2804413286588137, 1.2268041506881266, 1.2210795611204681, 1.1157953527901654, 1.0]
2015-02-17 19:34:50,626 - INFO - differential_equation - plot B           : [0.0, 0.28412599644496433, 0.5567831798775559, 0.7301321046637069, 0.9494782807491573, 1.029260872115913, 1.188974126034168, 1.1942635617951316, 1.2804413286588137, 1.2268041506881266, 1.2210795611204681, 1.1157953527901654, 1.0]
2015-02-17 19:34:50,696 - INFO - differential_equation - B           : [0.0, 0.29652387548376263, 0.5721430095519308, 0.7644682201828158, 0.9767438357004478, 1.0772638953356717, 1.221501325600035, 1.2435356924632437, 1.30951468919202, 1.2636784811046256, 1.2382471963768362, 1.1294623392780005, 1.0]
2015-02-17 19:34:50,697 - INFO - differential_equation - plot B           : [0.0, 0.29652387548376263, 0.5721430095519308, 0.7644682201828158, 0.9767438357004478, 1.0772638953356717, 1.221501325600035, 1.2435356924632437, 1.30951468919202, 1.2636784811046256, 1.2382471963768362, 1.1294623392780005, 1.0]
2015-02-17 19:34:50,783 - INFO - differential_equation - B           : [0.0, 0.305587594811352, 0.5834273945638943, 0.7893409945642, 0.9964459842541736, 1.1115015517290627, 1.244499088069996, 1.2780745140031509, 1.3296458384844323, 1.289153585779043, 1.249960582127486, 1.1388272237521067, 1.0]
2015-02-17 19:34:50,783 - INFO - differential_equation - plot B           : [0.0, 0.305587594811352, 0.5834273945638943, 0.7893409945642, 0.9964459842541736, 1.1115015517290627, 1.244499088069996, 1.2780745140031509, 1.3296458384844323, 1.289153585779043, 1.249960582127486, 1.1388272237521067, 1.0]
2015-02-17 19:34:50,853 - INFO - differential_equation - B           : [0.0, 0.3120666472684108, 0.5915065465473046, 0.807068254084681, 1.0104767486304584, 1.135779331530642, 1.260759195663903, 1.3024237617057102, 1.3437784067469485, 1.307023781101484, 1.258141537997128, 1.1453777441101456, 1.0]
2015-02-17 19:34:50,854 - INFO - differential_equation - plot B           : [0.0, 0.3120666472684108, 0.5915065465473046, 0.807068254084681, 1.0104767486304584, 1.135779331530642, 1.260759195663903, 1.3024237617057102, 1.3437784067469485, 1.307023781101484, 1.258141537997128, 1.1453777441101456, 1.0]
2015-02-17 19:34:50,931 - INFO - differential_equation - B           : [0.0, 0.31666431620689506, 0.5972426584432754, 0.819635526888907, 1.020420828506646, 1.1529612329388559, 1.2722555779871545, 1.3196226227818326, 1.3537466451625446, 1.3196249732415266, 1.2639018084325069, 1.1499923727165382, 1.0]
2015-02-17 19:34:50,932 - INFO - differential_equation - plot B           : [0.0, 0.31666431620689506, 0.5972426584432754, 0.819635526888907, 1.020420828506646, 1.1529612329388559, 1.2722555779871545, 1.3196226227818326, 1.3537466451625446, 1.3196249732415266, 1.2639018084325069, 1.1499923727165382, 1.0]
2015-02-17 19:34:51,021 - INFO - differential_equation - B           : [0.0, 0.3199189888132854, 0.6013039350058113, 0.8285289309205467, 1.027457264256119, 1.165113334185504, 1.280383864046618, 1.3317787486371737, 1.3607888138466624, 1.3285264264905525, 1.2679688179296877, 1.1532510699316216, 1.0]
2015-02-17 19:34:51,021 - INFO - differential_equation - plot B           : [0.0, 0.3199189888132854, 0.6013039350058113, 0.8285289309205467, 1.027457264256119, 1.165113334185504, 1.280383864046618, 1.3317787486371737, 1.3607888138466624, 1.3285264264905525, 1.2679688179296877, 1.1532510699316216, 1.0]
2015-02-17 19:34:51,096 - INFO - differential_equation - B           : [0.0, 0.32222108489454304, 0.6041767254242993, 0.8348187239541226, 1.0324335811805223, 1.1737061783588434, 1.2861308053358507, 1.3403725478690214, 1.36576649122333, 1.334818129641145, 1.2708429688004401, 1.1555541210713876, 1.0]
2015-02-17 19:34:51,096 - INFO - differential_equation - plot B           : [0.0, 0.32222108489454304, 0.6041767254242993, 0.8348187239541226, 1.0324335811805223, 1.1737061783588434, 1.2861308053358507, 1.3403725478690214, 1.36576649122333, 1.334818129641145, 1.2708429688004401, 1.1555541210713876, 1.0]
2015-02-17 19:34:51,173 - INFO - differential_equation - B           : [0.0, 0.3238489599668525, 0.6062081936692831, 0.8392662443159934, 1.0359523055630604, 1.1797818004328842, 1.2901940646675176, 1.346448396582923, 1.3692855384475675, 1.3392661032827373, 1.2728747598871233, 1.1571822227835578, 1.0]
2015-02-17 19:34:51,174 - INFO - differential_equation - plot B           : [0.0, 0.3238489599668525, 0.6062081936692831, 0.8392662443159934, 1.0359523055630604, 1.1797818004328842, 1.2901940646675176, 1.346448396582923, 1.3692855384475675, 1.3392661032827373, 1.2728747598871233, 1.1571822227835578, 1.0]
2015-02-17 19:34:51,247 - INFO - differential_equation - B           : [0.0, 0.3249999695475473, 0.607644578285175, 0.842410880656285, 1.0384402247388782, 1.1840775001365722, 1.29306691051115, 1.3507441500693125, 1.371773534235234, 1.342410847188432, 1.2743112211148637, 1.158333286146954, 1.0]
2015-02-17 19:34:51,247 - INFO - differential_equation - plot B           : [0.0, 0.3249999695475473, 0.607644578285175, 0.842410880656285, 1.0384402247388782, 1.1840775001365722, 1.29306691051115, 1.3507441500693125, 1.371773534235234, 1.342410847188432, 1.2743112211148637, 1.158333286146954, 1.0]
2015-02-17 19:34:51,324 - INFO - differential_equation - B           : [0.0, 0.3258137803691589, 0.6086601631514269, 0.8446342578402184, 1.0401992759810947, 1.1871147009050045, 1.2950980984240044, 1.353781363600632, 1.373532603657801, 1.3446342498981396, 1.2753268241614664, 1.1591471097314527, 1.0]
2015-02-17 19:34:51,324 - INFO - differential_equation - plot B           : [0.0, 0.3258137803691589, 0.6086601631514269, 0.8446342578402184, 1.0401992759810947, 1.1871147009050045, 1.2950980984240044, 1.353781363600632, 1.373532603657801, 1.3446342498981396, 1.2753268241614664, 1.1591471097314527, 1.0]
2015-02-17 19:34:51,402 - INFO - differential_equation - B           : [0.0, 0.3263891719514462, 0.6093782162889113, 0.8462062579858532, 1.041442982076889, 1.1892620956616196, 1.2965342090132554, 1.3559287613859399, 1.3747763140678777, 1.3462062561011603, 1.2760448816132333, 1.159722504342433, 1.0]
2015-02-17 19:34:51,402 - INFO - differential_equation - plot B           : [0.0, 0.3263891719514462, 0.6093782162889113, 0.8462062579858532, 1.041442982076889, 1.1892620956616196, 1.2965342090132554, 1.3559287613859399, 1.3747763140678777, 1.3462062561011603, 1.2760448816132333, 1.159722504342433, 1.0]
2015-02-17 19:34:51,474 - INFO - differential_equation - B           : [0.0, 0.32679599171632234, 0.6098859023409939, 0.8473177105160891, 1.0423223204881267, 1.1907803686754546, 1.2975495821412202, 1.357447035118498, 1.375655653502915, 1.3473177100688423, 1.2765525686891155, 1.1601293248260323, 1.0]
2015-02-17 19:34:51,474 - INFO - differential_equation - plot B           : [0.0, 0.32679599171632234, 0.6098859023409939, 0.8473177105160891, 1.0423223204881267, 1.1907803686754546, 1.2975495821412202, 1.357447035118498, 1.375655653502915, 1.3473177100688423, 1.2765525686891155, 1.1601293248260323, 1.0]
2015-02-17 19:34:51,546 - INFO - differential_equation - B           : [0.0, 0.32708362562327153, 0.6102448518006675, 0.8481035410262817, 1.0429440392785576, 1.1918538332631528, 1.29826748130352, 1.3585204998767524, 1.3762773725362982, 1.3481035409201476, 1.2769115183917414, 1.1604169589035378, 1.0]
2015-02-17 19:34:51,547 - INFO - differential_equation - plot B           : [0.0, 0.32708362562327153, 0.6102448518006675, 0.8481035410262817, 1.0429440392785576, 1.1918538332631528, 1.29826748130352, 1.3585204998767524, 1.3762773725362982, 1.3481035409201476, 1.2769115183917414, 1.1604169589035378, 1.0]
2015-02-17 19:34:51,626 - INFO - differential_equation - B           : [0.0, 0.3272869914361277, 0.6104986398587203, 0.8486591467743417, 1.043383613110562, 1.1926128048645428, 1.2987750574772794, 1.3592794715186163, 1.3767169464259565, 1.348659146749155, 1.277165306507448, 1.1606203247568678, 1.0]
2015-02-17 19:34:51,627 - INFO - differential_equation - plot B           : [0.0, 0.3272869914361277, 0.6104986398587203, 0.8486591467743417, 1.043383613110562, 1.1926128048645428, 1.2987750574772794, 1.3592794715186163, 1.3767169464259565, 1.348659146749155, 1.277165306507448, 1.1606203247568678, 1.0]
2015-02-17 19:34:51,702 - INFO - differential_equation - B           : [0.0, 0.32743077715619534, 0.6106780756178601, 0.8490519766704849, 1.0436944049670946, 1.193149420490358, 1.2991339290092405, 1.3598160871540363, 1.3770277382961706, 1.3490519766645075, 1.2773447422802693, 1.1607641104865398, 1.0]
2015-02-17 19:34:51,702 - INFO - differential_equation - plot B           : [0.0, 0.32743077715619534, 0.6106780756178601, 0.8490519766704849, 1.0436944049670946, 1.193149420490358, 1.2991339290092405, 1.3598160871540363, 1.3770277382961706, 1.3490519766645075, 1.2773447422802693, 1.1607641104865398, 1.0]
2015-02-17 19:34:51,774 - INFO - differential_equation - B           : [0.0, 0.32753243796189796, 0.6108049420681217, 0.8493297191576371, 1.0439141441059119, 1.193528823785492, 1.2993876619130103, 1.3601954904514493, 1.3772474774382348, 1.3493297191562181, 1.2774716087337776, 1.1608657712945218, 1.0]
2015-02-17 19:34:51,774 - INFO - differential_equation - plot B           : [0.0, 0.32753243796189796, 0.6108049420681217, 0.8493297191576371, 1.0439141441059119, 1.193528823785492, 1.2993876619130103, 1.3601954904514493, 1.3772474774382348, 1.3493297191562181, 1.2774716087337776, 1.1608657712945218, 1.0]
2015-02-17 19:34:51,845 - INFO - differential_equation - A           : [0, 0.0, 0.3276617714962071, 0.6107641859392364, 0.8496830649446933, 1.0438435524202094, 1.1940115031074066, 1.2993061496559133, 1.3606781697739132, 1.3771768857532056, 1.349683064944373, 1.277430852605566, 1.1609951048293803, 1.0, 0]
2015-02-17 19:34:51,849 - INFO - psim - pid for 0 is 9388
2015-02-17 19:34:51,850 - INFO - differential_equation - ****RUN_PARALLEL()****
2015-02-17 19:34:51,850 - INFO - differential_equation - # processes       : 2
2015-02-17 19:34:51,850 - INFO - differential_equation - input data       : 15
2015-02-17 19:34:51,850 - INFO - psim - pid for 1 is 9398
2015-02-17 19:34:51,850 - INFO - differential_equation - A           : [0.7069958164311836, 0.5396416215077723, 0.033808461755026054, 0.8934000641658479, 0.8209603037244296, 0.73330454146849, 0.5854807516232557, 0.9153935481449733, 0.10977617286499064, 0.9834854823229993, 0.8240198674614762, 0.23786226512682906, 0.3576738264083993, 0.8353601529692454, 0.5249423120362363]
2015-02-17 19:34:51,851 - INFO - differential_equation - B           : [[0.0, 0.392624361315327, 0.7387430650590324, 0.44960660496195004, 0.8355745250393912, 0.7254427498960649, 0.8465712670289539, 0.3698506844663454], [0.9716617374562085, 0.4891202423854556, 0.6328960959471365, 0.61306906915716, 0.5588334312702595, 0.46353029144454, 1.0]]
2015-02-17 19:34:51,854 - INFO - differential_equation - B           : [[0.0, 0.21891347022989935, 0.5210209074307319, 0.5244565492186585, 0.8433081515359745, 0.6757590155021606, 0.9870183871340464, 0.7349131695293699], [1.016648644691346, 0.7822611882120197, 1.013541948508232, 0.8700451669567562, 1.0242168571500385, 0.9747034339829271, 1.0]]
2015-02-17 19:34:51,856 - INFO - differential_equation - B           : [[0.0, 0.23003338142659613, 0.5153931463432294, 0.5729310841697317, 0.8652633821978215, 0.7904812544995382, 1.0736015789607811, 0.9247766836331731], [1.1757560823098157, 1.0125517212789292, 1.2023420180695266, 1.064976104910408, 1.156272545701345, 1.0518397377304716, 1.0]]
2015-02-17 19:34:51,857 - INFO - differential_equation - B           : [[0.0, 0.2518563121588716, 0.5363156886635148, 0.6402775161928742, 0.9154488556963606, 0.9040520583958064, 1.159214444558954, 1.0735584282487678], [1.2877188665227006, 1.167330797535416, 1.3117697042952838, 1.1837292321574866, 1.2247381370004904, 1.0965482307312568, 1.0]]
2015-02-17 19:34:51,859 - INFO - differential_equation - B           : [[0.0, 0.2735503337801214, 0.5622423477340804, 0.7032865609001184, 0.9667522042102359, 1.000903816863278, 1.2315002636957944, 1.1891062035017184], [1.36929872349855, 1.2787106502886498, 1.3839568723947986, 1.264854698951495, 1.2674126251897286, 1.1263048846435049, 1.0]]
2015-02-17 19:34:51,861 - INFO - differential_equation - B           : [[0.0, 0.2920792020342534, 0.5858681987919695, 0.7559906388734144, 1.0109570826966356, 1.0791144838191626, 1.2895688832044296, 1.2787541119318093], [1.4306430913022954, 1.3620417855122, 1.435522293204867, 1.3239438980569052, 1.2969411756106006, 1.1476753997187348, 1.0]]
2015-02-17 19:34:51,862 - INFO - differential_equation - B           : [[0.0, 0.30705393417989024, 0.6054427108795997, 0.7982267134524097, 1.046805950931671, 1.1408708351006196, 1.335311441105518, 1.3482999417862604], [1.4775401881224832, 1.4256028475443738, 1.4739653868669436, 1.3684304101472209, 1.3185960949874858, 1.1636516707832292, 1.0]]
2015-02-17 19:34:51,864 - INFO - differential_equation - B           : [[0.0, 0.31888259816780157, 0.6210678459768202, 0.8314678331041144, 1.0751648915914855, 1.1891606741585372, 1.3710410430646078, 1.402250604721013], [1.513676707638897, 1.4745287573945216, 1.5032386629786734, 1.4024646971034862, 1.3349544701869953, 1.1758333274299755, 1.0]]
2015-02-17 19:34:51,866 - INFO - differential_equation - B           : [[0.0, 0.32813346073011945, 0.6333443081372121, 0.8574226951130014, 1.0973580178211326, 1.2267564256762524, 1.3988446308506612, 1.4441031525128225], [1.541623713627469, 1.5123486922339864, 1.5257540469841837, 1.4286991111420901, 1.3474893630185105, 1.1852086023497779, 1.0]]
2015-02-17 19:34:51,868 - INFO - differential_equation - B           : [[0.0, 0.33533620308612816, 0.6429225410336116, 0.87761649788673, 1.1146426707298398, 1.2559689979886826, 1.4204437821832518, 1.4765705107550775], [1.5632734127440948, 1.5416402780184377, 1.543152279732631, 1.4489914421038477, 1.3571586798744242, 1.1924551938746288, 1.0]]
2015-02-17 19:34:51,869 - INFO - differential_equation - B           : [[0.0, 0.3409330531774572, 0.6503721890065787, 0.893302811696261, 1.1280753802967918, 1.278647544496375, 1.4372101482948747, 1.5017572530185017], [1.5800575944357902, 1.564346672845586, 1.5566250205446341, 1.464712482199738, 1.364640430413409, 1.1980674986173048, 1.0]]
2015-02-17 19:34:51,871 - INFO - differential_equation - B           : [[0.0, 0.34527811324340507, 0.6561580913858276, 0.9054789108863018, 1.1385043556805854, 1.2962464531816902, 1.4502205251630973, 1.5212960149956842], [1.593074250409999, 1.58195539667858, 1.5670681049515083, 1.476900820678742, 1.3704376473506816, 1.2024180056792748, 1.0]]
2015-02-17 19:34:51,872 - INFO - differential_equation - B           : [[0.0, 0.34864997176239865, 0.6606489336043456, 0.9149271812134095, 1.1465976802757998, 1.3099009864758786, 1.4603147297689285, 1.5364533233737978], [1.603170668088423, 1.5956133893242064, 1.5751664022757006, 1.486353404746535, 1.3749324773882168, 1.2057917839934809, 1.0]]
2015-02-17 19:34:51,875 - INFO - differential_equation - B           : [[0.0, 0.3512661169727639, 0.6641335746383558, 0.9222576449519829, 1.152877176449717, 1.320494302370356, 1.4681458361733526, 1.5482116936089552], [1.6110025544908773, 1.6062079244680283, 1.5814476510892825, 1.4936853888641726, 1.3784185239301114, 1.2084086058361847, 1.0]]
2015-02-17 19:34:51,877 - INFO - differential_equation - B           : [[0.0, 0.3532957500645952, 0.6668371026911468, 0.9279446166748225, 1.1577489031231045, 1.328712386917744, 1.4742210276557677, 1.5573333177877138], [1.6170780208838078, 1.6144264387401759, 1.586319995480991, 1.4993728964450226, 1.381122547354534, 1.2104384774072658, 1.0]]
2015-02-17 19:34:51,878 - INFO - differential_equation - B           : [[0.0, 0.3548703002289051, 0.668934485167488, 0.9323564315198117, 1.1615283041997821, 1.3350877048116159, 1.4789339510095847, 1.564409470859482], [1.6217910411299101, 1.6208019080906546, 1.5900996142726571, 1.503784900153311, 1.3832201044247403, 1.2120131116236514, 1.0]]
2015-02-17 19:34:51,881 - INFO - differential_equation - B           : [[0.0, 0.3560917844773083, 0.6705615787898163, 0.9357789625491928, 1.1644602426723987, 1.3400334268473895, 1.4825900492521193, 1.5698988378092513], [1.6254471735221565, 1.62574768350735, 1.59303162947898, 1.507207497747613, 1.3848472595827233, 1.2132346254962312, 1.0]]
2015-02-17 19:34:51,882 - INFO - differential_equation - B           : [[0.0, 0.3570393642657329, 0.671823819166074, 0.938434025013238, 1.1667347272560715, 1.3438701108137348, 1.4854262959810582, 1.5741572461850453], [1.6282834322871704, 1.6295843862878154, 1.5953061411074678, 1.5098625836724824, 1.386109521647239, 1.2141822157257047, 1.0]]
2015-02-17 19:34:51,885 - INFO - differential_equation - B           : [[0.0, 0.3577744570142247, 0.6728030140783449, 0.9404937101456631, 1.1684991776402596, 1.3468464447236472, 1.4876265334439283, 1.5774607312792224], [1.6304836739921584, 1.6325607268287698, 1.5970706010236082, 1.5119222770736813, 1.387088724203542, 1.2149173121541472, 1.0]]
2015-02-17 19:34:51,888 - INFO - differential_equation - B           : [[0.0, 0.35834471027317427, 0.6735626318512585, 0.9420915246307698, 1.1698679623176282, 1.349155354488893, 1.489333381365559, 1.5800234290771802], [1.6321905234089247, 1.634869638931128, 1.5984393890605164, 1.5135200944731195, 1.387848344670597, 1.2154875667100964, 1.0]]
2015-02-17 19:34:51,891 - INFO - psim - pid for 1 is 9400
2015-02-17 19:34:51,892 - INFO - psim - pid for 0 is 9388
2015-02-17 19:34:51,893 - INFO - differential_equation - ****RUN_PARALLEL()****
2015-02-17 19:34:51,893 - INFO - differential_equation - # processes       : 4
2015-02-17 19:34:51,893 - INFO - differential_equation - input data       : 15
2015-02-17 19:34:51,893 - INFO - differential_equation - A           : [0.1683370804248293, 0.46445502717924425, 0.18113128074951068, 0.47422743937914935, 0.6406522328347848, 0.7487750171660054, 0.7316025400465729, 0.10879305499421399, 0.40018938582457564, 0.05572935297686876, 0.5630580903069381, 0.7294901984390195, 0.18047738505814614, 0.8572759386378492, 0.720131751979295]
2015-02-17 19:34:51,893 - INFO - psim - pid for 2 is 9401
2015-02-17 19:34:51,895 - INFO - differential_equation - B           : [[0.0, 0.19695640280939222, 0.491563455501419, 0.43311397901436993], [0.6337234504947996, 0.7083496086629011, 0.4510062583023319, 0.5881181851577965], [0.1044834262077636, 0.5038459602879791, 0.41483199793016634, 0.3939899599047643], [0.8156052907606567, 0.4725267907409428, 1.0]]
2015-02-17 19:34:51,899 - INFO - differential_equation - B           : [[0.0, 0.21556233613913012, 0.37500039811725333, 0.5244682457141201], [0.5663430679360384, 0.6909559582207465, 0.6295611711800441, 0.7543855462028859], [0.6709200216691901, 0.7840550253148663, 0.7687496463086287, 0.8536872567133417], [0.9098156308840509, 0.9641899511778268, 1.0]]
2015-02-17 19:34:51,902 - INFO - differential_equation - B           : [[0.0, 0.23167536928199503, 0.396185506265548, 0.5777787897934094], [0.6509327249452866, 0.7973554430857005, 0.8089151356291541, 0.9306796540012056], [0.916384923283757, 1.0147717976626172, 1.000006352593517, 1.0640232803255176], [1.0467357985238346, 1.0509013363120416, 1.0]]
2015-02-17 19:34:51,907 - INFO - differential_equation - B           : [[0.0, 0.25307355138325577, 0.4447525049696814, 0.6435177329429856], [0.751208857819834, 0.9082247359087562, 0.9559168160215535, 1.0773528233125589], [1.0863051004270536, 1.1698637518326187, 1.1517631654838913, 1.1849247746030644], [1.1365703824662776, 1.0968555139562008, 1.0]]
2015-02-17 19:34:51,910 - INFO - differential_equation - B           : [[0.0, 0.27434378136484644, 0.4918330529223778, 0.7054277626224851], [0.8401947502226864, 1.0037788371618497, 1.0742676768882762, 1.191982750246075], [1.2127301976323261, 1.2810077552020374, 1.258891553869054, 1.2662752522164555], [1.1981999341828713, 1.126777613578504, 1.0]]
2015-02-17 19:34:51,913 - INFO - differential_equation - B           : [[0.0, 0.2926304062427517, 0.5314927374772277, 0.7575043108891714], [0.9130915187324139, 1.0812212083030777, 1.16774199917369, 1.2809798942518986], [1.3090502565554956, 1.3639448236120923, 1.338182633244065, 1.3252035773083668], [1.2429874565977532, 1.1481135665137372, 1.0]]
2015-02-17 19:34:51,916 - INFO - differential_equation - B           : [[0.0, 0.3074579134746386, 0.5633491842794983, 0.799347634499973], [0.970997163415383, 1.1424619195644166, 1.2408536320063193, 1.3500261176389787], [1.38316486976367, 1.4271221426877965, 1.398341954362118, 1.3694618113765316], [1.2766512115659174, 1.164015810010854, 1.0]]
2015-02-17 19:34:51,920 - INFO - differential_equation - B           : [[0.0, 0.31918758114808493, 0.588444947862982, 0.8323184845158142], [1.0163949872265623, 1.1903797635254132, 1.2977823555290684, 1.40358965406831], [1.4404470939870486, 1.4757225445961353, 1.4445340870374075, 1.4032837972311742], [1.3023839614013115, 1.1761242687678872, 1.0]]
2015-02-17 19:34:51,923 - INFO - differential_equation - B           : [[0.0, 0.32836708331492237, 0.6080479881479269, 0.8580759181821792], [1.0517807469388494, 1.2276967852874439, 1.3420199351180857, 1.44514192428941], [1.4848092649930176, 1.513280134090229, 1.480199801122382, 1.4293412139527357], [1.3222115076620171, 1.1854372759539518, 1.0]]
2015-02-17 19:34:51,927 - INFO - differential_equation - B           : [[0.0, 0.335516389890156, 0.6233026811521312, 0.8781208861258373], [1.0792907105605694, 1.2566965998977198, 1.3763638627592634, 1.4773763437064198], [1.5191971049125947, 1.5423647368623459, 1.507808434738019, 1.4494919110048456], [1.3375453278577352, 1.1926336364091035, 1.0]]
2015-02-17 19:34:51,930 - INFO - differential_equation - B           : [[0.0, 0.34107246497653904, 0.6351533458274062, 0.8936932642943033], [1.1006526089240127, 1.279211320669908, 1.4030156585586557, 1.5023823825969949], [1.5458643776063146, 1.5649093412449693, 1.529205109367345, 1.46510155342601], [1.3494238809329318, 1.1982062956481139, 1.0]]
2015-02-17 19:34:51,934 - INFO - differential_equation - B           : [[0.0, 0.3453861326422998, 0.6443524706349548, 0.9057815143936506], [1.1172315864726112, 1.2966835713672031, 1.4236942200529876, 1.5217809629041141], [1.566548393936213, 1.5823921244287962, 1.5457963438202031, 1.4772029373212388], [1.3586328350145305, 1.2025258084029264, 1.0]]
2015-02-17 19:34:51,937 - INFO - differential_equation - B           : [[0.0, 0.34873372258028723, 0.651490825665831, 0.915161824600163], [1.1300954190537673, 1.3102400008168666, 1.4397368890727835, 1.536829524537419], [1.5825929855142709, 1.5959522660561694, 1.558664496350561, 1.4865878765376408], [1.3657746543756881, 1.2058754584441218, 1.0]]
2015-02-17 19:34:51,940 - INFO - differential_equation - B           : [[0.0, 0.35133107099409083, 0.6570291793828656, 0.9224396346069016], [1.1400755264138418, 1.3207572655941178, 1.4521824898958036, 1.5485035338522326], [1.5950392639434674, 1.6064708391914522, 1.568646126277893, 1.493867318040159], [1.3713142290968616, 1.2084735329418548, 1.0]]
2015-02-17 19:34:51,945 - INFO - differential_equation - B           : [[0.0, 0.35334613282809335, 0.6613258479575456, 0.9280857834088164], [1.1478179750680464, 1.3289163719045773, 1.4618373806220468, 1.557559714555817], [1.6046943934921893, 1.6146304066330517, 1.5763891115613364, 1.4995140418632], [1.3756113280147786, 1.2104888506843334, 1.0]]
2015-02-17 19:34:51,948 - INFO - differential_equation - B           : [[0.0, 0.35490938294323765, 0.6646591047071396, 0.9324659379241679], [1.1538243382747897, 1.3352459437349702, 1.46932726887067, 1.5645850994706434], [1.6121843659138597, 1.6209601409892391, 1.5823956639031995, 1.5038943990449023], [1.3789447364389624, 1.212052190994489, 1.0]]
2015-02-17 19:34:51,951 - INFO - differential_equation - B           : [[0.0, 0.3561221024128699, 0.6672449301424951, 0.9358639111899288], [1.1584838495383671, 1.3401561803384454, 1.4751376111085177, 1.5700350827270428], [1.6179947378185204, 1.6258704348749742, 1.587055241827501, 1.5072924437404729], [1.3815306153320677, 1.2132649422533772, 1.0]]
2015-02-17 19:34:51,955 - INFO - differential_equation - B           : [[0.0, 0.35706288333137076, 0.6692509105956802, 0.9384999238555135], [1.1620985066422864, 1.343965337099783, 1.4796450242121368, 1.5742629389733744], [1.6225021613782158, 1.62967961182546, 1.5906699224260104, 1.5099284815815135], [1.3835366146264512, 1.21420573437601, 1.0]]
2015-02-17 19:34:51,958 - INFO - differential_equation - B           : [[0.0, 0.35779270197843815, 0.6708070656008279, 0.9405448313587627], [1.1649026029114473, 1.346920316911149, 1.4831416783869336, 1.5775427230752168], [1.6259988192382593, 1.6326345987524964, 1.5934740269758456, 1.5119733979578585], [1.3850927762721845, 1.2149355569719764, 1.0]]
2015-02-17 19:34:51,961 - INFO - differential_equation - B           : [[0.0, 0.3583588638794204, 0.6720142633130396, 0.9421311821398924], [1.1670778986730919, 1.3492126612126754, 1.485854229003995, 1.5800870346903597], [1.6287113711541872, 1.6349269455619426, 1.5956493256560162, 1.5135597518663135], [1.3862999763248722, 1.2155017202647493, 1.0]]
2015-02-17 19:34:51,966 - INFO - psim - pid for 1 is 9403
2015-02-17 19:34:51,967 - INFO - psim - pid for 3 is 9405
2015-02-17 19:34:51,969 - INFO - psim - pid for 4 is 9406
2015-02-17 19:34:51,969 - INFO - psim - pid for 0 is 9388
2015-02-17 19:34:51,969 - INFO - differential_equation - ****RUN_PARALLEL()****
2015-02-17 19:34:51,969 - INFO - differential_equation - # processes       : 8
2015-02-17 19:34:51,969 - INFO - differential_equation - input data       : 15
2015-02-17 19:34:51,970 - INFO - differential_equation - A           : [0.10321179460801466, 0.17817757751808683, 0.7352633887289997, 0.24724465320192923, 0.9893485539362403, 0.3924104664831136, 0.01676444375164532, 0.07976004519280222, 0.1403790385026349, 0.4501551331292133, 0.23047767268027897, 0.7319678248676186, 0.34624377395343475, 0.45027672499469884, 0.3864432277761968]
2015-02-17 19:34:51,971 - INFO - psim - pid for 7 is 9409
2015-02-17 19:34:51,971 - INFO - psim - pid for 5 is 9407
2015-02-17 19:34:51,970 - INFO - psim - pid for 6 is 9408
2015-02-17 19:34:51,973 - INFO - psim - pid for 2 is 9404
2015-02-17 19:34:51,974 - INFO - differential_equation - B           : [[0.0, 0.44145981389072936], [0.23493333758223026, 0.8845281935548422], [0.3420497820647436, 0.525278721066165], [0.2583074780601801, 0.10079396334936233], [0.28717981138322995, 0.20765057781367915], [0.6132837012206381, 0.31058294553907906], [0.6133444971533809, 0.38856572308703796], [1.0]]
2015-02-17 19:34:51,981 - INFO - differential_equation - B           : [[0.0, 0.23251604003012027], [0.2838116290782778, 0.5309091305480976], [0.4448862736447344, 0.6131037201547169], [0.547072663434897, 0.5844248218182341], [0.6499316413022201, 0.5896058586297533], [0.7824414000832025, 0.7115662104848464], [0.9239666030746704, 0.9138967662588097], [1.0]]
2015-02-17 19:34:51,987 - INFO - differential_equation - B           : [[0.0, 0.2195777408090165], [0.3552446423501315, 0.5356319211877538], [0.5889798380010125, 0.7164424109924411], [0.7519383336753703, 0.8161032686646812], [0.8804663723542895, 0.892120883122831], [0.9853439297080544, 0.9698020001384605], [1.043691945798113, 1.015618377288829], [1.0]]
2015-02-17 19:34:51,993 - INFO - differential_equation - B           : [[0.0, 0.23786061293091978], [0.42168223844621133, 0.5984716669734337], [0.7134584022890352, 0.8369527419467606], [0.9156374034670828, 0.9899428544000172], [1.0534421923479498, 1.0838755193824128], [1.1306772045772653, 1.1215276097275377], [1.126863763367193, 1.0734754790631176], [1.0]]
2015-02-17 19:34:51,999 - INFO - differential_equation - B           : [[0.0, 0.26073525688411037], [0.47682194949628637, 0.6664856655977717], [0.8144622454961319, 0.9454024424729911], [1.0445444310552567, 1.1242996855486362], [1.185620852130875, 1.217444567605492], [1.2390324277460631, 1.2208653280107105], [1.1878989125680253, 1.1102906344167474], [1.0]]
2015-02-17 19:34:52,005 - INFO - differential_equation - B           : [[0.0, 0.28145759155616534], [0.5208495837089988, 0.7259161521125967], [0.8943746740643578, 1.0348399687448129], [1.1452333317364265, 1.2284850917737726], [1.287462858560796, 1.3157354970490285], [1.3215358622040894, 1.29133583130331], [1.2340043729688888, 1.1359262400618948], [1.0]]
2015-02-17 19:34:52,011 - INFO - differential_equation - B           : [[0.0, 0.29857524233654753], [0.5554444719830824, 0.7743596305185924], [0.9569157849307474, 1.1060946869450792], [1.2235870563933569, 1.3093038845151255], [1.3662229958095797, 1.390110600308156], [1.3849901738820933, 1.343670366265402], [1.2693315914411993, 1.154775573931559], [1.0]]
2015-02-17 19:34:52,017 - INFO - differential_equation - B           : [[0.0, 0.3122210689621112], [0.5824366933029991, 0.8127637739821675], [1.0056257131810167, 1.1620313184908753], [1.2844564043730031, 1.3719992227288438], [1.4272355840179118, 1.4471470124133252], [1.4340219600047144, 1.3834459136553647], [1.2965819227345827, 1.1690317327222863], [1.0]]
2015-02-17 19:34:52,023 - INFO - differential_equation - B           : [[0.0, 0.32293609346381696], [0.6034306988957437, 0.842846297250991], [1.0434808471219823, 1.2056572518373527], [1.3317064702672814, 1.4206354698945671], [1.4745361349693125, 1.4911605637136787], [1.4719905328393268, 1.4140117886067085], [1.3176668992568512, 1.1799618689596405], [1.0]]
2015-02-17 19:34:52,030 - INFO - differential_equation - B           : [[0.0, 0.33129386652212406], [0.6197361754910584, 0.8662852946124004], [1.0728711974787881, 1.2395823635767562], [1.3683716691160601, 1.4583653195778328], [1.5112191272900464, 1.5252222915051346], [1.5014208647646952, 1.4376211433985673], [1.334004438580733, 1.1883954582070075], [1.0]]
2015-02-17 19:34:52,035 - INFO - differential_equation - B           : [[0.0, 0.3377935044667141], [0.6323920300940955, 0.8845042900977814], [1.0956793951275547, 1.2659288816778946], [1.396818676643988, 1.4876344699768569], [1.5396724061319487, 1.5516169599705467], [1.5242431539280505, 1.4559001814061094], [1.3466715937010738, 1.1949218175878145], [1.0]]
2015-02-17 19:34:52,041 - INFO - differential_equation - B           : [[0.0, 0.34284129212599596], [0.6422122747850302, 0.898650490115944], [1.1133759697744514, 1.2863775376649236], [1.4188879357198292, 1.5103401838162873], [1.561743875534086, 1.5720825865664088], [1.5419446951330524, 1.4700675434273496], [1.35649582126237, 1.1999790232244747], [1.0]]
2015-02-17 19:34:52,047 - INFO - differential_equation - B           : [[0.0, 0.34675913613782766], [0.6498312297729103, 0.9096289661511547], [1.127105241789587, 1.3022442934952871], [1.4360087597784839, 1.527954273540887], [1.578865478622838, 1.5879553236924178], [1.5556757176129272, 1.4810534780162339], [1.3641161800139798, 1.2039001866049652], [1.0]]
2015-02-17 19:34:52,053 - INFO - differential_equation - B           : [[0.0, 0.3497991289972292], [0.655741975580337, 0.9181471614866951], [1.1377561749914253, 1.3145542876804064], [1.4492905036201877, 1.5416185062112349], [1.5921474970339091, 1.6002674259867953], [1.5663272677665336, 1.4895743021210217], [1.3700274205783103, 1.206941349376743], [1.0]]
2015-02-17 19:34:52,060 - INFO - differential_equation - B           : [[0.0, 0.35215766877495747], [0.6603273757753161, 0.924755757505899], [1.1460188290225488, 1.324104283537621], [1.4595939518581749, 1.5522186142718912], [1.6024510420439433, 1.6098181648476846], [1.5745901392424737, 1.4961838246506538], [1.374612995150493, 1.2093003014904027], [1.0]]
2015-02-17 19:34:52,066 - INFO - differential_equation - B           : [[0.0, 0.3539874070133214], [0.6638845635847147, 0.9298826104480687], [1.1524286770233163, 1.3315129056921449], [1.4675869323077073, 1.5604417098242327], [1.61044405660081, 1.6172270488740537], [1.5810000638817252, 1.501311004141673], [1.3781702444191843, 1.2111301850566767], [1.0]]
2015-02-17 19:34:52,072 - INFO - differential_equation - B           : [[0.0, 0.3554068678653293], [0.6666440857493429, 0.9338598655865241], [1.157401170155119, 1.3372602428947278], [1.4737875406533627, 1.5668208240819368], [1.6166446769676044, 1.6229744783734388], [1.5859725840247823, 1.5052883743723582], [1.3809297882451566, 1.2125496971295455], [1.0]]
2015-02-17 19:34:52,079 - INFO - differential_equation - B           : [[0.0, 0.3565080337278136], [0.6687848057218975, 0.9369452687792746], [1.1612586163738832, 1.3417187927311738], [1.478597701227872, 1.571769459112848], [1.6214548417789674, 1.6274330607399172], [1.5898300397636707, 1.5083738181293957], [1.3830705158522578, 1.2136508810448359], [1.0]]
2015-02-17 19:34:52,089 - INFO - differential_equation - B           : [[0.0, 0.35736227337863635], [0.6704454833218636, 0.9393387968578565], [1.164251054754908, 1.3451775456139448], [1.4823292121997902, 1.5756083915539134], [1.6251863542441662, 1.6308918250879072], [1.5928224815000656, 1.5107673605048717], [1.384731196143022, 1.214505127058375], [1.0]]
2015-02-17 19:34:52,096 - INFO - differential_equation - B           : [[0.0, 0.35802495610867485], [0.6717337642096558, 0.9411955932282756], [1.1665724569640903, 1.3478606957296715], [1.4852239538808512, 1.578586465749122], [1.6280810964515342, 1.6335749792445535], [1.5951438848918489, 1.512624161914235], [1.3860194779791863, 1.2151678120309548], [1.0]]
2015-02-17 19:34:52,107 - INFO - psim - pid for 3 is 9412
2015-02-17 19:34:52,106 - INFO - psim - pid for 2 is 9411
2015-02-17 19:34:52,109 - INFO - psim - pid for 5 is 9414
2015-02-17 19:34:52,110 - INFO - psim - pid for 7 is 9416
2015-02-17 19:34:52,111 - INFO - psim - pid for 8 is 9417
2015-02-17 19:34:52,112 - INFO - psim - pid for 9 is 9418
2015-02-17 19:34:52,112 - INFO - psim - pid for 0 is 9388
2015-02-17 19:34:52,114 - INFO - psim - pid for 4 is 9413
2015-02-17 19:34:52,113 - INFO - psim - pid for 10 is 9419
2015-02-17 19:34:52,115 - INFO - psim - pid for 6 is 9415
2015-02-17 19:34:52,115 - INFO - psim - pid for 13 is 9422
2015-02-17 19:34:52,116 - INFO - psim - pid for 1 is 9410
2015-02-17 19:34:52,116 - INFO - psim - pid for 14 is 9423
2015-02-17 19:34:52,117 - INFO - psim - pid for 15 is 9424
2015-02-17 19:34:52,113 - INFO - differential_equation - ****RUN_PARALLEL()****
2015-02-17 19:34:52,118 - INFO - differential_equation - # processes       : 16
2015-02-17 19:34:52,118 - INFO - differential_equation - input data       : 15
2015-02-17 19:34:52,119 - INFO - differential_equation - A           : [0.3701298020537994, 0.20635262173643099, 0.27106041182011065, 0.37788675090871093, 0.27802432039207736, 0.16872169205241594, 0.3080768853058946, 0.029621585093473235, 0.1418237255434378, 0.6851310017839009, 0.5890217870674478, 0.9386316297295902, 0.5330763615867219, 0.3149163143842566, 0.32935784378363075]
2015-02-17 19:34:52,128 - INFO - differential_equation - B           : [[0.0], [0.34281732915917723], [0.31434190854479316], [0.2967645883283162], [0.29552644370278564], [0.3152728250712082], [0.12139386079516681], [0.24717252764688843], [0.37959851566090924], [0.387644978527665], [0.8341035379789677], [0.5832712965493071], [0.6489961942791457], [0.4534393249073985], [0.17968037941435053], []]
2015-02-17 19:34:52,143 - INFO - differential_equation - B           : [[0.0], [0.16828140788081863], [0.2780063123703781], [0.39005413561522195], [0.4388239248507496], [0.5018040729617952], [0.5494005633007534], [0.5602451440132771], [0.6402931549233172], [0.5865913240052845], [0.667778086352886], [0.5419822568258329], [0.5489961335324268], [0.3598023088766959], [0.23245357661365626], []]
2015-02-17 19:34:52,159 - INFO - differential_equation - B           : [[0.0], [0.19539289596316556], [0.3518694300662221], [0.47463485088112284], [0.5765070321463982], [0.6377527961340944], [0.7101151366438337], [0.7123570379018366], [0.7635276255854465], [0.7056940618128961], [0.7209050380307649], [0.6033677164130492], [0.5514024692242565], [0.37781511891422137], [0.2264591724350357], []]
2015-02-17 19:34:52,171 - INFO - differential_equation - B           : [[0.0], [0.2202018095347158], [0.40665677368826963], [0.5441961717814192], [0.670543155653981], [0.7376072240744405], [0.8172534114121023], [0.8208197625672076], [0.8570923782382092], [0.8005498627526954], [0.7848365910987302], [0.6697387179054428], [0.5845389511066715], [0.41076881441594687], [0.23607503899085738], []]
2015-02-17 19:34:52,182 - INFO - differential_equation - B           : [[0.0], [0.23925243836264184], [0.445057556003362], [0.5973945313749406], [0.737568764936023], [0.8140842694119709], [0.8969185205547398], [0.9055681479420187], [0.9327542494568093], [0.8781996194413244], [0.8440943998990846], [0.7278963378811231], [0.6211225124955637], [0.4416044654329691], [0.24829580381910732], []]
2015-02-17 19:34:52,194 - INFO - differential_equation - B           : [[0.0], [0.2539467314220133], [0.4732309688801492], [0.6386188818234201], [0.7876961249555744], [0.8739522270300769], [0.9585046758833086], [0.9730059227295021], [0.9940379237000628], [0.9413386732330217], [0.8948326283587053], [0.7762880694336388], [0.6541513965421278], [0.4677320867566448], [0.2597043051785118], []]
2015-02-17 19:34:52,205 - INFO - differential_equation - B           : [[0.0], [0.2654647138472617], [0.4947165888259015], [0.6710465341661794], [0.8263971984367956], [0.9213656281284837], [1.006983718953523], [1.0269145289086965], [1.0434678598552036], [0.9923468605600215], [0.9368190397989317], [0.8157719050405109], [0.6820859385828645], [0.4892027348574805], [0.26947623399906634], []]
2015-02-17 19:34:52,216 - INFO - differential_equation - B           : [[0.0], [0.2745893308325263], [0.511491187988239], [0.6967873781526184], [0.8568200551534307], [0.9591423973534188], [1.0454918430960294], [1.0700769225897757], [1.0832235370673269], [1.033402795878403], [0.9710110013304779], [0.8477024583624134], [0.7050658426646096], [0.5066230467379742], [0.27756077587278666], []]
2015-02-17 19:34:52,227 - INFO - differential_equation - B           : [[0.0], [0.28186011727203397], [0.5247568729687857], [0.7173200850484474], [0.8809660915304435], [0.9893341718418606], [1.076220568100345], [1.1046594160584955], [1.1151491634046837], [1.0663848175225825], [0.9986388777531486], [0.8734136016821641], [0.7237256430170017], [0.5206726846379394], [0.28414337735456674], []]
2015-02-17 19:34:52,240 - INFO - differential_equation - B           : [[0.0], [0.2876712855798852], [0.5353183888804426], [0.7337396795528847], [0.9002258498853629], [1.0135017986122206], [1.100798738786382], [1.1323768735330293], [1.1407666106066987], [1.0928548409917909], [1.0208764843760352], [0.8940724458072925], [0.7387815573714254], [0.5319705297510429], [0.2894617792187012], []]
2015-02-17 19:34:52,251 - INFO - differential_equation - B           : [[0.0], [0.29232304793248554], [0.5437560633548922], [0.7468869464924798], [0.9156272296005735], [1.0328626640087593], [1.1204806857875906], [1.1545958139145593], [1.1613140573898102], [1.1140881133046807], [1.0387407919472023], [0.9106539544420288], [0.7508913276459247], [0.5410422010481876], [0.29374234524751763], []]
2015-02-17 19:34:52,263 - INFO - differential_equation - B           : [[0.0], [0.29604964639041276], [0.5505088517906473], [0.7574208858134412], [0.9279591073604051], [1.048379038557683], [1.1362512216143275], [1.1724085218408495], [1.1777915727862145], [1.1311164121048325], [1.0530778759354358], [0.9239556546250421], [0.7606160543622523], [0.5483209693959071], [0.29718100316342366], []]
2015-02-17 19:34:52,285 - INFO - differential_equation - B           : [[0.0], [0.2990362683944101], [0.5559180247290002], [0.7658637331472795], [0.9378396962761132], [1.0608168524957382], [1.1488914883559156], [1.1866894040236757], [1.1910039532253651], [1.1447707591947676], [1.0645785182049754], [0.934623379691857], [0.768419261833705], [0.5541590042139538], [0.2999406809711675], []]
2015-02-17 19:34:52,306 - INFO - differential_equation - B           : [[0.0], [0.30143032909249867], [0.5602528799145651], [0.7726317156183391], [0.9457588741167099], [1.0707879387270782], [1.1590243572294834], [1.1981389814346413], [1.2015976597239484], [1.1557189667090566], [1.0738015930793192], [0.9431775265057608], [0.7746781131431983], [0.5588405991501435], [0.30215437200196016], []]
2015-02-17 19:34:52,318 - INFO - differential_equation - B           : [[0.0], [0.3033495904820415], [0.5637275805886629], [0.7780575429559645], [0.952107064635186], [1.0787819254503594], [1.167147837769585], [1.2073186836099299], [1.2100914875419644], [1.1644970797776422], [1.0811972210743208], [0.9500363781845276], [0.7796972402866933], [0.5625944739873602], [0.30392966202332405], []]
2015-02-17 19:34:52,329 - INFO - differential_equation - B           : [[0.0], [0.3048882954512059], [0.5665131261111501], [0.782407561673908], [0.9571963461869165], [1.08519100634708], [1.173660653708502], [1.2146785529464195], [1.216901583611508], [1.171535128774266], [1.0871271155017768], [0.9555357222119539], [0.783721790833699], [0.565604324605853], [0.3053531964104792], []]
2015-02-17 19:34:52,339 - INFO - differential_equation - B           : [[0.0], [0.30612193370545204], [0.5687463301542812], [0.7858951529316877], [0.9612765468660188], [1.090329476414492], [1.1788822587459933], [1.2205793790814379], [1.2223616777465713], [1.1771779962276008], [1.0918816173592536], [0.9599449514110386], [0.786948680925625], [0.5680175594830851], [0.30649460076886426], []]
2015-02-17 19:34:52,351 - INFO - differential_equation - B           : [[0.0], [0.30711100130890817], [0.5705367682895143], [0.7886913303917072], [0.9645478133400097], [1.0944492638686225], [1.183068686031879], [1.2253104138494495], [1.226739373354825], [1.181702236056386], [1.095693645440644], [0.9634801236363674], [0.789535938398645], [0.5699524167910764], [0.3074097615807588], []]
2015-02-17 19:34:52,370 - INFO - differential_equation - B           : [[0.0], [0.30790398999774754], [0.5719722467549018], [0.7909331788473822], [0.9671705521622407], [1.0977523299010505], [1.1864251753337114], [1.2291035616652755], [1.2302492370686364], [1.1853295945776134], [1.0987499992772127], [0.9663144934687552], [0.7916103236470687], [0.5715037161512272], [0.30814351206035984], []]
2015-02-17 19:34:52,385 - INFO - differential_equation - B           : [[0.0], [0.3085397737950634], [0.573123145986662], [0.7927305963669414], [0.969273345303958], [1.1004005888042412], [1.1891162644742235], [1.232144751633951], [1.2330633049762905], [1.1882378656868464], [1.101200469273705], [0.9685869807806725], [0.7932734923229624], [0.5727474886003436], [0.3087318080591549], []]
2015-02-17 19:34:52,780 - INFO - differential_equation - log_payload: {'log_owner': '3', 'simulation': 9}
2015-02-17 19:34:52,780 - INFO - differential_equation - plot_payload: {'plot_owner': '3', 'simulation': 9}
2015-02-17 19:34:52,781 - INFO - differential_equation - main: END
