2015-02-17 22:01:40,097 - INFO - log - ****SYSTEM INFORMATION****
2015-02-17 22:01:40,097 - INFO - log - Python version    : 2.7.3
2015-02-17 22:01:40,097 - INFO - log - compiler          : GCC 4.7.2
2015-02-17 22:01:40,097 - INFO - log - system            : Linux
2015-02-17 22:01:40,097 - INFO - log - release           : 3.2.0-4-686-pae
2015-02-17 22:01:40,097 - INFO - log - machine           : i686
2015-02-17 22:01:40,098 - INFO - log - cpu's             : 2
2015-02-17 22:01:40,098 - INFO - log - interpreter       : 32bit
2015-02-17 22:01:40,098 - INFO - log - node              : crunchbang
2015-02-17 22:01:40,098 - INFO - log - platform          : Linux-3.2.0-4-686-pae-i686-with-debian-7.8
2015-02-17 22:01:40,098 - INFO - floating_point_add - main: START
2015-02-17 22:01:40,100 - INFO - floating_point_add - ****RUN_SERIAL()****
2015-02-17 22:01:40,285 - INFO - floating_point_add - head of a         : [0.052363598850944326, 0.08718667752263232, 0.4072417636703983, 0.10770023493843905, 0.9011988779516946]
2015-02-17 22:01:40,286 - INFO - floating_point_add - head of b         : [0.10337852557304117, 0.7482590414438126, 0.2966602658868075, 0.27663573664837793, 0.37280621233419053]
2015-02-17 22:01:40,286 - INFO - floating_point_add - data size         : 416620
2015-02-17 22:01:40,286 - INFO - floating_point_add - result            : 104161.766902
2015-02-17 22:01:40,297 - INFO - psim - pid for 0 is 16182
2015-02-17 22:01:40,297 - INFO - floating_point_add - ****RUN_PARALLEL()****
2015-02-17 22:01:40,297 - INFO - psim - pid for 1 is 16192
2015-02-17 22:01:40,428 - INFO - floating_point_add - head of a         : [0.936490220829669, 0.3362744920832319, 0.7432521548687043, 0.7304371286429016, 0.2924864395534613]
2015-02-17 22:01:40,428 - INFO - floating_point_add - head of b         : [0.0750584477497298, 0.37112023596591937, 0.5971897212118924, 0.22696490415711335, 0.7798747205618592]
2015-02-17 22:01:40,428 - INFO - floating_point_add - data size         : 416620
2015-02-17 22:01:40,428 - INFO - floating_point_add - # processes       : 2
2015-02-17 22:01:42,273 - INFO - floating_point_add - result            : 104113.172892
2015-02-17 22:01:42,287 - INFO - psim - pid for 0 is 16182
2015-02-17 22:01:42,287 - INFO - floating_point_add - ****RUN_PARALLEL()****
2015-02-17 22:01:42,288 - INFO - psim - pid for 2 is 16195
2015-02-17 22:01:42,293 - INFO - psim - pid for 1 is 16194
2015-02-17 22:01:42,467 - INFO - floating_point_add - head of a         : [0.38309725277611384, 0.6211883921580083, 0.5311190784226615, 0.30256458604473635, 0.32039611483318164]
2015-02-17 22:01:42,468 - INFO - floating_point_add - head of b         : [0.6864247387061077, 0.5277220567094715, 0.07165912698670573, 0.3093263437876824, 0.010424657351857158]
2015-02-17 22:01:42,468 - INFO - floating_point_add - data size         : 416620
2015-02-17 22:01:42,468 - INFO - floating_point_add - # processes       : 3
2015-02-17 22:01:44,954 - INFO - floating_point_add - result            : 104164.593761
2015-02-17 22:01:44,966 - INFO - psim - pid for 1 is 16196
2015-02-17 22:01:44,967 - INFO - psim - pid for 0 is 16182
2015-02-17 22:01:44,968 - INFO - floating_point_add - ****RUN_PARALLEL()****
2015-02-17 22:01:44,968 - INFO - psim - pid for 3 is 16198
2015-02-17 22:01:45,098 - INFO - floating_point_add - head of a         : [0.03767009127482168, 0.04391284653691607, 0.9854555787388891, 0.44424248724793103, 0.4674719316349756]
2015-02-17 22:01:45,099 - INFO - floating_point_add - head of b         : [0.7358128156786649, 0.1550197736445711, 0.03020242570118936, 0.668757654402422, 0.8549891827052517]
2015-02-17 22:01:45,099 - INFO - floating_point_add - data size         : 416620
2015-02-17 22:01:45,099 - INFO - floating_point_add - # processes       : 4
2015-02-17 22:01:47,936 - INFO - floating_point_add - result            : 103931.261814
2015-02-17 22:01:47,949 - INFO - psim - pid for 1 is 16200
2015-02-17 22:01:47,950 - INFO - psim - pid for 2 is 16201
2015-02-17 22:01:47,951 - INFO - psim - pid for 3 is 16202
2015-02-17 22:01:47,953 - INFO - psim - pid for 0 is 16182
2015-02-17 22:01:47,953 - INFO - floating_point_add - ****RUN_PARALLEL()****
2015-02-17 22:01:47,953 - INFO - psim - pid for 5 is 16204
2015-02-17 22:01:47,954 - INFO - psim - pid for 4 is 16203
2015-02-17 22:01:48,085 - INFO - floating_point_add - head of a         : [0.5604402925183012, 0.5534283079994762, 0.9915553443453925, 0.48574298560896345, 0.17787576443536646]
2015-02-17 22:01:48,086 - INFO - floating_point_add - head of b         : [0.7113422073961435, 0.9948124154672681, 0.7602945892300111, 0.31363892708036734, 0.2650162397420742]
2015-02-17 22:01:48,086 - INFO - floating_point_add - data size         : 416620
2015-02-17 22:01:48,086 - INFO - floating_point_add - # processes       : 6
2015-02-17 22:01:51,152 - INFO - floating_point_add - result            : 104297.230926
2015-02-17 22:01:51,493 - INFO - floating_point_add - log_payload: {'log_owner': '1', 'simulation': 17}
2015-02-17 22:01:51,495 - INFO - floating_point_add - plot_payload: {'plot_owner': '1', 'simulation': 17}
2015-02-17 22:01:51,495 - INFO - floating_point_add - main: END
