2015-02-17 19:11:42,019 - INFO - log - ****SYSTEM INFORMATION****
2015-02-17 19:11:42,019 - INFO - log - Python version    : 2.7.3
2015-02-17 19:11:42,019 - INFO - log - compiler          : GCC 4.7.2
2015-02-17 19:11:42,019 - INFO - log - system            : Linux
2015-02-17 19:11:42,019 - INFO - log - release           : 3.2.0-4-686-pae
2015-02-17 19:11:42,020 - INFO - log - machine           : i686
2015-02-17 19:11:42,020 - INFO - log - cpu's             : 2
2015-02-17 19:11:42,020 - INFO - log - interpreter       : 32bit
2015-02-17 19:11:42,020 - INFO - log - node              : crunchbang
2015-02-17 19:11:42,020 - INFO - log - platform          : Linux-3.2.0-4-686-pae-i686-with-debian-7.8
2015-02-17 19:11:42,020 - INFO - merge_sort - main: START
2015-02-17 19:11:42,021 - INFO - merge_sort - ****RUN_SERIAL()****
2015-02-17 19:11:42,022 - INFO - merge_sort - input data       : ['k', 'n', 'd', 's', 'e', 'i', 'a', 'i', 'z', 'z', 't', 'a', 'y', 'w', 'u', 'e', 'c', 'k', 'x', 'p', 't', 'g', 'n', 's', 'v', 'u', 'b', 'g', 'b', 'f', 'd', 'b']
2015-02-17 19:11:42,022 - INFO - merge_sort - result            : ['a', 'a', 'b', 'b', 'b', 'c', 'd', 'd', 'e', 'e', 'f', 'g', 'g', 'i', 'i', 'k', 'k', 'n', 'n', 'p', 's', 's', 't', 't', 'u', 'u', 'v', 'w', 'x', 'y', 'z', 'z']
2015-02-17 19:11:42,024 - INFO - psim - pid for 0 is 8588
2015-02-17 19:11:42,024 - INFO - psim - pid for 1 is 8598
2015-02-17 19:11:42,024 - INFO - merge_sort - 0 scattering to all ['k', 'n', 'd', 's', 'e', 'i', 'a', 'i', 'z', 'z', 't', 'a', 'y', 'w', 'u', 'e', 'c', 'k', 'x', 'p', 't', 'g', 'n', 's', 'v', 'u', 'b', 'g', 'b', 'f', 'd', 'b']
2015-02-17 19:11:42,024 - INFO - merge_sort - 1 scattering to all ['k', 'n', 'd', 's', 'e', 'i', 'a', 'i', 'z', 'z', 't', 'a', 'y', 'w', 'u', 'e', 'c', 'k', 'x', 'p', 't', 'g', 'n', 's', 'v', 'u', 'b', 'g', 'b', 'f', 'd', 'b']
2015-02-17 19:11:42,025 - INFO - merge_sort - ****RUN_PARALLEL()****
2015-02-17 19:11:42,025 - INFO - merge_sort - # processes       : 2
2015-02-17 19:11:42,025 - INFO - merge_sort - input data       : ['k', 'n', 'd', 's', 'e', 'i', 'a', 'i', 'z', 'z', 't', 'a', 'y', 'w', 'u', 'e', 'c', 'k', 'x', 'p', 't', 'g', 'n', 's', 'v', 'u', 'b', 'g', 'b', 'f', 'd', 'b']
2015-02-17 19:11:42,025 - INFO - merge_sort - result           : ['a', 'a', 'b', 'b', 'b', 'c', 'd', 'd', 'e', 'e', 'f', 'g', 'g', 'i', 'i', 'k', 'k', 'n', 'n', 'p', 's', 's', 't', 't', 'u', 'u', 'v', 'w', 'x', 'y', 'z', 'z']
2015-02-17 19:11:42,027 - INFO - psim - pid for 0 is 8588
2015-02-17 19:11:42,028 - INFO - psim - pid for 3 is 8601
2015-02-17 19:11:42,028 - INFO - merge_sort - 0 scattering to all ['k', 'n', 'd', 's', 'e', 'i', 'a', 'i', 'z', 'z', 't', 'a', 'y', 'w', 'u', 'e', 'c', 'k', 'x', 'p', 't', 'g', 'n', 's', 'v', 'u', 'b', 'g', 'b', 'f', 'd', 'b']
2015-02-17 19:11:42,028 - INFO - merge_sort - 3 scattering to all ['k', 'n', 'd', 's', 'e', 'i', 'a', 'i', 'z', 'z', 't', 'a', 'y', 'w', 'u', 'e', 'c', 'k', 'x', 'p', 't', 'g', 'n', 's', 'v', 'u', 'b', 'g', 'b', 'f', 'd', 'b']
2015-02-17 19:11:42,027 - INFO - psim - pid for 1 is 8599
2015-02-17 19:11:42,029 - INFO - merge_sort - 1 scattering to all ['k', 'n', 'd', 's', 'e', 'i', 'a', 'i', 'z', 'z', 't', 'a', 'y', 'w', 'u', 'e', 'c', 'k', 'x', 'p', 't', 'g', 'n', 's', 'v', 'u', 'b', 'g', 'b', 'f', 'd', 'b']
2015-02-17 19:11:42,029 - INFO - psim - pid for 2 is 8600
2015-02-17 19:11:42,029 - INFO - merge_sort - 2 scattering to all ['k', 'n', 'd', 's', 'e', 'i', 'a', 'i', 'z', 'z', 't', 'a', 'y', 'w', 'u', 'e', 'c', 'k', 'x', 'p', 't', 'g', 'n', 's', 'v', 'u', 'b', 'g', 'b', 'f', 'd', 'b']
2015-02-17 19:11:42,030 - INFO - merge_sort - ****RUN_PARALLEL()****
2015-02-17 19:11:42,031 - INFO - merge_sort - # processes       : 4
2015-02-17 19:11:42,031 - INFO - merge_sort - input data       : ['k', 'n', 'd', 's', 'e', 'i', 'a', 'i', 'z', 'z', 't', 'a', 'y', 'w', 'u', 'e', 'c', 'k', 'x', 'p', 't', 'g', 'n', 's', 'v', 'u', 'b', 'g', 'b', 'f', 'd', 'b']
2015-02-17 19:11:42,031 - INFO - merge_sort - result           : ['a', 'a', 'b', 'b', 'b', 'c', 'd', 'd', 'e', 'e', 'f', 'g', 'g', 'i', 'i', 'k', 'k', 'n', 'n', 'p', 's', 's', 't', 't', 'u', 'u', 'v', 'w', 'x', 'y', 'z', 'z']
2015-02-17 19:11:42,034 - INFO - psim - pid for 2 is 8603
2015-02-17 19:11:42,035 - INFO - merge_sort - 2 scattering to all ['k', 'n', 'd', 's', 'e', 'i', 'a', 'i', 'z', 'z', 't', 'a', 'y', 'w', 'u', 'e', 'c', 'k', 'x', 'p', 't', 'g', 'n', 's', 'v', 'u', 'b', 'g', 'b', 'f', 'd', 'b']
2015-02-17 19:11:42,035 - INFO - psim - pid for 3 is 8604
2015-02-17 19:11:42,035 - INFO - merge_sort - 3 scattering to all ['k', 'n', 'd', 's', 'e', 'i', 'a', 'i', 'z', 'z', 't', 'a', 'y', 'w', 'u', 'e', 'c', 'k', 'x', 'p', 't', 'g', 'n', 's', 'v', 'u', 'b', 'g', 'b', 'f', 'd', 'b']
2015-02-17 19:11:42,036 - INFO - psim - pid for 4 is 8605
2015-02-17 19:11:42,036 - INFO - merge_sort - 4 scattering to all ['k', 'n', 'd', 's', 'e', 'i', 'a', 'i', 'z', 'z', 't', 'a', 'y', 'w', 'u', 'e', 'c', 'k', 'x', 'p', 't', 'g', 'n', 's', 'v', 'u', 'b', 'g', 'b', 'f', 'd', 'b']
2015-02-17 19:11:42,036 - INFO - psim - pid for 0 is 8588
2015-02-17 19:11:42,037 - INFO - merge_sort - 0 scattering to all ['k', 'n', 'd', 's', 'e', 'i', 'a', 'i', 'z', 'z', 't', 'a', 'y', 'w', 'u', 'e', 'c', 'k', 'x', 'p', 't', 'g', 'n', 's', 'v', 'u', 'b', 'g', 'b', 'f', 'd', 'b']
2015-02-17 19:11:42,038 - INFO - psim - pid for 6 is 8607
2015-02-17 19:11:42,039 - INFO - merge_sort - 6 scattering to all ['k', 'n', 'd', 's', 'e', 'i', 'a', 'i', 'z', 'z', 't', 'a', 'y', 'w', 'u', 'e', 'c', 'k', 'x', 'p', 't', 'g', 'n', 's', 'v', 'u', 'b', 'g', 'b', 'f', 'd', 'b']
2015-02-17 19:11:42,039 - INFO - psim - pid for 1 is 8602
2015-02-17 19:11:42,039 - INFO - merge_sort - 1 scattering to all ['k', 'n', 'd', 's', 'e', 'i', 'a', 'i', 'z', 'z', 't', 'a', 'y', 'w', 'u', 'e', 'c', 'k', 'x', 'p', 't', 'g', 'n', 's', 'v', 'u', 'b', 'g', 'b', 'f', 'd', 'b']
2015-02-17 19:11:42,039 - INFO - psim - pid for 7 is 8608
2015-02-17 19:11:42,040 - INFO - merge_sort - 7 scattering to all ['k', 'n', 'd', 's', 'e', 'i', 'a', 'i', 'z', 'z', 't', 'a', 'y', 'w', 'u', 'e', 'c', 'k', 'x', 'p', 't', 'g', 'n', 's', 'v', 'u', 'b', 'g', 'b', 'f', 'd', 'b']
2015-02-17 19:11:42,041 - INFO - psim - pid for 5 is 8606
2015-02-17 19:11:42,041 - INFO - merge_sort - 5 scattering to all ['k', 'n', 'd', 's', 'e', 'i', 'a', 'i', 'z', 'z', 't', 'a', 'y', 'w', 'u', 'e', 'c', 'k', 'x', 'p', 't', 'g', 'n', 's', 'v', 'u', 'b', 'g', 'b', 'f', 'd', 'b']
2015-02-17 19:11:42,046 - INFO - merge_sort - ****RUN_PARALLEL()****
2015-02-17 19:11:42,047 - INFO - merge_sort - # processes       : 8
2015-02-17 19:11:42,047 - INFO - merge_sort - input data       : ['k', 'n', 'd', 's', 'e', 'i', 'a', 'i', 'z', 'z', 't', 'a', 'y', 'w', 'u', 'e', 'c', 'k', 'x', 'p', 't', 'g', 'n', 's', 'v', 'u', 'b', 'g', 'b', 'f', 'd', 'b']
2015-02-17 19:11:42,047 - INFO - merge_sort - result           : ['a', 'a', 'b', 'b', 'b', 'c', 'd', 'd', 'e', 'e', 'f', 'g', 'g', 'i', 'i', 'k', 'k', 'n', 'n', 'p', 's', 's', 't', 't', 'u', 'u', 'v', 'w', 'x', 'y', 'z', 'z']
2015-02-17 19:11:42,049 - INFO - psim - pid for 1 is 8609
2015-02-17 19:11:42,050 - INFO - merge_sort - 1 scattering to all ['k', 'n', 'd', 's', 'e', 'i', 'a', 'i', 'z', 'z', 't', 'a', 'y', 'w', 'u', 'e', 'c', 'k', 'x', 'p', 't', 'g', 'n', 's', 'v', 'u', 'b', 'g', 'b', 'f', 'd', 'b']
2015-02-17 19:11:42,051 - INFO - psim - pid for 3 is 8611
2015-02-17 19:11:42,052 - INFO - merge_sort - 3 scattering to all ['k', 'n', 'd', 's', 'e', 'i', 'a', 'i', 'z', 'z', 't', 'a', 'y', 'w', 'u', 'e', 'c', 'k', 'x', 'p', 't', 'g', 'n', 's', 'v', 'u', 'b', 'g', 'b', 'f', 'd', 'b']
2015-02-17 19:11:42,053 - INFO - psim - pid for 5 is 8613
2015-02-17 19:11:42,053 - INFO - merge_sort - 5 scattering to all ['k', 'n', 'd', 's', 'e', 'i', 'a', 'i', 'z', 'z', 't', 'a', 'y', 'w', 'u', 'e', 'c', 'k', 'x', 'p', 't', 'g', 'n', 's', 'v', 'u', 'b', 'g', 'b', 'f', 'd', 'b']
2015-02-17 19:11:42,054 - INFO - psim - pid for 6 is 8614
2015-02-17 19:11:42,054 - INFO - merge_sort - 6 scattering to all ['k', 'n', 'd', 's', 'e', 'i', 'a', 'i', 'z', 'z', 't', 'a', 'y', 'w', 'u', 'e', 'c', 'k', 'x', 'p', 't', 'g', 'n', 's', 'v', 'u', 'b', 'g', 'b', 'f', 'd', 'b']
2015-02-17 19:11:42,055 - INFO - psim - pid for 8 is 8616
2015-02-17 19:11:42,055 - INFO - merge_sort - 8 scattering to all ['k', 'n', 'd', 's', 'e', 'i', 'a', 'i', 'z', 'z', 't', 'a', 'y', 'w', 'u', 'e', 'c', 'k', 'x', 'p', 't', 'g', 'n', 's', 'v', 'u', 'b', 'g', 'b', 'f', 'd', 'b']
2015-02-17 19:11:42,056 - INFO - psim - pid for 12 is 8620
2015-02-17 19:11:42,056 - INFO - psim - pid for 0 is 8588
2015-02-17 19:11:42,057 - INFO - psim - pid for 9 is 8617
2015-02-17 19:11:42,057 - INFO - psim - pid for 4 is 8612
2015-02-17 19:11:42,058 - INFO - merge_sort - 4 scattering to all ['k', 'n', 'd', 's', 'e', 'i', 'a', 'i', 'z', 'z', 't', 'a', 'y', 'w', 'u', 'e', 'c', 'k', 'x', 'p', 't', 'g', 'n', 's', 'v', 'u', 'b', 'g', 'b', 'f', 'd', 'b']
2015-02-17 19:11:42,058 - INFO - psim - pid for 13 is 8621
2015-02-17 19:11:42,059 - INFO - merge_sort - 13 scattering to all ['k', 'n', 'd', 's', 'e', 'i', 'a', 'i', 'z', 'z', 't', 'a', 'y', 'w', 'u', 'e', 'c', 'k', 'x', 'p', 't', 'g', 'n', 's', 'v', 'u', 'b', 'g', 'b', 'f', 'd', 'b']
2015-02-17 19:11:42,059 - INFO - psim - pid for 7 is 8615
2015-02-17 19:11:42,059 - INFO - merge_sort - 7 scattering to all ['k', 'n', 'd', 's', 'e', 'i', 'a', 'i', 'z', 'z', 't', 'a', 'y', 'w', 'u', 'e', 'c', 'k', 'x', 'p', 't', 'g', 'n', 's', 'v', 'u', 'b', 'g', 'b', 'f', 'd', 'b']
2015-02-17 19:11:42,060 - INFO - psim - pid for 10 is 8618
2015-02-17 19:11:42,056 - INFO - merge_sort - 12 scattering to all ['k', 'n', 'd', 's', 'e', 'i', 'a', 'i', 'z', 'z', 't', 'a', 'y', 'w', 'u', 'e', 'c', 'k', 'x', 'p', 't', 'g', 'n', 's', 'v', 'u', 'b', 'g', 'b', 'f', 'd', 'b']
2015-02-17 19:11:42,060 - INFO - psim - pid for 2 is 8610
2015-02-17 19:11:42,061 - INFO - merge_sort - 2 scattering to all ['k', 'n', 'd', 's', 'e', 'i', 'a', 'i', 'z', 'z', 't', 'a', 'y', 'w', 'u', 'e', 'c', 'k', 'x', 'p', 't', 'g', 'n', 's', 'v', 'u', 'b', 'g', 'b', 'f', 'd', 'b']
2015-02-17 19:11:42,062 - INFO - merge_sort - 9 scattering to all ['k', 'n', 'd', 's', 'e', 'i', 'a', 'i', 'z', 'z', 't', 'a', 'y', 'w', 'u', 'e', 'c', 'k', 'x', 'p', 't', 'g', 'n', 's', 'v', 'u', 'b', 'g', 'b', 'f', 'd', 'b']
2015-02-17 19:11:42,060 - INFO - merge_sort - 10 scattering to all ['k', 'n', 'd', 's', 'e', 'i', 'a', 'i', 'z', 'z', 't', 'a', 'y', 'w', 'u', 'e', 'c', 'k', 'x', 'p', 't', 'g', 'n', 's', 'v', 'u', 'b', 'g', 'b', 'f', 'd', 'b']
2015-02-17 19:11:42,062 - INFO - psim - pid for 11 is 8619
2015-02-17 19:11:42,062 - INFO - psim - pid for 15 is 8623
2015-02-17 19:11:42,063 - INFO - merge_sort - 11 scattering to all ['k', 'n', 'd', 's', 'e', 'i', 'a', 'i', 'z', 'z', 't', 'a', 'y', 'w', 'u', 'e', 'c', 'k', 'x', 'p', 't', 'g', 'n', 's', 'v', 'u', 'b', 'g', 'b', 'f', 'd', 'b']
2015-02-17 19:11:42,063 - INFO - merge_sort - 15 scattering to all ['k', 'n', 'd', 's', 'e', 'i', 'a', 'i', 'z', 'z', 't', 'a', 'y', 'w', 'u', 'e', 'c', 'k', 'x', 'p', 't', 'g', 'n', 's', 'v', 'u', 'b', 'g', 'b', 'f', 'd', 'b']
2015-02-17 19:11:42,063 - INFO - merge_sort - 0 scattering to all ['k', 'n', 'd', 's', 'e', 'i', 'a', 'i', 'z', 'z', 't', 'a', 'y', 'w', 'u', 'e', 'c', 'k', 'x', 'p', 't', 'g', 'n', 's', 'v', 'u', 'b', 'g', 'b', 'f', 'd', 'b']
2015-02-17 19:11:42,063 - INFO - psim - pid for 14 is 8622
2015-02-17 19:11:42,064 - INFO - merge_sort - 14 scattering to all ['k', 'n', 'd', 's', 'e', 'i', 'a', 'i', 'z', 'z', 't', 'a', 'y', 'w', 'u', 'e', 'c', 'k', 'x', 'p', 't', 'g', 'n', 's', 'v', 'u', 'b', 'g', 'b', 'f', 'd', 'b']
2015-02-17 19:11:42,127 - INFO - merge_sort - ****RUN_PARALLEL()****
2015-02-17 19:11:42,128 - INFO - merge_sort - # processes       : 16
2015-02-17 19:11:42,128 - INFO - merge_sort - input data       : ['k', 'n', 'd', 's', 'e', 'i', 'a', 'i', 'z', 'z', 't', 'a', 'y', 'w', 'u', 'e', 'c', 'k', 'x', 'p', 't', 'g', 'n', 's', 'v', 'u', 'b', 'g', 'b', 'f', 'd', 'b']
2015-02-17 19:11:42,128 - INFO - merge_sort - result           : ['a', 'a', 'b', 'b', 'b', 'c', 'd', 'd', 'e', 'e', 'f', 'g', 'g', 'i', 'i', 'k', 'k', 'n', 'n', 'p', 's', 's', 't', 't', 'u', 'u', 'v', 'w', 'x', 'y', 'z', 'z']
2015-02-17 19:11:42,492 - INFO - merge_sort - log_payload: {'log_owner': '3', 'simulation': 6}
2015-02-17 19:11:42,492 - INFO - merge_sort - plot_payload: {'plot_owner': '3', 'simulation': 6}
2015-02-17 19:11:42,492 - INFO - merge_sort - main: END
