2015-02-17 19:39:24,113 - INFO - log - ****SYSTEM INFORMATION****
2015-02-17 19:39:24,114 - INFO - log - Python version    : 2.7.3
2015-02-17 19:39:24,114 - INFO - log - compiler          : GCC 4.7.2
2015-02-17 19:39:24,114 - INFO - log - system            : Linux
2015-02-17 19:39:24,114 - INFO - log - release           : 3.2.0-4-686-pae
2015-02-17 19:39:24,114 - INFO - log - machine           : i686
2015-02-17 19:39:24,114 - INFO - log - cpu's             : 2
2015-02-17 19:39:24,114 - INFO - log - interpreter       : 32bit
2015-02-17 19:39:24,114 - INFO - log - node              : crunchbang
2015-02-17 19:39:24,114 - INFO - log - platform          : Linux-3.2.0-4-686-pae-i686-with-debian-7.8
2015-02-17 19:39:24,114 - INFO - differential_equation - main: START
2015-02-17 19:39:24,116 - INFO - differential_equation - ****RUN_SERIAL()****
2015-02-17 19:39:24,117 - INFO - differential_equation - input data       : 16
2015-02-17 19:39:24,117 - INFO - differential_equation - A init      : [0.9266690815482722, 0.21736296625577178, 0.1748411140524585, 0.5806265292338911, 0.8692887310261955, 0.35363492667737717, 0.03345989850621511, 0.21482857126611987, 0.5654552844379281, 0.26916293582584194, 0.04846312794240992, 0.8117771094189844, 0.9014046141787578, 0.8076837416588809, 0.9529785478279017, 0.9864628940755705]
2015-02-17 19:39:24,117 - INFO - differential_equation - B           : [0.0, 0.41852599774483146, 0.541596172539327, 0.48666197795563415, 0.4709055647662053, 0.3037629989717485, 0.3189888414720716, 0.2615270035459809, 0.32649045619016903, 0.5600012726224132, 0.4944651210605839, 0.8292616755389326, 0.9467228310033298, 1.0]
2015-02-17 19:39:24,193 - INFO - differential_equation - B           : [0.0, 0.17826366025138782, 0.3331038473022652, 0.42244712546247115, 0.5148583116988772, 0.5558285599091374, 0.6035058465407095, 0.6587749831668075, 0.6882486788221768, 0.7874991684999754, 0.8176135843387924, 0.9256288469491731, 0.9570847018738406, 1.0]
2015-02-17 19:39:24,258 - INFO - differential_equation - B           : [0.0, 0.19689851346645823, 0.3625836277413373, 0.49468405314846164, 0.6064064655603338, 0.699742416112629, 0.7721941404600892, 0.8493384191979403, 0.8953359690931415, 0.9624754768385161, 0.987463602665066, 1.0273508889638805, 1.022314784435911, 1.0]
2015-02-17 19:39:24,333 - INFO - differential_equation - B           : [0.0, 0.22270296231429532, 0.40987665486436153, 0.5698609625665678, 0.6995270386426837, 0.8144481054204558, 0.8999962167300378, 0.9814202385378934, 1.0306373365161745, 1.0793155157546144, 1.091892793078035, 1.0960360375852223, 1.061685111916052, 1.0]
2015-02-17 19:39:24,406 - INFO - differential_equation - B           : [0.0, 0.24437849412395382, 0.4515785346756356, 0.6308839589008559, 0.7760299416781484, 0.9028680046725401, 0.9967626994034324, 1.0782922655306206, 1.1262360219134107, 1.1619261826126728, 1.1622953795129607, 1.1435933325453214, 1.0876208876019633, 1.0]
2015-02-17 19:39:24,493 - INFO - differential_equation - B           : [0.0, 0.2611905143304245, 0.48449674173376717, 0.6777466172258871, 0.8351042465615424, 0.9696381077336138, 1.0693436085982864, 1.1500669155708243, 1.1959207513426093, 1.2221180685708042, 1.212492794704417, 1.1778576167228185, 1.1058948052420448, 1.0]
2015-02-17 19:39:24,578 - INFO - differential_equation - B           : [0.0, 0.27390497315533946, 0.5095580110826994, 0.7130592478594355, 0.8797159774619111, 1.0196342604445996, 1.1235475093008693, 1.2034098705763283, 1.2473662616702565, 1.2665453003319085, 1.2492087296678938, 1.203026641466068, 1.1191922128476433, 1.0]
2015-02-17 19:39:24,656 - INFO - differential_equation - B           : [0.0, 0.2834302397732843, 0.5283817527248488, 0.7394771909257649, 0.9131194135443597, 1.0569446806791962, 1.1639558462728088, 1.2431000170556121, 1.2855422756959347, 1.299510137830176, 1.2763517687841892, 1.2216655096708928, 1.1290018240905773, 1.0]
2015-02-17 19:39:24,746 - INFO - differential_equation - B           : [0.0, 0.29054003969904824, 0.542446403639709, 0.7591850093415555, 0.9380468903749689, 1.0847510484037564, 1.1940585334139526, 1.272645086643732, 1.3139298888923996, 1.3240217880335405, 1.2965047580946045, 1.2355139550718457, 1.1362789966540516, 1.0]
2015-02-17 19:39:24,825 - INFO - differential_equation - B           : [0.0, 0.29583918380692004, 0.552933439996789, 0.7738706010841792, 0.9566244988340257, 1.1054633445092308, 1.2164776124732484, 1.2946421882392911, 1.3350562393574616, 1.3422633276226792, 1.31149376170162, 1.245816731336629, 1.1416896287513842, 1.0]
2015-02-17 19:39:24,910 - INFO - differential_equation - B           : [0.0, 0.2997865126210693, 0.5607464800163512, 0.784808932935309, 0.9704624799633241, 1.1208881870097227, 1.2331724359502685, 1.3110207960602231, 1.3507838382956296, 1.355843234220119, 1.3226497029913749, 1.2534856744663614, 1.145716080350176, 1.0]
2015-02-17 19:39:24,989 - INFO - differential_equation - B           : [0.0, 0.30272620035600306, 0.5665654438534258, 0.7929547360070168, 0.9807678788287769, 1.132374399344398, 1.2456040243983526, 1.3232163315269159, 1.3624938420923984, 1.3659541463687992, 1.3309550778188002, 1.259195299133697, 1.1487135308340322, 1.0]
2015-02-17 19:39:25,061 - INFO - differential_equation - B           : [0.0, 0.3049152693616293, 0.5708987057034245, 0.7990205090664143, 0.9884418601973389, 1.140927399228846, 1.2548608855727619, 1.3322972480470578, 1.371212993021643, 1.373482622472932, 1.3371389406164722, 1.2634465402695705, 1.1509452692020568, 1.0]
2015-02-17 19:39:25,202 - INFO - differential_equation - B           : [0.0, 0.3065453231401388, 0.5741254295573591, 0.8035372611295324, 0.9941561504948098, 1.1472961511526765, 1.261753719690365, 1.3390590189247775, 1.3777053191472581, 1.3790883636371765, 1.341743407899606, 1.2666120109715708, 1.1526069940245294, 1.0]
2015-02-17 19:39:25,280 - INFO - differential_equation - B           : [0.0, 0.30775909800397255, 0.5765281306783742, 0.8069005293871077, 0.9984111365345396, 1.1520384389591332, 1.2668862401548169, 1.3440939322289727, 1.3825395794263675, 1.3832624619757772, 1.3451719262088586, 1.2689690489406837, 1.1538443216496217, 1.0]
2015-02-17 19:39:25,355 - INFO - differential_equation - B           : [0.0, 0.30866289698992017, 0.5783172287824928, 0.8094048783289844, 1.001579475977594, 1.155569624770537, 1.270707997153791, 1.3478430048503287, 1.386139236687516, 1.3863705533093338, 1.3477248423713228, 1.2707241298217162, 1.1547656495019207, 1.0]
2015-02-17 19:39:25,429 - INFO - differential_equation - B           : [0.0, 0.3093358807229909, 0.5796494217870849, 0.8112696574918224, 1.0039386738237892, 1.1581990018411037, 1.2735537374094528, 1.3506346218378236, 1.3888195949038205, 1.3886848841849009, 1.3496257798160718, 1.2720309884142833, 1.1554516828681902, 1.0]
2015-02-17 19:39:25,524 - INFO - differential_equation - B           : [0.0, 0.30983699512999474, 0.5806413941686105, 0.8126582015676381, 1.0056953700242157, 1.1601568771416653, 1.2756727199035496, 1.3527133029070413, 1.39081543044205, 1.3904081701755657, 1.3510412462426702, 1.2730040950195356, 1.1559625134543252, 1.0]
2015-02-17 19:39:25,603 - INFO - differential_equation - B           : [0.0, 0.3102101327641779, 0.5813800324111071, 0.8136921331724292, 1.0070034334947047, 1.161614741526603, 1.2772505471444455, 1.354261120964126, 1.392301560277962, 1.3916913554218704, 1.3520952241531545, 1.2737286851038683, 1.1563428856748892, 1.0]
2015-02-17 19:39:25,695 - INFO - differential_equation - B           : [0.0, 0.3104879768493696, 0.5819300339552912, 0.8144620147075619, 1.007977437888732, 1.1627002899537477, 1.2784254217551112, 1.3554136502367264, 1.3934081554998075, 1.392646834967346, 1.352880032331638, 1.2742682260508125, 1.1566261166766556, 1.0]
2015-02-17 19:39:25,778 - INFO - differential_equation - A evolved       : [0, 0.0, 0.31066476583691305, 0.5823272277283741, 0.8149518814458723, 1.0086808331385542, 1.163391011881286, 1.2792738791185465, 1.3561469912871176, 1.394207303622927, 1.393254795542536, 1.3534467960018617, 1.2746115297053424, 1.1568306571548748, 1.0, 0]
2015-02-17 19:39:25,783 - INFO - psim - pid for 0 is 9611
2015-02-17 19:39:25,784 - INFO - differential_equation - ****RUN_PARALLEL()****
2015-02-17 19:39:25,784 - INFO - differential_equation - # processes       : 2
2015-02-17 19:39:25,784 - INFO - differential_equation - input data       : 16
2015-02-17 19:39:25,784 - INFO - differential_equation - A           : [0.5121573159045778, 0.8603708493830227, 0.17176924688152972, 0.442571733533487, 0.31914588171911273, 0.9221011983934052, 0.03435871371115162, 0.88330352487231, 0.8318164082686681, 0.35245482489277946, 0.9621558600447857, 0.6732910205982316, 0.021232109677487343, 0.5649730395706836, 0.47022186714251746, 0.2991265842779761]
2015-02-17 19:39:25,785 - INFO - psim - pid for 1 is 9621
2015-02-17 19:39:25,787 - INFO - differential_equation - B           : [[0.0, 0.36149453139305376, 0.6710025414582548, 0.26498881430032123, 0.7018677159634461, 0.19628354771513218, 0.9222336116328576, 0.45261881098990986], [0.6374104248825447, 0.9165173841567269, 0.5324041727455056, 0.5112252348611366, 0.6386632800844576, 0.2652582384100024, 0.45158106192432984, 1.0]]
2015-02-17 19:39:25,790 - INFO - differential_equation - B           : [[0.0, 0.15792377418075254, 0.46523190389496494, 0.3856824544047277, 0.7479613125559135, 0.5418132593267392, 0.8625251044376592, 0.6602090495472844], [0.8718334272724964, 0.7475998262483612, 0.8630888459712431, 0.8227608877960623, 0.9025204705911793, 0.9188366361859917, 0.9795382059139494, 1.0]]
2015-02-17 19:39:25,792 - INFO - differential_equation - B           : [[0.0, 0.19140436027315313, 0.4532798526409151, 0.4800565177684023, 0.7586073250604515, 0.6780218631864545, 0.9381973963325432, 0.8191744664598505], [1.0303631350038724, 0.9264025050628917, 1.0754427443987045, 1.0077133539422352, 1.0917159157357952, 1.0475522232206775, 1.0561360768129566, 1.0]]
2015-02-17 19:39:25,795 - INFO - differential_equation - B           : [[0.0, 0.21823391278829662, 0.4706537930469221, 0.5569428947647748, 0.8044743155434171, 0.7952321093336816, 1.0240925045722862, 0.96221330458889], [1.1537828625576223, 1.0749845199072559, 1.2117867107588411, 1.1342258412110418, 1.2000097064002804, 1.1214065665003736, 1.0975535371967358, 1.0]]
2015-02-17 19:39:25,797 - INFO - differential_equation - B           : [[0.0, 0.24099513695991387, 0.49625152443001275, 0.6221958055219792, 0.8571977439083194, 0.8939712370379586, 1.102870139537985, 1.0797736217704466], [1.2498541920965347, 1.1919889084062456, 1.306953422642557, 1.2290407285521177, 1.2707533105692612, 1.1746390401930489, 1.123774616690832, 1.0]]
2015-02-17 19:39:25,800 - INFO - differential_equation - B           : [[0.0, 0.26003481805987827, 0.521635660457085, 0.6764535641325313, 0.9060179975713739, 0.975092704726793, 1.1699612992294197, 1.1747082827879844], [1.325564764503985, 1.2846008062543741, 1.3775188264198746, 1.3026816145212035, 1.3211121771686853, 1.215427051733467, 1.142065565696845, 1.0]]
2015-02-17 19:39:25,802 - INFO - differential_equation - B           : [[0.0, 0.2756567282747483, 0.5439729197015536, 0.7208004174573674, 0.9478222238216762, 1.040925168334192, 1.2253328777622992, 1.2510385389172862], [1.3857162912036092, 1.3583309194364355, 1.431773145743202, 1.3607980652968426, 1.3589303397930448, 1.2474237997723332, 1.1556353253263822, 1.0]]
2015-02-17 19:39:25,804 - INFO - differential_equation - B           : [[0.0, 0.2883305742051725, 0.5626878784132993, 0.7567052808435333, 0.9824182290957584, 1.0940278416064895, 1.2703661821314132, 1.3123170927066743], [1.4337185107096972, 1.4172287944655917, 1.4743319069266172, 1.4070230850336398, 1.3882180684332288, 1.272799093061616, 1.1660729135660457, 1.0]]
2015-02-17 19:39:25,807 - INFO - differential_equation - B           : [[0.0, 0.29855273729783155, 0.5780192767526731, 0.7856346414656432, 1.0105929239644462, 1.1367333125378183, 1.3067304465677858, 1.3614792893100862], [1.472113459141672, 1.4643627558409409, 1.5080731631259066, 1.4439350023011226, 1.4112816747184418, 1.2930321215643565, 1.1742625178626744, 1.0]]
2015-02-17 19:39:25,809 - INFO - differential_equation - B           : [[0.0, 0.3067731260444099, 0.5904435855626504, 0.8088867394854247, 1.0333591975575858, 1.171025412903011, 1.3359904253949209, 1.4009082026664874], [1.5028599792079258, 1.502117170494357, 1.5349714278142614, 1.4734690424991341, 1.4296038927239705, 1.3092089600245813, 1.1807562272679375, 1.0]]
2015-02-17 19:39:25,812 - INFO - differential_equation - B           : [[0.0, 0.31337389598198695, 0.6004584227936798, 0.8275527023170468, 1.0516839094193475, 1.198540713399476, 1.359492226162415, 1.4325258133170897], [1.527496307709495, 1.5323726694034847, 1.5564749710918377, 1.4971237731871871, 1.4442253848051578, 1.32216061062092, 1.1859333166746775, 1.0]]
2015-02-17 19:39:25,814 - INFO - differential_equation - B           : [[0.0, 0.3186701724693897, 0.6085095843513331, 0.8425277763166856, 1.0664049207982251, 1.2206099792480143, 1.3783521536964802, 1.4578775931927828], [1.5472426465574776, 1.5566244424089184, 1.57369037633396, 1.5160792699113856, 1.4559205621928537, 1.3325373168305608, 1.190072232890041, 1.0]]
2015-02-17 19:39:25,816 - INFO - differential_equation - B           : [[0.0, 0.3229181499698791, 0.6149734519011302, 0.8545380122887586, 1.078219369873485, 1.2383077060192047, 1.3934802141492408, 1.4782044533989867], [1.563071999998265, 1.5760661550943458, 1.5874827596340126, 1.5312730051210866, 1.4652860480955385, 1.3408539411047586, 1.1933858442747693, 1.0]]
2015-02-17 19:39:25,818 - INFO - differential_equation - B           : [[0.0, 0.32632466858017406, 0.6201594696102051, 0.8641688810263122, 1.0876964671277478, 1.2524984339676934, 1.4056120853484186, 1.4945020393797246], [1.5757623354838868, 1.5916527675922074, 1.5985367895202298, 1.5434530990116273, 1.47279036587349, 1.3475206583527555, 1.1960406182205525, 1.0]]
2015-02-17 19:39:25,821 - INFO - differential_equation - B           : [[0.0, 0.3290561448300237, 0.6243188451907405, 0.8718911466938541, 1.0952967416326667, 1.263876552436059, 1.4153400620282803, 1.507568915861937], [1.585936526034374, 1.604149088920645, 1.607397783321381, 1.5532179440905725, 1.4788051808436102, 1.3528652691680039, 1.1981683203955997, 1.0]]
2015-02-17 19:39:25,824 - INFO - differential_equation - B           : [[0.0, 0.3312462397632387, 0.6276542450363755, 0.8780827984244286, 1.1013911107401433, 1.2729992949606574, 1.423140017178362, 1.5180454596113244], [1.5940936137721087, 1.6141679720307032, 1.614501487839891, 1.5610467322674586, 1.4836268687357306, 1.3571501611868864, 1.1998739064382167, 1.0]]
2015-02-17 19:39:25,826 - INFO - differential_equation - B           : [[0.0, 0.33300221251683987, 0.6303286682223168, 0.8830471150035843, 1.1062776425973027, 1.2803136312775591, 1.4293938892691602, 1.526445147225369], [1.6006335677731558, 1.6222006398699405, 1.6201966734033606, 1.5673234273531, 1.4874923995508387, 1.3605855322217835, 1.2012412466718572, 1.0]]
2015-02-17 19:39:25,829 - INFO - differential_equation - B           : [[0.0, 0.33441009761808327, 0.6324730070010856, 0.8870273430737191, 1.1101955920904238, 1.2861780055126708, 1.4344080641051953, 1.5331796829740374], [1.605877009212488, 1.6286408792645182, 1.624762729471254, 1.5723557816464349, 1.4905915022114022, 1.3633398399003183, 1.2023374720147713, 1.0]]
2015-02-17 19:39:25,832 - INFO - differential_equation - B           : [[0.0, 0.33553888963785444, 0.6341922889383869, 0.8902185443374999, 1.1133368957664855, 1.2908798367472296, 1.438428255361666, 1.5385791625080651], [1.6100809756984118, 1.6338043898737764, 1.6284235617988272, 1.5763905002359218, 1.493076186760025, 1.3655481181705653, 1.2032163595951806, 1.0]]
2015-02-17 19:39:25,835 - INFO - differential_equation - B           : [[0.0, 0.33644391192196216, 0.6355707546548818, 0.8927771260722899, 1.1158554857547496, 1.2946495793142214, 1.4416514929713293, 1.54290824627319], [1.613451540034419, 1.63794427767046, 1.631358649484464, 1.5796253657484978, 1.4950682853795372, 1.3673186202009002, 1.20392100721658, 1.0]]
2015-02-17 19:39:25,839 - INFO - psim - pid for 0 is 9611
2015-02-17 19:39:25,839 - INFO - differential_equation - ****RUN_PARALLEL()****
2015-02-17 19:39:25,840 - INFO - differential_equation - # processes       : 4
2015-02-17 19:39:25,840 - INFO - differential_equation - input data       : 16
2015-02-17 19:39:25,840 - INFO - differential_equation - A           : [0.5047206867822265, 0.7399768757762437, 0.4428906033044595, 0.5516101516406308, 0.14074120858955208, 0.46087102056167717, 0.32826663838000647, 0.8500377693452379, 0.3163977213742487, 0.34798828708519247, 0.39584857671835194, 0.397813852775179, 0.1065531761402192, 0.22218137120939585, 0.8519439133511625, 0.11152206141739207]
2015-02-17 19:39:25,842 - INFO - psim - pid for 3 is 9624
2015-02-17 19:39:25,842 - INFO - psim - pid for 1 is 9622
2015-02-17 19:39:25,844 - INFO - differential_equation - B           : [[0.0, 0.493336895043343, 0.6653247637084372, 0.3113471559470058], [0.525771836101154, 0.2540351734847793, 0.6749856449534575, 0.3418634298771276], [0.6185442782152152, 0.3756543990463003, 0.39243231993018574, 0.27073212642928557], [0.3295288619922874, 0.49877979474569084, 0.18638296631339396, 1.0]]
2015-02-17 19:39:25,848 - INFO - differential_equation - B           : [[0.0, 0.16286157070503401, 0.40708588184946104, 0.3791611461947141], [0.6433264741333637, 0.4802960143152921, 0.7289397266451481, 0.5256222910987288], [0.7219108804386329, 0.5777473955769434, 0.70834039380438, 0.6833028447033073], [0.7745996793377756, 0.8479374096364695, 0.9282491929076633, 1.0]]
2015-02-17 19:39:25,851 - INFO - differential_equation - B           : [[0.0, 0.18029890116614644, 0.40649624699588044, 0.44262134061249814], [0.6715761225335835, 0.6077046067802134, 0.8227678605145492, 0.7186263815375956], [0.9029579774953904, 0.8134701165547541, 0.9572037758052304, 0.9101300149340692], [1.0067530984764623, 0.9913055889250149, 1.025054693952287, 1.0]]
2015-02-17 19:39:25,854 - INFO - differential_equation - B           : [[0.0, 0.20481345647496257, 0.43148776498478886, 0.5170100003456899], [0.7318222638128782, 0.7311791041821708, 0.9289061964613312, 0.8813062024670981], [1.05136378811999, 0.9906303106927232, 1.1199971445200925, 1.0638017827573516], [1.1362352339050952, 1.0812570617376127, 1.0746970217517315, 1.0]]
2015-02-17 19:39:25,857 - INFO - differential_equation - B           : [[0.0, 0.22866803191607774, 0.4639115756584463, 0.5865973427293036], [0.7976083394181939, 0.8395239795870697, 1.0256457205689236, 1.0143504768657563], [1.1679154888918257, 1.1265719641853242, 1.234590454383718, 1.1760121083915485], [1.2210919280372867, 1.144913412530515, 1.1061008959181668, 1.0]]
2015-02-17 19:39:25,860 - INFO - differential_equation - B           : [[0.0, 0.24954972473779663, 0.49529346800450513, 0.6465151839517944], [0.8576782548948525, 0.9301875045536072, 1.1076989525024132, 1.1219766981665544], [1.2599750422788305, 1.233015575106653, 1.3199994013843654, 1.261588829665567], [1.281857125182291, 1.1926457446481566, 1.1281383126625488, 1.0]]
2015-02-17 19:39:25,863 - INFO - differential_equation - B           : [[0.0, 0.26701055300549253, 0.5226814332117239, 0.6962378722832694], [0.9088347936313901, 1.0044152931619688, 1.175275500757785, 1.2086415593233397], [1.3331758491112802, 1.31731757587906, 1.3858581421511547, 1.3284317801684162], [1.3276804807031046, 1.2295907943348863, 1.1445648201262073, 1.0]]
2015-02-17 19:39:25,866 - INFO - differential_equation - B           : [[0.0, 0.2813018732990913, 0.5455473578902288, 0.7367864189800577], [0.9510660391742392, 1.064550565556676, 1.230176663669429, 1.2782759987069767], [1.391613130558681, 1.3844854081256777, 1.4376008005662686, 1.3813085056754533], [1.3632531002880866, 1.2586770325593948, 1.1572355179582647, 1.0]]
2015-02-17 19:39:25,869 - INFO - differential_equation - B           : [[0.0, 0.2928783798213559, 0.5642483589447553, 0.7695732614631103], [0.9854180629417256, 1.1130165801100633, 1.274485674765528, 1.3341666290871244], [1.4383629974620942, 1.438166840746518, 1.4786567258261896, 1.4234134574238415], [1.3913021178128626, 1.281780861958758, 1.1671925990277323, 1.0]]
2015-02-17 19:39:25,873 - INFO - differential_equation - B           : [[0.0, 0.3022078623384995, 0.5793911418503002, 0.7959724486913641], [1.013159650994691, 1.1519766792855355, 1.3101287963268238, 1.379001958627677], [1.4758034475751818, 1.4811371803622113, 1.5113999155593307, 1.4570543176031712], [1.4135998032380825, 1.3002170092558634, 1.1750941437952065, 1.0]]
2015-02-17 19:39:25,876 - INFO - differential_equation - B           : [[0.0, 0.3097072598043815, 0.5915923744008336, 0.8171836003173487], [1.0354825141246957, 1.1832546027874107, 1.3387537491538686, 1.4149590133749608], [1.5058047859023227, 1.5155610098893744, 1.5375817143563673, 1.4839787500344819], [1.4313999112028015, 1.3149629129758837, 1.1813962348445737, 1.0]]
2015-02-17 19:39:25,879 - INFO - differential_equation - B           : [[0.0, 0.315727824664613, 0.6013992659110146, 0.8342082008354791], [1.0534127837584573, 1.2083486882082184, 1.3617234001981515, 1.4437919269908295], [1.5298517965877232, 1.543149280930105, 1.5585447284911358, 1.5055464562594252], [1.4456400306408332, 1.3267712261455342, 1.186435616417522, 1.0]]
2015-02-17 19:39:25,882 - INFO - differential_equation - B           : [[0.0, 0.32055804761331314, 0.6092719265699296, 0.8478652657977601], [1.0678017846501282, 1.2284748720019736, 1.3801473555025554, 1.4669106055517138], [1.5491289396844028, 1.5652638351965367, 1.5753404857873012, 1.522830787582495], [1.4570445131101641, 1.3362328397527747, 1.1904705708497638, 1.0]]
2015-02-17 19:39:25,886 - INFO - differential_equation - B           : [[0.0, 0.3244320105667645, 0.6155879107391404, 0.8588179531892627], [1.079343659564367, 1.2446139656554982, 1.394922099469745, 1.4854468763341209], [1.5645834452522294, 1.5829925216236225, 1.5888019696653946, 1.5366855110567705], [1.4661830345125715, 1.3438164231447165, 1.1937034399050583, 1.0]]
2015-02-17 19:39:25,889 - INFO - differential_equation - B           : [[0.0, 0.3275385171214489, 0.6206534309664293, 0.8676005895340053], [1.0885996343026882, 1.2575547418592692, 1.4067691689176374, 1.5003087679778835], [1.5769737831502544, 1.5972059054720502, 1.5995929477622395, 1.5477923883505906], [1.4735078521837628, 1.3498956784438612, 1.1962945346149108, 1.0]]
2015-02-17 19:39:25,893 - INFO - differential_equation - B           : [[0.0, 0.3300293982748354, 0.6247154149578805, 0.874642642230355], [1.0960215757795717, 1.2679305772361358, 1.416268184956679, 1.5122245338646503], [1.5869076665594466, 1.6086013114791466, 1.6082439482481916, 1.5566969132043096], [1.4793797516015585, 1.354769391634293, 1.1983716091771028, 1.0]]
2015-02-17 19:39:25,896 - INFO - differential_equation - B           : [[0.0, 0.33202657053004353, 0.6279724137558627, 0.8802888723669708], [1.1019725412560033, 1.2762496803735983, 1.423884318519835, 1.5217781521929283], [1.594872174374495, 1.6177375593720411, 1.615179657471519, 1.5638359888419973], [1.4840872606186315, 1.3586767798259571, 1.2000367772638314, 1.0]]
2015-02-17 19:39:25,899 - INFO - differential_equation - B           : [[0.0, 0.33362785630200387, 0.6305838500664139, 0.8848158700716141], [1.1067439264833236, 1.2829196713068654, 1.4299907086338741, 1.5294378710476613], [1.6012577614984245, 1.6250625799875176, 1.6207403005653984, 1.5695597236855137], [1.4878614114320103, 1.3618095009760471, 1.2013717821505503, 1.0]]
2015-02-17 19:39:25,908 - INFO - differential_equation - B           : [[0.0, 0.33491171586854074, 0.6326776366711503, 0.8884454647708192], [1.1105694866954363, 1.2882674275674961, 1.4348865974163756, 1.535579128095831], [1.6063774523887202, 1.630935462257095, 1.6251985464187069, 1.5741487463885544], [1.49088731571757, 1.364321163325012, 1.2024421107209393, 1.0]]
2015-02-17 19:39:25,913 - INFO - differential_equation - B           : [[0.0, 0.3359410677279992, 0.6343563669395982, 0.8913555388880969], [1.1136366883148856, 1.292555052300251, 1.438811935134526, 1.5405029401946944], [1.6104822066112614, 1.6356440913237058, 1.6287729653889476, 1.5778280235957067], [1.4933133396716631, 1.3663349013065975, 1.2033002468196403, 1.0]]
2015-02-17 19:39:25,921 - INFO - psim - pid for 3 is 9627
2015-02-17 19:39:25,920 - INFO - psim - pid for 1 is 9625
2015-02-17 19:39:25,923 - INFO - psim - pid for 0 is 9611
2015-02-17 19:39:25,924 - INFO - differential_equation - ****RUN_PARALLEL()****
2015-02-17 19:39:25,924 - INFO - differential_equation - # processes       : 8
2015-02-17 19:39:25,924 - INFO - differential_equation - input data       : 16
2015-02-17 19:39:25,924 - INFO - differential_equation - A           : [0.023412847508441748, 0.49713516055657136, 0.21677064890829956, 0.9107289808876903, 0.18555351754642757, 0.03980908169613295, 0.552173540844825, 0.7510159860819596, 0.8516293477685011, 0.5008602949615275, 0.8435786442466445, 0.5461133181668196, 0.06344279150033982, 0.01826741881368299, 0.9413174863157647, 0.7919537257695066]
2015-02-17 19:39:25,924 - INFO - psim - pid for 7 is 9631
2015-02-17 19:39:25,926 - INFO - psim - pid for 4 is 9628
2015-02-17 19:39:25,926 - INFO - psim - pid for 5 is 9629
2015-02-17 19:39:25,927 - INFO - psim - pid for 6 is 9630
2015-02-17 19:39:25,927 - INFO - psim - pid for 2 is 9626
2015-02-17 19:39:25,930 - INFO - differential_equation - B           : [[0.0, 0.13962299820837065], [0.7234633207221308, 0.22069333322736356], [0.4948002812919116, 0.38839477919562626], [0.4149437838890463, 0.721432694306663], [0.6454693905217436, 0.8671352460075727], [0.5430180565641736, 0.4730419678734922], [0.3017216184902513, 0.5219113889080522], [0.4246418222915948, 1.0]]
2015-02-17 19:39:25,937 - INFO - differential_equation - B           : [[0.0, 0.16771772738043075], [0.3842559339290727, 0.4236962435707221], [0.6020340471091757, 0.6141704871659164], [0.6889096515033557, 0.7494554253965562], [0.7098706949746136, 0.8289683494593116], [0.7315258442472036, 0.8843081509002746], [0.8107861760032188, 0.9538469577836903], [0.9452112836398798, 1.0]]
2015-02-17 19:39:25,945 - INFO - differential_equation - B           : [[0.0, 0.204272393743848], [0.39234406046326076, 0.5173164210265695], [0.6499465870065125, 0.7347842267412746], [0.8040235986172837, 0.8861325225439223], [0.8955055941005656, 0.9912880066000029], [0.9619991835585527, 1.0585265710178828], [1.0165034826507295, 1.075301857030464], [1.029825330377398, 1.0]]
2015-02-17 19:39:25,951 - INFO - differential_equation - B           : [[0.0, 0.2291024095260583], [0.4239008204529173, 0.5878482988131224], [0.7200417684102673, 0.8412047455473592], [0.9178625284840818, 1.0155554543920111], [1.0448225454785927, 1.126438379113629], [1.1186127294890293, 1.1746665620003833], [1.1376473387896981, 1.1436092771018986], [1.0756602986810446, 1.0]]
2015-02-17 19:39:25,957 - INFO - differential_equation - B           : [[0.0, 0.24983928895221766], [0.45955580552291625, 0.6472542625498066], [0.7905350817912155, 0.9310352251820899], [1.0182753413558685, 1.1225370319436498], [1.1622475002089159, 1.2330708505822794], [1.231370030285498, 1.261261145932602], [1.2198237178777922, 1.1923158835522933], [1.1058309730115936, 1.0]]
2015-02-17 19:39:25,963 - INFO - differential_equation - B           : [[0.0, 0.26716879450520836], [0.4925242738316856, 0.6966423201272488], [0.8529820933474987, 1.0048924119947387], [1.1023757021125986, 1.2090078507864113], [1.2552355784552256, 1.31747814226829], [1.31656308290576, 1.3284228874554656], [1.2798921413458557, 1.229534487491918], [1.1275144906330143, 1.0]]
2015-02-17 19:39:25,969 - INFO - differential_equation - B           : [[0.0, 0.28139277834538184], [0.5207568019559952, 0.7370247540805269], [0.9054660523079432, 1.0648510933318127], [1.1712430276015984, 1.2785458643950556], [1.3292941058273229, 1.3846672540182623], [1.3827571694766179, 1.3813980991839572], [1.3257240035500595, 1.2587063831086658], [1.1439014806679095, 1.0]]
2015-02-17 19:39:25,975 - INFO - differential_equation - B           : [[0.0, 0.29293597675470184], [0.5441242830858362, 0.7697283832821266], [0.9485258365155181, 1.113224329997863], [1.2270387203611506, 1.3343745302808565], [1.3884674339489862, 1.4383348652788222], [1.434974538289144, 1.4235237231950717], [1.3615305547371648, 1.2818333794907097], [1.1566378244365065, 1.0]]
2015-02-17 19:39:25,982 - INFO - differential_equation - B           : [[0.0, 0.3022477649799444], [0.5631560260385756, 0.7960821170891663], [0.9834465247754851, 1.1521298030015776], [1.2720082881926569, 1.3791653588055344], [1.4358273133577595, 1.481280981874241], [1.4764944042357695, 1.4571581970367489], [1.3898587757735643, 1.3002707095861812], [1.1666867562815861, 1.0]]
2015-02-17 19:39:25,988 - INFO - differential_equation - B           : [[0.0, 0.30973670066835896], [0.578535047199328, 0.8172655588360556], [1.0116053084295467, 1.1833719291809683], [1.3081581081021834, 1.415088707340847], [1.4737649314275294, 1.5156799931939968], [1.5096433023462312, 1.4840682901405629], [1.4124173828414657, 1.3150106446456586], [1.174677798815587, 1.0]]
2015-02-17 19:39:25,994 - INFO - differential_equation - B           : [[0.0, 0.3157503949196337], [0.5909139662124431, 0.8342714931530775], [1.0342469765872166, 1.2084405525091801], [1.337180038763659, 1.4438953805222614], [1.5041681562684575, 1.5432461717111514], [1.5361640413005198, 1.5056207765050482], [1.4304416898894545, 1.3268113869056664], [1.1810580620735025, 1.0]]
2015-02-17 19:39:26,001 - INFO - differential_equation - B           : [[0.0, 0.3205757246570065], [0.6008585741402759, 0.8479150315316379], [1.0524265004223345, 1.2285476330626848], [1.360464216830727, 1.4669933361227911], [1.52853871061168, 1.5653421236106744], [1.557404334058983, 1.52289139891926], [1.4448676364513984, 1.3362658045354805], [1.1861627163960284, 1.0]]
2015-02-17 19:39:26,008 - INFO - differential_equation - B           : [[0.0, 0.32444601370005477], [0.6088397289565788, 0.8588574567515012], [1.0670127720116585, 1.2446719413770757], [1.3791388274301264, 1.4855131196186342], [1.5480757952982542, 1.5830555351729134], [1.5744246409934908, 1.5367345214687258], [1.4564235663392724, 1.3438431628604461], [1.190251055416983, 1.0]]
2015-02-17 19:39:26,014 - INFO - differential_equation - B           : [[0.0, 0.327549675596675], [0.6152419214754914, 0.8676321013192647], [1.0787117695672466, 1.2576010782214944], [1.3941139213514888, 1.5003618440375301], [1.5637389290366952, 1.5972565263940113], [1.5880670660623373, 1.5478318507968396], [1.465684507560915, 1.3499172427174622], [1.1935271517840638, 1.0]]
2015-02-17 19:39:26,021 - INFO - differential_equation - B           : [[0.0, 0.33003831688482693], [0.6203762451248273, 0.8746678420898144], [1.0880932973884694, 1.2679676686478456], [1.4061213741346856, 1.5122670738718544], [1.5762966245891923, 1.6086419374423326], [1.599003482405078, 1.5567286205574462], [1.4731078794643302, 1.3547867317819438], [1.1961530767461945, 1.0]]
2015-02-17 19:39:26,027 - INFO - differential_equation - B           : [[0.0, 0.33203370985242947], [0.624493265396318, 0.8803090502683664], [1.0956157315801527, 1.2762793947890703], [1.4157488781433711, 1.52181225328086], [1.5863647242034253, 1.6177701478758046], [1.6077712379161397, 1.563861438023368], [1.4790589588071033, 1.358690703012482], [1.1982581465632158, 1.0]]
2015-02-17 19:39:26,032 - INFO - differential_equation - B           : [[0.0, 0.33363357576256936], [0.6277943384196574, 0.8848320372345355], [1.1016471989355718, 1.2829434854100739], [1.423467987289083, 1.5294652095786372], [1.5944368555337642, 1.6250887147044697], [1.6148006167046942, 1.5695801389418995], [1.4838300171141063, 1.3618206723441004], [1.199945788353511, 1.0]]
2015-02-17 19:39:26,039 - INFO - differential_equation - B           : [[0.0, 0.33491629965373637], [0.6304410907472753, 0.8884584226284344], [1.1064830993167263, 1.288286516815337], [1.4296569224926912, 1.5356010460709364], [1.6009087366453971, 1.6309564186722407], [1.6204363845852447, 1.5741651190185042], [1.487655145898122, 1.3643301234425018], [1.2012988231759651, 1.0]]
2015-02-17 19:39:26,045 - INFO - differential_equation - B           : [[0.0, 0.33594474207296654], [0.6325631838322697, 0.8913659262229584], [1.110360373823107, 1.2925703556896386], [1.4346189858665197, 1.5405205127506076], [1.6060976168993448, 1.635660894401218], [1.6249548722852538, 1.5778411523282516], [1.4907219330670751, 1.3663420865276492], [1.2023836120434128, 1.0]]
2015-02-17 19:39:26,051 - INFO - differential_equation - B           : [[0.0, 0.33676930796100024], [0.6342646056557424, 0.8936970503201508], [1.1134690332686434, 1.2960049686562354], [1.438597376961371, 1.544464741710865], [1.6102578452875014, 1.6394327470340109], [1.628577594700661, 1.5807884390730107], [1.4931807396317591, 1.3679551913907142], [1.2032533436927275, 1.0]]
2015-02-17 19:39:26,059 - INFO - psim - pid for 1 is 9632
2015-02-17 19:39:26,061 - INFO - psim - pid for 3 is 9634
2015-02-17 19:39:26,062 - INFO - psim - pid for 4 is 9635
2015-02-17 19:39:26,063 - INFO - psim - pid for 8 is 9639
2015-02-17 19:39:26,064 - INFO - psim - pid for 6 is 9637
2015-02-17 19:39:26,065 - INFO - psim - pid for 9 is 9640
2015-02-17 19:39:26,065 - INFO - psim - pid for 7 is 9638
2015-02-17 19:39:26,067 - INFO - psim - pid for 2 is 9633
2015-02-17 19:39:26,067 - INFO - psim - pid for 10 is 9641
2015-02-17 19:39:26,068 - INFO - psim - pid for 13 is 9644
2015-02-17 19:39:26,068 - INFO - psim - pid for 5 is 9636
2015-02-17 19:39:26,069 - INFO - psim - pid for 11 is 9642
2015-02-17 19:39:26,070 - INFO - psim - pid for 0 is 9611
2015-02-17 19:39:26,070 - INFO - psim - pid for 14 is 9645
2015-02-17 19:39:26,071 - INFO - differential_equation - ****RUN_PARALLEL()****
2015-02-17 19:39:26,071 - INFO - differential_equation - # processes       : 16
2015-02-17 19:39:26,071 - INFO - differential_equation - input data       : 16
2015-02-17 19:39:26,071 - INFO - differential_equation - A           : [0.7847145571833027, 0.14643843343531693, 0.15964288105615265, 0.26546690721999977, 0.6199519862661219, 0.14627671678956378, 0.5701708366870459, 0.3246795568941975, 0.8563306939871634, 0.11940107097701258, 0.6495709237920868, 0.13240340356221236, 0.9133622628365751, 0.36245765462677404, 0.1919727440299298, 0.777600389092692]
2015-02-17 19:39:26,072 - INFO - psim - pid for 12 is 9643
2015-02-17 19:39:26,072 - INFO - psim - pid for 15 is 9646
2015-02-17 19:39:26,080 - INFO - differential_equation - B           : [[0.0], [0.4917099691197277], [0.22548392032765835], [0.4093286836611373], [0.22540306200478177], [0.614592661476584], [0.2550093868418806], [0.7327820153371047], [0.24157156393560503], [0.7724820588896251], [0.14543348726961247], [0.800997843314331], [0.2669617790944932], [0.5721987534332524], [0.589560271859733], [1.0]]
2015-02-17 19:39:26,092 - INFO - differential_equation - B           : [[0.0], [0.21518157397792415], [0.23820250071445703], [0.537364156929368], [0.36050207262830436], [0.7383844757986856], [0.4115719175625157], [0.8537741897124053], [0.4447688684936642], [0.9182322769095208], [0.5210862435098104], [0.9640537413272621], [0.6835182258305231], [1.0058867871593478], [0.9043266312140255], [1.0]]
2015-02-17 19:39:26,105 - INFO - differential_equation - B           : [[0.0], [0.2297352068252583], [0.29123554090283704], [0.5856016821672521], [0.4711294912414075], [0.8267750899997617], [0.5858064847966858], [0.9819973962249555], [0.6794656161120581], [1.0764838749699175], [0.7836577152292075], [1.122816795386993], [0.9005848370373041], [1.1102551239710368], [0.9898151970966222], [1.0]]
2015-02-17 19:39:26,116 - INFO - differential_equation - B           : [[0.0], [0.24697423571258334], [0.3474749217577169], [0.6374034398682653], [0.5826263585333272], [0.9117654782920319], [0.7461523481339027], [1.093326037412376], [0.8701927832228427], [1.1979456097961725], [0.9706044275256492], [1.2288493246416679], [1.0393249049196895], [1.17271036315018], [1.0412922477265036], [1.0]]
2015-02-17 19:39:26,126 - INFO - differential_equation - B           : [[0.0], [0.2634353364084132], [0.40007143434250797], [0.6853616635036496], [0.6827364806029228], [0.9863126513436654], [0.8819816858274974], [1.1847806005432753], [1.0217168151346405], [1.291405886848039], [1.1106497192156306], [1.3060658775170753], [1.1387631625932868], [1.2165584252423933], [1.0773271170080534], [1.0]]
2015-02-17 19:39:26,138 - INFO - differential_equation - B           : [[0.0], [0.2778082984115437], [0.445549056928117], [0.726595164515596], [0.7675106457364934], [1.0486871481398103], [0.9936634652403677], [1.2588104664073305], [1.1423609191409088], [1.3646196809805717], [1.2189428078764801], [1.364932818576631], [1.2139909884123954], [1.2493970352309005], [1.1042726442106146], [1.0]]
2015-02-17 19:39:26,150 - INFO - differential_equation - B           : [[0.0], [0.28982158273616465], [0.4833833132293462], [0.7608036444407467], [0.8373254434338797], [1.099751597967327], [1.0843102834011862], [1.3184274970225027], [1.2387145875387795], [1.4226093192150795], [1.304152509034307], [1.4109123084104702], [1.2725177685385693], [1.274810659952463], [1.1251092183667275], [1.0]]
2015-02-17 19:39:26,164 - INFO - differential_equation - B           : [[0.0], [0.29965325966725526], [0.5142767689429515], [0.78869857587243], [0.8940500522848036], [1.141120167814152], [1.157432087955864], [1.366329706532574], [1.3158117002581136], [1.4688138236035384], [1.3718162112606775], [1.4472855125213042], [1.3187223105127803], [1.2948185474689604], [1.1415069610110826], [1.0]]
2015-02-17 19:39:26,176 - INFO - differential_equation - B           : [[0.0], [0.3076170370841778], [0.5392728721065272], [0.8112533817877869], [0.9398334467921173], [1.1744607446418902], [1.216237986527135], [1.4047774013205934], [1.3775616567330013], [1.5057414132299154], [1.4258014461484088], [1.4762493699703232], [1.3554762701169911], [1.3107115095407758], [1.1545295307676642], [1.0]]
2015-02-17 19:39:26,188 - INFO - differential_equation - B           : [[0.0], [0.31403494326351405], [0.55940568357871], [0.8294137811111004], [0.976663782541032], [1.2012618766142305], [1.2634589216797085], [1.4356200198562448], [1.4270445415694453], [1.5353009347224424], [1.468977414002071], [1.4993909907172043], [1.3848263562480123], [1.3233937375450093], [1.1649201380616143], [1.0]]
2015-02-17 19:39:26,199 - INFO - differential_equation - B           : [[0.0], [0.31919387086066575], [0.575584585997805], [0.8440051767350394], [1.0062426758939886], [1.222778277628305], [1.3013481954995774], [1.460355179872035], [1.466707483082745], [1.5589813137136646], [1.5035507459961186], [1.517912442763911], [1.408310396875623], [1.3335375029928485], [1.1732305194762238], [1.0]]
2015-02-17 19:39:26,210 - INFO - differential_equation - B           : [[0.0], [0.323335478384895], [0.5885712455973139], [0.8557165653708918], [1.029978001116584], [1.240040726288412], [1.331738193348726], [1.480189576938002], [1.4985033928242157], [1.5779594856465438], [1.5312526628548833], [1.5327490072509486], [1.4271196472017609], [1.3416605115497968], [1.179885192216604], [1.0]]
2015-02-17 19:39:26,220 - INFO - differential_equation - B           : [[0.0], [0.32665823243952796], [0.5989895228822829], [0.8651113812869858], [1.0490161844094372], [1.2538856993435479], [1.3561084808229], [1.496093102339482], [1.5239943476360576], [1.5931722555933583], [1.5534558158538332], [1.544639023152545], [1.442192324750755], [1.3481692210504166], [1.1852172964115963], [1.0]]
2015-02-17 19:39:26,233 - INFO - differential_equation - B           : [[0.0], [0.3293231644867477], [0.6073449434744268], [0.8726458269993639], [1.0642835296565578], [1.2649879146879446], [1.3756495370249167], [1.5088443514056233], [1.5444312632442374], [1.6053679567640051], [1.5712545177635746], [1.554169792277103], [1.454273819769448], [1.3533860244060096], [1.1894910073681348], [1.0]]
2015-02-17 19:39:26,244 - INFO - differential_equation - B           : [[0.0], [0.33146015590071487], [0.6140449790867666], [0.8786874743643469], [1.0765256027169015], [1.2738899793226999], [1.391317549491742], [1.519067965211137], [1.5608164679934002], [1.615145455203312], [1.5855236244714124], [1.5618102993025786], [1.4639589889065903], [1.35756799084676], [1.1929169467748137], [1.0]]
2015-02-17 19:39:26,255 - INFO - differential_equation - B           : [[0.0], [0.3331736531917441], [0.6194171991769178], [0.8835317591964561], [1.0863413392059014], [1.2810275996789457], [1.403879842652587], [1.5272649154327325], [1.5739533429584451], [1.6229844450402167], [1.5969635397094772], [1.5679357918484704], [1.4717236437815222], [1.360920656236273], [1.1956635034466825], [1.0]]
2015-02-17 19:39:26,266 - INFO - differential_equation - B           : [[0.0], [0.3345475239990345], [0.6237245899249604], [0.8874158461081432], [1.0942114154781368], [1.2867503771380189], [1.4139519061909627], [1.5338369254710689], [1.5844859071491104], [1.6292693423607112], [1.606135405642093], [1.5728468183616764], [1.4779488172241497], [1.3636085793629253], [1.1978654907128254], [1.0]]
2015-02-17 19:39:26,276 - INFO - differential_equation - B           : [[0.0], [0.3356490612638079], [0.6271781463800774], [0.8905300039376675], [1.1005214102070122], [1.2913387170266732], [1.422027328082681], [1.539106106968406], [1.5929304685793113], [1.6343082821667538], [1.6134889559613788], [1.5767842209029457], [1.482939822199234], [1.3657636030307385], [1.1996309178756688], [1.0]]
2015-02-17 19:39:26,288 - INFO - differential_equation - B           : [[0.0], [0.3365322384851254], [0.6299470938425047], [0.8930268310282998], [1.105580542363025], [1.2950174811038377], [1.4285018929577902], [1.5433307265050584], [1.5997009656876573], [1.6383482845148967], [1.6193847010952358], [1.5799410460297714], [1.4869413718451527], [1.3674913954767587], [1.2010463505947653], [1.0]]
2015-02-17 19:39:26,299 - INFO - differential_equation - B           : [[0.0], [0.3372403378184092], [0.6321671337651573], [0.8950286941604821], [1.1096367625633732], [1.2979669722490867], [1.4336929433751289], [1.5467178559795955], [1.605129270837352], [1.6415873878531073], [1.6241116561842248], [1.5824720500346983], [1.4901496370721945], [1.3688766618191135], [1.2021811808117555], [1.0]]
2015-02-17 19:39:26,619 - INFO - differential_equation - log_payload: {'log_owner': '1', 'simulation': 10}
2015-02-17 19:39:26,619 - INFO - differential_equation - plot_payload: {'plot_owner': '1', 'simulation': 10}
2015-02-17 19:39:26,619 - INFO - differential_equation - main: END
