2015-02-18 00:39:40,529 - INFO - log - ****SYSTEM INFORMATION****
2015-02-18 00:39:40,529 - INFO - log - Python version    : 2.7.3
2015-02-18 00:39:40,529 - INFO - log - compiler          : GCC 4.7.2
2015-02-18 00:39:40,529 - INFO - log - system            : Linux
2015-02-18 00:39:40,529 - INFO - log - release           : 3.2.0-4-686-pae
2015-02-18 00:39:40,529 - INFO - log - machine           : i686
2015-02-18 00:39:40,529 - INFO - log - cpu's             : 2
2015-02-18 00:39:40,530 - INFO - log - interpreter       : 32bit
2015-02-18 00:39:40,530 - INFO - log - node              : crunchbang
2015-02-18 00:39:40,530 - INFO - log - platform          : Linux-3.2.0-4-686-pae-i686-with-debian-7.8
2015-02-18 00:39:40,530 - INFO - merge_sort - main: START
2015-02-18 00:39:40,532 - INFO - merge_sort - ****RUN_SERIAL()****
2015-02-18 00:39:40,532 - INFO - merge_sort - input data       : [0, 14, 5, 6, 3, 9, 2, 2, 7, 9, 2, 9, 6, 16, 1, 16]
2015-02-18 00:39:40,532 - INFO - merge_sort - result            : [0, 1, 2, 2, 2, 3, 5, 6, 6, 7, 9, 9, 9, 14, 16, 16]
2015-02-18 00:39:40,534 - INFO - psim - pid for 0 is 25710
2015-02-18 00:39:40,535 - INFO - merge_sort - 0 scattering to all [0, 14, 5, 6, 3, 9, 2, 2, 7, 9, 2, 9, 6, 16, 1, 16]
2015-02-18 00:39:40,536 - INFO - psim - pid for 1 is 25720
2015-02-18 00:39:40,537 - INFO - merge_sort - 1 scattering to all [0, 14, 5, 6, 3, 9, 2, 2, 7, 9, 2, 9, 6, 16, 1, 16]
2015-02-18 00:39:40,537 - INFO - merge_sort - ****RUN_PARALLEL()****
2015-02-18 00:39:40,537 - INFO - merge_sort - # processes       : 2
2015-02-18 00:39:40,538 - INFO - merge_sort - input data       : [0, 14, 5, 6, 3, 9, 2, 2, 7, 9, 2, 9, 6, 16, 1, 16]
2015-02-18 00:39:40,538 - INFO - merge_sort - result           : [0, 1, 2, 2, 2, 3, 5, 6, 6, 7, 9, 9, 9, 14, 16, 16]
2015-02-18 00:39:40,541 - INFO - psim - pid for 0 is 25710
2015-02-18 00:39:40,542 - INFO - merge_sort - 0 scattering to all [0, 14, 5, 6, 3, 9, 2, 2, 7, 9, 2, 9, 6, 16, 1, 16]
2015-02-18 00:39:40,543 - INFO - psim - pid for 1 is 25721
2015-02-18 00:39:40,543 - INFO - merge_sort - 1 scattering to all [0, 14, 5, 6, 3, 9, 2, 2, 7, 9, 2, 9, 6, 16, 1, 16]
2015-02-18 00:39:40,546 - INFO - psim - pid for 3 is 25723
2015-02-18 00:39:40,547 - INFO - merge_sort - 3 scattering to all [0, 14, 5, 6, 3, 9, 2, 2, 7, 9, 2, 9, 6, 16, 1, 16]
2015-02-18 00:39:40,556 - INFO - psim - pid for 2 is 25722
2015-02-18 00:39:40,557 - INFO - merge_sort - 2 scattering to all [0, 14, 5, 6, 3, 9, 2, 2, 7, 9, 2, 9, 6, 16, 1, 16]
2015-02-18 00:39:40,558 - INFO - merge_sort - ****RUN_PARALLEL()****
2015-02-18 00:39:40,558 - INFO - merge_sort - # processes       : 4
2015-02-18 00:39:40,558 - INFO - merge_sort - input data       : [0, 14, 5, 6, 3, 9, 2, 2, 7, 9, 2, 9, 6, 16, 1, 16]
2015-02-18 00:39:40,558 - INFO - merge_sort - result           : [0, 1, 2, 2, 2, 3, 5, 6, 6, 7, 9, 9, 9, 14, 16, 16]
2015-02-18 00:39:40,560 - INFO - psim - pid for 1 is 25724
2015-02-18 00:39:40,561 - INFO - merge_sort - 1 scattering to all [0, 14, 5, 6, 3, 9, 2, 2, 7, 9, 2, 9, 6, 16, 1, 16]
2015-02-18 00:39:40,565 - INFO - psim - pid for 3 is 25726
2015-02-18 00:39:40,566 - INFO - merge_sort - 3 scattering to all [0, 14, 5, 6, 3, 9, 2, 2, 7, 9, 2, 9, 6, 16, 1, 16]
2015-02-18 00:39:40,563 - INFO - psim - pid for 2 is 25725
2015-02-18 00:39:40,568 - INFO - psim - pid for 4 is 25727
2015-02-18 00:39:40,568 - INFO - merge_sort - 4 scattering to all [0, 14, 5, 6, 3, 9, 2, 2, 7, 9, 2, 9, 6, 16, 1, 16]
2015-02-18 00:39:40,569 - INFO - merge_sort - 2 scattering to all [0, 14, 5, 6, 3, 9, 2, 2, 7, 9, 2, 9, 6, 16, 1, 16]
2015-02-18 00:39:40,570 - INFO - psim - pid for 5 is 25728
2015-02-18 00:39:40,570 - INFO - psim - pid for 0 is 25710
2015-02-18 00:39:40,571 - INFO - merge_sort - 5 scattering to all [0, 14, 5, 6, 3, 9, 2, 2, 7, 9, 2, 9, 6, 16, 1, 16]
2015-02-18 00:39:40,571 - INFO - psim - pid for 7 is 25730
2015-02-18 00:39:40,572 - INFO - merge_sort - 0 scattering to all [0, 14, 5, 6, 3, 9, 2, 2, 7, 9, 2, 9, 6, 16, 1, 16]
2015-02-18 00:39:40,578 - INFO - merge_sort - 7 scattering to all [0, 14, 5, 6, 3, 9, 2, 2, 7, 9, 2, 9, 6, 16, 1, 16]
2015-02-18 00:39:40,579 - INFO - psim - pid for 6 is 25729
2015-02-18 00:39:40,579 - INFO - merge_sort - 6 scattering to all [0, 14, 5, 6, 3, 9, 2, 2, 7, 9, 2, 9, 6, 16, 1, 16]
2015-02-18 00:39:40,589 - INFO - merge_sort - ****RUN_PARALLEL()****
2015-02-18 00:39:40,589 - INFO - merge_sort - # processes       : 8
2015-02-18 00:39:40,589 - INFO - merge_sort - input data       : [0, 14, 5, 6, 3, 9, 2, 2, 7, 9, 2, 9, 6, 16, 1, 16]
2015-02-18 00:39:40,589 - INFO - merge_sort - result           : [0, 1, 2, 2, 2, 3, 5, 6, 6, 7, 9, 9, 9, 14, 16, 16]
2015-02-18 00:39:40,592 - INFO - psim - pid for 1 is 25731
2015-02-18 00:39:40,593 - INFO - merge_sort - 1 scattering to all [0, 14, 5, 6, 3, 9, 2, 2, 7, 9, 2, 9, 6, 16, 1, 16]
2015-02-18 00:39:40,595 - INFO - psim - pid for 5 is 25735
2015-02-18 00:39:40,595 - INFO - merge_sort - 5 scattering to all [0, 14, 5, 6, 3, 9, 2, 2, 7, 9, 2, 9, 6, 16, 1, 16]
2015-02-18 00:39:40,594 - INFO - psim - pid for 3 is 25733
2015-02-18 00:39:40,596 - INFO - merge_sort - 3 scattering to all [0, 14, 5, 6, 3, 9, 2, 2, 7, 9, 2, 9, 6, 16, 1, 16]
2015-02-18 00:39:40,597 - INFO - psim - pid for 6 is 25736
2015-02-18 00:39:40,598 - INFO - merge_sort - 6 scattering to all [0, 14, 5, 6, 3, 9, 2, 2, 7, 9, 2, 9, 6, 16, 1, 16]
2015-02-18 00:39:40,599 - INFO - psim - pid for 7 is 25737
2015-02-18 00:39:40,599 - INFO - merge_sort - 7 scattering to all [0, 14, 5, 6, 3, 9, 2, 2, 7, 9, 2, 9, 6, 16, 1, 16]
2015-02-18 00:39:40,598 - INFO - psim - pid for 4 is 25734
2015-02-18 00:39:40,599 - INFO - psim - pid for 8 is 25738
2015-02-18 00:39:40,600 - INFO - merge_sort - 4 scattering to all [0, 14, 5, 6, 3, 9, 2, 2, 7, 9, 2, 9, 6, 16, 1, 16]
2015-02-18 00:39:40,600 - INFO - merge_sort - 8 scattering to all [0, 14, 5, 6, 3, 9, 2, 2, 7, 9, 2, 9, 6, 16, 1, 16]
2015-02-18 00:39:40,601 - INFO - psim - pid for 11 is 25741
2015-02-18 00:39:40,601 - INFO - merge_sort - 11 scattering to all [0, 14, 5, 6, 3, 9, 2, 2, 7, 9, 2, 9, 6, 16, 1, 16]
2015-02-18 00:39:40,603 - INFO - psim - pid for 12 is 25742
2015-02-18 00:39:40,603 - INFO - merge_sort - 12 scattering to all [0, 14, 5, 6, 3, 9, 2, 2, 7, 9, 2, 9, 6, 16, 1, 16]
2015-02-18 00:39:40,599 - INFO - psim - pid for 10 is 25740
2015-02-18 00:39:40,604 - INFO - merge_sort - 10 scattering to all [0, 14, 5, 6, 3, 9, 2, 2, 7, 9, 2, 9, 6, 16, 1, 16]
2015-02-18 00:39:40,604 - INFO - psim - pid for 2 is 25732
2015-02-18 00:39:40,604 - INFO - merge_sort - 2 scattering to all [0, 14, 5, 6, 3, 9, 2, 2, 7, 9, 2, 9, 6, 16, 1, 16]
2015-02-18 00:39:40,605 - INFO - psim - pid for 14 is 25744
2015-02-18 00:39:40,605 - INFO - merge_sort - 14 scattering to all [0, 14, 5, 6, 3, 9, 2, 2, 7, 9, 2, 9, 6, 16, 1, 16]
2015-02-18 00:39:40,605 - INFO - psim - pid for 9 is 25739
2015-02-18 00:39:40,606 - INFO - merge_sort - 9 scattering to all [0, 14, 5, 6, 3, 9, 2, 2, 7, 9, 2, 9, 6, 16, 1, 16]
2015-02-18 00:39:40,606 - INFO - psim - pid for 13 is 25743
2015-02-18 00:39:40,606 - INFO - psim - pid for 0 is 25710
2015-02-18 00:39:40,607 - INFO - merge_sort - 13 scattering to all [0, 14, 5, 6, 3, 9, 2, 2, 7, 9, 2, 9, 6, 16, 1, 16]
2015-02-18 00:39:40,607 - INFO - merge_sort - 0 scattering to all [0, 14, 5, 6, 3, 9, 2, 2, 7, 9, 2, 9, 6, 16, 1, 16]
2015-02-18 00:39:40,607 - INFO - psim - pid for 15 is 25745
2015-02-18 00:39:40,608 - INFO - merge_sort - 15 scattering to all [0, 14, 5, 6, 3, 9, 2, 2, 7, 9, 2, 9, 6, 16, 1, 16]
2015-02-18 00:39:40,626 - INFO - merge_sort - ****RUN_PARALLEL()****
2015-02-18 00:39:40,627 - INFO - merge_sort - # processes       : 16
2015-02-18 00:39:40,627 - INFO - merge_sort - input data       : [0, 14, 5, 6, 3, 9, 2, 2, 7, 9, 2, 9, 6, 16, 1, 16]
2015-02-18 00:39:40,627 - INFO - merge_sort - result           : [0, 1, 2, 2, 2, 3, 5, 6, 6, 7, 9, 9, 9, 14, 16, 16]
2015-02-18 00:39:40,962 - INFO - merge_sort - log_payload: {'log_owner': '1', 'simulation': 59}
2015-02-18 00:39:40,962 - INFO - merge_sort - plot_payload: {'plot_owner': '1', 'simulation': 59}
2015-02-18 00:39:40,962 - INFO - merge_sort - main: END
