2015-02-20 16:58:41,880 - INFO - log - ****differential_equation****
2015-02-20 16:58:41,881 - INFO - log - ****SYSTEM INFORMATION****
2015-02-20 16:58:41,881 - INFO - log - Python version    : 2.7.3
2015-02-20 16:58:41,881 - INFO - log - compiler          : GCC 4.7.2
2015-02-20 16:58:41,881 - INFO - log - system            : Linux
2015-02-20 16:58:41,881 - INFO - log - release           : 3.2.0-4-686-pae
2015-02-20 16:58:41,881 - INFO - log - machine           : i686
2015-02-20 16:58:41,881 - INFO - log - cpu's             : 2
2015-02-20 16:58:41,881 - INFO - log - interpreter       : 32bit
2015-02-20 16:58:41,881 - INFO - log - node              : crunchbang
2015-02-20 16:58:41,881 - INFO - log - platform          : Linux-3.2.0-4-686-pae-i686-with-debian-7.8
2015-02-20 16:58:41,881 - INFO - log - main: START
2015-02-20 16:58:41,884 - INFO - log - ****Run serial****
2015-02-20 16:58:41,884 - INFO - log - input data       : 15
2015-02-20 16:58:41,884 - INFO - log - A: [0.07841674772016993, 0.0661745940303039, 0.4986936210109837, 0.6042507732042881, 0.950827019031284, 0.6327511887112449, 0.3577344390919689, 0.83425030673036, 0.26348325086708946, 0.8789209673886504, 0.17977052672949578, 0.4503612788770255, 0.02565132093424649, 0.08710223360561642, 0.770645818736252]
2015-02-20 16:58:41,884 - INFO - log - B is: [0.0, 0.3574349058395182, 0.7469825422433561, 0.6407232031799888, 0.6765029512838486, 0.7557229699430247, 0.3328310672017514, 0.8788078592817276, 0.24384911102051485, 0.6868633453550602, 0.12493314605409336, 0.29095397846354315, 1.0]
2015-02-20 16:58:41,959 - INFO - log - B is: [0.0, 0.2553047076983883, 0.4054614941927462, 0.6317752920536948, 0.5995636183022656, 0.8424887713108399, 0.6462065561005378, 0.936360446002274, 0.6893568356352464, 0.9853491435686778, 0.8280775674281432, 1.015006884521937, 1.0]
2015-02-20 16:58:42,026 - INFO - log - B is: [0.0, 0.2619818760621503, 0.4087127828558454, 0.6641056824165872, 0.672732043267284, 0.9257666755767157, 0.8373979507483902, 1.0750599448228133, 0.948211845392388, 1.1293580710085211, 1.0175254198011667, 1.0779409954079864, 1.0]
2015-02-20 16:58:42,092 - INFO - log - B is: [0.0, 0.2772646064727387, 0.4544326193666513, 0.7104933444316693, 0.7680450604817535, 1.0003138149021664, 0.9729155628794092, 1.1628575964342658, 1.087649420764611, 1.2022475733651061, 1.107370312496013, 1.1064750538740762, 1.0]
2015-02-20 16:58:42,166 - INFO - log - B is: [0.0, 0.29109786535368315, 0.4971106524111358, 0.7494307216906234, 0.8457973929512919, 1.0562172512494814, 1.0687411803796598, 1.2219055378534636, 1.1758727765676598, 1.2474739615644754, 1.1605193693603617, 1.1234528186235533, 1.0]
2015-02-20 16:58:42,239 - INFO - log - B is: [0.0, 0.3016142830886147, 0.5297442182005412, 0.7784350283722181, 0.9032298686992584, 1.0964838157524364, 1.1364930889236105, 1.2629183082439792, 1.23579007529306, 1.2779706800219695, 1.1956377581276754, 1.1347154422468233, 1.0]
2015-02-20 16:58:42,358 - INFO - log - B is: [0.0, 0.3092248783399243, 0.5534007066322221, 0.7992923697779729, 0.9444199383523396, 1.1251288191332418, 1.1843957244892824, 1.291740389779835, 1.2775698050863498, 1.2991821777378254, 1.2198839066995655, 1.142503115653184, 1.0]
2015-02-20 16:58:42,440 - INFO - log - B is: [0.0, 0.3146473832102733, 0.5702650401034993, 0.8141223093096213, 0.9736810383453635, 1.1454232846542582, 1.2182643205022061, 1.3120768767770983, 1.306970834194677, 1.3140961602219683, 1.2368881692861464, 1.1479676419997802, 1.0]
2015-02-20 16:58:42,518 - INFO - log - B is: [0.0, 0.3184911254857491, 0.5822214922373972, 0.8246272584572439, 0.9944023750978853, 1.1597819479594826, 1.2422104306035768, 1.3264455119756122, 1.3277253767821784, 1.3246210531561697, 1.2488778272550234, 1.1518213561685453, 1.0]
2015-02-20 16:58:42,608 - INFO - log - B is: [0.0, 0.3212111082291792, 0.5906828602164303, 0.8320592556619087, 1.0090607785827685, 1.1699362942842493, 1.2591410464618926, 1.3366022246773999, 1.3423916601673547, 1.3320577831148759, 1.2573470751343496, 1.154543705288996, 1.0]
2015-02-20 16:58:42,715 - INFO - log - B is: [0.0, 0.3231347731328049, 0.5966671510761901, 0.837315011457774, 1.0194265588436882, 1.177116276536089, 1.271111498118687, 1.3437827684815988, 1.3527593103655509, 1.3373146620154603, 1.263333235931386, 1.1564679317449813, 1.0]
2015-02-20 16:58:42,807 - INFO - log - B is: [0.0, 0.32449499362711776, 0.6008986628295868, 0.841031251733915, 1.0267559146152956, 1.1821928705655496, 1.2795749653703616, 1.3488594957700666, 1.3600891098820393, 1.3410311688096155, 1.267565191429664, 1.1578282854983013, 1.0]
2015-02-20 16:58:42,884 - INFO - log - B is: [0.0, 0.3254567414863175, 0.6038905723854034, 0.8436588073241358, 1.0319380925210986, 1.185782205637957, 1.285558889784735, 1.3524488624654611, 1.3652713930905827, 1.3436587876458104, 1.2705572062882204, 1.158790064980488, 1.0]
2015-02-20 16:58:42,962 - INFO - log - B is: [0.0, 0.3261367334071999, 0.6060059666345907, 0.8455165825474811, 1.035602071985278, 1.188319980286468, 1.2897897032719436, 1.354986644618255, 1.3689353975435963, 1.3455165778777216, 1.272672625526242, 1.1594700644056535, 1.0]
2015-02-20 16:58:43,036 - INFO - log - B is: [0.0, 0.3266175097902825, 0.6075016194904385, 0.8468300887049606, 1.0381926208926107, 1.1901142646078315, 1.2927810149136065, 1.3567809307204202, 1.3715259523808963, 1.3468300875968044, 1.2741682843120572, 1.1599508425695377, 1.0]
2015-02-20 16:58:43,132 - INFO - log - B is: [0.0, 0.32695743348713435, 0.6085590921739972, 0.8477587776701362, 1.0400242178232249, 1.1913828776924515, 1.2948959616879332, 1.3580495442276326, 1.3733575507187195, 1.347758777407165, 1.2752257584028248, 1.1602907666889821, 1.0]
2015-02-20 16:58:43,219 - INFO - log - B is: [0.0, 0.3271977698041707, 0.6093067573114278, 0.8484153887358895, 1.0413192119505321, 1.1922798251755244, 1.2963912922967316, 1.3589464918109888, 1.374652545179964, 1.3484153886734849, 1.2759734238741927, 1.1605311031063017, 1.0]
2015-02-20 16:58:43,303 - INFO - log - B is: [0.0, 0.3273676947902014, 0.609835378998071, 0.8488796324399114, 1.0422348115987867, 1.1929139938893747, 1.297448535749263, 1.359580660548637, 1.3755681449074635, 1.348879632425102, 1.2765020456400809, 1.1607010281161299, 1.0]
2015-02-20 16:58:43,396 - INFO - log - B is: [0.0, 0.32748783684186744, 0.610209130355538, 0.8492078666312558, 1.0428821679462006, 1.1933623701380325, 1.298196038483002, 1.360029036802942, 1.3762155012736825, 1.3492078666277412, 1.2768757970163531, 1.1608211701734434, 1.0]
2015-02-20 16:58:43,482 - INFO - log - B is: [0.0, 0.3275727808661078, 0.6104733837452809, 0.8494399380217702, 1.0433398682449408, 1.1936793855541272, 1.2987245452669502, 1.3603460522203767, 1.3766732015768852, 1.3494399380209356, 1.2771400504105586, 1.1609061141990238, 1.0]
2015-02-20 16:58:43,558 - INFO - log - A evolved is: [0, 0.0, 0.32753614531350483, 0.6108212332185251, 0.8493398478307678, 1.0439423612064216, 1.193542659810719, 1.2994202442146294, 1.3602093264771657, 1.3772756945395568, 1.3493398478303276, 1.2774878998849934, 1.160869478646618, 1.0, 0]
2015-02-20 16:58:43,560 - INFO - log - PSim: initialized PSim
2015-02-20 16:58:43,560 - INFO - log - START: creating 2 parallel processes
2015-02-20 16:58:43,561 - INFO - log - pid for 0 is 23543
2015-02-20 16:58:43,562 - INFO - log - pid for 0 is 23543
2015-02-20 16:58:43,562 - INFO - log - START: done.
2015-02-20 16:58:43,562 - INFO - log - ****Run parallel (2)****
2015-02-20 16:58:43,562 - INFO - log - input data       : 15
2015-02-20 16:58:43,562 - INFO - log - pid for 1 is 23554
2015-02-20 16:58:43,563 - INFO - log - A is: [0.32051814878532503, 0.42218240548668606, 0.9323896497165238, 0.8085074779989553, 0.49203187793496006, 0.929205926196351, 0.4783791962928978, 0.7814909654569957, 0.6982504106905683, 0.563554902081724, 0.13484866090247605, 0.835105250651197, 0.767507235003771, 0.5571100537163219, 0.17798036665041428]
2015-02-20 16:58:43,563 - INFO - log - pid for 1 is 23554
2015-02-20 16:58:43,564 - INFO - log - B is: [[0.0, 0.6486761214731467, 0.637567163965043, 0.7344329860479643, 0.8910789243198755, 0.5074277593361511, 0.8775706680488956, 0.6105370257139553], [0.6947451559915822, 0.43877175801874435, 0.7215522985886828, 0.47340017017534575, 0.7183298744059817, 0.49496602304931486, 1.0]]
2015-02-20 16:58:43,567 - INFO - log - B is: [[0.0, 0.24612893958318088, 0.5093750772883242, 0.5863818038483227, 0.819452115923678, 0.7343015255282884, 0.9555604038271065, 0.7658042152734098], [0.9922438000113044, 0.7835213603634358, 1.0087587607246542, 0.8561617416502516, 1.0310907064715717, 0.9666181575193012, 1.0]]
2015-02-20 16:58:43,570 - INFO - log - B is: [[0.0, 0.2419334357298821, 0.5055800166430086, 0.602777026177727, 0.8483253671377881, 0.8247207074111006, 1.0544698259347318, 0.9508798488923295], [1.159764968076448, 1.0257128725541544, 1.1924895798424644, 1.0684989622546237, 1.1521702329665566, 1.0520110438517651, 1.0]]
2015-02-20 16:58:43,572 - INFO - log - B is: [[0.0, 0.25848666375332136, 0.5294789365546536, 0.6576905374995651, 0.9036128996581977, 0.9261974376420749, 1.1453847380025854, 1.0939934958877386], [1.275001891496748, 1.1820392304757688, 1.3024342874351347, 1.1918681880143782, 1.2199069157430935, 1.0990511117527393, 1.0]]
2015-02-20 16:58:43,575 - INFO - log - B is: [[0.0, 0.27781038490094495, 0.5573259570730765, 0.7148176623397503, 0.9580830468822344, 1.0165127288960074, 1.221037146400727, 1.2049746468886666], [1.3592278403317222, 1.2916983385239087, 1.3761690594088405, 1.2731171847153244, 1.2632030200708548, 1.1291102638451025, 1.0]]
2015-02-20 16:58:43,578 - INFO - log - B is: [[0.0, 0.29507523414120707, 0.5822006948631129, 0.7642429298655017, 1.0044170576354174, 1.0906686996530301, 1.2815376253321653, 1.2910654993617754], [1.4227500769120704, 1.372672149691881, 1.4292928984481668, 1.331044164852164, 1.2935227778648493, 1.150158732815545, 1.0]]
2015-02-20 16:58:43,581 - INFO - log - B is: [[0.0, 0.30926953752928593, 0.6026500761157894, 0.8043845433206348, 1.0417981134544099, 1.1496385751848506, 1.3291106231881904, 1.3578506874835483], [1.4713880941616329, 1.4340449758591944, 1.469067031126277, 1.3741822087800193, 1.3158912577598099, 1.1656865732330934, 1.0]]
2015-02-20 16:58:43,583 - INFO - log - B is: [[0.0, 0.32056311339046123, 0.6189200027420653, 0.8361588589849118, 1.071303194319848, 1.195893385135808, 1.36624105358159, 1.4096596611410455], [1.508893890927475, 1.4811467064160764, 1.4994155525745525, 1.4070126171662207, 1.3328375712174099, 1.1774501545720546, 1.0]]
2015-02-20 16:58:43,585 - INFO - log - B is: [[0.0, 0.3294236499174989, 0.6316846537053243, 0.8610314962561084, 1.0943704498146156, 1.2319550759214173, 1.395124647307819, 1.4498507720124783], [1.537909782632593, 1.517506894597006, 1.5227800789294972, 1.4322574746011483, 1.3458406149012005, 1.186476344656035, 1.0]]
2015-02-20 16:58:43,588 - INFO - log - B is: [[0.0, 0.33633232387162726, 0.6416373626271312, 0.8804053710470933, 1.1123279258447698, 1.259993320297389, 1.4175592644622421, 1.4810292601218422], [1.5603910282452431, 1.5456503444602077, 1.5408423281542398, 1.4517625384889081, 1.3558773454014488, 1.1934434032508419, 1.0]]
2015-02-20 16:58:43,590 - INFO - log - B is: [[0.0, 0.34170412520165094, 0.6493760179389914, 0.8954625337806194, 1.1262807179837382, 1.2817664186684619, 1.4349729183902227, 1.5052161538091173], [1.577821116385861, 1.5674605225335385, 1.5548320476338082, 1.4668659388548615, 1.363645614141219, 1.1988357822631688, 1.0]]
2015-02-20 16:58:43,592 - INFO - log - B is: [[0.0, 0.34587568668777335, 0.6553855926244366, 0.9071530017733088, 1.137112493507066, 1.298664874535945, 1.448485140170328, 1.5239792774256589], [1.5913391304086288, 1.584372047152051, 1.565676838208258, 1.4785727033135307, 1.3696656260872924, 1.2030145963589511, 1.0]]
2015-02-20 16:58:43,595 - INFO - log - B is: [[0.0, 0.3491133348366256, 0.66004976425562, 0.9162253995844596, 1.1455180611143208, 1.311776716112051, 1.4589685508419137, 1.5385348798284966], [1.601824582557698, 1.5974884948129708, 1.57408699297378, 1.4876508448184973, 1.3743334763337902, 1.2062548006920277, 1.0]]
2015-02-20 16:58:43,598 - INFO - log - B is: [[0.0, 0.35162550026437545, 0.6636688011470736, 0.9232645806836665, 1.1520397000159461, 1.3219492784554339, 1.4671015497995301, 1.5498264731495666], [1.6099583010346024, 1.6076626805721848, 1.5806102486205695, 1.4946920502841337, 1.3779538097542003, 1.208767867047595, 1.0]]
2015-02-20 16:58:43,601 - INFO - log - B is: [[0.0, 0.35357451790713307, 0.666476564503177, 0.9287256948732112, 1.157099241557902, 1.3298410465284767, 1.4734109233875001, 1.5585859924191834], [1.6162679282173387, 1.6155550208185736, 1.5856703599847932, 1.5001538779621706, 1.3807620300722827, 1.2107172022226038, 1.0]]
2015-02-20 16:58:43,603 - INFO - log - B is: [[0.0, 0.35508654689918895, 0.6686547999935147, 0.9329623370175665, 1.1610243309751829, 1.3359632526668777, 1.4783055103618028, 1.5653812404991523], [1.621162604571185, 1.621677428619624, 1.5895956502360855, 1.504390771575737, 1.382940426618993, 1.2122293431289872, 1.0]]
2015-02-20 16:58:43,605 - INFO - log - B is: [[0.0, 0.3562595358812791, 0.6703446129470089, 0.9362489900551175, 1.164069284453458, 1.3407126324107264, 1.4821025336256612, 1.570652693765827], [1.6249596593368878, 1.626426879439528, 1.5926406744983619, 1.5076775132436788, 1.384630296336849, 1.213402371555312, 1.0]]
2015-02-20 16:58:43,606 - INFO - log - B is: [[0.0, 0.3571694972629165, 0.6716555071997751, 0.938798649046003, 1.1664314398265838, 1.3443970064460364, 1.485048103200068, 1.574742054333052], [1.6279052400141278, 1.6301112785256127, 1.5950028548193282, 1.5102272034723694, 1.3859412105962299, 1.2143123468390806, 1.0]]
2015-02-20 16:58:43,609 - INFO - log - B is: [[0.0, 0.3578754080458394, 0.6726724452841337, 0.9407765684663808, 1.168263900892365, 1.3472551863600553, 1.487333148299372, 1.5779143996053686], [1.6301902890266287, 1.6329694672687838, 1.5968353246779823, 1.5122051339025202, 1.3869581557319253, 1.2150182625218133, 1.0]]
2015-02-20 16:58:43,612 - INFO - log - B is: [[0.0, 0.3584230234832593, 0.6734613424171269, 0.9423109533043864, 1.1696854450955771, 1.3494724379402134, 1.4891057861691832, 1.5803753649228924], [1.631962928275647, 1.6351867219607787, 1.598256871980245, 1.5137395226209232, 1.3877470553501638, 1.2155658796861726, 1.0]]
2015-02-20 16:58:43,614 - INFO - log - PSim: initialized PSim
2015-02-20 16:58:43,614 - INFO - log - START: creating 4 parallel processes
2015-02-20 16:58:43,615 - INFO - log - pid for 1 is 23555
2015-02-20 16:58:43,616 - INFO - log - pid for 1 is 23555
2015-02-20 16:58:43,616 - INFO - log - pid for 0 is 23543
2015-02-20 16:58:43,617 - INFO - log - pid for 0 is 23543
2015-02-20 16:58:43,617 - INFO - log - START: done.
2015-02-20 16:58:43,617 - INFO - log - ****Run parallel (4)****
2015-02-20 16:58:43,617 - INFO - log - input data       : 15
2015-02-20 16:58:43,617 - INFO - log - pid for 3 is 23557
2015-02-20 16:58:43,617 - INFO - log - pid for 3 is 23557
2015-02-20 16:58:43,617 - INFO - log - A is: [0.3950098998547453, 0.1277698987042709, 0.48920469830116964, 0.5483242660347785, 0.703606793389815, 0.4226790930361727, 0.9209229667903728, 0.4390151660762309, 0.07315197988133615, 0.9328407759245877, 0.09287651197078017, 0.8981551367704796, 0.07888785780859908, 0.30374667641651243, 0.7666378566961315]
2015-02-20 16:58:43,619 - INFO - log - pid for 2 is 23556
2015-02-20 16:58:43,619 - INFO - log - pid for 2 is 23556
2015-02-20 16:58:43,620 - INFO - log - B is: [[0.0, 0.4643295213001797, 0.3602693045917469, 0.6186279680677146], [0.5077239017576978, 0.8344871023123162, 0.453069351778424, 0.5192596955580767], [0.7081501932226316, 0.10523646814828039, 0.9377201785697559, 0.10810440711191185], [0.6231731288157183, 0.4449850794745875, 1.0]]
2015-02-20 16:58:43,624 - INFO - log - B is: [[0.0, 0.24593618760112226, 0.36885193543539463, 0.5817675528237376], [0.6076725790621564, 0.7040518033903761, 0.7670545548657401, 0.6780949447436718], [0.8855454888263965, 0.6396575473511893, 0.9779475343114004, 0.7152356728176864], [1.0328413489261437, 0.9076748542646303, 1.0]]
2015-02-20 16:58:43,627 - INFO - log - B is: [[0.0, 0.23490449804405578, 0.42820754691029167, 0.5779704628591459], [0.7233180576989339, 0.7748332522747146, 0.9243429636333997, 0.8746536393695623], [1.0578921741157428, 0.9368710091670194, 1.1309432709779035, 0.9951646535679214], [1.1256642196371702, 1.023402218533062, 1.0]]
2015-02-20 16:58:43,631 - INFO - log - B is: [[0.0, 0.24890639653733135, 0.48037962117230787, 0.6288079117927643], [0.8201420794252262, 0.8790916904209877, 1.0502923776263715, 1.0341612232671684], [1.189862544835415, 1.1212136584532395, 1.2413274612822098, 1.1458776432492652], [1.1887419064040419, 1.0818572551198617, 1.0]]
2015-02-20 16:58:43,634 - INFO - log - B is: [[0.0, 0.26880424348204546, 0.5230463485435255, 0.6888446472009709], [0.8980695627780091, 0.9770530093137796, 1.1493643502252349, 1.158499733448812], [1.2910629408827987, 1.2474031488200579, 1.324037745706084, 1.2411144407124692], [1.2352444194312069, 1.1174206419685915, 1.0]]
2015-02-20 16:58:43,638 - INFO - log - B is: [[0.0, 0.2875238770196412, 0.5569471127382869, 0.7428225919008582], [0.9595300498051759, 1.0590330180972087, 1.2266785582335258, 1.2550072218323671], [1.3691273685526693, 1.3393322061535722, 1.3871839634701602, 1.3074986469892762], [1.2704970371753341, 1.1416615816743017, 1.0]]
2015-02-20 16:58:43,641 - INFO - log - B is: [[0.0, 0.3032116193106851, 0.5835310909872734, 0.7873181827485838], [1.007564786839992, 1.1247362025115777, 1.2868149814672114, 1.329877834124317], [1.429528207407087, 1.4085419355987807, 1.4358128370334953, 1.356366827978485], [1.2975574759485902, 1.1592953096525647, 1.0]]
2015-02-20 16:58:43,646 - INFO - log - B is: [[0.0, 0.31579311770893814, 0.6042545376467627, 0.8227610315964292], [1.0449537317520634, 1.1764480833127822, 1.333522185173857, 1.3879595201751993], [1.4763286044747783, 1.4614896991405377, 1.4734111855272323, 1.393350797396462], [1.3184488512424237, 1.1725626712280546, 1.0]]
2015-02-20 16:58:43,649 - INFO - log - B is: [[0.0, 0.3256984333751468, 0.6203664083581739, 0.8505821817749223], [1.0740027415425961, 1.2168254610512828, 1.3697753000856088, 1.433016758133752], [1.5126145654117242, 1.5023026640832189, 1.5025339996664413, 1.421715115934209], [1.3346199084461068, 1.1827097195554568, 1.0]]
2015-02-20 16:58:43,652 - INFO - log - B is: [[0.0, 0.3334337013790569, 0.6328778123322543, 0.8722795616751179], [1.096553300696876, 1.2482406407940472, 1.3979058174612569, 1.4679701755611079], [1.5407566593777828, 1.5338713666532011, 1.5251105711832538, 1.4436039356686499], [1.3471521727152993, 1.1905301863007924, 1.0]]
2015-02-20 16:58:43,655 - INFO - log - B is: [[0.0, 0.3394524129813137, 0.6425880219126254, 0.8891519490401957], [1.1140525338408653, 1.2726436429939172, 1.4197306803731622, 1.4950854928952053], [1.5625856024620906, 1.558328478014797, 1.542618972391411, 1.4605437960547742], [1.356869734512291, 1.1965789262223694, 1.0]]
2015-02-20 16:58:43,658 - INFO - log - B is: [[0.0, 0.34412781911849716, 0.6501223296501888, 0.902255082620821], [1.1276296062946238, 1.2915858664075637, 1.4366623084459023, 1.5161203582290215], [1.5795186685926907, 1.5772897722170407, 1.5561992761318504, 1.4736707105198072], [1.364406633540579, 1.2012649158487703, 1.0]]
2015-02-20 16:58:43,662 - INFO - log - B is: [[0.0, 0.3477570326780775, 0.6559676612033225, 0.9124249480840702], [1.1381627832203902, 1.3062844429067568, 1.4497974218851808, 1.5324382774991556], [1.5926542888758488, 1.5919950702208019, 1.5667335919254763, 1.483848957562159], [1.3702528783948253, 1.2048978595619704, 1.0]]
2015-02-20 16:58:43,666 - INFO - log - B is: [[0.0, 0.35057320572706696, 0.6605024044956421, 0.9203160544205401], [1.1463341975996348, 1.3176883718407604, 1.459987169896229, 1.5450969983921319], [1.6028442155241587, 1.6034013681508976, 1.5749054076990041, 1.491743017988437], [1.3747879435803676, 1.207715347304606, 1.0]]
2015-02-20 16:58:43,669 - INFO - log - B is: [[0.0, 0.3527581466269121, 0.6640203261400007, 0.9264382513521642], [1.1526733048425843, 1.3265355375208445, 1.4678919640596408, 1.5549170748364336], [1.6107490726483213, 1.6122493687842914, 1.5812446564134766, 1.4978662560898082], [1.378305978676079, 1.2099007515685802, 1.0]]
2015-02-20 16:58:43,672 - INFO - log - B is: [[0.0, 0.3544532253251528, 0.6667493983527164, 0.9311878016378102], [1.15759093414168, 1.3333989545342844, 1.474024167487236, 1.562535056320276], [1.61688129826645, 1.6191130800772495, 1.5861623355742482, 1.5026161733360113], [1.3810350908747546, 1.2115959935796328, 1.0]]
2015-02-20 16:58:43,675 - INFO - log - B is: [[0.0, 0.3557682270613438, 0.6688665004762212, 0.9348723705966889], [1.1614058242591052, 1.3387233525331235, 1.4787812647006202, 1.5684447498157712], [1.6216384033008937, 1.6244375817949837, 1.5899772432654349, 1.5063008716302368], [1.3831522070913214, 1.212911052875468, 1.0]]
2015-02-20 16:58:43,678 - INFO - log - B is: [[0.0, 0.35678835949809, 0.6705088577592232, 0.9377307237959202], [1.1643652512012879, 1.3428538072370135, 1.4824716122197654, 1.573029228956968], [1.6253287535765732, 1.6285680730546264, 1.5929366764014943, 1.509159270413746], [1.3847945693414272, 1.2139312055991267, 1.0]]
2015-02-20 16:58:43,681 - INFO - log - B is: [[0.0, 0.3575797374698948, 0.6717829270362378, 0.9399481175824155], [1.1666610451953405, 1.3460580392622654, 1.4853344213800148, 1.5765856653461126], [1.6281915637083642, 1.6317723179639634, 1.595232472578581, 1.5113766802664326], [1.3860686403690987, 1.214722590721059, 1.0]]
2015-02-20 16:58:43,684 - INFO - log - B is: [[0.0, 0.3581936550530501, 0.6727712940673016, 0.9416682771245976], [1.16844202121665, 1.3485437436410073, 1.4875552624618074, 1.5793445915840731], [1.6304124051325768, 1.6342580268837046, 1.597013449369301, 1.5130968454711482], [1.387057008017182, 1.2153365108242788, 1.0]]
2015-02-20 16:58:43,687 - INFO - log - PSim: initialized PSim
2015-02-20 16:58:43,687 - INFO - log - START: creating 8 parallel processes
2015-02-20 16:58:43,690 - INFO - log - pid for 3 is 23560
2015-02-20 16:58:43,690 - INFO - log - pid for 3 is 23560
2015-02-20 16:58:43,691 - INFO - log - pid for 4 is 23561
2015-02-20 16:58:43,692 - INFO - log - pid for 4 is 23561
2015-02-20 16:58:43,693 - INFO - log - pid for 5 is 23562
2015-02-20 16:58:43,693 - INFO - log - pid for 5 is 23562
2015-02-20 16:58:43,695 - INFO - log - pid for 0 is 23543
2015-02-20 16:58:43,695 - INFO - log - pid for 0 is 23543
2015-02-20 16:58:43,695 - INFO - log - START: done.
2015-02-20 16:58:43,695 - INFO - log - ****Run parallel (8)****
2015-02-20 16:58:43,695 - INFO - log - input data       : 15
2015-02-20 16:58:43,696 - INFO - log - A is: [0.9644704140216553, 0.9092698626414633, 0.11205982295235772, 0.1205346293565901, 0.7302158345453686, 0.41972216521928674, 0.967863055378229, 0.8966633218630602, 0.5313264951796903, 0.949352787304755, 0.9296914659058253, 0.7943856907171517, 0.43184521252925157, 0.5602681045081545, 0.3211414761491168]
2015-02-20 16:58:43,697 - INFO - log - pid for 2 is 23559
2015-02-20 16:58:43,697 - INFO - log - pid for 2 is 23559
2015-02-20 16:58:43,699 - INFO - log - pid for 7 is 23564
2015-02-20 16:58:43,700 - INFO - log - pid for 7 is 23564
2015-02-20 16:58:43,700 - INFO - log - pid for 1 is 23558
2015-02-20 16:58:43,701 - INFO - log - pid for 1 is 23558
2015-02-20 16:58:43,698 - INFO - log - pid for 6 is 23563
2015-02-20 16:58:43,701 - INFO - log - pid for 6 is 23563
2015-02-20 16:58:43,703 - INFO - log - B is: [[0.0, 0.5604873407092288], [0.5371244682212489, 0.4433600509710854], [0.2923506195101606, 0.8712616671840211], [0.6804149657633957, 0.7718169975011819], [0.9452302768061299, 0.7527312027649801], [0.8940914612331756, 0.7029905614397607], [0.6995491198348753, 0.3987155665614064], [1.0]]
2015-02-20 16:58:43,708 - INFO - log - B is: [[0.0, 0.25207334831962624], [0.3912034198708682, 0.6255398496025456], [0.6582839840210318, 0.8392847347475453], [0.8448319589777625, 0.9310457786695486], [0.9721729794696009, 0.960415888253399], [1.0472364542381696, 0.9872364322961215], [1.0689624729541423, 1.0142703114698675], [1.0]]
2015-02-20 16:58:43,715 - INFO - log - B is: [[0.0, 0.2606387190665769], [0.45203314469116684, 0.6600228786785608], [0.7683043310441319, 0.9193335271813305], [0.9836516800826709, 1.0709665423439108], [1.1200747174005206, 1.146126643387079], [1.1823762457750466, 1.157938001046151], [1.1546489417517392, 1.0850507546558585], [1.0]]
2015-02-20 16:58:43,720 - INFO - log - B is: [[0.0, 0.27646508890476335], [0.5002731946030395, 0.7095384840122215], [0.8565479972010761, 1.0048984696541694], [1.0966540595294576, 1.1864583470939682], [1.2372349292407845, 1.2698378608053624], [1.280004311720282, 1.2550608309709632], [1.2104565311862467, 1.1220784649350801], [1.0]]
2015-02-20 16:58:43,726 - INFO - log - B is: [[0.0, 0.2928627643458157], [0.5388916426628717, 0.7574934426476504], [0.9268044786781564, 1.0794778653495933], [1.1855217135067033, 1.2766456468732823], [1.3275765071928132, 1.3578699618705032], [1.3535730417006056, 1.3197913903488265], [1.2517315677056684, 1.1459421105260694], [1.0]]
2015-02-20 16:58:43,732 - INFO - log - B is: [[0.0, 0.30713198142014153], [0.5693773734161187, 0.7981997403306119], [0.9819917684214399, 1.140191809459468], [1.2548013651590242, 1.3466596475996582], [1.3973757191596483, 1.423325386984681], [1.4099277761705797, 1.3664102212563098], [1.2831535197367911, 1.1628426535445118], [1.0]]
2015-02-20 16:58:43,739 - INFO - log - B is: [[0.0, 0.3187556409896602], [0.5932220175294949, 0.8310253956506385], [1.0250493903891895, 1.1882955147651206], [1.3086578248215144, 1.400977740984041], [1.451415298664155, 1.473100229178689], [1.453396864717646, 1.4013197502188404], [1.307328134456414, 1.1753937241422718], [1.0]]
2015-02-20 16:58:43,744 - INFO - log - B is: [[0.0, 0.3279688216105665], [0.6117892228116305, 0.8569308140542787], [1.0585385657180155, 1.2259660271441566], [1.3504762496730147, 1.443115687266533], [1.4932982641591477, 1.5113597342089231], [1.4870310615562703, 1.42795963044551], [1.32601163796002, 1.1849337710248975], [1.0]]
2015-02-20 16:58:43,751 - INFO - log - B is: [[0.0, 0.33518516264203074], [0.6262174334696703, 0.8771825157382325], [1.0845486729907354, 1.2553138154151813], [1.3829308139465302, 1.4758044759567333], [1.525775575799866, 1.5409151130982583], [1.5130922816991357, 1.4484701933964224], [1.3404808379574171, 1.19226531615814], [1.0]]
2015-02-20 16:58:43,756 - INFO - log - B is: [[0.0, 0.3408076628103082], [0.6374188755502995, 0.89294767752965], [1.1047369825171305, 1.2781244707870858], [1.4081124471993514, 1.5011629968170066], [1.5509652263683735, 1.5637989338393958], [1.533298605970355, 1.4643265909109717], [1.351696726741722, 1.1979284200430604], [1.0]]
2015-02-20 16:58:43,762 - INFO - log - B is: [[0.0, 0.34517794380199024], [0.6461115169964122, 0.9051969036772118], [1.1204019939886147, 1.295835455222599], [1.4276489428419674, 1.5208350172660299], [1.5705045477160589, 1.581535705428965], [1.548969966743496, 1.4766079731136796], [1.360394459932429, 1.2023130118255894], [1.0]]
2015-02-20 16:58:43,768 - INFO - log - B is: [[0.0, 0.3485712436357983], [0.652855961883707, 0.9147061180890023], [1.132555561696071, 1.309580312456398], [1.4428050911766686, 1.536095701698843], [1.5856616919712714, 1.5952896513521437], [1.561125772264028, 1.4861285209357509], [1.367140699406475, 1.2057113555014785], [1.0]]
2015-02-20 16:58:43,774 - INFO - log - B is: [[0.0, 0.3512046832831568], [0.658088384105952, 0.9220853452872323], [1.1419842362540304, 1.3202448891383565], [1.4545627722916312, 1.54793426651203], [1.5974197240986863, 1.6059574313451175], [1.5705552355398078, 1.4935117425974813], [1.372373754131303, 1.2083465728523346], [1.0]]
2015-02-20 16:58:43,780 - INFO - log - B is: [[0.0, 0.3532479656798723], [0.6621475999840131, 0.9278106691945651], [1.1492987523796865, 1.3285186745887776], [1.4636839361742233, 1.5571181021018066], [1.6065410116957113, 1.6142323458033672], [1.5778700296492718, 1.4992384743545488], [1.3764331929350693, 1.2103904818011257], [1.0]]
2015-02-20 16:58:43,786 - INFO - log - B is: [[0.0, 0.3548331865086097], [0.665296607521015, 0.9322524205294583], [1.1549730896925354, 1.334937350787729], [1.4707597583530698, 1.5642425160379405], [1.6136168774777429, 1.6206514199214315], [1.5835444649375883, 1.5036807218864596], [1.379582279042296, 1.2119759234583107], [1.0]]
2015-02-20 16:58:43,792 - INFO - log - B is: [[0.0, 0.3560629775361759], [0.6677394850840787, 0.9356982400132362], [1.1593750106413478, 1.3399167604456168], [1.4762488778394638, 1.5697693216342647], [1.6191060123320913, 1.6256309698260174], [1.5879464204178806, 1.5071267162550097], [1.3820251842974565, 1.2132057923169226], [1.0]]
2015-02-20 16:58:43,798 - INFO - log - B is: [[0.0, 0.3570170115600241], [0.6696345674395779, 0.9383713915575852], [1.1627898337583997, 1.3437795961663621], [1.4805070974967738, 1.5740567732581283], [1.6233642374058408, 1.6294938549767495], [1.5913612557055619, 1.509799929437544], [1.383920276413043, 1.214159853772344], [1.0]]
2015-02-20 16:58:43,804 - INFO - log - B is: [[0.0, 0.3577571148153203], [0.6711046906776452, 0.940445117479733], [1.1654389052518697, 1.3467762239319654], [1.4838104373378929, 1.5773827888211143], [1.6266675791559855, 1.6324905001639647], [1.5940103314885734, 1.5118736770840866], [1.3853904030910553, 1.2148999666959055], [1.0]]
2015-02-20 16:58:43,810 - INFO - log - B is: [[0.0, 0.35833125627154294], [0.6722451480681579, 0.942053827037146], [1.1674939387963303, 1.3491008790577883], [1.4863730228589955, 1.5799629647614448], [1.6292301653499246, 1.6348151614300392], [1.5960653665448843, 1.513482394298268], [1.3865308616939778, 1.2154741115597105], [1.0]]
2015-02-20 16:58:43,817 - INFO - log - B is: [[0.0, 0.35877665057065], [0.6731298647863263, 0.9433017944643797], [1.1690881433548659, 1.350904245107682], [1.4883609636412996, 1.581964551271486], [1.6312181063693703, 1.6366185296440667], [1.5976595716362718, 1.5147303644241323], [1.3874155788394602, 1.2159195070598212], [1.0]]
2015-02-20 16:58:43,826 - INFO - log - PSim: initialized PSim
2015-02-20 16:58:43,826 - INFO - log - START: creating 16 parallel processes
2015-02-20 16:58:43,828 - INFO - log - pid for 1 is 23565
2015-02-20 16:58:43,830 - INFO - log - pid for 3 is 23567
2015-02-20 16:58:43,830 - INFO - log - pid for 3 is 23567
2015-02-20 16:58:43,830 - INFO - log - pid for 1 is 23565
2015-02-20 16:58:43,831 - INFO - log - pid for 6 is 23570
2015-02-20 16:58:43,831 - INFO - log - pid for 6 is 23570
2015-02-20 16:58:43,832 - INFO - log - pid for 5 is 23569
2015-02-20 16:58:43,833 - INFO - log - pid for 5 is 23569
2015-02-20 16:58:43,833 - INFO - log - pid for 9 is 23573
2015-02-20 16:58:43,834 - INFO - log - pid for 9 is 23573
2015-02-20 16:58:43,835 - INFO - log - pid for 10 is 23574
2015-02-20 16:58:43,835 - INFO - log - pid for 0 is 23543
2015-02-20 16:58:43,835 - INFO - log - pid for 10 is 23574
2015-02-20 16:58:43,835 - INFO - log - pid for 0 is 23543
2015-02-20 16:58:43,835 - INFO - log - START: done.
2015-02-20 16:58:43,835 - INFO - log - ****Run parallel (16)****
2015-02-20 16:58:43,836 - INFO - log - pid for 7 is 23571
2015-02-20 16:58:43,836 - INFO - log - pid for 7 is 23571
2015-02-20 16:58:43,836 - INFO - log - pid for 4 is 23568
2015-02-20 16:58:43,836 - INFO - log - pid for 4 is 23568
2015-02-20 16:58:43,838 - INFO - log - pid for 2 is 23566
2015-02-20 16:58:43,838 - INFO - log - pid for 2 is 23566
2015-02-20 16:58:43,839 - INFO - log - pid for 12 is 23576
2015-02-20 16:58:43,839 - INFO - log - pid for 8 is 23572
2015-02-20 16:58:43,839 - INFO - log - pid for 8 is 23572
2015-02-20 16:58:43,840 - INFO - log - pid for 13 is 23577
2015-02-20 16:58:43,840 - INFO - log - pid for 13 is 23577
2015-02-20 16:58:43,841 - INFO - log - pid for 12 is 23576
2015-02-20 16:58:43,840 - INFO - log - pid for 11 is 23575
2015-02-20 16:58:43,841 - INFO - log - pid for 11 is 23575
2015-02-20 16:58:43,837 - INFO - log - pid for 15 is 23579
2015-02-20 16:58:43,841 - INFO - log - pid for 15 is 23579
2015-02-20 16:58:43,835 - INFO - log - input data       : 15
2015-02-20 16:58:43,841 - INFO - log - A is: [0.7408422947107851, 0.7313867381624848, 0.1249731922187759, 0.38678959524301226, 0.3082933166919377, 0.8203984827926569, 0.4473943346151352, 0.09365224056359178, 0.827091335159572, 0.454354187656658, 0.3798401172394509, 0.8880234893340776, 0.272661644859705, 0.853055839113039, 0.5217617168730567]
2015-02-20 16:58:43,841 - INFO - log - pid for 14 is 23578
2015-02-20 16:58:43,842 - INFO - log - pid for 14 is 23578
2015-02-20 16:58:43,851 - INFO - log - B is: [[0.0], [0.4551299656870027], [0.5813103889249708], [0.23885547667757903], [0.6258162612400568], [0.40006604787575867], [0.47924758390034655], [0.6594650571095758], [0.2962254363323471], [0.6256879484217337], [0.6934110607175901], [0.34847310327180014], [0.8927618864457806], [0.41943390308860307], [0.4487501417787417], []]
2015-02-20 16:58:43,861 - INFO - log - B is: [[0.0], [0.18996366321568858], [0.39936372865406883], [0.4608279178744124], [0.6196268144245517], [0.6213014743213252], [0.7130488865507824], [0.6960469546871207], [0.7520126821969347], [0.6865277803006132], [0.742569478466805], [0.5811843500058624], [0.6039660253238334], [0.36164332794918713], [0.255227816915104], []]
2015-02-20 16:58:43,872 - INFO - log - B is: [[0.0], [0.2168131047549419], [0.41981036199942284], [0.5347446889026529], [0.6891292993330204], [0.7237567343410948], [0.8346182403992968], [0.8044169807179365], [0.8734888069315865], [0.7836410983982003], [0.8028613754454178], [0.6552040586808413], [0.6011826569728588], [0.4021758587094007], [0.2431359146379966], []]
2015-02-20 16:58:43,882 - INFO - log - B is: [[0.0], [0.23654486346715362], [0.45251014678905227], [0.5896813445422048], [0.7505078496753849], [0.8025270941284115], [0.9126666401249872], [0.8919367761916591], [0.9489657197729693], [0.8647167722226669], [0.8586231787765576], [0.7169992027566078], [0.6314909598939211], [0.4354891023608031], [0.25209960629954703], []]
2015-02-20 16:58:43,894 - INFO - log - B is: [[0.0], [0.2517162295878544], [0.4788168527165917], [0.6322754301152835], [0.7978122897413514], [0.8645004585486107], [0.9713379341016634], [0.9619874882069328], [1.0074080620635464], [0.9306269746381008], [0.9065090599992343], [0.767792235823516], [0.6621289750544889], [0.46303342102245776], [0.26254087940485776], []]
2015-02-20 16:58:43,906 - INFO - log - B is: [[0.0], [0.26364438113619604], [0.4991415792975749], [0.6658833793695541], [0.834467903578982], [0.9137123604341822], [1.0172924374960521], [1.018056957396283], [1.0542341101891424], [0.9838063880872819], [0.9461919396109232], [0.8090500072578752], [0.6884504184435192], [0.48550547360402335], [0.2717285981476323], []]
2015-02-20 16:58:43,917 - INFO - log - B is: [[0.0], [0.27311595765322416], [0.5150297940654595], [0.6926149708908139], [0.8632823441592815], [0.9529758633387574], [1.0537571329573099], [1.0629673251767282], [1.091861842716776], [1.0265756654694653], [0.9785303485642952], [0.8423484899782032], [0.7101683311733701], [0.5036855149314524], [0.2793655003857855], []]
2015-02-20 16:58:43,927 - INFO - log - B is: [[0.0], [0.2806730836492664], [0.5275917723655844], [0.7139613556847105], [0.8861447892220654], [0.9843777661000092], [1.0828464845785803], [1.0989561931990557], [1.1220760790806885], [1.0609194239894149], [1.004669420948157], [0.8691352164101469], [0.7278179942732758], [0.5183281501062781], [0.2855908031683937], []]
2015-02-20 16:58:43,938 - INFO - log - B is: [[0.0], [0.2867172316612501], [0.5375905809947507], [0.7310413145438704], [0.9043770169254685], [1.0095229627306976], [1.1061106702492056], [1.1278030544593483], [1.1463205835375279], [1.0884762940150623], [1.0257122716696672], [0.8906479497030343], [0.7420633784217897], [0.5300950707575779], [0.2906225685073017], []]
2015-02-20 16:58:43,950 - INFO - log - B is: [[0.0], [0.29155717791980806], [0.5455775466405952], [0.7447212891784128], [0.918955114344716], [1.0296705747418944], [1.124739376817045], [1.150928226162363], [1.1657670876098893], [1.1105789441297436], [1.0426182299807765], [0.9079106549138966], [0.7535228794127576], [0.5395402700180643], [0.29467315451945214], []]
2015-02-20 16:58:43,960 - INFO - log - B is: [[0.0], [0.2954352188638085], [0.5519691369972121], [0.7556836517311946], [0.9306271287864208], [1.045818933442675], [1.1396655841490695], [1.1694678031241983], [1.181361861006268], [1.1283034587884169], [1.056186769403486], [0.9217571287912861], [0.7627260579561639], [0.5471174846903988], [0.2979273446308712], []]
2015-02-20 16:58:43,971 - INFO - log - B is: [[0.0], [0.2985434899101235], [0.5570887793006188], [0.7644705259939745], [0.9399787501665579], [1.0587639334499839], [1.1516289514289868], [1.1843315762565791], [1.1938664765566998], [1.1425156728877988], [1.067071151443196], [0.9328610718638968], [0.770111030663135], [0.5531943835916222], [0.3005390901968795], []]
2015-02-20 16:58:43,981 - INFO - log - B is: [[0.0], [0.3010351764313579], [0.5611915259704296], [0.7715145517116293], [0.9474738572427615], [1.069141857922513], [1.1612191298163168], [1.1962485391823838], [1.2038927188904274], [1.1539110215931438], [1.0758001046415684], [0.9417647340503549], [0.776034526262186], [0.5580673208035704], [0.3026341614679171], []]
2015-02-20 16:58:43,992 - INFO - log - B is: [[0.0], [0.3030327477075866], [0.5644801417329899], [0.7771617869108083], [0.9534820588024758], [1.0774621107592306], [1.1689075113431695], [1.2058029911482055], [1.2119315742366052], [1.163047580041522], [1.082799554152915], [0.9489037212227863], [0.7807847658380129], [0.5619745375706692], [0.30431434143024017], []]
2015-02-20 16:58:44,003 - INFO - log - B is: [[0.0], [0.3046342535242791], [0.5671164961039721], [0.7816893569020538], [0.9582987566175717], [1.0841328108223431], [1.1750714859225257], [1.2134633273269864], [1.2183768907934234], [1.1703729939781315], [1.0884118040293018], [0.954627629342737], [0.784593728022913], [0.5651073037582591], [0.30566161819392235], []]
2015-02-20 16:58:44,014 - INFO - log - B is: [[0.0], [0.30591824907901877], [0.5692300864454158], [0.7853193158904543], [0.9621604130232543], [1.0894810495406568], [1.1800134055216005], [1.2196050586513858], [1.2235445191380434], [1.176246250029698], [1.092911629503006], [0.959216889839568], [0.787647766025977], [0.5676190760942647], [0.30674188138724523], []]
2015-02-20 16:58:44,023 - INFO - log - B is: [[0.0], [0.30694769359800655], [0.5709246238749176], [0.7882296438019938], [0.9652564605267845], [1.0937690262326603], [1.1839755929760984], [1.2245292426375798], [1.227687727425118], [1.180955202436519], [1.096519467667011], [0.962896397727402], [0.7900964368835361], [0.5696329321689201], [0.3076080213382044], []]
2015-02-20 16:58:44,033 - INFO - log - B is: [[0.0], [0.3077730558566026], [0.5722832133435704], [0.7905630157848212], [0.9677387162983352], [1.097206941674597], [1.187152296152008], [1.2284772501265808], [1.2310095887003945], [1.1847306545069487], [1.0994121100437475], [0.9658464875392355], [0.7920597086901583], [0.5712475676750935], [0.3083024687425624], []]
2015-02-20 16:58:44,043 - INFO - log - B is: [[0.0], [0.3084347958683423], [0.5733724662275589], [0.7924338140856916], [0.9697288760134378], [1.0999633181976656], [1.1896992402038529], [1.2316426004679129], [1.2336729238964617], [1.1877576603891535], [1.1017313227454426], [0.9682117534097004], [0.7936337910022367], [0.5725421197155555], [0.3088592530793043], []]
2015-02-20 16:58:44,053 - INFO - log - B is: [[0.0], [0.3089653512858799], [0.5742457812054274], [0.7939337421325795], [0.9713245001211627], [1.1021732668602287], [1.191741273189411], [1.2341804487917154], [1.2358082783176367], [1.1901845911623825], [1.1035907769145945], [0.9701081287653918], [0.7948958304455435], [0.5735800399924698], [0.30930566195713766], []]
2015-02-20 16:58:44,431 - INFO - log - log_payload: {'log_owner': '2', 'simulation': 5}
2015-02-20 16:58:44,431 - INFO - log - plot_payload: {'plot_owner': '2', 'simulation': 5}
2015-02-20 16:58:44,431 - INFO - log - main: END
