2015-02-17 17:55:04,582 - INFO - log - ****SYSTEM INFORMATION****
2015-02-17 17:55:04,583 - INFO - log - Python version    : 2.7.3
2015-02-17 17:55:04,583 - INFO - log - compiler          : GCC 4.7.2
2015-02-17 17:55:04,583 - INFO - log - system            : Linux
2015-02-17 17:55:04,583 - INFO - log - release           : 3.2.0-4-686-pae
2015-02-17 17:55:04,583 - INFO - log - machine           : i686
2015-02-17 17:55:04,583 - INFO - log - cpu's             : 2
2015-02-17 17:55:04,583 - INFO - log - interpreter       : 32bit
2015-02-17 17:55:04,583 - INFO - log - node              : crunchbang
2015-02-17 17:55:04,583 - INFO - log - platform          : Linux-3.2.0-4-686-pae-i686-with-debian-7.8
2015-02-17 17:55:04,583 - INFO - differential_equation - main: START
2015-02-17 17:55:04,587 - INFO - differential_equation - ****RUN_SERIAL()****
2015-02-17 17:55:04,587 - INFO - differential_equation - input data       : 15
2015-02-17 17:55:04,587 - INFO - differential_equation - A           : [0.7539659765010961, 0.4701597074888002, 0.42374752312701847, 0.2793541373858177, 0.673980492603717, 0.1553084589672672, 0.2890272836665436, 0.2593954753587513, 0.190442491361965, 0.9478149120581353, 0.6414485717210839, 0.6650455422395876, 0.059827941810673635, 0.7777112261561783, 0.6972613608122029]
2015-02-17 17:55:04,587 - INFO - differential_equation - B           : [0.0, 0.39697914465953116, 0.57108623008759, 0.23955352039876468, 0.5037261103573525, 0.22957418938523147, 0.2619571097364765, 0.6258274159306655, 0.43816775376374667, 0.8286524493710837, 0.372860478988101, 0.7436006064201052, 1.0]
2015-02-17 17:55:04,587 - INFO - differential_equation - plot B           : [0.0, 0.39697914465953116, 0.57108623008759, 0.23955352039876468, 0.5037261103573525, 0.22957418938523147, 0.2619571097364765, 0.6258274159306655, 0.43816775376374667, 0.8286524493710837, 0.372860478988101, 0.7436006064201052, 1.0]
2015-02-17 17:55:04,669 - INFO - differential_equation - B           : [0.0, 0.17617273610181547, 0.3581047230320323, 0.43220181316705675, 0.5493482820309064, 0.6181315249123177, 0.6408993408505916, 0.7820263042146065, 0.7329582084103419, 0.9259585282513367, 0.8745929039090208, 1.0060346718838065, 1.0]
2015-02-17 17:55:04,669 - INFO - differential_equation - plot B           : [0.0, 0.17617273610181547, 0.3581047230320323, 0.43220181316705675, 0.5493482820309064, 0.6181315249123177, 0.6408993408505916, 0.7820263042146065, 0.7329582084103419, 0.9259585282513367, 0.8745929039090208, 1.0060346718838065, 1.0]
2015-02-17 17:55:04,742 - INFO - differential_equation - B           : [0.0, 0.2189573329959343, 0.39627449751544525, 0.5523633705721672, 0.6592590480834405, 0.7871388016181143, 0.8346515694705702, 0.9530650294545402, 0.9570085411541503, 1.0508818097962687, 1.0273568795065626, 1.0515495443836098, 1.0]
2015-02-17 17:55:04,742 - INFO - differential_equation - plot B           : [0.0, 0.2189573329959343, 0.39627449751544525, 0.5523633705721672, 0.6592590480834405, 0.7871388016181143, 0.8346515694705702, 0.9530650294545402, 0.9570085411541503, 1.0508818097962687, 1.0273568795065626, 1.0515495443836098, 1.0]
2015-02-17 17:55:04,810 - INFO - differential_equation - B           : [0.0, 0.2506401638345569, 0.4508372769835891, 0.6391898366562104, 0.7637495645010194, 0.9063175184569444, 0.9710052254955456, 1.0728083947986948, 1.0886386332271436, 1.138838255339273, 1.1090596786090496, 1.083797706175869, 1.0]
2015-02-17 17:55:04,811 - INFO - differential_equation - plot B           : [0.0, 0.2506401638345569, 0.4508372769835891, 0.6391898366562104, 0.7637495645010194, 0.9063175184569444, 0.9710052254955456, 1.0728083947986948, 1.0886386332271436, 1.138838255339273, 1.1090596786090496, 1.083797706175869, 1.0]
2015-02-17 17:55:04,879 - INFO - differential_equation - B           : [0.0, 0.2731971350888762, 0.49580883587390095, 0.7008675813868342, 0.8440015292508106, 0.9906895622663882, 1.0673914971123353, 1.1573145129861069, 1.1753309989590797, 1.200784149492287, 1.1604716389150793, 1.1064887524746103, 1.0]
2015-02-17 17:55:04,879 - INFO - differential_equation - plot B           : [0.0, 0.2731971350888762, 0.49580883587390095, 0.7008675813868342, 0.8440015292508106, 0.9906895622663882, 1.0673914971123353, 1.1573145129861069, 1.1753309989590797, 1.200784149492287, 1.1604716389150793, 1.1064887524746103, 1.0]
2015-02-17 17:55:04,951 - INFO - differential_equation - B           : [0.0, 0.28917781022010774, 0.5291183022121324, 0.7445393021406358, 0.902254677293347, 1.050373876358566, 1.1355388531960355, 1.2170306436354013, 1.2351124843952912, 1.2445195033609722, 1.1953094426474096, 1.1225012441636089, 1.0]
2015-02-17 17:55:04,952 - INFO - differential_equation - plot B           : [0.0, 0.28917781022010774, 0.5291183022121324, 0.7445393021406358, 0.902254677293347, 1.050373876358566, 1.1355388531960355, 1.2170306436354013, 1.2351124843952912, 1.2445195033609722, 1.1953094426474096, 1.1225012441636089, 1.0]
2015-02-17 17:55:05,080 - INFO - differential_equation - B           : [0.0, 0.30048412079579107, 0.5530280595845823, 0.7754314824852074, 0.9438003441001471, 1.0925799206735853, 1.1837210522564972, 1.259244238168641, 1.2770208328297419, 1.275426784141986, 1.2195818816475104, 1.1338151049575136, 1.0]
2015-02-17 17:55:05,080 - INFO - differential_equation - plot B           : [0.0, 0.30048412079579107, 0.5530280595845823, 0.7754314824852074, 0.9438003441001471, 1.0925799206735853, 1.1837210522564972, 1.259244238168641, 1.2770208328297419, 1.275426784141986, 1.2195818816475104, 1.1338151049575136, 1.0]
2015-02-17 17:55:05,151 - INFO - differential_equation - B           : [0.0, 0.3084797944240167, 0.5700181539342436, 0.7972767249440825, 0.9732595531484624, 1.1224226285621282, 1.2177873070901284, 1.2890887377593596, 1.306566107928369, 1.2972756100052119, 1.2366580420474833, 1.1418125702879147, 1.0]
2015-02-17 17:55:05,152 - INFO - differential_equation - plot B           : [0.0, 0.3084797944240167, 0.5700181539342436, 0.7972767249440825, 0.9732595531484624, 1.1224226285621282, 1.2177873070901284, 1.2890887377593596, 1.306566107928369, 1.2972756100052119, 1.2366580420474833, 1.1418125702879147, 1.0]
2015-02-17 17:55:05,224 - INFO - differential_equation - B           : [0.0, 0.31413339558524667, 0.5820508723787416, 0.8127228061905182, 0.9941083085069092, 1.1435227361522209, 1.2418731678589232, 1.3101892705287772, 1.3274352871639894, 1.3127225416102974, 1.2487111843691552, 1.1474665966284696, 1.0]
2015-02-17 17:55:05,224 - INFO - differential_equation - plot B           : [0.0, 0.31413339558524667, 0.5820508723787416, 0.8127228061905182, 0.9941083085069092, 1.1435227361522209, 1.2418731678589232, 1.3101892705287772, 1.3274352871639894, 1.3127225416102974, 1.2487111843691552, 1.1474665966284696, 1.0]
2015-02-17 17:55:05,311 - INFO - differential_equation - B           : [0.0, 0.31813076051485967, 0.5905631609167971, 0.8236438472055533, 1.008853798752214, 1.1584412429940127, 1.2589025916169065, 1.325107878267616, 1.3421856240910848, 1.3236437844194262, 1.257228319589001, 1.1514640624551293, 1.0]
2015-02-17 17:55:05,311 - INFO - differential_equation - plot B           : [0.0, 0.31813076051485967, 0.5905631609167971, 0.8236438472055533, 1.008853798752214, 1.1584412429940127, 1.2589025916169065, 1.325107878267616, 1.3421856240910848, 1.3236437844194262, 1.257228319589001, 1.1514640624551293, 1.0]
2015-02-17 17:55:05,404 - INFO - differential_equation - B           : [0.0, 0.3209570407428865, 0.5965827417447928, 0.8313653971488231, 1.019280439567142, 1.1689890971086547, 1.270942903413208, 1.3356557563256002, 1.3526134150463203, 1.3313653822493805, 1.2632490505573042, 1.1542903666264985, 1.0]
2015-02-17 17:55:05,406 - INFO - differential_equation - plot B           : [0.0, 0.3209570407428865, 0.5965827417447928, 0.8313653971488231, 1.019280439567142, 1.1689890971086547, 1.270942903413208, 1.3356557563256002, 1.3526134150463203, 1.3313653822493805, 1.2632490505573042, 1.1542903666264985, 1.0]
2015-02-17 17:55:05,493 - INFO - differential_equation - B           : [0.0, 0.3229553109965388, 0.6008390355075515, 0.8368247750887625, 1.0266526565168415, 1.1764467509841139, 1.279455763872412, 1.3431134158829265, 1.3599859049297063, 1.3368247715530543, 1.2675056172537493, 1.156288642562018, 1.0]
2015-02-17 17:55:05,494 - INFO - differential_equation - plot B           : [0.0, 0.3229553109965388, 0.6008390355075515, 0.8368247750887625, 1.0266526565168415, 1.1764467509841139, 1.279455763872412, 1.3431134158829265, 1.3599859049297063, 1.3368247715530543, 1.2675056172537493, 1.156288642562018, 1.0]
2015-02-17 17:55:05,565 - INFO - differential_equation - B           : [0.0, 0.3243681491509161, 0.6038484265678352, 0.8406847212029176, 1.031865098439992, 1.1817195366009798, 1.2854746107614223, 1.3483862028481264, 1.3651984116212996, 1.340684720363877, 1.2705150730824761, 1.1577014820647291, 1.0]
2015-02-17 17:55:05,571 - INFO - differential_equation - plot B           : [0.0, 0.3243681491509161, 0.6038484265678352, 0.8406847212029176, 1.031865098439992, 1.1817195366009798, 1.2854746107614223, 1.3483862028481264, 1.3651984116212996, 1.340684720363877, 1.2705150730824761, 1.1577014820647291, 1.0]
2015-02-17 17:55:05,650 - INFO - differential_equation - B           : [0.0, 0.32536706828822554, 0.6059761712434073, 0.8434138191558155, 1.0355504659493742, 1.1854475540111533, 1.2897301154824214, 1.3521142205782657, 1.3688837945005372, 1.3434138189567069, 1.2726428331279034, 1.1587004015220046, 1.0]
2015-02-17 17:55:05,650 - INFO - differential_equation - plot B           : [0.0, 0.32536706828822554, 0.6059761712434073, 0.8434138191558155, 1.0355504659493742, 1.1854475540111533, 1.2897301154824214, 1.3521142205782657, 1.3688837945005372, 1.3434138189567069, 1.2726428331279034, 1.1587004015220046, 1.0]
2015-02-17 17:55:05,730 - INFO - differential_equation - B           : [0.0, 0.3260733340622866, 0.6074805539608625, 0.8453433731619894, 1.038156134585054, 1.1880833738673175, 1.2927388845646708, 1.3547500405103592, 1.3714894667835555, 1.3453433731147393, 1.2741472194926973, 1.159406667371995, 1.0]
2015-02-17 17:55:05,731 - INFO - differential_equation - plot B           : [0.0, 0.3260733340622866, 0.6074805539608625, 0.8453433731619894, 1.038156134585054, 1.1880833738673175, 1.2927388845646708, 1.3547500405103592, 1.3714894667835555, 1.3453433731147393, 1.2741472194926973, 1.159406667371995, 1.0]
2015-02-17 17:55:05,819 - INFO - differential_equation - B           : [0.0, 0.3265726851005425, 0.6085441983815066, 0.8467076255759117, 1.039998421079603, 1.1899469773375142, 1.2948661742714895, 1.3566136439985745, 1.373331754143635, 1.3467076255646988, 1.275210864778872, 1.1599060184282692, 1.0]
2015-02-17 17:55:05,820 - INFO - differential_equation - plot B           : [0.0, 0.3265726851005425, 0.6085441983815066, 0.8467076255759117, 1.039998421079603, 1.1899469773375142, 1.2948661742714895, 1.3566136439985745, 1.373331754143635, 1.3467076255646988, 1.275210864778872, 1.1599060184282692, 1.0]
2015-02-17 17:55:05,906 - INFO - differential_equation - B           : [0.0, 0.3269257412199936, 0.6092962269943785, 0.8476721928337406, 1.041300972921022, 1.19126460071907, 1.2963702317026278, 1.3579312673844062, 1.3746343061904485, 1.3476721928310793, 1.2759628935971383, 1.1602590745519963, 1.0]
2015-02-17 17:55:05,906 - INFO - differential_equation - plot B           : [0.0, 0.3269257412199936, 0.6092962269943785, 0.8476721928337406, 1.041300972921022, 1.19126460071907, 1.2963702317026278, 1.3579312673844062, 1.3746343061904485, 1.3476721928310793, 1.2759628935971383, 1.1602590745519963, 1.0]
2015-02-17 17:55:05,982 - INFO - differential_equation - B           : [0.0, 0.3271753624542353, 0.6098279337584419, 0.8483541707287082, 1.0422219160689483, 1.192196199849294, 1.2974336452794957, 1.3588628665156448, 1.3755552493871162, 1.3483541707280762, 1.2764946004099427, 1.1605086957872526, 1.0]
2015-02-17 17:55:05,983 - INFO - differential_equation - plot B           : [0.0, 0.3271753624542353, 0.6098279337584419, 0.8483541707287082, 1.0422219160689483, 1.192196199849294, 1.2974336452794957, 1.3588628665156448, 1.3755552493871162, 1.3483541707280762, 1.2764946004099427, 1.1605086957872526, 1.0]
2015-02-17 17:55:06,062 - INFO - differential_equation - B           : [0.0, 0.32735185213104545, 0.610203866350728, 0.8488363494928531, 1.0428730504232426, 1.1928548682904898, 1.2981855104756344, 1.3595215349570813, 1.3762063837529768, 1.3488363494927027, 1.2768705330137953, 1.1606851854643034, 1.0]
2015-02-17 17:55:06,063 - INFO - differential_equation - plot B           : [0.0, 0.32735185213104545, 0.610203866350728, 0.8488363494928531, 1.0428730504232426, 1.1928548682904898, 1.2981855104756344, 1.3595215349570813, 1.3762063837529768, 1.3488363494927027, 1.2768705330137953, 1.1606851854643034, 1.0]
2015-02-17 17:55:06,141 - INFO - differential_equation - B           : [0.0, 0.32747663560985185, 0.6104696619370092, 0.8491772642969183, 1.0433334218841142, 1.1933205665734188, 1.2987171016509418, 1.3599872332400673, 1.376666755216593, 1.3491772642968822, 1.2771363286028214, 1.160809968943167, 1.0]
2015-02-17 17:55:06,143 - INFO - differential_equation - plot B           : [0.0, 0.32747663560985185, 0.6104696619370092, 0.8491772642969183, 1.0433334218841142, 1.1933205665734188, 1.2987171016509418, 1.3599872332400673, 1.376666755216593, 1.3491772642968822, 1.2771363286028214, 1.160809968943167, 1.0]
2015-02-17 17:55:06,239 - INFO - differential_equation - A           : [0, 0.0, 0.3275347351346193, 0.6106852780766584, 0.8493359951504355, 1.0437068799932279, 1.193537396951586, 1.2991483339310856, 1.3602040636181174, 1.3770402133265522, 1.3493359951501647, 1.2773519447433161, 1.160868068467817, 1.0, 0]
2015-02-17 17:55:06,243 - INFO - psim - pid for 0 is 6368
2015-02-17 17:55:06,244 - INFO - differential_equation - ****RUN_PARALLEL()****
2015-02-17 17:55:06,244 - INFO - differential_equation - # processes       : 2
2015-02-17 17:55:06,244 - INFO - psim - pid for 1 is 6379
2015-02-17 17:55:06,244 - INFO - differential_equation - input data       : 15
2015-02-17 17:55:06,245 - INFO - differential_equation - A           : [0.785558575829806, 0.5686617791242238, 0.9378305821897035, 0.038949356493690246, 0.1330704342061756, 0.432059248480387, 0.7380637445444536, 0.37445740904571256, 0.9082736560113511, 0.5301477289917226, 0.707316077430884, 0.26904811110783766, 0.8548069750942204, 0.8887299539669674, 0.2032115124555245]
2015-02-17 17:55:06,246 - INFO - differential_equation - B           : [[0.0, 0.883916801231977, 0.3260277900311792, 0.5576727304201617, 0.25772652470926083, 0.4577893115975368, 0.425480550985272, 0.8453909225001246], [0.47452479124093977, 0.8300170889433398, 0.4218201422720023, 0.8032837484847745, 0.6011112547596248, 0.5512314659970947, 1.0]]
2015-02-17 17:55:06,249 - INFO - differential_equation - B           : [[0.0, 0.2483943496487271, 0.306093346425178, 0.6093928913002952, 0.4871780056971689, 0.8138441598256135, 0.5962455144018592, 0.9214145835869018], [0.6839600639388705, 0.9846198575861731, 0.7902339794037353, 1.027822267483326, 0.9181122570292071, 1.0339935975322314, 1.0]]
2015-02-17 17:55:06,251 - INFO - differential_equation - B           : [[0.0, 0.25712850658685454, 0.37174626161573776, 0.6518265923599486, 0.6168741170013935, 0.9124926059356178, 0.7827049414848942, 1.0717312181968996], [0.9057999032430043, 1.155732566946666, 1.0010260241035536, 1.1702046717765255, 1.050395981814066, 1.0906310250864575, 1.0]]
2015-02-17 17:55:06,252 - INFO - differential_equation - B           : [[0.0, 0.27522223719711625, 0.4328573331495756, 0.7068732255397128, 0.7327124667848464, 1.0032343299477677, 0.9379959366673644, 1.1877573476546588], [1.0738849890687532, 1.2739610911030312, 1.1456266112441602, 1.2596118971688552, 1.1345867534843905, 1.1240470343375337, 1.0]]
2015-02-17 17:55:06,254 - INFO - differential_equation - B           : [[0.0, 0.29254073470350517, 0.4847986798743971, 0.7568989236659325, 0.8285046248716971, 1.0794252561875919, 1.0614530618560558, 1.2777135847679102], [1.2018542735746445, 1.3598570300402515, 1.251557625139377, 1.3217403037787285, 1.194658957133719, 1.1467520135034448, 1.0]]
2015-02-17 17:55:06,256 - INFO - differential_equation - B           : [[0.0, 0.3071185368037234, 0.5267833268310608, 0.7982722323081041, 0.9049484680685084, 1.1405838450553707, 1.1582047738694015, 1.347493246473813], [1.300196322907604, 1.4244363066696066, 1.3315749249736664, 1.3673791469981207, 1.2395092949325137, 1.163228159473559, 1.0]]
2015-02-17 17:55:06,259 - INFO - differential_equation - B           : [[0.0, 0.3188293767682529, 0.5599571250283396, 0.8312709692426667, 0.9650054137743224, 1.188751890078934, 1.2335991361974414, 1.4016248487768141], [1.376151200278359, 1.4738099753764209, 1.3928913365579558, 1.4018812721350054, 1.2736931063546195, 1.1756080701531004, 1.0]]
2015-02-17 17:55:06,261 - INFO - differential_equation - B           : [[0.0, 0.3280557597794749, 0.5859054451368968, 0.8571881568157983, 1.0118614110496376, 1.2263736979313657, 1.2922055620777417, 1.4436177223342166], [1.434955179838168, 1.5118567056322283, 1.4401912329218547, 1.4283283292788376, 1.2999974058932893, 1.1850702673080058, 1.0]]
2015-02-17 17:55:06,262 - INFO - differential_equation - B           : [[0.0, 0.33526309255383113, 0.6061103308941221, 0.8774057168280739, 1.048304167930946, 1.2556489698405908, 1.3377116659988812, 1.476193935777897], [1.4805309116067789, 1.541281741556867, 1.4767904421562832, 1.4487326419637097, 1.3203277566963378, 1.1923607128406137, 1.0]]
2015-02-17 17:55:06,266 - INFO - differential_equation - B           : [[0.0, 0.3408718141137482, 0.6218109421027755, 0.8931291336668103, 1.0766079616521864, 1.2783911304113815, 1.3730280293040467, 1.501465122813662], [1.5158718152655046, 1.564076686495154, 1.5051493775514417, 1.4645218798321094, 1.3360725880941215, 1.19799872751452, 1.0]]
2015-02-17 17:55:06,267 - INFO - differential_equation - B           : [[0.0, 0.3452290125047412, 0.6340001418620026, 0.9053405970584176, 1.0985764652718686, 1.2960446658549925, 1.4004300979279205, 1.5210693932904706], [1.5432825331435882, 1.58174882580328, 1.527137315868921, 1.476756541863317, 1.348277373270896, 1.2023662502714139, 1.0]]
2015-02-17 17:55:06,270 - INFO - differential_equation - B           : [[0.0, 0.3486113197102391, 0.6434592832380562, 0.9148186209496767, 1.1156227732797297, 1.3097434363308846, 1.4216892428727623, 1.536277520266556], [1.5645447265204016, 1.5954541532162216, 1.5441904736412453, 1.4862427421213398, 1.357742007731554, 1.205752196302449, 1.0]]
2015-02-17 17:55:06,273 - INFO - differential_equation - B           : [[0.0, 0.35123593438765477, 0.6507984298666035, 0.9221729837245906, 1.1288479957484814, 1.320371725089219, 1.4381817935653283, 1.5480753133248295], [1.5810383516336355, 1.606084752968782, 1.5574181103113234, 1.4935999866589176, 1.365083090399247, 1.2083780934849035, 1.0]]
2015-02-17 17:55:06,275 - INFO - differential_equation - B           : [[0.0, 0.35327226595251704, 0.656492225367429, 0.9278787834046679, 1.1391080500612871, 1.3286171711102235, 1.450976213205175, 1.557227519988164], [1.5938331499533351, 1.6143310135003228, 1.5676790155100357, 1.4993068020170208, 1.3707775682575898, 1.2104148770690115, 1.0]]
2015-02-17 17:55:06,279 - INFO - differential_equation - B           : [[0.0, 0.3548520576926198, 0.6609093648049461, 0.9323053057023593, 1.1470675270309674, 1.3350137962675568, 1.460901638891169, 1.5643273976004224], [1.6037587091051455, 1.6207279257321137, 1.5756387923746826, 1.5037336822907055, 1.3751949481921972, 1.211994828123419, 1.0]]
2015-02-17 17:55:06,283 - INFO - differential_equation - B           : [[0.0, 0.3560776240534258, 0.6643360373464201, 0.9357392819169869, 1.1532422011117274, 1.3399760762409272, 1.4686013739111117, 1.5698351690006245], [1.6114584911651508, 1.6256903068849538, 1.581813572153504, 1.5071677846740683, 1.3786217054969354, 1.2132204506345947, 1.0]]
2015-02-17 17:55:06,285 - INFO - differential_equation - B           : [[0.0, 0.3570283761786593, 0.6669943164643175, 0.9384032356654449, 1.1580322628562096, 1.3438256152404748, 1.4745744981444462, 1.5741078547360101], [1.6174316319777682, 1.6295398815452329, 1.5866036711512967, 1.5098317828907308, 1.381280014489668, 1.214171222550041, 1.0]]
2015-02-17 17:55:06,287 - INFO - differential_equation - B           : [[0.0, 0.35776593186467964, 0.6690564982922419, 0.9404698227097975, 1.1617481890317243, 1.3468119250828812, 1.4792081875589296, 1.5774224155750278], [1.622065327235624, 1.6325262039562736, 1.5903196104567503, 1.511898385607914, 1.3833422068469863, 1.214908785211127, 1.0]]
2015-02-17 17:55:06,289 - INFO - differential_equation - B           : [[0.0, 0.3583380964591789, 0.6706562500818871, 0.942072992960361, 1.1646308431791563, 1.3491285749925566, 1.4828028003408926, 1.5799937054465394], [1.6256599420770854, 1.6348428582957673, 1.593202269231833, 1.5135015613823706, 1.384941962347719, 1.21548095226399, 1.0]]
2015-02-17 17:55:06,292 - INFO - differential_equation - B           : [[0.0, 0.35878195699538795, 0.6718972676334997, 0.9433166627866217, 1.1668670798991385, 1.3509257305873923, 1.4855913425737812, 1.581988398536951], [1.628448485035845, 1.6366400154518934, 1.595438507582832, 1.5147452331555291, 1.3861829812073054, 1.2159248136666503, 1.0]]
2015-02-17 17:55:06,298 - INFO - psim - pid for 2 is 6381
2015-02-17 17:55:06,298 - INFO - psim - pid for 0 is 6368
2015-02-17 17:55:06,299 - INFO - differential_equation - ****RUN_PARALLEL()****
2015-02-17 17:55:06,299 - INFO - differential_equation - # processes       : 4
2015-02-17 17:55:06,299 - INFO - differential_equation - input data       : 15
2015-02-17 17:55:06,299 - INFO - psim - pid for 3 is 6382
2015-02-17 17:55:06,300 - INFO - differential_equation - A           : [0.588444463598629, 0.5898015797751317, 0.24804854356541695, 0.3870392164269514, 0.800710954762766, 0.361084288381598, 0.5832823454397256, 0.870183409596729, 0.9432837775463406, 0.2301116510184219, 0.15602432332542437, 0.8330248507708906, 0.008620860533152586, 0.44503077141913205, 0.06380270049451409]
2015-02-17 17:55:06,301 - INFO - psim - pid for 1 is 6380
2015-02-17 17:55:06,302 - INFO - differential_equation - B           : [[0.0, 0.4404687258042452, 0.5106426203232638, 0.5466019713863137], [0.3962839746264969, 0.714218872323468, 0.6378560712113858, 0.7855052837152553], [0.5723697525297977, 0.5718762726581047, 0.5537904731168785, 0.1045448141515107], [0.6612500333172336, 0.058434002736055556, 1.0]]
2015-02-17 17:55:06,306 - INFO - differential_equation - B           : [[0.0, 0.24301644528843702, 0.3805830577957717, 0.5926556097396068], [0.6108696869800612, 0.7644884478773345, 0.7347364883182583, 0.7918379312372591], [0.80915811159816, 0.7621641982190752, 0.8838625061734297, 0.7966112217743175], [0.9682988598809618, 0.9336578935885588, 1.0]]
2015-02-17 17:55:06,309 - INFO - differential_equation - B           : [[0.0, 0.24521209981735703, 0.422499154595188, 0.6111407100090648], [0.705651185602374, 0.8330469249316602, 0.8888381239185991, 0.9516730818647989], [1.0072085458166342, 1.0155576463652112, 1.0791854230791404, 1.0538029031462897], [1.0926324399317164, 1.045022246128147, 1.0]]
2015-02-17 17:55:06,312 - INFO - differential_equation - B           : [[0.0, 0.2598895659112939, 0.470267546998472, 0.66079118787211], [0.7992639196321162, 0.9283773664630185, 1.019457005528055, 1.0929509134204283], [1.1536805423321177, 1.1777025755456128, 1.208435669201461, 1.1868426692118494], [1.1689957843356338, 1.0968374848066846, 1.0]]
2015-02-17 17:55:06,316 - INFO - differential_equation - B           : [[0.0, 0.2782214486570043, 0.5131711012382077, 0.7156305490439346], [0.8793341801199258, 1.0167930980093196, 1.1243053245699124, 1.2040243754282685], [1.2641195217590675, 1.2896819111387874, 1.3010681705769394, 1.2710660119476649], [1.2219736146205165, 1.128246700836979, 1.0]]
2015-02-17 17:55:06,319 - INFO - differential_equation - B           : [[0.0, 0.29513186855945106, 0.5485683621498909, 0.7642782231093214], [0.9441001044981815, 1.0903973877736033, 1.2068394673278449, 1.2903162472519354], [1.3486241229097304, 1.3715913310489123, 1.3702616760256459, 1.3300700196631492], [1.2609215211229405, 1.1497661248646616, 1.0]]
2015-02-17 17:55:06,322 - INFO - differential_equation - B           : [[0.0, 0.30921903099582193, 0.5767779882023768, 0.8041992000817496], [0.9952790854890693, 1.1492565397972625, 1.271284072456683, 1.3572684204947754], [1.4137632168830545, 1.433377629593212, 1.423001159296218, 1.3736410886949724], [1.2903825728514298, 1.1654777311074231, 1.0]]
2015-02-17 17:55:06,325 - INFO - differential_equation - B           : [[0.0, 0.3204904753034884, 0.5989265087940342, 0.8359398559452752], [1.0353117053246568, 1.1955366125551539, 1.3214244439295897, 1.4092078762122973], [1.464148361138165, 1.4806893759396114, 1.463583778581061, 1.4066682204815142], [1.312972158756216, 1.1773217110630552, 1.0]]
2015-02-17 17:55:06,329 - INFO - differential_equation - B           : [[0.0, 0.3293554938039753, 0.6162016943203706, 0.8608350702195059], [1.0664836472906256, 1.2316570224870422, 1.3603729447200754, 1.449500289720393], [1.5031831321615636, 1.5171733995052181, 1.494949568000794, 1.4320168535406297], [1.3304027978707165, 1.1863885199065152, 1.0]]
2015-02-17 17:55:06,334 - INFO - differential_equation - B           : [[0.0, 0.3362752888474574, 0.6296359213312651, 0.8802436389827261], [1.0907064907190065, 1.259754602142424, 1.3906057310914686, 1.4807573708026398], [1.5334463244997403, 1.5453991348835594, 1.5192407330163689, 1.4515852298764802], [1.3438918145405516, 1.1933794360106273, 1.0]]
2015-02-17 17:55:06,336 - INFO - differential_equation - B           : [[0.0, 0.3416584127608258, 0.6400691974657179, 0.8953337724194952], [1.1095119629759083, 1.2815785878134482, 1.4140654267356871, 1.5050052340319007], [1.556916736735126, 1.5672682890735947, 1.5380702852350447, 1.466731687535186], [1.3543444013050276, 1.1987876265609352, 1.0]]
2015-02-17 17:55:06,339 - INFO - differential_equation - B           : [[0.0, 0.34583970787546514, 0.6481669593214883, 0.9070519524368684], [1.1241055141709553, 1.2985182318318342, 1.4322666904389436, 1.5238156551756372], [1.5751217775038207, 1.5842238527486487, 1.552672323419093, 1.478469719039723], [1.3624489691975412, 1.2029777564185027, 1.0]]
2015-02-17 17:55:06,343 - INFO - differential_equation - B           : [[0.0, 0.34908524180355915, 0.654450285750256, 0.9161466004387983], [1.1354283427830987, 1.311662628758886, 1.446387226169317, 1.5384079489148743], [1.589243644461923, 1.5973738605629733, 1.563998143272791, 1.4875713637036405], [1.3687346944157888, 1.2062264041541169, 1.0]]
2015-02-17 17:55:06,346 - INFO - differential_equation - B           : [[0.0, 0.3516036426927667, 0.6593251205255038, 0.9232033074469298], [1.1442127261162085, 1.321860658774646, 1.4573415957439309, 1.5497280057541734], [1.6001984832281078, 1.6075738681374612, 1.5727835808697912, 1.4946305366871706], [1.3736103746450339, 1.2087459025056222, 1.0]]
2015-02-17 17:55:06,349 - INFO - differential_equation - B           : [[0.0, 0.35355753912810856, 0.6631069809311824, 0.9286781109301129], [1.1510274857760936, 1.329772258498168, 1.4658396110342877, 1.5585096057638297], [1.60869666388516, 1.6154861648520884, 1.579598712105268, 1.500106209304046], [1.377392533031201, 1.2107001857418458, 1.0]]
2015-02-17 17:55:06,352 - INFO - differential_equation - B           : [[0.0, 0.355073367532817, 0.6660408442310076, 0.9329254055664569], [1.15631415390951, 1.3359098755729333, 1.4724320308799326, 1.5653219831064629], [1.615289142014341, 1.6216240275815563, 1.5848855112006013, 1.5043538102667935], [1.3803265013543293, 1.212216150474629, 1.0]]
2015-02-17 17:55:06,355 - INFO - differential_equation - B           : [[0.0, 0.3562493090986336, 0.6683168279981677, 0.9362203339473746], [1.160415345216659, 1.340671219751445, 1.4775461512986365, 1.5706067244983934], [1.6204032829750932, 1.6263854583411337, 1.588986748665313, 1.5076488466125344], [1.382602522136981, 1.2133921400893122, 1.0]]
2015-02-17 17:55:06,358 - INFO - differential_equation - B           : [[0.0, 0.357161562785484, 0.670082443492997, 0.9387764166762502], [1.1635968780237387, 1.344364878548292, 1.4815134643406829, 1.5747063934061618], [1.6243706032571896, 1.6300791476535006, 1.5921682977406382, 1.510204967393641], [1.38436815067793, 1.2143044107109986, 1.0]]
2015-02-17 17:55:06,361 - INFO - differential_equation - B           : [[0.0, 0.35786925247940427, 0.6714521327555135, 0.9407593207910715], [1.1660649740680729, 1.3472302623267667, 1.4845911320670377, 1.577886735433681], [1.6274482735353022, 1.6329445421871784, 1.5946363995187203, 1.5121878849199812], [1.3857378445385553, 1.2150121063736061, 1.0]]
2015-02-17 17:55:06,364 - INFO - differential_equation - B           : [[0.0, 0.3584182481436199, 0.6725146781497956, 0.9422975730431534], [1.1679796151597193, 1.3494531027543784, 1.4869786512670622, 1.5803539042806176], [1.6298357936346943, 1.6351673864054646, 1.596551042631227, 1.5137261418989567], [1.3868003915534417, 1.2155611041414873, 1.0]]
2015-02-17 17:55:06,370 - INFO - psim - pid for 1 is 6383
2015-02-17 17:55:06,371 - INFO - psim - pid for 3 is 6385
2015-02-17 17:55:06,373 - INFO - psim - pid for 4 is 6386
2015-02-17 17:55:06,374 - INFO - psim - pid for 5 is 6387
2015-02-17 17:55:06,374 - INFO - psim - pid for 0 is 6368
2015-02-17 17:55:06,375 - INFO - differential_equation - ****RUN_PARALLEL()****
2015-02-17 17:55:06,375 - INFO - differential_equation - # processes       : 8
2015-02-17 17:55:06,375 - INFO - differential_equation - input data       : 15
2015-02-17 17:55:06,375 - INFO - differential_equation - A           : [0.4367727468776882, 0.22396839684612646, 0.9635479692184684, 0.575560186719715, 0.14944729826479752, 0.3119447423595524, 0.9974398096090968, 0.7817296018050423, 0.3563908075635067, 0.8762323212175067, 0.553829537388942, 0.9053201835241463, 0.41643534017227246, 0.01549841288236875, 0.630027189820796]
2015-02-17 17:55:06,375 - INFO - psim - pid for 7 is 6389
2015-02-17 17:55:06,377 - INFO - psim - pid for 6 is 6388
2015-02-17 17:55:06,378 - INFO - psim - pid for 2 is 6384
2015-02-17 17:55:06,381 - INFO - differential_equation - B           : [[0.0, 0.7223825802703006], [0.4219865140051429, 0.5787198559638552], [0.4659746867618559, 0.5956657761591694], [0.5690593943045196, 0.699137530808524], [0.8512031837334967, 0.47733239469844657], [0.9129984745930487, 0.5073546610028294], [0.48263152042547974, 0.5454534872187565], [1.0]]
2015-02-17 17:55:06,387 - INFO - differential_equation - B           : [[0.0, 0.24532948521100487], [0.3883085065100487, 0.5909885302723672], [0.6457296244826841, 0.7555406098561476], [0.814108744884124, 0.8037070997965496], [0.9221533998614048, 0.8256181505478316], [0.9910171825462352, 0.8877196759605298], [1.0307447106674819, 0.9781492826366848], [1.0]]
2015-02-17 17:55:06,395 - INFO - differential_equation - B           : [[0.0, 0.24555744903398538], [0.4436010905703442, 0.6143603930006027], [0.7498947979773615, 0.844962410648595], [0.9547292607211787, 0.9777658485513837], [1.0842890826460732, 1.0534971685024723], [1.1485424882858564, 1.0894961512805483], [1.1338449006025453, 1.0598275868697042], [1.0]]
2015-02-17 17:55:06,400 - INFO - differential_equation - B           : [[0.0, 0.26231957894499214], [0.49122458154154863, 0.6688621922725947], [0.8390518866076336, 0.943447964703131], [1.0726755633858613, 1.1146363058099857], [1.2108369387964342, 1.2019498444974732], [1.2570716226399377, 1.2063569912138825], [1.1970480965406476, 1.1043603233730888], [1.0]]
2015-02-17 17:55:06,406 - INFO - differential_equation - B           : [[0.0, 0.28110765401605775], [0.5309588724940916, 0.7242026912194556], [0.9120853382278008, 1.030453866299468], [1.1664005344184798, 1.2209701514442706], [1.3076025717857256, 1.3065770393670582], [1.3369377749805005, 1.2836713367406045], [1.242262183360289, 1.1329278419439688], [1.0]]
2015-02-17 17:55:06,412 - INFO - differential_equation - B           : [[0.0, 0.2977442071161363], [0.5628990640940966, 0.771772273964683], [0.9701681174536833, 1.101681708978934], [1.2397868597332233, 1.3034725456117586], [1.3820606594964884, 1.3840156036379905], [1.3974287859597643, 1.3389855666587516], [1.2761336303893878, 1.1530110887243543], [1.0]]
2015-02-17 17:55:06,419 - INFO - differential_equation - B           : [[0.0, 0.3113789053411874], [0.5880818737270931, 0.8103128089131665], [1.0157342177145186, 1.1582518912046387], [1.2969465660999981, 1.3674753927724503], [1.4395981095204937, 1.4427747571753997], [1.4438436685449854, 1.380255704221776], [1.3019971106289492, 1.1678605744083894], [1.0]]
2015-02-17 17:55:06,425 - INFO - differential_equation - B           : [[0.0, 0.322213154665179], [0.607761331951787, 0.8407884940717129], [1.0512618905708013, 1.2025998628696328], [1.341368747315213, 1.4171260709564695], [1.484153426595579, 1.4878942323749444], [1.4796704949631974, 1.4116934385524202], [1.3219164713840308, 1.1791229758930681], [1.0]]
2015-02-17 17:55:06,431 - INFO - differential_equation - B           : [[0.0, 0.33070850110884953], [0.6230785350932527, 0.8646337972285939], [1.0788859942403868, 1.237166352830329], [1.3758577134549497, 1.4556428819344416], [1.5186893165049757, 1.5227326389638698], [1.5074000353861405, 1.4358778161986177], [1.3373182282367573, 1.1877692246808267], [1.0]]
2015-02-17 17:55:06,438 - INFO - differential_equation - B           : [[0.0, 0.3373307540414484], [0.6349788383282348, 0.8832036954255412], [1.1003378684652634, 1.2640390607639227], [1.4026226631746417, 1.4855225230384803], [1.5454708045199, 1.549701183986186], [1.5288890708230845, 1.4545672212904812], [1.3492483324500046, 1.1944446631851675], [1.0]]
2015-02-17 17:55:06,443 - INFO - differential_equation - B           : [[0.0, 0.3424792621516515], [0.6442168751197658, 0.8976346959960767], [1.1169871499947495, 1.2849060046221896], [1.423389229306634, 1.5087018286738516], [1.566243199578493, 1.5706019056521383], [1.5455514498317542, 1.4690403420982587], [1.358496872604337, 1.1996119165644297], [1.0]]
2015-02-17 17:55:06,449 - INFO - differential_equation - B           : [[0.0, 0.3464772147828879], [0.6513855590027594, 0.9088385435807512], [1.12990569920011, 1.3011008069961183], [1.439500247629025, 1.5266833099984123], [1.5823562723076317, 1.5868086130234667], [1.558474615247174, 1.480259034971873], [1.3656692584003736, 1.2036164759707857], [1.0]]
2015-02-17 17:55:06,455 - INFO - differential_equation - B           : [[0.0, 0.3495800481586227], [0.6569474907868756, 0.9175331356306531], [1.1399283160037448, 1.3136665389656699], [1.4519988987289152, 1.5406325488423043], [1.594855647483732, 1.5993785409125523], [1.5684988590352853, 1.4889588592478527], [1.3712324949247372, 1.2067216379061874], [1.0]]
2015-02-17 17:55:06,461 - INFO - differential_equation - B           : [[0.0, 0.3519875820637032], [0.661262467907232, 0.9242791234570039], [1.147703763706456, 1.323415366789169], [1.461694953351973, 1.5514537521017222], [1.604551957307645, 1.609128847589019], [1.5762748801691127, 1.4957066911736914], [1.3755479319011443, 1.2091299925127486], [1.0]]
2015-02-17 17:55:06,467 - INFO - differential_equation - B           : [[0.0, 0.3538554142133526], [0.6646099338642025, 0.9295127531038676], [1.1537357339064462, 1.3309783897438812], [1.469216778199785, 1.5598483635419416], [1.612073872101067, 1.616692391765857], [1.582307052475054, 1.5009409707739152], [1.3788955599345034, 1.2109981139188555], [1.0]]
2015-02-17 17:55:06,474 - INFO - differential_equation - B           : [[0.0, 0.3553044571017373], [0.6672067843764886, 0.9335729093422113], [1.158415112689456, 1.3368455591584913], [1.4750518966621993, 1.566360532248402], [1.6179090222648358, 1.622559744885346], [1.5869865024903604, 1.5050013560884954], [1.3814924675706566, 1.2124472587557564], [1.0]]
2015-02-17 17:55:06,486 - INFO - differential_equation - B           : [[0.0, 0.35642858213784556], [0.6692213183732455, 0.9367226476709635], [1.1620451831048493, 1.341397088877972], [1.4795785304969142, 1.5714123850427106], [1.6224356672727016, 1.6271113393516607], [1.590616598011596, 1.5081511751552288], [1.3835070217007355, 1.2135714197236467], [1.0]]
2015-02-17 17:55:06,493 - INFO - differential_equation - B           : [[0.0, 0.3573006362854332], [0.6707841091131078, 0.9391660926087954], [1.1648612366811635, 1.3449279782652033], [1.483090095417551, 1.5753313892647665], [1.6259472361313185, 1.6306422515589307], [1.593432660436471, 1.5105946485491837], [1.3850698195365925, 1.2144434865354004], [1.0]]
2015-02-17 17:55:06,499 - INFO - differential_equation - B           : [[0.0, 0.3579771400487899], [0.6719964546315526, 0.941061615270283], [1.1670458085136541, 1.3476670910975943], [1.4858142131860153, 1.5783715796103357], [1.6286713552877248, 1.6333813724342505], [1.595617235387639, 1.5124901812400398], [1.3862821675560224, 1.215119994762246], [1.0]]
2015-02-17 17:55:06,505 - INFO - differential_equation - B           : [[0.0, 0.35850194272719593], [0.6729369392562984, 0.9425320801352787], [1.168740503493518, 1.3497919755294472], [1.4879274637011644, 1.580730024973899], [1.6307846062920544, 1.635506259700836], [1.5973119314666817, 1.513960649639889], [1.3872226530622411, 1.2156447990138097], [1.0]]
2015-02-17 17:55:06,514 - INFO - psim - pid for 1 is 6390
2015-02-17 17:55:06,515 - INFO - psim - pid for 3 is 6392
2015-02-17 17:55:06,517 - INFO - psim - pid for 5 is 6394
2015-02-17 17:55:06,518 - INFO - psim - pid for 6 is 6395
2015-02-17 17:55:06,521 - INFO - psim - pid for 8 is 6397
2015-02-17 17:55:06,522 - INFO - psim - pid for 4 is 6393
2015-02-17 17:55:06,522 - INFO - psim - pid for 11 is 6400
2015-02-17 17:55:06,519 - INFO - psim - pid for 10 is 6399
2015-02-17 17:55:06,523 - INFO - psim - pid for 2 is 6391
2015-02-17 17:55:06,519 - INFO - psim - pid for 7 is 6396
2015-02-17 17:55:06,524 - INFO - psim - pid for 9 is 6398
2015-02-17 17:55:06,524 - INFO - psim - pid for 13 is 6402
2015-02-17 17:55:06,525 - INFO - psim - pid for 14 is 6403
2015-02-17 17:55:06,525 - INFO - psim - pid for 12 is 6401
2015-02-17 17:55:06,527 - INFO - psim - pid for 0 is 6368
2015-02-17 17:55:06,527 - INFO - psim - pid for 15 is 6404
2015-02-17 17:55:06,527 - INFO - differential_equation - ****RUN_PARALLEL()****
2015-02-17 17:55:06,527 - INFO - differential_equation - # processes       : 16
2015-02-17 17:55:06,527 - INFO - differential_equation - input data       : 15
2015-02-17 17:55:06,528 - INFO - differential_equation - A           : [0.5632994981081069, 0.9804252852094629, 0.19799928999406446, 0.14128440265000775, 0.30391605617474826, 0.21220396449070822, 0.6047427864105238, 0.26081768195805477, 0.3233639653902374, 0.7934271924530937, 0.32678980862629736, 0.9242427904613227, 0.2990096858471837, 0.6876304266095712, 0.5265256101414912]
2015-02-17 17:55:06,538 - INFO - differential_equation - B           : [[0.0], [0.40287161627330786], [0.5830770661519576], [0.27317989530662856], [0.1989664057925802], [0.47655164351485824], [0.2587330454466037], [0.4862755981226028], [0.5493446594277965], [0.34729910923048957], [0.8810572136794305], [0.3351219694589627], [0.8281588307576692], [0.43498987021655966], [0.3660374355270078], []]
2015-02-17 17:55:06,550 - INFO - differential_equation - B           : [[0.0], [0.1880596445858972], [0.31976947113975907], [0.44563653465443614], [0.5112244106930427], [0.5743500129782441], [0.6421837247923226], [0.613326705930089], [0.7472829224951262], [0.5914589724139043], [0.7772158024898991], [0.5070657907916393], [0.6358444979243852], [0.3249309475295859], [0.2661974896733508], []]
2015-02-17 17:55:06,559 - INFO - differential_equation - B           : [[0.0], [0.2082257029876851], [0.38463675446517814], [0.5077857297216147], [0.6375121263009711], [0.677420930637422], [0.7910909710610635], [0.742841056572998], [0.8528532460314996], [0.7180232699586563], [0.8035679453822533], [0.6004612086715536], [0.6105576444754954], [0.37126027053046273], [0.24803487229669496], []]
2015-02-17 17:55:06,571 - INFO - differential_equation - B           : [[0.0], [0.22769464556741567], [0.43411241889379154], [0.5638227383004455], [0.7214668113582318], [0.7622499444079395], [0.8839472336740585], [0.8426540625979234], [0.9288025159784382], [0.8147564759215739], [0.8490416547606247], [0.6761638834663025], [0.6291053528475444], [0.4125095645892239], [0.2520379760393772], []]
2015-02-17 17:55:06,582 - INFO - differential_equation - B           : [[0.0], [0.24396706659531178], [0.46771842700538874], [0.6100597367275947], [0.7793156265963341], [0.8309486594008901], [0.9510033831538219], [0.9222732526247098], [0.9901182264411467], [0.8914880658319086], [0.894733540681876], [0.7364354911199226], [0.6558630816578974], [0.445588275745661], [0.26065695827645924], []]
2015-02-17 17:55:06,593 - INFO - differential_equation - B           : [[0.0], [0.25718454973385724], [0.49168209094696463], [0.6474998925013896], [0.8215513260686258], [0.8863022129913151], [1.0021031947654016], [0.986105473010027], [1.0399570963269158], [0.9527798405462358], [0.9350938206600564], [0.7844872548576615], [0.6816239467765254], [0.4719438895495371], [0.2694504038992462], []]
2015-02-17 17:55:06,604 - INFO - differential_equation - B           : [[0.0], [0.2678389152420556], [0.5096267660156797], [0.6776477770569642], [0.8536979896736981], [0.9307931789036387], [1.0420330707065506], [1.0373018476037061], [1.0802520310350032], [1.001840798004692], [0.9689614914657475], [0.8228911410062459], [0.7039604730253876], [0.492988001508567], [0.27722512853320663], []]
2015-02-17 17:55:06,615 - INFO - differential_equation - B           : [[0.0], [0.2764028224870006], [0.5234931462099135], [0.701869352073497], [0.8787724871237127], [0.9665090542202271], [1.07363079402342], [1.0783587798540952], [1.1127023588521028], [1.0411448258062586], [0.9967259084424072], [0.8536309365710647], [0.7225427711410543], [0.5098228328946404], [0.2837473349485477], []]
2015-02-17 17:55:06,626 - INFO - differential_equation - B           : [[0.0], [0.28327761270092866], [0.5343988539458329], [0.7213092756278779], [0.8985924955004229], [0.995162736812208], [1.09879651689061], [1.1112807904119237], [1.1387786900966335], [1.0726447970787496], [1.0192335310910727], [0.8782560785951069], [0.7377131965285971], [0.5233048567389067], [0.28909292699347355], []]
2015-02-17 17:55:06,635 - INFO - differential_equation - B           : [[0.0], [0.28879299918166923], [0.5430567538924373], [0.7369034975235175], [0.914368445204805], [1.0181434386743908], [1.1189053992287454], [1.137678064459388], [1.159709614432793], [1.0978951914797417], [1.0373793235963644], [0.8979910818269516], [0.7499861971219796], [0.5341079013047297], [0.2934258449203834], []]
2015-02-17 17:55:06,647 - INFO - differential_equation - B           : [[0.0], [0.2932164093251891], [0.5499635343102177], [0.7494095771374606], [0.9269704219970497], [1.0365714025433062], [1.1350003712315049], [1.1588430337527007], [1.1765008990129322], [1.1181379065225208], [1.0519684052461258], [0.9138103861630897], [0.7598706984261981], [0.5427667900729504], [0.29691883836447003], []]
2015-02-17 17:55:06,658 - INFO - differential_equation - B           : [[0.0], [0.2967634848588204], [0.5554870303507439], [0.7594377642680709], [0.9370553313052292], [1.0513473962485678], [1.1478935265046664], [1.1758125311048409], [1.1899674038570933], [1.1343668714163901], [1.0636817425754514], [0.9264922754556918], [0.7678137068865442], [0.5497081001850427], [0.29972708411728777], []]
2015-02-17 17:55:06,670 - INFO - differential_equation - B           : [[0.0], [0.2996076142755435], [0.5599098440110403], [0.7674784909119015], [0.9451333717767451], [1.0631946724806645], [1.1582262236023104], [1.1894180984005644], [1.2007658923513758], [1.1473782619603354], [1.0730796608591602], [0.9366595365747903], [0.7741893816792981], [0.5552729408237912], [0.30198174071793343], []]
2015-02-17 17:55:06,681 - INFO - differential_equation - B           : [[0.0], [0.3018880138675545], [0.5634535677542809], [0.7739254341186353], [0.9516069265502534], [1.072693532366796], [1.1665087330580821], [1.2003265342444012], [1.2094243252318826], [1.1578101297385626], [1.0806172173886017], [0.9448110047600305], [0.7793040908116117], [0.5597344334593153], [0.30379069539713593], []]
2015-02-17 17:55:06,693 - INFO - differential_equation - B           : [[0.0], [0.30371638271096657], [0.5662938464974846], [0.7790944177848717], [0.9567959081758078], [1.08030941039165], [1.1731485720559145], [1.209072491986272], [1.216366564646749], [1.1661739212179658], [1.0866616112930274], [0.9513464273959046], [0.7834060514826797], [0.5633114075347605], [0.3052415527690461], []]
2015-02-17 17:55:06,703 - INFO - differential_equation - B           : [[0.0], [0.305182309410346], [0.5685706877924557], [0.783238733417761], [0.9609557156134306], [1.0864155428559388], [1.1784718247328143], [1.2160846516427872], [1.2219326746366534], [1.1728796458325683], [1.0915082003795133], [0.9565862253111134], [0.7866953201775416], [0.5661792515583634], [0.3064049980082792], []]
2015-02-17 17:55:06,715 - INFO - differential_equation - B           : [[0.0], [0.3063576357488034], [0.5703960130578056], [0.7865614908999566], [0.9642906744639336], [1.09131120370126], [1.1827396702974322], [1.2217067181483192], [1.2263953972492725], [1.178256013193029], [1.0953941761210888], [0.9607872663331153], [0.789332717524802], [0.568478560581697], [0.3073378847223887], []]
2015-02-17 17:55:06,725 - INFO - differential_equation - B           : [[0.0], [0.3072999669186976], [0.5718594223421665], [0.7892255480317557], [0.9669644253581539], [1.095236350019267], [1.1861614056098542], [1.226214262840216], [1.229973443407216], [1.182566561466805], [1.098509865087374], [0.9641554834369968], [0.7914473543983838], [0.5703220481417947], [0.3080858691405898], []]
2015-02-17 17:55:06,736 - INFO - differential_equation - B           : [[0.0], [0.30805549059119003], [0.5730326990657352], [0.7913614826454557], [0.9691080960849187], [1.0983833742510531], [1.1889047934468653], [1.2298282286814006], [1.232842181775128], [1.186022581648673], [1.1010079265623363], [0.9668559799463722], [0.7931428160427271], [0.571800079369279], [0.30868558625083614], []]
2015-02-17 17:55:06,747 - INFO - differential_equation - B           : [[0.0], [0.3086612390379178], [0.5739733742845637], [0.7930739887797561], [0.9708267901642913], [1.1009065306807648], [1.1911043217853985], [1.2327257591711933], [1.235142221933148], [1.1887934769577015], [1.1030107821189725], [0.9690211268086731], [0.7945021809819184], [0.5729851037247712], [0.3091664205099965], []]
2015-02-17 17:55:07,096 - INFO - differential_equation - log_payload: {'log_owner': '1', 'simulation': 4}
2015-02-17 17:55:07,096 - INFO - differential_equation - plot_payload: {'plot_owner': '1', 'simulation': 4}
2015-02-17 17:55:07,096 - INFO - differential_equation - main: END
