2015-02-16 12:09:38,886 - INFO - merge_sort - ****SYSTEM INFORMATION****
2015-02-16 12:09:38,886 - INFO - merge_sort - Python version    : 2.7.3
2015-02-16 12:09:38,887 - INFO - merge_sort - compiler          : GCC 4.7.2
2015-02-16 12:09:38,887 - INFO - merge_sort - system            : Linux
2015-02-16 12:09:38,887 - INFO - merge_sort - release           : 3.2.0-4-686-pae
2015-02-16 12:09:38,887 - INFO - merge_sort - machine           : i686
2015-02-16 12:09:38,887 - INFO - merge_sort - cpu's             : 2
2015-02-16 12:09:38,887 - INFO - merge_sort - interpreter       : 32bit
2015-02-16 12:09:38,887 - INFO - merge_sort - node              : crunchbang
2015-02-16 12:09:38,887 - INFO - merge_sort - platform          : Linux-3.2.0-4-686-pae-i686-with-debian-7.8
2015-02-16 12:09:38,887 - INFO - merge_sort - main: START
2015-02-16 12:09:38,890 - INFO - merge_sort - ****RUN_SERIAL()****
2015-02-16 12:09:38,890 - INFO - merge_sort - input data       : [0, 9, 3, 4, 2, 6, 1, 1, 4, 6, 11, 142, 0, 6465, 74376, 879986]
2015-02-16 12:09:38,890 - INFO - merge_sort - result            : [0, 0, 1, 1, 2, 3, 4, 4, 6, 6, 9, 11, 142, 6465, 74376, 879986]
2015-02-16 12:09:38,891 - INFO - psim - pid for 0 is 10008
2015-02-16 12:09:38,891 - INFO - merge_sort - 0 scattering to all [0, 9, 3, 4, 2, 6, 1, 1, 4, 6, 11, 142, 0, 6465, 74376, 879986]
2015-02-16 12:09:38,891 - INFO - psim - pid for 1 is 10018
2015-02-16 12:09:38,892 - INFO - merge_sort - 1 scattering to all [0, 9, 3, 4, 2, 6, 1, 1, 4, 6, 11, 142, 0, 6465, 74376, 879986]
2015-02-16 12:09:38,892 - INFO - merge_sort - ****RUN_PARALLEL()****
2015-02-16 12:09:38,893 - INFO - merge_sort - # processes       : 2
2015-02-16 12:09:38,893 - INFO - merge_sort - input data       : [0, 9, 3, 4, 2, 6, 1, 1, 4, 6, 11, 142, 0, 6465, 74376, 879986]
2015-02-16 12:09:38,893 - INFO - merge_sort - result           : [0, 0, 1, 1, 2, 3, 4, 4, 6, 6, 9, 11, 142, 6465, 74376, 879986]
2015-02-16 12:09:38,894 - INFO - psim - pid for 1 is 10019
2015-02-16 12:09:38,895 - INFO - merge_sort - 1 scattering to all [0, 9, 3, 4, 2, 6, 1, 1, 4, 6, 11, 142, 0, 6465, 74376, 879986]
2015-02-16 12:09:38,895 - INFO - psim - pid for 0 is 10008
2015-02-16 12:09:38,895 - INFO - merge_sort - 0 scattering to all [0, 9, 3, 4, 2, 6, 1, 1, 4, 6, 11, 142, 0, 6465, 74376, 879986]
2015-02-16 12:09:38,896 - INFO - psim - pid for 3 is 10021
2015-02-16 12:09:38,898 - INFO - merge_sort - 3 scattering to all [0, 9, 3, 4, 2, 6, 1, 1, 4, 6, 11, 142, 0, 6465, 74376, 879986]
2015-02-16 12:09:38,902 - INFO - psim - pid for 2 is 10020
2015-02-16 12:09:38,902 - INFO - merge_sort - 2 scattering to all [0, 9, 3, 4, 2, 6, 1, 1, 4, 6, 11, 142, 0, 6465, 74376, 879986]
2015-02-16 12:09:38,904 - INFO - merge_sort - ****RUN_PARALLEL()****
2015-02-16 12:09:38,904 - INFO - merge_sort - # processes       : 4
2015-02-16 12:09:38,904 - INFO - merge_sort - input data       : [0, 9, 3, 4, 2, 6, 1, 1, 4, 6, 11, 142, 0, 6465, 74376, 879986]
2015-02-16 12:09:38,904 - INFO - merge_sort - result           : [0, 0, 1, 1, 2, 3, 4, 4, 6, 6, 9, 11, 142, 6465, 74376, 879986]
2015-02-16 12:09:38,908 - INFO - psim - pid for 0 is 10008
2015-02-16 12:09:38,909 - INFO - merge_sort - 0 scattering to all [0, 9, 3, 4, 2, 6, 1, 1, 4, 6, 11, 142, 0, 6465, 74376, 879986]
2015-02-16 12:09:38,909 - INFO - psim - pid for 3 is 10024
2015-02-16 12:09:38,909 - INFO - merge_sort - 3 scattering to all [0, 9, 3, 4, 2, 6, 1, 1, 4, 6, 11, 142, 0, 6465, 74376, 879986]
2015-02-16 12:09:38,910 - INFO - psim - pid for 1 is 10022
2015-02-16 12:09:38,910 - INFO - merge_sort - 1 scattering to all [0, 9, 3, 4, 2, 6, 1, 1, 4, 6, 11, 142, 0, 6465, 74376, 879986]
2015-02-16 12:09:38,910 - INFO - psim - pid for 5 is 10026
2015-02-16 12:09:38,911 - INFO - merge_sort - 5 scattering to all [0, 9, 3, 4, 2, 6, 1, 1, 4, 6, 11, 142, 0, 6465, 74376, 879986]
2015-02-16 12:09:38,908 - INFO - psim - pid for 4 is 10025
2015-02-16 12:09:38,911 - INFO - psim - pid for 6 is 10027
2015-02-16 12:09:38,912 - INFO - merge_sort - 4 scattering to all [0, 9, 3, 4, 2, 6, 1, 1, 4, 6, 11, 142, 0, 6465, 74376, 879986]
2015-02-16 12:09:38,912 - INFO - merge_sort - 6 scattering to all [0, 9, 3, 4, 2, 6, 1, 1, 4, 6, 11, 142, 0, 6465, 74376, 879986]
2015-02-16 12:09:38,914 - INFO - psim - pid for 7 is 10028
2015-02-16 12:09:38,914 - INFO - merge_sort - 2 scattering to all [0, 9, 3, 4, 2, 6, 1, 1, 4, 6, 11, 142, 0, 6465, 74376, 879986]
2015-02-16 12:09:38,914 - INFO - merge_sort - 7 scattering to all [0, 9, 3, 4, 2, 6, 1, 1, 4, 6, 11, 142, 0, 6465, 74376, 879986]
2015-02-16 12:09:38,917 - INFO - merge_sort - ****RUN_PARALLEL()****
2015-02-16 12:09:38,917 - INFO - merge_sort - # processes       : 8
2015-02-16 12:09:38,918 - INFO - merge_sort - input data       : [0, 9, 3, 4, 2, 6, 1, 1, 4, 6, 11, 142, 0, 6465, 74376, 879986]
2015-02-16 12:09:38,918 - INFO - merge_sort - result           : [0, 0, 1, 1, 2, 3, 4, 4, 6, 6, 9, 11, 142, 6465, 74376, 879986]
2015-02-16 12:09:38,921 - INFO - psim - pid for 1 is 10029
2015-02-16 12:09:38,922 - INFO - merge_sort - 1 scattering to all [0, 9, 3, 4, 2, 6, 1, 1, 4, 6, 11, 142, 0, 6465, 74376, 879986]
2015-02-16 12:09:38,923 - INFO - psim - pid for 2 is 10030
2015-02-16 12:09:38,924 - INFO - merge_sort - 2 scattering to all [0, 9, 3, 4, 2, 6, 1, 1, 4, 6, 11, 142, 0, 6465, 74376, 879986]
2015-02-16 12:09:38,926 - INFO - psim - pid for 4 is 10032
2015-02-16 12:09:38,927 - INFO - merge_sort - 4 scattering to all [0, 9, 3, 4, 2, 6, 1, 1, 4, 6, 11, 142, 0, 6465, 74376, 879986]
2015-02-16 12:09:38,927 - INFO - psim - pid for 3 is 10031
2015-02-16 12:09:38,928 - INFO - merge_sort - 3 scattering to all [0, 9, 3, 4, 2, 6, 1, 1, 4, 6, 11, 142, 0, 6465, 74376, 879986]
2015-02-16 12:09:38,930 - INFO - psim - pid for 9 is 10037
2015-02-16 12:09:38,930 - INFO - psim - pid for 5 is 10033
2015-02-16 12:09:38,931 - INFO - merge_sort - 5 scattering to all [0, 9, 3, 4, 2, 6, 1, 1, 4, 6, 11, 142, 0, 6465, 74376, 879986]
2015-02-16 12:09:38,931 - INFO - psim - pid for 10 is 10038
2015-02-16 12:09:38,931 - INFO - psim - pid for 6 is 10034
2015-02-16 12:09:38,932 - INFO - merge_sort - 10 scattering to all [0, 9, 3, 4, 2, 6, 1, 1, 4, 6, 11, 142, 0, 6465, 74376, 879986]
2015-02-16 12:09:38,932 - INFO - merge_sort - 6 scattering to all [0, 9, 3, 4, 2, 6, 1, 1, 4, 6, 11, 142, 0, 6465, 74376, 879986]
2015-02-16 12:09:38,932 - INFO - psim - pid for 8 is 10036
2015-02-16 12:09:38,932 - INFO - merge_sort - 8 scattering to all [0, 9, 3, 4, 2, 6, 1, 1, 4, 6, 11, 142, 0, 6465, 74376, 879986]
2015-02-16 12:09:38,932 - INFO - psim - pid for 11 is 10039
2015-02-16 12:09:38,933 - INFO - psim - pid for 7 is 10035
2015-02-16 12:09:38,933 - INFO - merge_sort - 7 scattering to all [0, 9, 3, 4, 2, 6, 1, 1, 4, 6, 11, 142, 0, 6465, 74376, 879986]
2015-02-16 12:09:38,934 - INFO - psim - pid for 12 is 10040
2015-02-16 12:09:38,934 - INFO - psim - pid for 13 is 10041
2015-02-16 12:09:38,934 - INFO - merge_sort - 12 scattering to all [0, 9, 3, 4, 2, 6, 1, 1, 4, 6, 11, 142, 0, 6465, 74376, 879986]
2015-02-16 12:09:38,936 - INFO - merge_sort - 13 scattering to all [0, 9, 3, 4, 2, 6, 1, 1, 4, 6, 11, 142, 0, 6465, 74376, 879986]
2015-02-16 12:09:38,936 - INFO - psim - pid for 14 is 10042
2015-02-16 12:09:38,936 - INFO - psim - pid for 0 is 10008
2015-02-16 12:09:38,936 - INFO - merge_sort - 0 scattering to all [0, 9, 3, 4, 2, 6, 1, 1, 4, 6, 11, 142, 0, 6465, 74376, 879986]
2015-02-16 12:09:38,936 - INFO - merge_sort - 14 scattering to all [0, 9, 3, 4, 2, 6, 1, 1, 4, 6, 11, 142, 0, 6465, 74376, 879986]
2015-02-16 12:09:38,937 - INFO - psim - pid for 15 is 10043
2015-02-16 12:09:38,938 - INFO - merge_sort - 15 scattering to all [0, 9, 3, 4, 2, 6, 1, 1, 4, 6, 11, 142, 0, 6465, 74376, 879986]
2015-02-16 12:09:38,955 - INFO - merge_sort - ****RUN_PARALLEL()****
2015-02-16 12:09:38,955 - INFO - merge_sort - # processes       : 16
2015-02-16 12:09:38,955 - INFO - merge_sort - input data       : [0, 9, 3, 4, 2, 6, 1, 1, 4, 6, 11, 142, 0, 6465, 74376, 879986]
2015-02-16 12:09:38,955 - INFO - merge_sort - result           : [0, 0, 1, 1, 2, 3, 4, 4, 6, 6, 9, 11, 142, 6465, 74376, 879986]
2015-02-16 12:09:39,302 - INFO - merge_sort - log_payload: {'log_owner': '1', 'simulation': 10}
2015-02-16 12:09:39,302 - INFO - merge_sort - plot_payload: {'plot_owner': '1', 'simulation': 10}
2015-02-16 12:09:39,302 - INFO - merge_sort - main: END
