2015-02-17 23:50:03,020 - INFO - log - ****SYSTEM INFORMATION****
2015-02-17 23:50:03,020 - INFO - log - Python version    : 2.7.3
2015-02-17 23:50:03,020 - INFO - log - compiler          : GCC 4.7.2
2015-02-17 23:50:03,020 - INFO - log - system            : Linux
2015-02-17 23:50:03,021 - INFO - log - release           : 3.2.0-4-686-pae
2015-02-17 23:50:03,021 - INFO - log - machine           : i686
2015-02-17 23:50:03,021 - INFO - log - cpu's             : 2
2015-02-17 23:50:03,021 - INFO - log - interpreter       : 32bit
2015-02-17 23:50:03,021 - INFO - log - node              : crunchbang
2015-02-17 23:50:03,021 - INFO - log - platform          : Linux-3.2.0-4-686-pae-i686-with-debian-7.8
2015-02-17 23:50:03,021 - INFO - differential_equation - main: START
2015-02-17 23:50:03,023 - INFO - differential_equation - ****RUN_SERIAL()****
2015-02-17 23:50:03,024 - INFO - differential_equation - input data       : 10
2015-02-17 23:50:03,024 - INFO - differential_equation - A init      : [0.4621962594151956, 0.9763793147135438, 0.8164679890422071, 0.2683035473478177, 0.20728997301869745, 0.06008882561501028, 0.8448928848979965, 0.8017050222360386, 0.5008305327343705, 0.44957435494987674]
2015-02-17 23:50:03,024 - INFO - differential_equation - B           : [0.0, 0.6723414310306808, 0.5618789810304523, 0.21419618648141397, 0.576091428958347, 0.4808969239255244, 0.7228617088161835, 1.0]
2015-02-17 23:50:03,098 - INFO - differential_equation - B           : [0.0, 0.3342197242961124, 0.6389738191263684, 0.7808340422920172, 0.9852694781730029, 1.0119848050653202, 1.0731604899370923, 1.0]
2015-02-17 23:50:03,164 - INFO - differential_equation - B           : [0.0, 0.40383052277220455, 0.7333505192951348, 0.9408471743935609, 1.106103821063545, 1.1439040896702768, 1.128060543161226, 1.0]
2015-02-17 23:50:03,246 - INFO - differential_equation - B           : [0.0, 0.42909565468329874, 0.76725293568472, 0.9976493591612803, 1.1484073941226696, 1.1894878537898184, 1.1468973800399473, 1.0]
2015-02-17 23:50:03,327 - INFO - differential_equation - B           : [0.0, 0.4380068445431451, 0.7792075270960437, 1.0176729046474686, 1.1633147739227079, 1.2055457741460571, 1.153531876751745, 1.0]
2015-02-17 23:50:03,408 - INFO - differential_equation - B           : [0.0, 0.4411476533965592, 0.7834209764386884, 1.024730240598174, 1.1685688615171541, 1.2112053206770887, 1.1558701664951496, 1.0]
2015-02-17 23:50:03,489 - INFO - differential_equation - B           : [0.0, 0.4422546328325985, 0.7849060082395577, 1.027217600835042, 1.170420665903266, 1.2132000287359264, 1.1566942969851335, 1.0]
2015-02-17 23:50:03,578 - INFO - differential_equation - B           : [0.0, 0.44264478803697177, 0.7854294081009836, 1.0280942716217514, 1.1710733348552265, 1.2139030641218649, 1.1569847619947045, 1.0]
2015-02-17 23:50:03,666 - INFO - differential_equation - B           : [0.0, 0.44278229834368343, 0.7856138805228902, 1.0284032544762352, 1.1713033682027938, 1.2141508491325939, 1.1570871364653883, 1.0]
2015-02-17 23:50:03,784 - INFO - differential_equation - B           : [0.0, 0.4428307638882529, 0.7856788978775855, 1.0285121555663657, 1.1713844435179868, 1.21423818102624, 1.1571232183751035, 1.0]
2015-02-17 23:50:03,864 - INFO - differential_equation - B           : [0.0, 0.44284784558246587, 0.7857018132617272, 1.0285505377848594, 1.1714130185346225, 1.2142689611756339, 1.1571359354538828, 1.0]
2015-02-17 23:50:03,938 - INFO - differential_equation - B           : [0.0, 0.4428538660301836, 0.7857098897950284, 1.0285640656080863, 1.171423089806918, 1.2142798096475629, 1.1571404175917175, 1.0]
2015-02-17 23:50:04,028 - INFO - differential_equation - B           : [0.0, 0.4428559879386002, 0.7857127363713619, 1.0285688334930192, 1.1714266394295463, 1.2142836331944105, 1.1571419973224024, 1.0]
2015-02-17 23:50:04,155 - INFO - differential_equation - B           : [0.0, 0.44285673580579205, 0.7857137396479559, 1.0285705139353456, 1.1714278904949957, 1.214284980804525, 1.1571425540989069, 1.0]
2015-02-17 23:50:04,229 - INFO - differential_equation - B           : [0.0, 0.4428569993917849, 0.7857140932530611, 1.0285711062076954, 1.17142833143335, 1.2142854557700722, 1.1571427503349356, 1.0]
2015-02-17 23:50:04,320 - INFO - differential_equation - B           : [0.0, 0.442857092292739, 0.7857142178812757, 1.0285713149542444, 1.1714284868421916, 1.2142856231718069, 1.1571428194983768, 1.0]
2015-02-17 23:50:04,405 - INFO - differential_equation - B           : [0.0, 0.44285712503570523, 0.7857142618065234, 1.0285713885270218, 1.1714285416160795, 1.2142856821725934, 1.15714284387505, 1.0]
2015-02-17 23:50:04,493 - INFO - differential_equation - B           : [0.0, 0.4428571365759724, 0.7857142772879886, 1.028571414457767, 1.1714285609211508, 1.2142857029674365, 1.1571428524666152, 1.0]
2015-02-17 23:50:04,572 - INFO - differential_equation - B           : [0.0, 0.44285714064334275, 0.7857142827444351, 1.0285714235970649, 1.1714285677252285, 1.2142857102965845, 1.1571428554947145, 1.0]
2015-02-17 23:50:04,660 - INFO - differential_equation - B           : [0.0, 0.4428571420768886, 0.7857142846675613, 1.0285714268182131, 1.1714285701233276, 1.2142857128797446, 1.157142856561969, 1.0]
2015-02-17 23:50:04,742 - INFO - differential_equation - A evolved       : [0, 0.0, 0.4428571426299051, 0.7857142851642843, 1.02857142806083, 1.171428570742731, 1.2142857138762462, 1.1571428568376294, 1.0, 0]
2015-02-17 23:50:04,746 - INFO - psim - pid for 1 is 22354
2015-02-17 23:50:04,747 - INFO - differential_equation - ****RUN_PARALLEL()****
2015-02-17 23:50:04,747 - INFO - differential_equation - # processes       : 2
2015-02-17 23:50:04,747 - INFO - differential_equation - input data       : 10
2015-02-17 23:50:04,747 - INFO - differential_equation - A           : [0.821794032490903, 0.9992443318707169, 0.49042755085362366, 0.9399079766230355, 0.8050132034410059, 0.2827353859038957, 0.4364626186767758, 0.22402301132889868, 0.3910066286134878, 0.468359748406324]
2015-02-17 23:50:04,749 - INFO - differential_equation - B           : [[0.0, 0.7061107916722633, 1.0195761542468762, 0.6977203771473148, 0.6613216812634657], [0.6707379110588909, 0.30337919861639717, 0.4637346236451318, 0.3961913798676113, 1.0]]
2015-02-17 23:50:04,752 - INFO - differential_equation - B           : [[0.0, 0.3735584059832469, 0.6444736028649861, 0.8623066480449579, 0.9649369186034804], [1.0941100721624757, 1.0910093102402525, 1.1539492321013562, 1.0871180480166693, 1.0]]
2015-02-17 23:50:04,760 - INFO - differential_equation - B           : [[0.0, 0.42831013738181106, 0.7518233746059639, 1.0220958040460737, 1.1796217267531468], [1.3125957559546593, 1.3300289268121182, 1.317619014633319, 1.1944650071591736, 1.0]]
2015-02-17 23:50:04,763 - INFO - differential_equation - B           : [[0.0, 0.4660365003206203, 0.8292609703400288, 1.1190905974920993, 1.3017581298144945], [1.425452187410523, 1.4409290136233992, 1.3927490204844932, 1.239163826129751, 1.0]]
2015-02-17 23:50:04,766 - INFO - differential_equation - B           : [[0.0, 0.48686920658204796, 0.8722122774195681, 1.1719430344113522, 1.3678065723263535], [1.4857317695027852, 1.4992542614959659, 1.4321958962541304, 1.262260961573441, 1.0]]
2015-02-17 23:50:04,769 - INFO - differential_equation - B           : [[0.0, 0.49809367476446986, 0.8953668869626843, 1.2003714956428604, 1.403298417832603], [1.5180718102281405, 1.5304821921903828, 1.453311468797004, 1.2745981975365852, 1.0]]
2015-02-17 23:50:04,772 - INFO - differential_equation - B           : [[0.0, 0.5041224068888418, 0.9078042633656735, 1.2156372760362775, 1.4223547618238581], [1.5354322772038598, 1.5472412376848856, 1.4646432036483514, 1.2812171651248512, 1.0]]
2015-02-17 23:50:04,774 - INFO - differential_equation - B           : [[0.0, 0.5073591656708301, 0.9144818134639681, 1.2238330714069765, 1.4325854440806078], [1.5447522518124912, 1.5562380306365375, 1.4707264194749945, 1.2847702972833066, 1.0]]
2015-02-17 23:50:04,777 - INFO - differential_equation - B           : [[0.0, 0.509096854036025, 0.9180667315405853, 1.228233055200273, 1.4380778629276372], [1.54975573294481, 1.5610679884149166, 1.4739922122421183, 1.2866777980537185, 1.0]]
2015-02-17 23:50:04,780 - INFO - differential_equation - B           : [[0.0, 0.5100297441646783, 0.919991320134248, 1.2305952160938547, 1.4410265041194872], [1.5524418834933646, 1.563660980358639, 1.4757454726620198, 1.2877018506519058, 1.0]]
2015-02-17 23:50:04,782 - INFO - differential_equation - B           : [[0.0, 0.5105305723006588, 0.9210245480651298, 1.2318633574624893, 1.4426095011769626], [1.5538839606700805, 1.5650530446360558, 1.4766867217027553, 1.2882516197784997, 1.0]]
2015-02-17 23:50:04,785 - INFO - differential_equation - B           : [[0.0, 0.5107994451136735, 0.9215792431412064, 1.2325441673249429, 1.4434593433401928], [1.55465814908206, 1.5658003832939877, 1.4771920373017198, 1.2885467668656532, 1.0]]
2015-02-17 23:50:04,787 - INFO - differential_equation - B           : [[0.0, 0.5109437912142893, 0.9218770347639142, 1.2329096644821402, 1.4439155865758921], [1.5550737771140135, 1.5662015968621628, 1.4774633192330577, 1.2887052184786445, 1.0]]
2015-02-17 23:50:04,790 - INFO - differential_equation - B           : [[0.0, 0.5110212843475272, 0.9220369061133874, 1.2331058839835758, 1.444160523693657], [1.5552969096981932, 1.5664169909486476, 1.4776089586839993, 1.2887902842469365, 1.0]]
2015-02-17 23:50:04,793 - INFO - differential_equation - B           : [[0.0, 0.511062887034901, 0.922122734076386, 1.2332112256859125, 1.4442920197618963], [1.5554166998622274, 1.5665326266503825, 1.4776871461606598, 1.288835952352177, 1.0]]
2015-02-17 23:50:04,795 - INFO - differential_equation - B           : [[0.0, 0.511085221705398, 0.9221688113707636, 1.2332677790568558, 1.44436261427252], [1.5554810099828322, 1.5665947064211612, 1.4777291216107675, 1.2888604695684232, 1.0]]
2015-02-17 23:50:04,797 - INFO - differential_equation - B           : [[0.0, 0.5110972122170141, 0.9221935482628318, 1.2332981400980592, 1.444400513389938], [1.5555155352850183, 1.566628034345687, 1.4777516564013375, 1.2888736317937728, 1.0]]
2015-02-17 23:50:04,798 - INFO - differential_equation - B           : [[0.0, 0.5111036494003535, 0.9222068284225606, 1.2333144396184514, 1.444420859775066], [1.555534070415723, 1.566645926656488, 1.477763754348703, 1.288880698019172, 1.0]]
2015-02-17 23:50:04,801 - INFO - differential_equation - B           : [[0.0, 0.5111071052436629, 0.9222139579617902, 1.2333231901208876, 1.4444317828628834], [1.5555440211199452, 1.566655532258707, 1.4777702492096159, 1.28888449156776, 1.0]]
2015-02-17 23:50:04,804 - INFO - differential_equation - B           : [[0.0, 0.5111089605353875, 0.9222177855008158, 1.2333278878844445, 1.4444376469928861], [1.5555493632195558, 1.566660689088086, 1.4777737360175018, 1.2888865281587372, 1.0]]
2015-02-17 23:50:04,809 - INFO - psim - pid for 2 is 22356
2015-02-17 23:50:04,809 - INFO - differential_equation - ****RUN_PARALLEL()****
2015-02-17 23:50:04,809 - INFO - differential_equation - # processes       : 4
2015-02-17 23:50:04,809 - INFO - differential_equation - input data       : 10
2015-02-17 23:50:04,810 - INFO - differential_equation - A           : [0.8698865315277218, 0.6751164916195821, 0.7014298308161211, 0.629479417800017, 0.29758372184346193, 0.9203157352033909, 0.02179762313164768, 0.7359941862817266, 0.6985102114018724, 0.7257768615201091]
2015-02-17 23:50:04,811 - INFO - psim - pid for 3 is 22357
2015-02-17 23:50:04,812 - INFO - psim - pid for 1 is 22355
2015-02-17 23:50:04,813 - INFO - differential_equation - B           : [[0.0, 0.8356581811719215, 0.7022979547097996], [0.5495067763297915, 0.824897576501704, 0.2096906724875548], [0.8781549607425588, 0.41015391726676004, 0.7808855239009179], [1.0]]
2015-02-17 23:50:04,817 - INFO - differential_equation - B           : [[0.0, 0.3302981319360727, 0.7038871373809035], [0.7484300388797269, 1.092186259711295, 0.9576533793906632], [1.2390262390742188, 1.0612772410346207, 1.15485994840667], [1.0]]
2015-02-17 23:50:04,820 - INFO - differential_equation - B           : [[0.0, 0.4034557174706713, 0.7979911457925389], [0.9588907145447911, 1.2528701015278725, 1.240249166832162], [1.396957607912139, 1.270127357558346, 1.2215455190420488], [1.0]]
2015-02-17 23:50:04,824 - INFO - differential_equation - B           : [[0.0, 0.4525862520626909, 0.8550384032290695], [1.0850145104068287, 1.3414264760025938, 1.386669427937883], [1.4759877994599913, 1.3674165097699158, 1.2530547393392535], [1.0]]
2015-02-17 23:50:04,827 - INFO - differential_equation - B           : [[0.0, 0.47964091499098255, 0.886120086958339], [1.153639044984781, 1.3891267527269573, 1.464914953828835], [1.5180150934621446, 1.418607372171734, 1.2696733324351863], [1.0]]
2015-02-17 23:50:04,831 - INFO - differential_equation - B           : [[0.0, 0.49421260221606766, 0.9028381876646672], [1.1905441836325152, 1.4147459621942666, 1.506896444196661], [1.540549841344682, 1.4460171753139273, 1.2785744411962658], [1.0]]
2015-02-17 23:50:04,834 - INFO - differential_equation - B           : [[0.0, 0.5020387920853755, 0.9118156135166346], [1.2103613717927058, 1.4285005657917975, 1.5294327291867862], [1.552645825974728, 1.4607272704347443, 1.2833516189418297], [1.0]]
2015-02-17 23:50:04,838 - INFO - differential_equation - B           : [[0.0, 0.5062405611452341, 0.916635355874131], [1.2210006648772773, 1.435884866577809, 1.5415313571766605], [1.5591394981908344, 1.4686241293647597, 1.2859161773703447], [1.0]]
2015-02-17 23:50:04,841 - INFO - differential_equation - B           : [[0.0, 0.5084963238219788, 0.919222876263786], [1.2267124592886545, 1.4398491796945663, 1.548026575020734], [1.5626256585235339, 1.4728635845320885, 1.2872929700974474], [1.0]]
2015-02-17 23:50:04,845 - INFO - differential_equation - B           : [[0.0, 0.5097073456417462, 0.9206120039832051], [1.229778874374857, 1.4419774469662183, 1.5515135739383619], [1.5644972254835094, 1.475139561629949, 1.28803210964968], [1.0]]
2015-02-17 23:50:04,848 - INFO - differential_equation - B           : [[0.0, 0.5103574905776231, 0.9213577661923837], [1.2314250991550308, 1.443120020967805, 1.5533855917107566], [1.5655019882070362, 1.4763614344664668, 1.2884289214420879], [1.0]]
2015-02-17 23:50:04,851 - INFO - differential_equation - B           : [[0.0, 0.5107065250765427, 0.9217581334381648], [1.232308885531605, 1.4437334191761149, 1.5543905964984694], [1.5660414015392654, 1.4770174047552602, 1.2886419524046169], [1.0]]
2015-02-17 23:50:04,855 - INFO - differential_equation - B           : [[0.0, 0.5108939064942611, 0.921973073171322], [1.232783351936963, 1.4440627259525403, 1.5549301397873825], [1.5663309890584478, 1.4773695666264546, 1.288756319447885], [1.0]]
2015-02-17 23:50:04,858 - INFO - differential_equation - B           : [[0.0, 0.5109945034144913, 0.9220884649505692], [1.233038072280672, 1.444239516415091, 1.5552197970748534], [1.5664864559820686, 1.4775586269936956, 1.2888177181311886], [1.0]]
2015-02-17 23:50:04,862 - INFO - differential_equation - B           : [[0.0, 0.511048509518622, 0.9221504137699914], [1.2331748205367308, 1.4443344275128436, 1.5553753014540435], [1.566569919400694, 1.477660125268755, 1.2888506804095188], [1.0]]
2015-02-17 23:50:04,865 - INFO - differential_equation - B           : [[0.0, 0.5110775030432412, 0.922183671392439], [1.233248234718192, 1.444385381146578, 1.555458784980933], [1.5666147272742046, 1.4777146152710252, 1.288868376420806], [1.0]]
2015-02-17 23:50:04,869 - INFO - differential_equation - B           : [[0.0, 0.5110930684035531, 0.9222015259611165], [1.2332876475940482, 1.4444127359328176, 1.5555036036496952], [1.5666387826695098, 1.4777438685794755, 1.2888778766383677], [1.0]]
2015-02-17 23:50:04,872 - INFO - differential_equation - B           : [[0.0, 0.5111014247674248, 0.9222111113012341], [1.2333088066501368, 1.4444274215258825, 1.5555276648405003], [1.566651696963315, 1.477759573406409, 1.2888829768913153], [1.0]]
2015-02-17 23:50:04,875 - INFO - differential_equation - B           : [[0.0, 0.511105910935156, 0.9222162572527732], [1.2333201660255908, 1.444435305581045, 1.5555405822456565], [1.5666586300850687, 1.4777680046438342, 1.2888857149949386], [1.0]]
2015-02-17 23:50:04,878 - INFO - differential_equation - B           : [[0.0, 0.5111083193631782, 0.9222190198899798], [1.2333262643794192, 1.4444395381868056, 1.5555475170377593], [1.5666623521761078, 1.4777725310079144, 1.2888871849634926], [1.0]]
2015-02-17 23:50:04,886 - INFO - psim - pid for 4 is 22361
2015-02-17 23:50:04,887 - INFO - psim - pid for 0 is 22343
2015-02-17 23:50:04,888 - INFO - differential_equation - ****RUN_PARALLEL()****
2015-02-17 23:50:04,888 - INFO - differential_equation - # processes       : 8
2015-02-17 23:50:04,888 - INFO - differential_equation - input data       : 10
2015-02-17 23:50:04,888 - INFO - differential_equation - A           : [0.7545979992576304, 0.8606288403910245, 0.315592523955324, 0.10270736859270824, 0.13121277947896626, 0.9120860141495578, 0.4106829035229851, 0.08102135689681833, 0.6741884459656794, 0.09988555728220028]
2015-02-17 23:50:04,890 - INFO - psim - pid for 2 is 22359
2015-02-17 23:50:04,888 - INFO - psim - pid for 7 is 22364
2015-02-17 23:50:04,892 - INFO - psim - pid for 6 is 22363
2015-02-17 23:50:04,893 - INFO - psim - pid for 1 is 22358
2015-02-17 23:50:04,895 - INFO - differential_equation - B           : [[0.0, 0.5850952616064773], [0.5316681044918664, 0.2734026517171451], [0.557396691371133, 0.32094784150097566], [0.5465536855231881, 0.5924356747443322], [0.1404534570895093, 0.3870942229828397], [], [], []]
2015-02-17 23:50:04,900 - INFO - differential_equation - B           : [[0.0, 0.30310872085400653], [0.5639756327456671, 0.6685529279047441], [0.8013166830289469, 0.7874207392692758], [0.7799441558746893, 0.6856465625972437], [0.5293911904210121, 0.31367003037870533], [], [], []]
2015-02-17 23:50:04,907 - INFO - differential_equation - B           : [[0.0, 0.3630506593422111], [0.6488473774966053, 0.8229874357975855], [0.9533555000627805, 0.970657704355635], [0.9507883025519399, 0.8250403708674008], [0.6446935646446733, 0.3643194429671401], [], [], []]
2015-02-17 23:50:04,913 - INFO - differential_equation - B           : [[0.0, 0.39766337232902776], [0.7074805155276809, 0.9130570739142868], [1.050050886077979, 1.0808815870069413], [1.04974254191565, 0.9133036503992329], [0.7069816041927999, 0.39781576497755067], [], [], []]
2015-02-17 23:50:04,918 - INFO - differential_equation - B           : [[0.0, 0.41835085078068285], [0.7438649539487623, 0.9671506032544748], [1.1091416256568378, 1.1476108172972979], [1.109104590671547, 0.9671802193705188], [0.7438050300837891, 0.41836915454701273], [], [], []]
2015-02-17 23:50:04,923 - INFO - differential_equation - B           : [[0.0, 0.4308431271848956], [0.7659996713106331, 0.99984775507643], [1.1449827138470698, 1.1880106145008795], [1.1449782656028575, 0.9998513122458402], [0.7659924739003072, 0.43084532563649486], [], [], []]
2015-02-17 23:50:04,929 - INFO - differential_equation - B           : [[0.0, 0.4384024061717839], [0.779413466788865, 1.0196372371971916], [1.1666898573160875, 1.2124698252453892], [1.1666893230408228, 1.0196376644461325], [0.7794126023133272, 0.43840267022615104], [], [], []]
2015-02-17 23:50:04,935 - INFO - differential_equation - B           : [[0.0, 0.44297854386502955], [0.7875361049875473, 1.0316176050458166], [1.179832942321888, 1.2272781419627514], [1.1798328781504883, 1.0316176563623654], [0.787536001156041, 0.4429785755804009], [], [], []]
2015-02-17 23:50:04,941 - INFO - differential_equation - B           : [[0.0, 0.4457490141806515], [0.792453970691144, 1.0388707765439067], [1.1877902618626062, 1.236243527080793], [1.1877902541550276, 1.0388707827074988], [0.7924539582200198, 0.44574901798996097], [], [], []]
2015-02-17 23:50:04,946 - INFO - differential_equation - B           : [[0.0, 0.44742633061941467], [0.7954314116201906, 1.0432620463145894], [1.1926078679719119, 1.2416714316731206], [1.1926078670461604, 1.043262047054894], [0.7954314101222932, 0.44742633107694796], [], [], []]
2015-02-17 23:50:04,952 - INFO - differential_equation - B           : [[0.0, 0.4484418259036616], [0.7972340435152021, 1.0459206472828735], [1.1955245883062382, 1.244957642792387], [1.195524588195047, 1.0459206473717906], [0.7972340433352909, 0.44844182595861554], [], [], []]
2015-02-17 23:50:04,958 - INFO - differential_equation - B           : [[0.0, 0.44905663615090147], [0.7983254095502039, 1.0475302413826024], [1.1972904557241895, 1.246947210467481], [1.1972904557108344, 1.047530241393282], [0.798325409528595, 0.4490566361575019], [], [], []]
2015-02-17 23:50:04,963 - INFO - differential_equation - B           : [[0.0, 0.44942886012290834], [0.7989861542900778, 1.0485047363898399], [1.1983595631807, 1.2481517525343533], [1.198359563179096, 1.0485047363911228], [0.7989861542874824, 0.44942886012370115], [], [], []]
2015-02-17 23:50:04,969 - INFO - differential_equation - B           : [[0.0, 0.4496542153271516], [0.7993861883546564, 1.0490947239737418], [1.1990068318949878, 1.2488810172932392], [1.1990068318947953, 1.049094723973896], [0.7993861883543448, 0.4496542153272468], [], [], []]
2015-02-17 23:50:04,974 - INFO - differential_equation - B           : [[0.0, 0.4497906519141352], [0.7996283805987814, 1.049451919595732], [1.1993987071779306, 1.2493225353632007], [1.1993987071779075, 1.0494519195957506], [0.7996283805987439, 0.4497906519141467], [], [], []]
2015-02-17 23:50:04,980 - INFO - differential_equation - B           : [[0.0, 0.44987325458731847], [0.7997750108190562, 1.0496681762016824], [1.1996359598581299, 1.2495898432287287], [1.199635959858127, 1.0496681762016846], [0.7997750108190518, 0.44987325458731986], [], [], []]
2015-02-17 23:50:04,989 - INFO - differential_equation - B           : [[0.0, 0.4499232646452452], [0.7998637850139846, 1.0497991042331132], [1.1997795995228495, 1.2497516791757362], [1.199779599522849, 1.0497991042331136], [0.7998637850139839, 0.44992326464524535], [], [], []]
2015-02-17 23:50:04,994 - INFO - differential_equation - B           : [[0.0, 0.44995354218709144], [0.79991753149046, 1.0498783718667626], [1.1998665631485628, 1.2498496593593422], [1.1998665631485628, 1.0498783718667628], [0.79991753149046, 0.44995354218709155], [], [], []]
2015-02-17 23:50:04,999 - INFO - differential_equation - B           : [[0.0, 0.44997187309047915], [0.7999500711686381, 1.049926362794876], [1.199919213453838, 1.2499089794087936], [1.199919213453838, 1.049926362794876], [0.7999500711686381, 0.44997187309047915], [], [], []]
2015-02-17 23:50:05,005 - INFO - differential_equation - B           : [[0.0, 0.4499829711518975], [0.7999697716350754, 1.0499554178968784], [1.1999510894781278, 1.249944893489962], [1.1999510894781278, 1.0499554178968784], [0.7999697716350754, 0.4499829711518975], [], [], []]
2015-02-17 23:50:05,015 - INFO - psim - pid for 1 is 22365
2015-02-17 23:50:05,016 - INFO - psim - pid for 2 is 22366
2015-02-17 23:50:05,017 - INFO - psim - pid for 4 is 22368
2015-02-17 23:50:05,018 - INFO - psim - pid for 5 is 22369
2015-02-17 23:50:05,021 - INFO - psim - pid for 7 is 22371
2015-02-17 23:50:05,021 - INFO - psim - pid for 3 is 22367
2015-02-17 23:50:05,021 - INFO - psim - pid for 6 is 22370
2015-02-17 23:50:05,023 - INFO - psim - pid for 8 is 22372
2015-02-17 23:50:05,025 - INFO - psim - pid for 11 is 22375
2015-02-17 23:50:05,024 - INFO - psim - pid for 9 is 22373
2015-02-17 23:50:05,028 - INFO - psim - pid for 14 is 22378
2015-02-17 23:50:05,028 - INFO - psim - pid for 0 is 22343
2015-02-17 23:50:05,029 - INFO - differential_equation - ****RUN_PARALLEL()****
2015-02-17 23:50:05,029 - INFO - differential_equation - # processes       : 16
2015-02-17 23:50:05,029 - INFO - differential_equation - input data       : 10
2015-02-17 23:50:05,029 - INFO - differential_equation - A           : [0.7116156532721956, 0.532829314070457, 0.7929618805112811, 0.2518873606912614, 0.8536315953082021, 0.8099443986750516, 0.21320385637826644, 0.7506445174980351, 0.4198458354486426, 0.48138951327777]
2015-02-17 23:50:05,029 - INFO - psim - pid for 13 is 22377
2015-02-17 23:50:05,030 - INFO - psim - pid for 10 is 22374
2015-02-17 23:50:05,030 - INFO - psim - pid for 15 is 22379
2015-02-17 23:50:05,031 - INFO - psim - pid for 12 is 22376
2015-02-17 23:50:05,054 - INFO - differential_equation - B           : [[0.0], [0.8022887668917384], [0.44235833738085917], [0.8732967379097416], [0.5809158796831566], [0.5834177258432343], [0.8302944580865435], [0.3665248459134545], [0.6660170153879026], [0.2599229177243213], [], [], [], [], [], []]
2015-02-17 23:50:05,074 - INFO - differential_equation - B           : [[0.0], [0.375250895515955], [0.6088022878253849], [0.8297941336663662], [0.9065760620369496], [0.9311373286832545], [0.9268691274237685], [0.7566175515453921], [0.6416357293828195], [0.3300234610125487], [], [], [], [], [], []]
2015-02-17 23:50:05,087 - INFO - differential_equation - B           : [[0.0], [0.3932608508643324], [0.6920829029385971], [0.8987296134959184], [1.0273559504300631], [1.0575803183132846], [1.029793258544136], [0.8899403315560217], [0.696026550296885], [0.3878287758743232], [], [], [], [], [], []]
2015-02-17 23:50:05,097 - INFO - differential_equation - B           : [[0.0], [0.4143278189803578], [0.7356201905385512], [0.9562827505012833], [1.0960681028308417], [1.1335066314395592], [1.0963608460735996], [0.9552270764611455], [0.7360938590553107], [0.4136753765425115], [], [], [], [], [], []]
2015-02-17 23:50:05,108 - INFO - differential_equation - B           : [[0.0], [0.42824469139525173], [0.7611375303961447], [0.9930046802258917], [1.1371476492219903], [1.1794715458169835], [1.1371828103925719], [0.992877884011386], [0.7611944223652299], [0.42816632702504237], [], [], [], [], [], []]
2015-02-17 23:50:05,118 - INFO - differential_equation - B           : [[0.0], [0.4368096882341831], [0.7764853373425855], [1.015462609331005], [1.1619558932118321], [1.2073000250812733], [1.16196011639357], [1.0154473799331023], [0.7764921705941779], [0.436800275948651], [], [], [], [], [], []]
2015-02-17 23:50:05,130 - INFO - differential_equation - B           : [[0.0], [0.44201191809762647], [0.7857651982890783], [1.0290863648233968], [1.1769680173769654], [1.2241481947625514], [1.1769685246201458], [1.0290845356318756], [0.7857660190257846], [0.44201078759509455], [], [], [], [], [], []]
2015-02-17 23:50:05,147 - INFO - differential_equation - B           : [[0.0], [0.4451635088371815], [0.7913820366871901], [1.0373378338575485], [1.186055891735108], [1.2343485661217253], [1.1860559526597048], [1.0373376141547315], [0.7913821352652582], [0.4451633730533731], [], [], [], [], [], []]
2015-02-17 23:50:05,171 - INFO - differential_equation - B           : [[0.0], [0.4470718148020635], [0.7947824585820076], [1.0423339034720023], [1.1915578465680465], [1.2405241672604288], [1.1915578538856542], [1.0423338770836625], [0.7947824704221451], [0.44707179849317247], [], [], [], [], [], []]
2015-02-17 23:50:05,197 - INFO - differential_equation - B           : [[0.0], [0.4482271876607155], [0.7968411517305928], [1.0453587160606537], [1.1948888768458505], [1.2442630555892413], [1.1948888777247626], [1.0453587128911699], [0.7968411531527028], [0.44822718570186687], [], [], [], [], [], []]
2015-02-17 23:50:05,218 - INFO - differential_equation - B           : [[0.0], [0.4489266874347733], [0.7980875418391542], [1.0471900311060462], [1.1969055777790936], [1.2465266871971374], [1.1969055778846591], [1.047190030725362], [0.7980875420099627], [0.4489266871994975], [], [], [], [], [], []]
2015-02-17 23:50:05,239 - INFO - differential_equation - B           : [[0.0], [0.44935018533649773], [0.7988421423145116], [1.0482987631104337], [1.1981265469210023], [1.2478971555304068], [1.1981265469336815], [1.0482987630647098], [0.7988421423350271], [0.4493501853082389], [], [], [], [], [], []]
2015-02-17 23:50:05,260 - INFO - differential_equation - B           : [[0.0], [0.449606583318929], [0.7992989993267502], [1.048970021755518], [1.1988657570857775], [1.24872687687108], [1.1988657570873003], [1.048970021750026], [0.7992989993292143], [0.4496065833155348], [], [], [], [], [], []]
2015-02-17 23:50:05,290 - INFO - differential_equation - B           : [[0.0], [0.4497618141118143], [0.7995755938291442], [1.0493764212488856], [1.199313296390668], [1.2492292142738906], [1.199313296390851], [1.049376421248226], [0.7995755938294402], [0.44976181411140664], [], [], [], [], [], []]
2015-02-17 23:50:05,302 - INFO - differential_equation - B           : [[0.0], [0.4498557953439618], [0.7997430521753585], [1.0496224673091317], [1.1995842496864124], [1.2495333439303093], [1.1995842496864344], [1.0496224673090524], [0.799743052175394], [0.44985579534391285], [], [], [], [], [], []]
2015-02-17 23:50:05,316 - INFO - differential_equation - B           : [[0.0], [0.4499126943121188], [0.7998444363227102], [1.049771430741713], [1.1997482926827325], [1.2497174728591847], [1.1997482926827352], [1.0497714307417034], [0.7998444363227145], [0.44991269431211295], [], [], [], [], [], []]
2015-02-17 23:50:05,327 - INFO - differential_equation - B           : [[0.0], [0.44994714260035024], [0.7999058172306899], [1.0498616175311597], [1.1998476090781016], [1.2498289498616184], [1.199847609078102], [1.0498616175311586], [0.7999058172306903], [0.4499471426003495], [], [], [], [], [], []]
2015-02-17 23:50:05,337 - INFO - differential_equation - B           : [[0.0], [0.4499679985947596], [0.7999429790154775], [1.049916219233393], [1.1999077381089707], [1.2498964412772668], [1.1999077381089707], [1.049916219233393], [0.7999429790154776], [0.4499679985947596], [], [], [], [], [], []]
2015-02-17 23:50:05,348 - INFO - differential_equation - B           : [[0.0], [0.4499806254196359], [0.799965477839527], [1.049949276690089], [1.1999441419709898], [1.2499373025409062], [1.1999441419709898], [1.049949276690089], [0.799965477839527], [0.4499806254196359], [], [], [], [], [], []]
2015-02-17 23:50:05,360 - INFO - differential_equation - B           : [[0.0], [0.44998827006622166], [0.7999790992811909], [1.0499692906346827], [1.1999661819265777], [1.2499620411369219], [1.1999661819265777], [1.0499692906346827], [0.7999790992811909], [0.44998827006622166], [], [], [], [], [], []]
2015-02-17 23:50:05,697 - INFO - differential_equation - log_payload: {'log_owner': '1', 'simulation': 44}
2015-02-17 23:50:05,697 - INFO - differential_equation - plot_payload: {'plot_owner': '1', 'simulation': 44}
2015-02-17 23:50:05,697 - INFO - differential_equation - main: END
