2015-02-20 16:09:49,890 - INFO - log - ****SYSTEM INFORMATION****
2015-02-20 16:09:49,890 - INFO - log - Python version    : 2.7.3
2015-02-20 16:09:49,890 - INFO - log - compiler          : GCC 4.7.2
2015-02-20 16:09:49,890 - INFO - log - system            : Linux
2015-02-20 16:09:49,890 - INFO - log - release           : 3.2.0-4-686-pae
2015-02-20 16:09:49,891 - INFO - log - machine           : i686
2015-02-20 16:09:49,891 - INFO - log - cpu's             : 2
2015-02-20 16:09:49,891 - INFO - log - interpreter       : 32bit
2015-02-20 16:09:49,891 - INFO - log - node              : crunchbang
2015-02-20 16:09:49,891 - INFO - log - platform          : Linux-3.2.0-4-686-pae-i686-with-debian-7.8
2015-02-20 16:09:49,891 - INFO - log - main: START
2015-02-20 16:09:49,893 - INFO - log - ****Run serial****
2015-02-20 16:09:49,893 - INFO - log - input data       : 416620
2015-02-20 16:09:50,091 - INFO - log - head of a         : [0.8950361179781121, 0.39100880220439294, 0.4914888240165205, 0.8921276742688135, 0.38435558422348415]
2015-02-20 16:09:50,092 - INFO - log - head of b         : [0.4343894217705161, 0.5130152407082458, 0.39236392989830515, 0.8837167647637225, 0.5189359687725411]
2015-02-20 16:09:50,092 - INFO - log - data size         : 416620
2015-02-20 16:09:50,092 - INFO - log - result            : 104052.388676
2015-02-20 16:09:50,101 - INFO - log - PSim_mp: initialized PSim_mp
2015-02-20 16:09:50,101 - INFO - log - START: creating 2 parallel processes
2015-02-20 16:09:50,103 - INFO - log - pid for 0 is 20186
2015-02-20 16:09:50,103 - INFO - log - pid for 0 is 20186
2015-02-20 16:09:50,103 - INFO - log - START: done.
2015-02-20 16:09:50,103 - INFO - log - pid for 1 is 20196
2015-02-20 16:09:50,104 - INFO - log - ****Run parallel (2)****
2015-02-20 16:09:50,104 - INFO - log - input data       : 416620
2015-02-20 16:09:50,104 - INFO - log - pid for 1 is 20196
2015-02-20 16:09:50,259 - INFO - log - head of a         : [0.27744437574009984, 0.5279605221927098, 0.1271342839670515, 0.6435156878007723, 0.6753353178705013]
2015-02-20 16:09:50,259 - INFO - log - head of b         : [0.7152295823857492, 0.017335544577206652, 0.5778825295232752, 0.3179193202875109, 0.9025779199979461]
2015-02-20 16:09:50,259 - INFO - log - data size         : 416620
2015-02-20 16:09:50,259 - INFO - log - # processes       : 2.000000
2015-02-20 16:09:52,095 - INFO - log - result            : 104396.995220
2015-02-20 16:09:52,104 - INFO - log - PSim_mp: initialized PSim_mp
2015-02-20 16:09:52,104 - INFO - log - START: creating 3 parallel processes
2015-02-20 16:09:52,107 - INFO - log - pid for 1 is 20197
2015-02-20 16:09:52,107 - INFO - log - pid for 1 is 20197
2015-02-20 16:09:52,107 - INFO - log - START: done.
2015-02-20 16:09:52,108 - INFO - log - ****Run parallel (3)****
2015-02-20 16:09:52,108 - INFO - log - input data       : 416620
2015-02-20 16:09:52,108 - INFO - log - pid for 2 is 20198
2015-02-20 16:09:52,108 - INFO - log - pid for 2 is 20198
2015-02-20 16:09:52,237 - INFO - log - head of a         : [0.44572476023843033, 0.009032745780673479, 0.8971390987579085, 0.6158784119837002, 0.46113084663710624]
2015-02-20 16:09:52,238 - INFO - log - head of b         : [0.17649781082349292, 0.6827539572742574, 0.49023020922730265, 0.7667602533918688, 0.7331350750832636]
2015-02-20 16:09:52,238 - INFO - log - data size         : 416620
2015-02-20 16:09:52,238 - INFO - log - # processes       : 3.000000
2015-02-20 16:09:54,846 - INFO - log - result            : 104271.721449
2015-02-20 16:09:54,856 - INFO - log - PSim_mp: initialized PSim_mp
2015-02-20 16:09:54,857 - INFO - log - START: creating 4 parallel processes
2015-02-20 16:09:54,859 - INFO - log - pid for 1 is 20200
2015-02-20 16:09:54,859 - INFO - log - pid for 1 is 20200
2015-02-20 16:09:54,860 - INFO - log - pid for 0 is 20186
2015-02-20 16:09:54,861 - INFO - log - pid for 0 is 20186
2015-02-20 16:09:54,861 - INFO - log - START: done.
2015-02-20 16:09:54,861 - INFO - log - ****Run parallel (4)****
2015-02-20 16:09:54,861 - INFO - log - input data       : 416620
2015-02-20 16:09:54,861 - INFO - log - pid for 3 is 20202
2015-02-20 16:09:54,861 - INFO - log - pid for 3 is 20202
2015-02-20 16:09:54,862 - INFO - log - pid for 2 is 20201
2015-02-20 16:09:54,862 - INFO - log - pid for 2 is 20201
2015-02-20 16:09:54,999 - INFO - log - head of a         : [0.9444559311721004, 0.15403817391207264, 0.6074220681444873, 0.1447882770390918, 0.641025258580546]
2015-02-20 16:09:55,000 - INFO - log - head of b         : [0.20417432041789607, 0.2970405922851689, 0.40114443779169817, 0.8136250928057519, 0.2667516921714925]
2015-02-20 16:09:55,000 - INFO - log - data size         : 416620
2015-02-20 16:09:55,000 - INFO - log - # processes       : 4.000000
2015-02-20 16:09:57,909 - INFO - log - result            : 104126.788905
2015-02-20 16:09:57,919 - INFO - log - PSim_mp: initialized PSim_mp
2015-02-20 16:09:57,919 - INFO - log - START: creating 6 parallel processes
2015-02-20 16:09:57,921 - INFO - log - pid for 1 is 20204
2015-02-20 16:09:57,922 - INFO - log - pid for 1 is 20204
2015-02-20 16:09:57,923 - INFO - log - pid for 3 is 20206
2015-02-20 16:09:57,923 - INFO - log - pid for 3 is 20206
2015-02-20 16:09:57,924 - INFO - log - pid for 0 is 20186
2015-02-20 16:09:57,924 - INFO - log - pid for 0 is 20186
2015-02-20 16:09:57,925 - INFO - log - START: done.
2015-02-20 16:09:57,924 - INFO - log - pid for 2 is 20205
2015-02-20 16:09:57,925 - INFO - log - ****Run parallel (6)****
2015-02-20 16:09:57,925 - INFO - log - input data       : 416620
2015-02-20 16:09:57,926 - INFO - log - pid for 5 is 20208
2015-02-20 16:09:57,926 - INFO - log - pid for 5 is 20208
2015-02-20 16:09:57,928 - INFO - log - pid for 4 is 20207
2015-02-20 16:09:57,928 - INFO - log - pid for 4 is 20207
2015-02-20 16:09:58,058 - INFO - log - head of a         : [0.9736166252409397, 0.13454679737693376, 0.03454806782208797, 0.4441652644817423, 0.43362892084184546]
2015-02-20 16:09:58,059 - INFO - log - head of b         : [0.5718817080531715, 0.492115765933391, 0.32568142135961275, 0.6076024624721665, 0.40269985571639566]
2015-02-20 16:09:58,059 - INFO - log - data size         : 416620
2015-02-20 16:09:58,059 - INFO - log - # processes       : 6.000000
2015-02-20 16:10:01,315 - INFO - log - result            : 104408.296631
2015-02-20 16:10:01,732 - INFO - log - log_payload: {'log_owner': '1', 'simulation': 93}
2015-02-20 16:10:01,737 - INFO - log - plot_payload: {'plot_owner': '1', 'simulation': 93}
2015-02-20 16:10:01,737 - INFO - log - main: END
