2015-02-16 17:43:45,269 - INFO - log - ****SYSTEM INFORMATION****
2015-02-16 17:43:45,270 - INFO - log - Python version    : 2.7.3
2015-02-16 17:43:45,270 - INFO - log - compiler          : GCC 4.7.2
2015-02-16 17:43:45,270 - INFO - log - system            : Linux
2015-02-16 17:43:45,270 - INFO - log - release           : 3.2.0-4-686-pae
2015-02-16 17:43:45,270 - INFO - log - machine           : i686
2015-02-16 17:43:45,270 - INFO - log - cpu's             : 2
2015-02-16 17:43:45,270 - INFO - log - interpreter       : 32bit
2015-02-16 17:43:45,270 - INFO - log - node              : crunchbang
2015-02-16 17:43:45,270 - INFO - log - platform          : Linux-3.2.0-4-686-pae-i686-with-debian-7.8
2015-02-16 17:43:45,270 - INFO - differential_equation - main: START
2015-02-16 17:43:45,273 - INFO - differential_equation - ****RUN_SERIAL()****
2015-02-16 17:43:45,273 - INFO - differential_equation - input data       : 9
2015-02-16 17:43:45,273 - INFO - differential_equation - A           : [0.220356899680489, 0.30258646511527587, 0.9768679660905907, 0.03766957904676538, 0.1525178820638986, 0.1219834545333186, 0.579951332028539, 0.6504455196399179, 0.9341474923271827]
2015-02-16 17:43:45,274 - INFO - differential_equation - B           : [0.0, 0.23185641714274902, 0.6264213191389731, 0.14155491185177038, 0.4279630021079472, 0.44794288214834665, 1.0]
2015-02-16 17:43:45,274 - INFO - differential_equation - plot B           : [0.0, 0.23185641714274902, 0.6264213191389731, 0.14155491185177038, 0.4279630021079472, 0.44794288214834665, 1.0]
2015-02-16 17:43:45,345 - INFO - differential_equation - B           : [0.0, 0.36615152242659116, 0.7166854848981401, 0.8368012967299359, 1.0494994904479145, 1.032378169365073, 1.0]
2015-02-16 17:43:45,345 - INFO - differential_equation - plot B           : [0.0, 0.36615152242659116, 0.7166854848981401, 0.8368012967299359, 1.0494994904479145, 1.032378169365073, 1.0]
2015-02-16 17:43:45,414 - INFO - differential_equation - B           : [0.0, 0.4493531513137376, 0.8008828904760252, 1.0036441445256477, 1.1342157166533198, 1.1160193882736384, 1.0]
2015-02-16 17:43:45,416 - INFO - differential_equation - plot B           : [0.0, 0.4493531513137376, 0.8008828904760252, 1.0036441445256477, 1.1342157166533198, 1.1160193882736384, 1.0]
2015-02-16 17:43:45,494 - INFO - differential_equation - B           : [0.0, 0.46914923159905825, 0.8209246354480526, 1.0432367343834195, 1.1542579682861163, 1.1358158978460897, 1.0]
2015-02-16 17:43:45,495 - INFO - differential_equation - plot B           : [0.0, 0.46914923159905825, 0.8209246354480526, 1.0432367343834195, 1.1542579682861163, 1.1358158978460897, 1.0]
2015-02-16 17:43:45,570 - INFO - differential_equation - B           : [0.0, 0.47384698497120253, 0.8256806953446889, 1.0526322415469336, 1.1590140286775388, 1.1405136516374597, 1.0]
2015-02-16 17:43:45,572 - INFO - differential_equation - plot B           : [0.0, 0.47384698497120253, 0.8256806953446889, 1.0526322415469336, 1.1590140286775388, 1.1405136516374597, 1.0]
2015-02-16 17:43:45,647 - INFO - differential_equation - B           : [0.0, 0.4749617839166687, 0.8268093307106577, 1.0548618394382754, 1.1601426640439907, 1.1416284505833352, 1.0]
2015-02-16 17:43:45,648 - INFO - differential_equation - plot B           : [0.0, 0.4749617839166687, 0.8268093307106577, 1.0548618394382754, 1.1601426640439907, 1.1416284505833352, 1.0]
2015-02-16 17:43:45,719 - INFO - differential_equation - B           : [0.0, 0.47522633093209626, 0.8270771611735372, 1.0553909334691307, 1.1604104945068707, 1.1418929975987628, 1.0]
2015-02-16 17:43:45,719 - INFO - differential_equation - plot B           : [0.0, 0.47522633093209626, 0.8270771611735372, 1.0553909334691307, 1.1604104945068707, 1.1418929975987628, 1.0]
2015-02-16 17:43:45,786 - INFO - differential_equation - B           : [0.0, 0.47528910917892137, 0.8271407185978339, 1.0555164899627811, 1.1604740519311674, 1.1419557758455883, 1.0]
2015-02-16 17:43:45,786 - INFO - differential_equation - plot B           : [0.0, 0.47528910917892137, 0.8271407185978339, 1.0555164899627811, 1.1604740519311674, 1.1419557758455883, 1.0]
2015-02-16 17:43:45,859 - INFO - differential_equation - B           : [0.0, 0.4753040067511661, 0.827155801072545, 1.0555462851072706, 1.1604891344058785, 1.141970673417833, 1.0]
2015-02-16 17:43:45,859 - INFO - differential_equation - plot B           : [0.0, 0.4753040067511661, 0.827155801072545, 1.0555462851072706, 1.1604891344058785, 1.141970673417833, 1.0]
2015-02-16 17:43:45,946 - INFO - differential_equation - B           : [0.0, 0.47530754201489206, 0.827159380214493, 1.0555533556347225, 1.1604927135478265, 1.1419742086815587, 1.0]
2015-02-16 17:43:45,946 - INFO - differential_equation - plot B           : [0.0, 0.47530754201489206, 0.827159380214493, 1.0555533556347225, 1.1604927135478265, 1.1419742086815587, 1.0]
2015-02-16 17:43:46,024 - INFO - differential_equation - B           : [0.0, 0.4753083809495458, 0.8271602295616545, 1.05555503350403, 1.160493562894988, 1.1419750476162125, 1.0]
2015-02-16 17:43:46,025 - INFO - differential_equation - plot B           : [0.0, 0.4753083809495458, 0.8271602295616545, 1.05555503350403, 1.160493562894988, 1.1419750476162125, 1.0]
2015-02-16 17:43:46,106 - INFO - differential_equation - B           : [0.0, 0.47530858003267157, 0.8271604311157172, 1.0555554316702815, 1.1604937644490507, 1.1419752466993385, 1.0]
2015-02-16 17:43:46,108 - INFO - differential_equation - plot B           : [0.0, 0.47530858003267157, 0.8271604311157172, 1.0555554316702815, 1.1604937644490507, 1.1419752466993385, 1.0]
2015-02-16 17:43:46,181 - INFO - differential_equation - B           : [0.0, 0.47530862727603057, 0.8271604789454412, 1.0555555261569995, 1.1604938122787745, 1.1419752939426975, 1.0]
2015-02-16 17:43:46,181 - INFO - differential_equation - plot B           : [0.0, 0.47530862727603057, 0.8271604789454412, 1.0555555261569995, 1.1604938122787745, 1.1419752939426975, 1.0]
2015-02-16 17:43:46,252 - INFO - differential_equation - B           : [0.0, 0.4753086384871011, 0.8271604902956589, 1.0555555485791406, 1.1604938236289921, 1.1419753051537678, 1.0]
2015-02-16 17:43:46,253 - INFO - differential_equation - plot B           : [0.0, 0.4753086384871011, 0.8271604902956589, 1.0555555485791406, 1.1604938236289921, 1.1419753051537678, 1.0]
2015-02-16 17:43:46,329 - INFO - differential_equation - B           : [0.0, 0.47530864114754073, 0.8271604929891188, 1.0555555539000199, 1.1604938263224522, 1.1419753078142076, 1.0]
2015-02-16 17:43:46,329 - INFO - differential_equation - plot B           : [0.0, 0.47530864114754073, 0.8271604929891188, 1.0555555539000199, 1.1604938263224522, 1.1419753078142076, 1.0]
2015-02-16 17:43:46,395 - INFO - differential_equation - B           : [0.0, 0.4753086417788755, 0.8271604936282895, 1.0555555551626894, 1.1604938269616227, 1.1419753084455422, 1.0]
2015-02-16 17:43:46,395 - INFO - differential_equation - plot B           : [0.0, 0.4753086417788755, 0.8271604936282895, 1.0555555551626894, 1.1604938269616227, 1.1419753084455422, 1.0]
2015-02-16 17:43:46,461 - INFO - differential_equation - B           : [0.0, 0.4753086419286942, 0.8271604937799675, 1.0555555554623266, 1.160493827113301, 1.141975308595361, 1.0]
2015-02-16 17:43:46,461 - INFO - differential_equation - plot B           : [0.0, 0.4753086419286942, 0.8271604937799675, 1.0555555554623266, 1.160493827113301, 1.141975308595361, 1.0]
2015-02-16 17:43:46,559 - INFO - differential_equation - B           : [0.0, 0.4753086419642469, 0.8271604938159614, 1.0555555555334322, 1.1604938271492948, 1.1419753086309137, 1.0]
2015-02-16 17:43:46,559 - INFO - differential_equation - plot B           : [0.0, 0.4753086419642469, 0.8271604938159614, 1.0555555555334322, 1.1604938271492948, 1.1419753086309137, 1.0]
2015-02-16 17:43:46,625 - INFO - differential_equation - B           : [0.0, 0.4753086419726837, 0.827160493824503, 1.0555555555503058, 1.1604938271578364, 1.1419753086393505, 1.0]
2015-02-16 17:43:46,626 - INFO - differential_equation - plot B           : [0.0, 0.4753086419726837, 0.827160493824503, 1.0555555555503058, 1.1604938271578364, 1.1419753086393505, 1.0]
2015-02-16 17:43:46,695 - INFO - differential_equation - B           : [0.0, 0.47530864197468575, 0.82716049382653, 1.05555555555431, 1.1604938271598635, 1.1419753086413527, 1.0]
2015-02-16 17:43:46,702 - INFO - differential_equation - plot B           : [0.0, 0.47530864197468575, 0.82716049382653, 1.05555555555431, 1.1604938271598635, 1.1419753086413527, 1.0]
2015-02-16 17:43:46,777 - INFO - differential_equation - A           : [0, 0.0, 0.475308641975209, 0.8271604938268651, 1.0555555555553562, 1.1604938271601986, 1.1419753086418758, 1.0, 0]
2015-02-16 17:43:46,782 - INFO - psim - pid for 0 is 21064
2015-02-16 17:43:46,783 - INFO - differential_equation - ****RUN_PARALLEL()****
2015-02-16 17:43:46,783 - INFO - differential_equation - # processes       : 2
2015-02-16 17:43:46,783 - INFO - differential_equation - input data       : 9
2015-02-16 17:43:46,783 - INFO - differential_equation - A           : [0.5120434877102542, 0.16584648156117843, 0.14387515612106638, 0.04818175609769315, 0.7600314000193306, 0.6606629804676812, 0.22637111183279635, 0.5394051680199151, 0.829036611517022]
2015-02-16 17:43:46,784 - INFO - psim - pid for 1 is 21074
2015-02-16 17:43:46,785 - INFO - differential_equation - B           : [[0.0, 0.3896877169773887, 0.16874251389116418, 0.5136816731319269, 0.4161507633444156], [0.5549296509877919, 0.6617624693055266, 0.5894322567366377, 1.0]]
2015-02-16 17:43:46,788 - INFO - differential_equation - B           : [[0.0, 0.3908426127386792, 0.6322171308372675, 0.8911740467089364, 0.9804775914056845], [1.1293145547966728, 1.1319990044439663, 1.1289831208264156, 1.0]]
2015-02-16 17:43:46,790 - INFO - differential_equation - B           : [[0.0, 0.47927583987939854, 0.8282639108692769, 1.1127827041715452, 1.257872565089356], [1.362412095049287, 1.3282570944194865, 1.2289052307571404, 1.0]]
2015-02-16 17:43:46,792 - INFO - differential_equation - B           : [[0.0, 0.5217623316259192, 0.9171279339609757, 1.2156080388032173, 1.3835499406517064], [1.4655964572681468, 1.41712772094692, 1.2717507500908487, 1.0]]
2015-02-16 17:43:46,793 - INFO - differential_equation - B           : [[0.0, 0.5410868815058767, 0.9573898512393673, 1.2622695626739098, 1.4404890360306155], [1.512269200750939, 1.4573898445826783, 1.2910865195829058, 1.0]]
2015-02-16 17:43:46,796 - INFO - differential_equation - B           : [[0.0, 0.5498443827440023, 0.9756308640191178, 1.2834122888562358, 1.4662857282550565], [1.533412277546143, 1.4756308638110964, 1.2998443714339096, 1.0]]
2015-02-16 17:43:46,799 - INFO - differential_equation - B           : [[0.0, 0.5538121095402735, 0.9838950955958534, 1.2929912364471081, 1.4779731167759647], [1.5429912360936677, 1.483895095589353, 1.3038121091868333, 1.0]]
2015-02-16 17:43:46,804 - INFO - differential_equation - B           : [[0.0, 0.5556097207929247, 0.9876392688999391, 1.2973310541552432, 1.483268177446931], [1.5473310541441982, 1.4876392688997362, 1.3056097207818798, 1.0]]
2015-02-16 17:43:46,807 - INFO - differential_equation - B           : [[0.0, 0.5564241423784266, 0.9893355952253455, 1.2992972418000173, 1.4856671451426702], [1.5492972417996722, 1.4893355952253393, 1.3064241423780818, 1.0]]
2015-02-16 17:43:46,810 - INFO - differential_equation - B           : [[0.0, 0.556793122302867, 0.9901041288284853, 1.3001880381380813, 1.4867540157873744], [1.5501880381380706, 1.4901041288284853, 1.3067931223028564, 1.0]]
2015-02-16 17:43:46,813 - INFO - differential_equation - B           : [[0.0, 0.5569602914770253, 0.9904523188496381, 1.3005916202255519, 1.487246430837572], [1.5505916202255516, 1.4904523188496384, 1.306960291477025, 1.0]]
2015-02-16 17:43:46,815 - INFO - differential_equation - B           : [[0.0, 0.5570360287486942, 0.9906100689991888, 1.3007744661739922, 1.4874695232385329], [1.5507744661739924, 1.490610068999189, 1.3070360287486944, 1.0]]
2015-02-16 17:43:46,819 - INFO - differential_equation - B           : [[0.0, 0.557070342098321, 0.9906815389097878, 1.3008573059280317, 1.4875705969554036], [1.5508573059280317, 1.490681538909788, 1.307070342098321, 1.0]]
2015-02-16 17:43:46,822 - INFO - differential_equation - B           : [[0.0, 0.5570858880235523, 0.9907139188988754, 1.3008948371115652, 1.4876163891751208], [1.5508948371115654, 1.4907139188988758, 1.3070858880235525, 1.0]]
2015-02-16 17:43:46,824 - INFO - differential_equation - B           : [[0.0, 0.5570929312237627, 0.9907285889003423, 1.3009118409010352, 1.4876371356901552], [1.5509118409010352, 1.4907285889003423, 1.3070929312237627, 1.0]]
2015-02-16 17:43:46,827 - INFO - differential_equation - B           : [[0.0, 0.5570961221994339, 0.9907352352565981, 1.300919544597778, 1.4876465350573125], [1.550919544597778, 1.4907352352565981, 1.307096122199434, 1.0]]
2015-02-16 17:43:46,829 - INFO - differential_equation - B           : [[0.0, 0.5570975678953434, 0.9907382464390837, 1.30092303481645, 1.4876507935124224], [1.55092303481645, 1.4907382464390837, 1.3070975678953436, 1.0]]
2015-02-16 17:43:46,832 - INFO - differential_equation - B           : [[0.0, 0.5570982228789216, 0.9907396106783166, 1.3009246160866876, 1.487652722838048], [1.5509246160866876, 1.4907396106783168, 1.3070982228789216, 1.0]]
2015-02-16 17:43:46,835 - INFO - differential_equation - B           : [[0.0, 0.5570985196242364, 0.990740228757325, 1.300925332493251, 1.4876535969337643], [1.550925332493251, 1.4907402287573255, 1.3070985196242366, 1.0]]
2015-02-16 17:43:46,838 - INFO - differential_equation - B           : [[0.0, 0.5570986540669687, 0.9907405087827426, 1.3009256570667185, 1.4876539929495074], [1.5509256570667187, 1.4907405087827426, 1.3070986540669687, 1.0]]
2015-02-16 17:43:46,845 - INFO - psim - pid for 0 is 21064
2015-02-16 17:43:46,845 - INFO - differential_equation - ****RUN_PARALLEL()****
2015-02-16 17:43:46,845 - INFO - differential_equation - # processes       : 4
2015-02-16 17:43:46,846 - INFO - differential_equation - input data       : 9
2015-02-16 17:43:46,846 - INFO - differential_equation - A           : [0.4928652189163363, 0.060672960106837315, 0.7799613756756647, 0.5535900728149481, 0.29985151802609067, 0.021444277322055227, 0.39641208739454936, 0.9460880596777776, 0.24865412141562937]
2015-02-16 17:43:46,848 - INFO - psim - pid for 3 is 21077
2015-02-16 17:43:46,849 - INFO - psim - pid for 1 is 21075
2015-02-16 17:43:46,851 - INFO - psim - pid for 2 is 21076
2015-02-16 17:43:46,852 - INFO - differential_equation - B           : [[0.0, 0.6981416923577288, 0.3688599115226211], [0.6016348419126061, 0.34924557013023005, 0.4098601977720484], [0.5454945635616448, 0.38426149946681776, 0.5347724249006172], []]
2015-02-16 17:43:46,866 - INFO - differential_equation - B           : [[0.0, 0.38109028870009526, 0.5988432192642319], [0.81472132569344, 0.8394700622508373, 0.8790931069027861], [0.7755950017906781, 0.621995825322172, 0.3645044631649153], []]
2015-02-16 17:43:46,871 - INFO - differential_equation - B           : [[0.0, 0.4290756987103899, 0.7263204408362469], [0.946425101326932, 1.0241490060553609, 1.0460234290362864], [0.9268933695963744, 0.7404050440987635, 0.421285766309421], []]
2015-02-16 17:43:46,877 - INFO - differential_equation - B           : [[0.0, 0.45877727549345965, 0.7905012078020541], [1.0223109484053254, 1.1217157442833339, 1.133499684733697], [1.0119277508339082, 0.7981791998750705, 0.4546713270060711], []]
2015-02-16 17:43:46,883 - INFO - differential_equation - B           : [[0.0, 0.47499039359467504, 0.8246557289599443], [1.0634112121935149, 1.1739903237567886, 1.1803194260945342], [1.0578440612689741, 0.8287858226238152, 0.4727913849206929], []]
2015-02-16 17:43:46,889 - INFO - differential_equation - B           : [[0.0, 0.48371312843521047, 0.8429708287768203], [1.0855012372361754, 1.2020469836828915, 1.205444999114989], [1.0825129729816718, 0.8451886608032355, 0.4825329450295284], []]
2015-02-16 17:43:46,895 - INFO - differential_equation - B           : [[0.0, 0.48839728038030455, 0.8528019483901201], [1.097362154923779, 1.2171088752365682, 1.2189331353396604], [1.0957579205789936, 0.8539926450828126, 0.48776371696990467], []]
2015-02-16 17:43:46,903 - INFO - differential_equation - B           : [[0.0, 0.49091208766149036, 0.8580797466610119], [1.1037298863999274, 1.2251949133889373, 1.2261742801169955], [1.1028686452707033, 0.8587189825789618, 0.49057195685138194], []]
2015-02-16 17:43:46,909 - INFO - differential_equation - B           : [[0.0, 0.4922621844113266, 0.8609131595655677], [1.1071484524825832, 1.2295359525629403, 1.2300617319607894], [1.1066860898062167, 0.8612563376729194, 0.49207958312082917], []]
2015-02-16 17:43:46,914 - INFO - differential_equation - B           : [[0.0, 0.4929869929781345, 0.8624342950290873], [1.1089837322762857, 1.2318664672142705, 1.2321487352728437], [1.1087355099090728, 0.8626185324181659, 0.4928889623086398], []]
2015-02-16 17:43:46,916 - INFO - differential_equation - B           : [[0.0, 0.4933761111529212, 0.8632509263594104], [1.1099690140874572, 1.2331176189935726, 1.233269156417988], [1.1098357543127177, 0.8633498353885236, 0.4933234827576189], []]
2015-02-16 17:43:46,921 - INFO - differential_equation - B           : [[0.0, 0.4935850117517732, 0.8636893401430532], [1.110497968972512, 1.2337893078786448, 1.2338706617203525], [1.110426427604758, 0.8637424400920359, 0.49355675785904846], []]
2015-02-16 17:43:46,924 - INFO - differential_equation - B           : [[0.0, 0.4936971613830266, 0.8639247054045363], [1.1107819418074303, 1.2341499083799403, 1.234193583713506], [1.1107435343636713, 0.863953212453936, 0.4936819930988608], []]
2015-02-16 17:43:46,927 - INFO - differential_equation - B           : [[0.0, 0.4937573696344391, 0.8640510627601072], [1.1109343944516936, 1.2343434990801032, 1.234366946464049], [1.1109137751682978, 0.8640663669530666, 0.4937492264434525], []]
2015-02-16 17:43:46,929 - INFO - differential_equation - B           : [[0.0, 0.49378969282174795, 0.8641188985197583], [1.111016239635046, 1.2344474294935537, 1.2344600173725468], [1.111005170040037, 0.8641271146742555, 0.4937853210972522], []]
2015-02-16 17:43:46,932 - INFO - differential_equation - B           : [[0.0, 0.4938070457329065, 0.8641553165839595], [1.1110601787485348, 1.2345032252049748, 1.2345099830888355], [1.1110542359652036, 0.8641597274793855, 0.493804698744472], []]
2015-02-16 17:43:46,936 - INFO - differential_equation - B           : [[0.0, 0.4938163617549561, 0.864174867856135], [1.1110837677444303, 1.2345331794917864, 1.2345368075052352], [1.1110805773229473, 0.8641772358737356, 0.4938151017591082], []]
2015-02-16 17:43:46,939 - INFO - differential_equation - B           : [[0.0, 0.493821363121357, 0.8641853640824462], [1.1110964316487102, 1.2345492606434656, 1.2345512083658379], [1.1110947188504015, 0.8641866353679375, 0.49382068668447593], []]
2015-02-16 17:43:46,941 - INFO - differential_equation - B           : [[0.0, 0.4938240481371013, 0.8641909990491017], [1.1111032303472357, 1.2345578939132527, 1.234558939560545], [1.1111023108204388, 0.8641916815469004, 0.4938236849876077], []]
2015-02-16 17:43:46,944 - INFO - differential_equation - B           : [[0.0, 0.49382548960508604, 0.8641940242172208], [1.1111068802722996, 1.2345625287397068, 1.2345630901021865], [1.11110638661842, 0.8641943906205569, 0.4938252946459429], []]
2015-02-16 17:43:46,950 - INFO - psim - pid for 1 is 21078
2015-02-16 17:43:46,951 - INFO - psim - pid for 3 is 21080
2015-02-16 17:43:46,953 - INFO - psim - pid for 4 is 21081
2015-02-16 17:43:46,954 - INFO - psim - pid for 5 is 21082
2015-02-16 17:43:46,955 - INFO - differential_equation - ****RUN_PARALLEL()****
2015-02-16 17:43:46,955 - INFO - differential_equation - # processes       : 8
2015-02-16 17:43:46,955 - INFO - differential_equation - input data       : 9
2015-02-16 17:43:46,956 - INFO - differential_equation - A           : [0.5303828959290964, 0.8323832308499659, 0.6715945835041626, 0.4654932638767527, 0.8003110240229505, 0.35513214716336683, 0.6416651510366126, 0.8029042095093576, 0.5967018351031398]
2015-02-16 17:43:46,956 - INFO - psim - pid for 7 is 21084
2015-02-16 17:43:46,961 - INFO - psim - pid for 6 is 21083
2015-02-16 17:43:46,963 - INFO - differential_equation - B           : [[0.0, 0.6627171347783578], [0.7106666424250878, 0.797681198825285], [0.47204110058178816, 0.78271648259151], [0.6407465733980906, 0.6809118881316045], [0.4631804998164072], [], [], []]
2015-02-16 17:43:46,970 - INFO - differential_equation - B           : [[0.0, 0.43402649502809315], [0.6704526866694487, 0.9552747229027327], [0.9367138015221941, 1.0501498080535185], [0.8488050965238756, 0.7400073060299319], [0.3902826991671556], [], [], []]
2015-02-16 17:43:46,977 - INFO - differential_equation - B           : [[0.0, 0.460047153148848], [0.759869295355053, 1.0252945805437144], [1.0746895137099821, 1.1364891524868297], [0.9704787865027631, 0.7998992066517518], [0.43827756003521295], [], [], []]
2015-02-16 17:43:46,983 - INFO - differential_equation - B           : [[0.0, 0.4755807764715046], [0.808173242947531, 1.0648900067864475], [1.148731082012018, 1.18197298709683], [1.03562484936981, 0.8298490011561945], [0.4640146297265733], [], [], []]
2015-02-16 17:43:46,990 - INFO - differential_equation - B           : [[0.0, 0.484023726813593], [0.8341194939964152, 1.0862865790712708], [1.188485492218018, 1.2063361040946292], [1.0705867377149139, 0.8457691674048908], [0.4778227883455853], [], [], []]
2015-02-16 17:43:46,996 - INFO - differential_equation - B           : [[0.0, 0.48856358506290215], [0.8480498709935886, 1.0977831751624978], [1.2098282382725236, 1.2194117659968178], [1.0893554038852948, 0.8543049710573727], [0.4852351574023919], [], [], []]
2015-02-16 17:43:47,009 - INFO - differential_equation - B           : [[0.0, 0.491001338638615], [0.8555285507036698, 1.103955872379273], [1.2212862521893553, 1.2264312524342582], [1.0994314240707637, 0.8588867039190999], [0.48921449160914204], [], [], []]
2015-02-16 17:43:47,017 - INFO - differential_equation - B           : [[0.0, 0.4923100972321663], [0.859543532716613, 1.1072697716260171], [1.2274375623344083, 1.2301996903423884], [1.1048407962532323, 0.8613463832336787], [0.4913508197412521], [], [], []]
2015-02-16 17:43:47,026 - INFO - differential_equation - B           : [[0.0, 0.4930127151354295], [0.8616990019783541, 1.109048863038617], [1.2307399328923312, 1.2322227991972545], [1.1077448522414521, 0.8626668741852819], [0.49249772103743367], [], [], []]
2015-02-16 17:43:47,033 - INFO - differential_equation - B           : [[0.0, 0.49338992024826195], [0.8628561795480743, 1.1100039799424695], [1.232512831790296, 1.233308918118045], [1.1093039133711144, 0.8633757879932398], [0.4931134423656785], [], [], []]
2015-02-16 17:43:47,039 - INFO - differential_equation - B           : [[0.0, 0.4935924252527693], [0.8634774177762585, 1.1105167406158651], [1.2334646239756812, 1.2338920080453426], [1.1101409053722635, 0.8637563729160298], [0.49344399632287944], [], [], []]
2015-02-16 17:43:47,046 - INFO - differential_equation - B           : [[0.0, 0.4937011413687041], [0.8638109335178397, 1.1107920194849228], [1.2339755997367623, 1.2342050436255017], [1.1105902499153786, 0.8639606923802543], [0.49362145634237947], [], [], []]
2015-02-16 17:43:47,052 - INFO - differential_equation - B           : [[0.0, 0.4937595063153642], [0.863989983590427, 1.1109398047177168], [1.234249920363055, 1.234373098791569], [1.1108314834256003, 0.8640703825996614], [0.49371672689608465], [], [], []]
2015-02-16 17:43:47,058 - INFO - differential_equation - B           : [[0.0, 0.4937908399126553], [0.8640861077743724, 1.1110191441711843], [1.2343971911569764, 1.2344633202891762], [1.1109609911882894, 0.8641292704999777], [0.49376787350606083], [], [], []]
2015-02-16 17:43:47,064 - INFO - differential_equation - B           : [[0.0, 0.49380766155604355], [0.8641377126612375, 1.111061738067456], [1.2344762544306183, 1.2345117562808876], [1.1110305182642806, 0.8641608848483007], [0.49379533189283736], [], [], []]
2015-02-16 17:43:47,071 - INFO - differential_equation - B           : [[0.0, 0.493816692363571], [0.864165417076912, 1.11108460487483], [1.2345187000579727, 1.2345377594548017], [1.1110678443225452, 0.8641778572146874], [0.49381007310451747], [], [], []]
2015-02-16 17:43:47,076 - INFO - differential_equation - B           : [[0.0, 0.49382154061072], [0.8641802903707894, 1.1110968810675537], [1.2345414872662241, 1.2345517194260898], [1.1110878830571782, 0.8641869689388266], [0.4938179870188914], [], [], []]
2015-02-16 17:43:47,082 - INFO - differential_equation - B           : [[0.0, 0.49382414342340814], [0.864188275194341, 1.1111034716206343], [1.2345537207256465, 1.234559213926531], [1.1110986409808474, 0.8641918606265795], [0.49382223565476185], [], [], []]
2015-02-16 17:43:47,088 - INFO - differential_equation - B           : [[0.0, 0.4938255407601531], [0.8641925618982602, 1.1111070098014766], [1.2345602883370794, 1.2345632373973319], [1.1111044164414141, 0.8641944867606355], [0.49382451656227583], [], [], []]
2015-02-16 17:43:47,095 - INFO - differential_equation - B           : [[0.0, 0.49382629092937874], [0.8641948632428507, 1.1111089092966355], [1.23456381420155, 1.2345653974235287], [1.1111075170345932, 0.8641958966176067], [0.4938257410821559], [], [], []]
2015-02-16 17:43:47,104 - INFO - psim - pid for 1 is 21085
2015-02-16 17:43:47,106 - INFO - psim - pid for 4 is 21088
2015-02-16 17:43:47,108 - INFO - psim - pid for 5 is 21089
2015-02-16 17:43:47,109 - INFO - psim - pid for 6 is 21090
2015-02-16 17:43:47,110 - INFO - psim - pid for 9 is 21093
2015-02-16 17:43:47,111 - INFO - psim - pid for 10 is 21094
2015-02-16 17:43:47,111 - INFO - psim - pid for 0 is 21064
2015-02-16 17:43:47,112 - INFO - differential_equation - ****RUN_PARALLEL()****
2015-02-16 17:43:47,112 - INFO - differential_equation - # processes       : 16
2015-02-16 17:43:47,113 - INFO - psim - pid for 3 is 21087
2015-02-16 17:43:47,114 - INFO - psim - pid for 13 is 21097
2015-02-16 17:43:47,114 - INFO - psim - pid for 2 is 21086
2015-02-16 17:43:47,115 - INFO - psim - pid for 8 is 21092
2015-02-16 17:43:47,113 - INFO - psim - pid for 12 is 21096
2015-02-16 17:43:47,112 - INFO - psim - pid for 11 is 21095
2015-02-16 17:43:47,115 - INFO - psim - pid for 14 is 21098
2015-02-16 17:43:47,116 - INFO - psim - pid for 7 is 21091
2015-02-16 17:43:47,112 - INFO - differential_equation - input data       : 9
2015-02-16 17:43:47,117 - INFO - differential_equation - A           : [0.023750359095581763, 0.3034688095260829, 0.10392619951337101, 0.7674767929451651, 0.4376282072997477, 0.764311786018229, 0.23584193572038914, 0.4650109033311224, 0.44935887449757084]
2015-02-16 17:43:47,118 - INFO - psim - pid for 15 is 21099
2015-02-16 17:43:47,128 - INFO - differential_equation - B           : [[0.0], [0.12556667436620478], [0.5972011962973525], [0.33250559846828776], [0.8276226845434256], [0.3984634665717968], [0.676389739736404], [0.4043288001707084], [0.2942338467272896], [], [], [], [], [], [], []]
2015-02-16 17:43:47,138 - INFO - differential_equation - B           : [[0.0], [0.3337834046359163], [0.7113066333400104], [0.7099145691071733], [0.9966702021504352], [0.7854062383501468], [0.8981858955809585], [0.5750874121363607], [0.40876211241860577], [], [], [], [], [], [], []]
2015-02-16 17:43:47,149 - INFO - differential_equation - B           : [[0.0], [0.40950450885372497], [0.7806664967339056], [0.8978808415043131], [1.1063331941379773], [0.9925830146199532], [0.9980855995003786], [0.7065353034954456], [0.4491234306461657], [], [], [], [], [], [], []]
2015-02-16 17:43:47,159 - INFO - differential_equation - B           : [[0.0], [0.4486692914897941], [0.8192517000472774], [0.996787009865292], [1.1656889543684676], [1.104597542138155], [1.0505220427301205], [0.7793850407792453], [0.4698940443890987], [], [], [], [], [], [], []]
2015-02-16 17:43:47,169 - INFO - differential_equation - B           : [[0.0], [0.46959161244166653], [0.840060997366318], [1.0497459157520355], [1.1975873381533242], [1.1647883565768795], [1.0785897013555557], [0.8186535342586767], [0.4809831309104086], [], [], [], [], [], [], []]
2015-02-16 17:43:47,180 - INFO - differential_equation - B           : [[0.0], [0.4808166894641183], [0.8512391851617396], [1.0781675371063215], [1.2147144769280822], [1.1971060167787264], [1.0936522159096036], [0.8397461174380647], [0.48693208188979914], [], [], [], [], [], [], []]
2015-02-16 17:43:47,190 - INFO - differential_equation - B           : [[0.0], [0.486842442882152], [0.8572407253048266], [1.0934251918905782], [1.2239094507080344], [1.214456227481296], [1.1017382209747508], [0.8510705747226006], [0.49012551552666433], [], [], [], [], [], [], []]
2015-02-16 17:43:47,201 - INFO - differential_equation - B           : [[0.0], [0.4900773724959287], [0.8604627226371842], [1.1016163150563882], [1.228845842637045], [1.2237708183403655], [1.1060792168083549], [0.8571502359678933], [0.49183991012331757], [], [], [], [], [], [], []]
2015-02-16 17:43:47,211 - INFO - differential_equation - B           : [[0.0], [0.49181406285283474], [0.8621924748620933], [1.1060137689794884], [1.2314959771881844], [1.2287714176895241], [1.108409706412217], [0.8604141449601461], [0.4927602924495477], [], [], [], [], [], [], []]
2015-02-16 17:43:47,221 - INFO - differential_equation - B           : [[0.0], [0.49274641608036657], [0.8631211036321509], [1.108374570195154], [1.2329187190334683], [1.2314560217269597], [1.1096608446207639], [0.8621663957700496], [0.493254405524774], [], [], [], [], [], [], []]
2015-02-16 17:43:47,231 - INFO - differential_equation - B           : [[0.0], [0.4932469559000057], [0.8636196439753234], [1.109641981507507], [1.2336825271544796], [1.2328972686904736], [1.1103325262116694], [0.8631071029139243], [0.49351967330261287], [], [], [], [], [], [], []]
2015-02-16 17:43:47,248 - INFO - differential_equation - B           : [[0.0], [0.4935156739231425], [0.8638872885682147], [1.110322399427279], [1.234092582460842], [1.2336710114000218], [1.1106931227964447], [0.8636121276003359], [0.49366208401608386], [], [], [], [], [], [], []]
2015-02-16 17:43:47,260 - INFO - differential_equation - B           : [[0.0], [0.4936599369234406], [0.8640309752906854], [1.1106876861670194], [1.2343127232914486], [1.2340864001539564], [1.1108867113939567], [0.8638832533539724], [0.4937385381242198], [], [], [], [], [], [], []]
2015-02-16 17:43:47,271 - INFO - differential_equation - B           : [[0.0], [0.493737385443712], [0.8641081144325036], [1.1108837927044533], [1.2344309073133226], [1.2343094042802052], [1.1109906406785828], [0.8640288089599497], [0.49377958300427566], [], [], [], [], [], [], []]
2015-02-16 17:43:47,283 - INFO - differential_equation - B           : [[0.0], [0.4937789641803256], [0.8641495270773036], [1.1109890737613364], [1.2344943551661707], [1.2344291254807735], [1.1110464357839869], [0.8641069514239046], [0.49380161821232355], [], [], [], [], [], [], []]
2015-02-16 17:43:47,296 - INFO - differential_equation - B           : [[0.0], [0.49380128599270284], [0.8641717597222218], [1.1110455945743773], [1.2345284175543616], [1.2344933985778976], [1.1110763897454548], [0.8641489027086515], [0.4938134479555963], [], [], [], [], [], [], []]
2015-02-16 17:43:47,306 - INFO - differential_equation - B           : [[0.0], [0.49381326960135447], [0.8641836954607494], [1.1110759381366613], [1.2345467041667084], [1.2345279040037902], [1.111092470722471], [0.8641714245258922], [0.4938197988294158], [], [], [], [], [], [], []]
2015-02-16 17:43:47,318 - INFO - differential_equation - B           : [[0.0], [0.4938197030787929], [0.8641901032388035], [1.111092228273383], [1.2345565214522505], [1.2345464284637784], [1.111101103898489], [0.8641835155084423], [0.4938232083369039], [], [], [], [], [], [], []]
2015-02-16 17:43:47,328 - INFO - differential_equation - B           : [[0.0], [0.4938231569325657], [0.8641935432956962], [1.1111009737381357], [1.234561791925184], [1.234556373439358], [1.1111057386746026], [0.864190006630249], [0.4938250387529444], [], [], [], [], [], [], []]
2015-02-16 17:43:47,339 - INFO - differential_equation - B           : [[0.0], [0.49382501115619465], [0.8641953901123813], [1.1111056687971792], [1.2345646214125023], [1.23456171246351], [1.1111082268839916], [0.8641934914307721], [0.4938260214235775], [], [], [], [], [], [], []]
2015-02-16 17:43:47,698 - INFO - differential_equation - log_payload: {'log_owner': '1', 'simulation': 8}
2015-02-16 17:43:47,698 - INFO - differential_equation - plot_payload: {'plot_owner': '1', 'simulation': 8}
2015-02-16 17:43:47,698 - INFO - differential_equation - main: END
