2015-02-17 20:41:13,715 - INFO - log - ****SYSTEM INFORMATION****
2015-02-17 20:41:13,716 - INFO - log - Python version    : 2.7.3
2015-02-17 20:41:13,716 - INFO - log - compiler          : GCC 4.7.2
2015-02-17 20:41:13,716 - INFO - log - system            : Linux
2015-02-17 20:41:13,716 - INFO - log - release           : 3.2.0-4-686-pae
2015-02-17 20:41:13,716 - INFO - log - machine           : i686
2015-02-17 20:41:13,716 - INFO - log - cpu's             : 2
2015-02-17 20:41:13,716 - INFO - log - interpreter       : 32bit
2015-02-17 20:41:13,716 - INFO - log - node              : crunchbang
2015-02-17 20:41:13,716 - INFO - log - platform          : Linux-3.2.0-4-686-pae-i686-with-debian-7.8
2015-02-17 20:41:13,716 - INFO - differential_equation - main: START
2015-02-17 20:41:13,719 - INFO - differential_equation - ****RUN_SERIAL()****
2015-02-17 20:41:13,720 - INFO - differential_equation - input data       : 10
2015-02-17 20:41:13,720 - INFO - differential_equation - A init      : [0.8982442435114582, 0.4913849447220465, 0.37169427740690675, 0.3682514731529867, 0.5841479745132395, 0.36104962337147606, 0.1433046277262866, 0.8372405322426533, 0.142848113679524, 0.6459793595798443]
2015-02-17 20:41:13,720 - INFO - differential_equation - B           : [0.0, 0.4798182089375166, 0.5279211259600731, 0.41465054826223136, 0.41372630111976305, 0.6491450778070647, 0.1930763707029053, 1.0]
2015-02-17 20:41:13,797 - INFO - differential_equation - B           : [0.0, 0.3545896862363092, 0.5759065279694577, 0.8281322906867128, 0.9028473172235971, 1.051442228479734, 1.0351305104321737, 1.0]
2015-02-17 20:41:13,868 - INFO - differential_equation - B           : [0.0, 0.41132004665303223, 0.7103551787325979, 0.9576895397994856, 1.0773955554265413, 1.1574241760535962, 1.1152721909346053, 1.0]
2015-02-17 20:41:13,954 - INFO - differential_equation - B           : [0.0, 0.4317380924034365, 0.7591414102605161, 1.0035869831844981, 1.1382921895661733, 1.1942495789170329, 1.1423955842271163, 1.0]
2015-02-17 20:41:14,041 - INFO - differential_equation - B           : [0.0, 0.4389381968680555, 0.7763485573104243, 1.0197656353939377, 1.1597496942686816, 1.2072240149710503, 1.1519452660997291, 1.0]
2015-02-17 20:41:14,125 - INFO - differential_equation - B           : [0.0, 0.4414759089908283, 0.782413331232318, 1.0254678242327888, 1.167312348473557, 1.2117968168364843, 1.1553109655747946, 1.0]
2015-02-17 20:41:14,216 - INFO - differential_equation - B           : [0.0, 0.4423703266069736, 0.7845508634109097, 1.0274775623864243, 1.1699778075453682, 1.2134085017139224, 1.1564972064742394, 1.0]
2015-02-17 20:41:14,293 - INFO - differential_equation - B           : [0.0, 0.4426855643388707, 0.7853042372106067, 1.028185895140434, 1.1709172493079454, 1.2139765404789844, 1.1569152973911876, 1.0]
2015-02-17 20:41:14,363 - INFO - differential_equation - B           : [0.0, 0.4427966699622502, 0.7855697640089253, 1.028435547210027, 1.1712483558096924, 1.214176745894414, 1.1570626536472044, 1.0]
2015-02-17 20:41:14,448 - INFO - differential_equation - B           : [0.0, 0.4428358291690803, 0.7856633490003782, 1.028523537149072, 1.1713650543852483, 1.2142473083469052, 1.1571145893992523, 1.0]
2015-02-17 20:41:14,528 - INFO - differential_equation - B           : [0.0, 0.4428496308420553, 0.7856963330557752, 1.028554549226744, 1.1714061848295765, 1.214272178102256, 1.1571328941690242, 1.0]
2015-02-17 20:41:14,607 - INFO - differential_equation - B           : [0.0, 0.4428544952454058, 0.7857079582949674, 1.0285654794418568, 1.1714206812657375, 1.2142809434542157, 1.1571393456900514, 1.0]
2015-02-17 20:41:14,691 - INFO - differential_equation - B           : [0.0, 0.44285620970567446, 0.7857120556136461, 1.0285693317991118, 1.1714257905385599, 1.21428403280487, 1.1571416195303719, 1.0]
2015-02-17 20:41:14,770 - INFO - differential_equation - B           : [0.0, 0.4428568139676571, 0.785713499714716, 1.0285706895634623, 1.1714275913031396, 1.214285121647339, 1.1571424209460042, 1.0]
2015-02-17 20:41:14,853 - INFO - differential_equation - B           : [0.0, 0.4428570269399553, 0.7857140086885264, 1.0285711681078724, 1.1714282259830997, 1.2142855054101598, 1.1571427034051591, 1.0]
2015-02-17 20:41:14,926 - INFO - differential_equation - B           : [0.0, 0.44285710200209905, 0.7857141880764824, 1.0285713367709786, 1.1714284496762224, 1.2142856406674694, 1.1571428029579642, 1.0]
2015-02-17 20:41:15,005 - INFO - differential_equation - B           : [0.0, 0.4428571284577718, 0.7857142513018159, 1.0285713962163356, 1.1714285285169235, 1.2142856883389443, 1.1571428380453772, 1.0]
2015-02-17 20:41:15,090 - INFO - differential_equation - B           : [0.0, 0.44285713778208075, 0.7857142735856018, 1.0285714171678675, 1.17142855630435, 1.2142857051407685, 1.1571428504119454, 1.0]
2015-02-17 20:41:15,226 - INFO - differential_equation - B           : [0.0, 0.44285714106843593, 0.7857142814395279, 1.0285714245522406, 1.171428566098036, 1.214285711062576, 1.1571428547705456, 1.0]
2015-02-17 20:41:15,318 - INFO - differential_equation - B           : [0.0, 0.4428571422267127, 0.7857142842076466, 1.028571427154865, 1.1714285695498232, 1.2142857131497184, 1.1571428563067354, 1.0]
2015-02-17 20:41:15,398 - INFO - differential_equation - A evolved       : [0, 0.0, 0.44285714253006025, 0.7857142852698953, 1.0285714278364808, 1.1714285708744256, 1.2142857136963319, 1.157142856896239, 1.0, 0]
2015-02-17 20:41:15,403 - INFO - psim - pid for 1 is 11356
2015-02-17 20:41:15,404 - INFO - differential_equation - ****RUN_PARALLEL()****
2015-02-17 20:41:15,404 - INFO - differential_equation - # processes       : 2
2015-02-17 20:41:15,404 - INFO - differential_equation - input data       : 10
2015-02-17 20:41:15,404 - INFO - differential_equation - A           : [0.5715484128922366, 0.02157201365875172, 0.001396371249781314, 0.4966060304347135, 0.3161319998000415, 0.5539200649258702, 0.2720566243490682, 0.5379364003539422, 0.4718049946283962, 0.9658492719997915]
2015-02-17 20:41:15,407 - INFO - differential_equation - B           : [[0.0, 0.33647239207100893, 0.3090890220467326, 0.20876418552491138, 0.5752630476802919], [0.3440943120745548, 0.5959282326399062, 0.4219308094887322, 0.8018928361768669, 1.0]]
2015-02-17 20:41:15,410 - INFO - differential_equation - B           : [[0.0, 0.29011068173089155, 0.5836315308253713, 0.6630487578390194, 0.9167673477903007], [0.8884031397464764, 1.0934526848670418, 1.0316072127904727, 1.0995769486158504, 1.0]]
2015-02-17 20:41:15,414 - INFO - differential_equation - B           : [[0.0, 0.38824601323639757, 0.7368925130447219, 0.9214828762032891, 1.1598686414437296], [1.1996341315713974, 1.3157804396612691, 1.2447214335252097, 1.1896425748166355, 1.0]]
2015-02-17 20:41:15,416 - INFO - differential_equation - B           : [[0.0, 0.4448563281464226, 0.8224766142841434, 1.0655184814475713, 1.2915811600040612], [1.3646332085913586, 1.4321968030396064, 1.3531102137605513, 1.2357712121714972, 1.0]]
2015-02-17 20:41:15,419 - INFO - differential_equation - B           : [[0.0, 0.4755213545162518, 0.868655739483716, 1.1432132978539122, 1.3623727594097723], [1.4530685458594308, 1.4944909659398569, 1.410880524676495, 1.2603836865925129, 1.0]]
2015-02-17 20:41:15,422 - INFO - differential_equation - B           : [[0.0, 0.4920030981201102, 0.8934634995566925, 1.1849498949003783, 1.4003833112783581], [1.5005355019388595, 1.5279197426456512, 1.4418657371520827, 1.2735864783883322, 1.0]]
2015-02-17 20:41:15,425 - INFO - differential_equation - B           : [[0.0, 0.5008527523151017, 0.9067828325351486, 1.2073582395611315, 1.4207899122173326], [1.526017738321819, 1.5458652052526103, 1.4584983193400507, 1.2806737463488507, 1.0]]
2015-02-17 20:41:15,428 - INFO - differential_equation - B           : [[0.0, 0.505603838270932, 0.913933480623921, 1.2193884277652551, 1.4317453545254983], [1.539697991916958, 1.5554992733752613, 1.4674274869793595, 1.284478540568244, 1.0]]
2015-02-17 20:41:15,431 - INFO - differential_equation - B           : [[0.0, 0.5081544957591039, 0.9177723575354384, 1.2258469203750166, 1.4376268561405154], [1.5470423207023314, 1.5606713800570342, 1.4722211582765607, 1.2865211652717436, 1.0]]
2015-02-17 20:41:15,432 - INFO - differential_equation - B           : [[0.0, 0.5095238330954218, 0.9198332836946477, 1.2293142043045482, 1.4407843782714282], [1.550985170645953, 1.5634480584859265, 1.4747946708838646, 1.2876177612434472, 1.0]]
2015-02-17 20:41:15,435 - INFO - differential_equation - B           : [[0.0, 0.5102589706893702, 0.9209397051950418, 1.2311756380415193, 1.4424795143603413], [1.553101915000268, 1.5649387361496372, 1.4761762776442313, 1.2882064758319662, 1.0]]
2015-02-17 20:41:15,438 - INFO - differential_equation - B           : [[0.0, 0.510653634040639, 0.921533694700976, 1.2321749607274535, 1.4433895590812498], [1.5542383028303985, 1.5657390160466989, 1.476918002123093, 1.2885225310469404, 1.0]]
2015-02-17 20:41:15,440 - INFO - differential_equation - B           : [[0.0, 0.5108655116012137, 0.9218525817906459, 1.2327114535438548, 1.4438781224473203], [1.5548483799514141, 1.5661686514604167, 1.4773162016835337, 1.288692207323341, 1.0]]
2015-02-17 20:41:15,443 - INFO - differential_equation - B           : [[0.0, 0.5109792594333928, 0.9220237783772971, 1.2329994731655511, 1.4441404108350924], [1.555175903780657, 1.5663993039976607, 1.4775299776805975, 1.2887832991244619, 1.0]]
2015-02-17 20:41:15,446 - INFO - differential_equation - B           : [[0.0, 0.5110403256892498, 0.9221156863667681, 1.2331540983533307, 1.4442812220443173], [1.5553517370565297, 1.5665231312969008, 1.4776447447006134, 1.288832202344216, 1.0]]
2015-02-17 20:41:15,448 - INFO - differential_equation - B           : [[0.0, 0.5110731095017667, 0.9221650277624918, 1.2332371098806532, 1.4443568174483372], [1.555446134282453, 1.5665896087795266, 1.4777063581140197, 1.2888584563525118, 1.0]]
2015-02-17 20:41:15,451 - INFO - differential_equation - B           : [[0.0, 0.511090709702533, 0.9221915170083776, 1.233281675153409, 1.4443974013275636], [1.5554968120407884, 1.566625297643964, 1.477739435671589, 1.2888725509858527, 1.0]]
2015-02-17 20:41:15,454 - INFO - differential_equation - B           : [[0.0, 0.5111001584836001, 0.9222057379305324, 1.2333056003069378, 1.4444191890443487], [1.555524018721544, 1.5666444574405527, 1.4777571935712772, 1.2888801177804832, 1.0]]
2015-02-17 20:41:15,457 - INFO - differential_equation - B           : [[0.0, 0.5111052311225341, 0.9222133725241257, 1.2333184446796064, 1.4444308859203443], [1.5555386248032261, 1.5666547435006755, 1.4777667270140256, 1.2888841800628852, 1.0]]
2015-02-17 20:41:15,459 - INFO - differential_equation - B           : [[0.0, 0.5111079544013964, 0.9222174712048372, 1.2333253402637478, 1.4444371654635104], [1.5555464661721914, 1.5666602656382598, 1.4777718451041282, 1.28888636092534, 1.0]]
2015-02-17 20:41:15,464 - INFO - psim - pid for 0 is 11346
2015-02-17 20:41:15,464 - INFO - differential_equation - ****RUN_PARALLEL()****
2015-02-17 20:41:15,464 - INFO - differential_equation - # processes       : 4
2015-02-17 20:41:15,465 - INFO - differential_equation - input data       : 10
2015-02-17 20:41:15,465 - INFO - differential_equation - A           : [0.23753074962119258, 0.2895739240072439, 0.4740335972817341, 0.01182030996060135, 0.6072895079370388, 0.5080109058799253, 0.1138955212189886, 0.4128399795410087, 0.34223287745747666, 0.8441305878351928]
2015-02-17 20:41:15,465 - INFO - psim - pid for 3 is 11359
2015-02-17 20:41:15,464 - INFO - psim - pid for 2 is 11358
2015-02-17 20:41:15,468 - INFO - psim - pid for 1 is 11357
2015-02-17 20:41:15,470 - INFO - differential_equation - B           : [[0.0, 0.40578217345146333, 0.20069711698392262], [0.5906615526093866, 0.3099156079202633, 0.4105925145780137], [0.510425442710467, 0.2780641993382326, 0.6784852836881008], [1.0]]
2015-02-17 20:41:15,476 - INFO - differential_equation - B           : [[0.0, 0.32661231678775127, 0.5137040699702712], [0.7439494581344406, 0.8111970167842982, 0.9601647469553103], [1.0022177088870858, 1.066729435888469, 1.0639668401663238], [1.0]]
2015-02-17 20:41:15,482 - INFO - differential_equation - B           : [[0.0, 0.4032757083779702, 0.6999736795310866], [0.9587294331061298, 1.1034164938194486, 1.2405780535797486], [1.266248077462335, 1.2706355258714277, 1.1701092926998389], [1.0]]
2015-02-17 20:41:15,488 - INFO - differential_equation - B           : [[0.0, 0.45260565491165644, 0.8027001988022477], [1.0850840931536543, 1.2612896450201263, 1.3867841874980205], [1.405566603238914, 1.3675118657706118, 1.2252561127007022], [1.0]]
2015-02-17 20:41:15,494 - INFO - differential_equation - B           : [[0.0, 0.479659397840499, 0.8580416848194172], [1.1536872684628505, 1.3461116208489436, 1.4649722711866464], [1.4801916973066105, 1.418646206679335, 1.2547366026960136], [1.0]]
2015-02-17 20:41:15,499 - INFO - differential_equation - B           : [[0.0, 0.49422308616899757, 0.8877654876311758], [1.1905708289762162, 1.391653487876969, 1.5069269167189618], [1.5202429021282875, 1.4460371638832976, 1.2705546669124599], [1.0]]
2015-02-17 20:41:15,503 - INFO - differential_equation - B           : [[0.0, 0.502044459524328, 0.9037238328847874], [1.2103757291441795, 1.4161032554486892, 1.5294490677724182], [1.541743831056633, 1.4607379415814237, 1.2790460892305684], [1.0]]
2015-02-17 20:41:15,506 - INFO - differential_equation - B           : [[0.0, 0.5062436064645487, 0.9122912379969124], [1.2210083763760953, 1.4292292930289912, 1.5415401272051803], [1.553286686209185, 1.4686298540739648, 1.2836047216987454], [1.0]]
2015-02-17 20:41:15,510 - INFO - differential_equation - B           : [[0.0, 0.5084979589104133, 0.9168907090819676], [1.2267165995112836, 1.4362760923559683, 1.548031283166345], [1.5594835383326382, 1.4728666575892653, 1.2860520499406676], [1.0]]
2015-02-17 20:41:15,513 - INFO - differential_equation - B           : [[0.0, 0.5097082234626601, 0.9193599650525343], [1.2297810970977594, 1.4400592120410727, 1.5515161015296335], [1.5628103580061412, 1.475141211400307, 1.2873659136552054], [1.0]]
2015-02-17 20:41:15,516 - INFO - differential_equation - B           : [[0.0, 0.5103579618423468, 0.9206856010357991], [1.2314262924393617, 1.4420902042020798, 1.5533869486639125], [1.5645963825421287, 1.4763623201548992, 1.2880712698329473], [1.0]]
2015-02-17 20:41:15,518 - INFO - differential_equation - B           : [[0.0, 0.5107067780781067, 0.9213972772475402], [1.2323095261540644, 1.4431805554169561, 1.5543913249874712], [1.565555221308889, 1.477017880242698, 1.2884499448360829], [1.0]]
2015-02-17 20:41:15,522 - INFO - differential_equation - B           : [[0.0, 0.5108940423197837, 0.9217793452027041], [1.23278369585926, 1.4437659174848692, 1.5549305308813897], [1.5660699800724063, 1.4773698218949394, 1.2886532389488317], [1.0]]
2015-02-17 20:41:15,531 - INFO - differential_equation - B           : [[0.0, 0.5109945763332974, 0.9219844608436651], [1.2330382569175706, 1.4440801728787804, 1.5552200070361881], [1.5663463316278976, 1.4775587640362242, 1.2887623787017821], [1.0]]
2015-02-17 20:41:15,536 - INFO - differential_equation - B           : [[0.0, 0.5110485486655525, 0.9220945784957659], [1.2331749196602384, 1.4442488829097426, 1.5553754141731373], [1.5664946927392307, 1.4776601988409184, 1.2888209710806435], [1.0]]
2015-02-17 20:41:15,541 - INFO - differential_equation - B           : [[0.0, 0.5110775240595228, 0.922153695866081], [1.233248287933285, 1.444339455975786, 1.555458845494904], [1.5665743413567932, 1.4777146547687148, 1.2888524267763717], [1.0]]
2015-02-17 20:41:15,546 - INFO - differential_equation - B           : [[0.0, 0.5110930796862792, 0.9221854334068504], [1.2332876761629132, 1.4443880807092753, 1.5555036361370098], [1.5666171012297991, 1.4777438897840642, 1.2888693139690919], [1.0]]
2015-02-17 20:41:15,550 - INFO - differential_equation - B           : [[0.0, 0.5111014308246289, 0.9222024719098948], [1.2333088219875161, 1.4444141852104277, 1.5555276822815245], [1.5666400571428512, 1.4777595847902292, 1.2888783799671997], [1.0]]
2015-02-17 20:41:15,553 - INFO - differential_equation - B           : [[0.0, 0.511105914187005, 0.9222116191399243], [1.2333201742595616, 1.444428199579896, 1.5555405916089828], [1.5666523811725315, 1.4777680107553113, 1.2888832471066383], [1.0]]
2015-02-17 20:41:15,557 - INFO - differential_equation - B           : [[0.0, 0.5111083211089543, 0.9222165298892429], [1.2333262687998796, 1.4444357232843499, 1.5555475220645214], [1.5666589974071903, 1.4777725342889003, 1.2888858600617739], [1.0]]
2015-02-17 20:41:15,568 - INFO - psim - pid for 1 is 11360
2015-02-17 20:41:15,569 - INFO - psim - pid for 4 is 11363
2015-02-17 20:41:15,571 - INFO - psim - pid for 0 is 11346
2015-02-17 20:41:15,572 - INFO - differential_equation - ****RUN_PARALLEL()****
2015-02-17 20:41:15,572 - INFO - differential_equation - # processes       : 8
2015-02-17 20:41:15,572 - INFO - differential_equation - input data       : 10
2015-02-17 20:41:15,572 - INFO - psim - pid for 5 is 11364
2015-02-17 20:41:15,572 - INFO - differential_equation - A           : [0.8401724103038904, 0.8212515804140519, 0.5079811622190661, 0.40827042977187333, 0.06657623100684373, 0.40363480050747824, 0.9871280434163912, 0.6971800941873432, 0.5941068743534456, 0.8251431397933916]
2015-02-17 20:41:15,573 - INFO - psim - pid for 3 is 11362
2015-02-17 20:41:15,574 - INFO - psim - pid for 6 is 11365
2015-02-17 20:41:15,586 - INFO - psim - pid for 2 is 11361
2015-02-17 20:41:15,592 - INFO - differential_equation - B           : [[0.0, 0.7240767862614783], [0.6647610050929627, 0.3372786966129549], [0.4559526151396758, 0.5768521372116175], [0.6004074473474108, 0.8406174588849185], [0.8111616169903675, 0.34705343717672277], [], [], []]
2015-02-17 20:41:15,599 - INFO - differential_equation - B           : [[0.0, 0.3413361880541068], [0.5987357450284364, 0.7708923426311955], [0.8817760015833425, 0.9180928048440864], [0.8944356675495732, 0.7943892817352416], [0.6192188214252083, 0.3558526314682438], [], [], []]
2015-02-17 20:41:15,605 - INFO - differential_equation - B           : [[0.0, 0.3872303095809239], [0.6823637610905687, 0.8865295997700114], [1.0108768354686966, 1.0496764526840678], [1.0123973411763862, 0.8893515059887981], [0.6848239910001931, 0.3889743434938176], [], [], []]
2015-02-17 20:41:15,613 - INFO - differential_equation - B           : [[0.0, 0.41241813319390963], [0.7293728842370127, 0.9517140871879406], [1.0858706061895296, 1.1287213704134618], [1.0860532329855166, 0.9520530242179027], [0.7296683806001762, 0.4126276077984718], [], [], []]
2015-02-17 20:41:15,618 - INFO - differential_equation - B           : [[0.0, 0.42729766497273725], [0.7573119792331764, 0.9905770949694406], [1.1309470770741996, 1.1765744096278936], [1.1309690122412286, 0.9906178044410399], [0.757347471078978, 0.42732282480984957], [], [], []]
2015-02-17 20:41:15,626 - INFO - differential_equation - B           : [[0.0, 0.4362614521016718], [0.7741640445106969, 1.0140335256095576], [1.1581986773342712, 1.2055460146706676], [1.1582013119506758, 1.014038415193555], [0.7741683074095865, 0.4362644740307731], [], [], []]
2015-02-17 20:41:15,634 - INFO - differential_equation - B           : [[0.0, 0.4416830173021984], [0.784359196453861, 1.0282260380941204], [1.1746929042577678, 1.223086265906468], [1.1746932206995613, 1.0282266253783747], [0.7843597084674384, 0.44168338026382864], [], [], []]
2015-02-17 20:41:15,640 - INFO - differential_equation - B           : [[0.0, 0.4449647451450216], [0.7905307274174738, 1.036817553445173], [1.1846784258615177, 1.2337056435435239], [1.1846784638691035, 1.0368176239834426], [0.7905307889150393, 0.44496478874006984], [], [], []]
2015-02-17 20:41:15,646 - INFO - differential_equation - B           : [[0.0, 0.44695152101685726], [0.7942670422218802, 1.0420189810262268], [1.1907238831521472, 1.2401349232548693], [1.1907238877172095, 1.0420189894985254], [0.7942670496083064, 0.44695152625302575], [], [], []]
2015-02-17 20:41:15,652 - INFO - differential_equation - B           : [[0.0, 0.44815436353677374], [0.7965291026127372, 1.0451680613228538], [1.1943839704995345, 1.244027395960849], [1.1943839710478408, 1.045168062340455], [0.7965291034999152, 0.44815436416568594], [], [], []]
2015-02-17 20:41:15,658 - INFO - differential_equation - B           : [[0.0, 0.4488825982225649], [0.7978986181084604, 1.0470746042053545], [1.1965998927294244, 1.2463840120122645], [1.196599892795281, 1.047074604327578], [0.7978986182150187, 0.4488825982981031], [], [], []]
2015-02-17 20:41:15,665 - INFO - differential_equation - B           : [[0.0, 0.44932349252207], [0.7987277623841785, 1.0482288804336721], [1.197941476302234, 1.2478107758288117], [1.197941476310144, 1.0482288804483524], [0.7987277623969771, 0.4493234925311428], [], [], []]
2015-02-17 20:41:15,673 - INFO - differential_equation - B           : [[0.0, 0.44959042272271477], [0.7992297503923498, 1.0489277127675924], [1.1987537099557692, 1.2486745800904289], [1.1987537099567194, 1.0489277127693557], [0.799229750393887, 0.44959042272380445], [], [], []]
2015-02-17 20:41:15,679 - INFO - differential_equation - B           : [[0.0, 0.4497520300184937], [0.7995336685123717, 1.0493508061602923], [1.1992454598030855, 1.249197552283678], [1.1992454598031996, 1.049350806160504], [0.7995336685125563, 0.4497520300186245], [], [], []]
2015-02-17 20:41:15,686 - INFO - differential_equation - B           : [[0.0, 0.44984987176977115], [0.7997176693706389, 1.0496069591905979], [1.1995431794456397, 1.2495141748416632], [1.1995431794456535, 1.0496069591906234], [0.7997176693706611, 0.44984987176978686], [], [], []]
2015-02-17 20:41:15,691 - INFO - differential_equation - B           : [[0.0, 0.44990910800824135], [0.7998290688353666, 1.0497620416762719], [1.199723427565888, 1.249705867336062], [1.1997234275658897, 1.0497620416762747], [0.7998290688353693, 0.44990910800824324], [], [], []]
2015-02-17 20:41:15,697 - INFO - differential_equation - B           : [[0.0, 0.4499449713478036], [0.7998965133074304, 1.0498559331181947], [1.1998325550140392, 1.2498219235407826], [1.1998325550140396, 1.0498559331181951], [0.7998965133074307, 0.44994497134780376], [], [], []]
2015-02-17 20:41:15,703 - INFO - differential_equation - B           : [[0.0, 0.44996668405539386], [0.7999373461500598, 1.049912777724654], [1.199898623941271, 1.24989218733852], [1.199898623941271, 1.049912777724654], [0.79993734615006, 0.44996668405539386], [], [], []]
2015-02-17 20:41:15,710 - INFO - differential_equation - B           : [[0.0, 0.44997982955931687], [0.79996206753917, 1.0499471931007236], [1.1999386239891001, 1.2499347270828134], [1.1999386239891001, 1.0499471931007236], [0.79996206753917, 0.44997982955931687], [], [], []]
2015-02-17 20:41:15,716 - INFO - differential_equation - B           : [[0.0, 0.449987788229265], [0.7999770345862866, 1.049968029169153], [1.199962841180046, 1.249960481879776], [1.199962841180046, 1.049968029169153], [0.7999770345862866, 0.449987788229265], [], [], []]
2015-02-17 20:41:15,726 - INFO - psim - pid for 1 is 11367
2015-02-17 20:41:15,728 - INFO - psim - pid for 2 is 11368
2015-02-17 20:41:15,729 - INFO - psim - pid for 4 is 11370
2015-02-17 20:41:15,730 - INFO - psim - pid for 5 is 11371
2015-02-17 20:41:15,732 - INFO - psim - pid for 3 is 11369
2015-02-17 20:41:15,733 - INFO - psim - pid for 7 is 11373
2015-02-17 20:41:15,735 - INFO - psim - pid for 9 is 11375
2015-02-17 20:41:15,738 - INFO - psim - pid for 12 is 11378
2015-02-17 20:41:15,738 - INFO - psim - pid for 0 is 11346
2015-02-17 20:41:15,737 - INFO - psim - pid for 10 is 11376
2015-02-17 20:41:15,739 - INFO - differential_equation - ****RUN_PARALLEL()****
2015-02-17 20:41:15,739 - INFO - differential_equation - # processes       : 16
2015-02-17 20:41:15,740 - INFO - psim - pid for 6 is 11372
2015-02-17 20:41:15,740 - INFO - psim - pid for 13 is 11379
2015-02-17 20:41:15,743 - INFO - psim - pid for 14 is 11380
2015-02-17 20:41:15,744 - INFO - differential_equation - input data       : 10
2015-02-17 20:41:15,744 - INFO - differential_equation - A           : [0.16463721484112726, 0.4999823145918546, 0.7932024671563186, 0.28269753640374906, 0.7742932631428439, 0.9288842779671066, 0.8112330430723109, 0.9808411715557324, 0.21794126405088388, 0.020698570832705876]
2015-02-17 20:41:15,744 - INFO - psim - pid for 11 is 11377
2015-02-17 20:41:15,755 - INFO - differential_equation - B           : [[0.0], [0.5289198409987229], [0.4413399254978018], [0.8337478651495813], [0.6557909071854279], [0.8427631531075774], [1.0048627247614195], [0.5645871535615974], [0.5507698711942192], [0.15897063202544193], [], [], [], [], [], []]
2015-02-17 20:41:15,767 - INFO - differential_equation - B           : [[0.0], [0.38553856747982085], [0.6346488027699347], [0.8677992974985578], [0.9471861521755376], [0.9979976342733817], [0.9646540123424191], [0.8245351277477169], [0.6629087784864003], [0.3587982234930721], [], [], [], [], [], []]
2015-02-17 20:41:15,778 - INFO - differential_equation - B           : [[0.0], [0.4044663031627354], [0.7069105233468522], [0.929185093170459], [1.0510782241057097], [1.097452688418523], [1.053176081439772], [0.923988579472123], [0.7103049277882036], [0.40125468106132356], [], [], [], [], [], []]
2015-02-17 20:41:15,790 - INFO - differential_equation - B           : [[0.0], [0.42165315671834025], [0.7444654071411079], [0.9755941264350516], [1.11034700545116], [1.1576435355956562], [1.110598977515254], [0.9749699770847299], [0.7448731065050276], [0.4212674112057851], [], [], [], [], [], []]
2015-02-17 20:41:15,803 - INFO - differential_equation - B           : [[0.0], [0.43274439220567484], [0.7664766804184198], [1.0048010664883187], [1.1457826138048726], [1.1940847140597461], [1.1458128779798675], [1.0047261003795598], [0.7665256488822031], [0.4326980606024575], [], [], [], [], [], []]
2015-02-17 20:41:15,814 - INFO - differential_equation - B           : [[0.0], [0.4395417109464574], [0.7797158911843318], [1.0226170613666175], [1.1671825632877673], [1.2161472615714088], [1.1671861982950502], [1.0226080572437108], [0.7797217727496651], [0.4395361460924621], [], [], [], [], [], []]
2015-02-17 20:41:15,825 - INFO - differential_equation - B           : [[0.0], [0.4436668976297579], [0.7877208384956101], [1.0334193885452607], [1.1801322525477427], [1.229504568743005], [1.1801326891457318], [1.0334183070668346], [0.7877215449259961], [0.44366622923933247], [], [], [], [], [], []]
2015-02-17 20:41:15,836 - INFO - differential_equation - B           : [[0.0], [0.44616559365869396], [0.7925660103414517], [1.0399613537318473], [1.1879715944848648], [1.2375914705306175], [1.1879716469243207], [1.0399612238362872], [0.7925660951902738], [0.44616551337882293], [], [], [], [], [], []]
2015-02-17 20:41:15,846 - INFO - differential_equation - B           : [[0.0], [0.4476785195318637], [0.7954992672948551], [1.0439222804090227], [1.1927176666043613], [1.242487515795015], [1.1927176729028248], [1.0439222648073647], [0.7954992774859831], [0.4476785098895088], [], [], [], [], [], []]
2015-02-17 20:41:15,858 - INFO - differential_equation - B           : [[0.0], [0.44859450594643585], [0.7972751281482897], [1.0463203682177153], [1.1955910653409692], [1.2454517238267915], [1.195591066097473], [1.0463203663438119], [0.7972751293723385], [0.44859450478829993], [], [], [], [], [], []]
2015-02-17 20:41:15,868 - INFO - differential_equation - B           : [[0.0], [0.4491490727897402], [0.7983502837212567], [1.0477722435720362], [1.1973307030627092], [1.247246341478622], [1.1973307031535723], [1.0477722433469632], [0.7983502838682763], [0.44914907265063736], [], [], [], [], [], []]
2015-02-17 20:41:15,921 - INFO - differential_equation - B           : [[0.0], [0.44948482391396277], [0.7990012138767402], [1.0486512514882096], [1.1983839301139032], [1.2483328551381678], [1.1983839301248167], [1.048651251461176], [0.7990012138943985], [0.4494848238972552], [], [], [], [], [], []]
2015-02-17 20:41:15,934 - INFO - differential_equation - B           : [[0.0], [0.44968809742774135], [0.7993953058708134], [1.049183428463645], [1.199021584347239], [1.248990662070567], [1.1990215843485497], [1.049183428460398], [0.7993953058729342], [0.4496880974257346], [], [], [], [], [], []]
2015-02-17 20:41:15,945 - INFO - differential_equation - B           : [[0.0], [0.44981116512158753], [0.7996339006085142], [1.0495056238699343], [1.199407638741443], [1.2493889174965445], [1.1994076387416002], [1.0495056238695442], [0.799633900608769], [0.44981116512134645], [], [], [], [], [], []]
2015-02-17 20:41:15,955 - INFO - differential_equation - B           : [[0.0], [0.4498856738789516], [0.7997783527933743], [1.049700690329279], [1.1996413672861834], [1.249630032900637], [1.1996413672862023], [1.049700690329232], [0.7997783527934048], [0.44988567387892264], [], [], [], [], [], []]
2015-02-17 20:41:15,966 - INFO - differential_equation - B           : [[0.0], [0.44993078364516936], [0.7998658083423286], [1.0498187892304744], [1.199782873336883], [1.2497760111706078], [1.1997828733368852], [1.0498187892304687], [0.7998658083423322], [0.44993078364516587], [], [], [], [], [], []]
2015-02-17 20:41:15,979 - INFO - differential_equation - B           : [[0.0], [0.4499580944080695], [0.7999187564722177], [1.0498902897360072], [1.1998685452106825], [1.249864390655875], [1.1998685452106828], [1.0498902897360065], [0.7999187564722181], [0.44995809440806916], [], [], [], [], [], []]
2015-02-17 20:41:15,990 - INFO - differential_equation - B           : [[0.0], [0.44997462913729985], [0.7999508128081798], [1.049933578219127], [1.1999204134518238], [1.2499178981636545], [1.1999204134518238], [1.049933578219127], [0.7999508128081798], [0.4499746291372998], [], [], [], [], [], []]
2015-02-17 20:41:16,001 - INFO - differential_equation - B           : [[0.0], [0.44998463974270514], [0.7999702206451984], [1.0499597863243262], [1.1999518159917681], [1.249950293163242], [1.1999518159917681], [1.0499597863243262], [0.7999702206451984], [0.44998463974270514], [], [], [], [], [], []]
2015-02-17 20:41:16,011 - INFO - differential_equation - B           : [[0.0], [0.44999070045402273], [0.7999819707135216], [1.0499756534725517], [1.1999708280016852], [1.249969906037058], [1.1999708280016852], [1.0499756534725517], [0.7999819707135216], [0.44999070045402273], [], [], [], [], [], []]
2015-02-17 20:41:16,380 - INFO - differential_equation - log_payload: {'log_owner': '1', 'simulation': 11}
2015-02-17 20:41:16,380 - INFO - differential_equation - plot_payload: {'plot_owner': '1', 'simulation': 11}
2015-02-17 20:41:16,380 - INFO - differential_equation - main: END
