2015-02-20 16:16:37,460 - INFO - log - ****differential_equation****
2015-02-20 16:16:37,460 - INFO - log - ****SYSTEM INFORMATION****
2015-02-20 16:16:37,460 - INFO - log - Python version    : 2.7.3
2015-02-20 16:16:37,460 - INFO - log - compiler          : GCC 4.7.2
2015-02-20 16:16:37,460 - INFO - log - system            : Linux
2015-02-20 16:16:37,460 - INFO - log - release           : 3.2.0-4-686-pae
2015-02-20 16:16:37,460 - INFO - log - machine           : i686
2015-02-20 16:16:37,461 - INFO - log - cpu's             : 2
2015-02-20 16:16:37,461 - INFO - log - interpreter       : 32bit
2015-02-20 16:16:37,461 - INFO - log - node              : crunchbang
2015-02-20 16:16:37,461 - INFO - log - platform          : Linux-3.2.0-4-686-pae-i686-with-debian-7.8
2015-02-20 16:16:37,461 - INFO - log - main: START
2015-02-20 16:16:37,463 - INFO - log - ****Run serial****
2015-02-20 16:16:37,463 - INFO - log - input data       : 22
2015-02-20 16:16:37,463 - INFO - log - A: [0.9577211999921316, 0.9262591547388176, 0.2561590399830589, 0.13575122879284462, 0.4098365754802903, 0.8581004151358013, 0.09662768540088118, 0.5036338752489609, 0.8542154043099179, 0.4578367984916524, 0.8701562574319721, 0.11140107445234926, 0.6823611510834889, 0.5034123646315308, 0.8396816673747602, 0.6983439784722527, 0.41261823160204236, 0.6864404199514526, 0.8785720700020011, 0.21783211218924803, 0.6278918180128528, 0.21117211847208917]
2015-02-20 16:16:37,463 - INFO - log - B is: [0.0, 0.5413357702782279, 0.3433283862440713, 0.5072564004767196, 0.26356270895298245, 0.6911977237047778, 0.4857521233677963, 0.49106591538270333, 0.8725164093833417, 0.29494951498439753, 0.7865892827701272, 0.31773729805433676, 0.7713519877415213, 0.6112087500642885, 0.636480528000798, 0.7027227777242494, 0.6559257293144184, 0.462466844582747, 0.7635625225198236, 1.0]
2015-02-20 16:16:37,538 - INFO - log - B is: [0.0, 0.18015576829557262, 0.2553704094911179, 0.44552765954945006, 0.4574400090453669, 0.5641134795687436, 0.6242569270320973, 0.5748680864671344, 0.7500282870763562, 0.5577880328685813, 0.8179175487456976, 0.5745961872900348, 0.8348999447130511, 0.6396768475170991, 0.8432101954551389, 0.7432892188211211, 0.8876484469303114, 0.874883058061319, 0.9666787400394209, 1.0]
2015-02-20 16:16:37,607 - INFO - log - B is: [0.0, 0.15603371405848285, 0.2852553540439954, 0.4003092516159098, 0.5051999220855921, 0.5540456884483982, 0.6720535603215181, 0.6359635318565461, 0.7926474238953759, 0.6806995857949764, 0.8736264274826647, 0.7233033335455049, 0.926770334067358, 0.7851237670797044, 0.9668809269807236, 0.8674858241109894, 1.0004205153319021, 0.9513262925889182, 1.0128450442833716, 1.0]
2015-02-20 16:16:37,684 - INFO - log - B is: [0.0, 0.1536463941221744, 0.30440284348854046, 0.4011775550509636, 0.5395182636392668, 0.5759891123152532, 0.7173979435248278, 0.6931670064594881, 0.8485906111595517, 0.7738432417853326, 0.9427629578191109, 0.839024692672271, 1.0084396524775237, 0.9019204036242332, 1.050357171831472, 0.9622552405767163, 1.0650166049061274, 1.0044663642610392, 1.0373794568533523, 1.0]
2015-02-20 16:16:37,754 - INFO - log - B is: [0.0, 0.15811882823934914, 0.32043058955963294, 0.41741413026120544, 0.570441941636947, 0.6103275658410776, 0.7616601238209623, 0.7505367137417162, 0.9045736288272644, 0.8531878080695163, 1.0078439550956866, 0.9316203018544069, 1.0770832078962598, 0.9930904733207088, 1.1130173109155679, 1.0352872849449646, 1.1096545987099433, 1.0450712988641124, 1.0536308336678772, 1.0]
2015-02-20 16:16:37,825 - INFO - log - B is: [0.0, 0.16499300253319457, 0.3353423234357463, 0.4389432392994105, 0.5995187058458374, 0.6483375473583798, 0.8033657126548078, 0.8056190766868591, 0.9563367285863147, 0.9225354243604578, 1.0655680616099323, 1.0080744649259992, 1.1347390270485296, 1.0659545177184946, 1.162911641500617, 1.0926292064529515, 1.1437718221247528, 1.076676639224578, 1.065782908016191, 1.0]
2015-02-20 16:16:37,912 - INFO - log - B is: [0.0, 0.1725179528850966, 0.3492740646579434, 0.4615897697286029, 0.626519770670758, 0.6859130552857459, 0.8415999499149515, 0.8566804216084117, 1.0028085378061307, 0.9834048288775182, 1.1159769030105153, 1.072473938931726, 1.1835753681133256, 1.1256031619370026, 1.2039940772245659, 1.1387270456679894, 1.171264773212555, 1.101833776491336, 1.075462835508923, 1.0]
2015-02-20 16:16:37,994 - INFO - log - B is: [0.0, 0.17991225946212125, 0.36206470527981865, 0.483464032960239, 0.6511275942961872, 0.7211600293474948, 0.8760285001423739, 0.9029670059022478, 1.0439928608614404, 1.0367891577157577, 1.1598386294036163, 1.1273844486303741, 1.2252858026433355, 1.1753664158947885, 1.2385073033868914, 1.1766063624861733, 1.1940788320734002, 1.1223235896750012, 1.0834428438594952, 1.0]
2015-02-20 16:16:38,087 - INFO - log - B is: [0.0, 0.18682453245161398, 0.37361571494602414, 0.5037297766837373, 0.6732258658228313, 0.7532979229844406, 0.9066759914964296, 0.9443405620341897, 1.0802522382447675, 1.0835331283810643, 1.1979907568489334, 1.1745642840956283, 1.2611395284623395, 1.2174616927082085, 1.267871481557857, 1.2082839041864089, 1.213343429090737, 1.1393400865988463, 1.090154487101212, 1.0]
2015-02-20 16:16:38,169 - INFO - log - B is: [0.0, 0.19311410711910956, 0.3839232928092274, 0.5220750088500591, 0.6928693193919416, 0.7821178709288746, 0.9337574038187851, 0.9809953865779509, 1.1120574265127028, 1.124405683622592, 1.2311906905423207, 1.2153027538575174, 1.29210022549964, 1.2534196294929008, 1.2930614075834959, 1.235122314663579, 1.2297900457716204, 1.1536840108637088, 1.0958698435842111, 1.0]
2015-02-20 16:16:38,271 - INFO - log - B is: [0.0, 0.1987471534597381, 0.39304742736983816, 0.5384539601277641, 0.7102129695787373, 0.8077003320305952, 0.9575742886715376, 1.0132855337957327, 1.1398931196767863, 1.1601079602106388, 1.260095326240388, 1.2505932403121052, 1.3189197365509466, 1.2843417551019491, 1.3147880442775643, 1.2580716322200785, 1.2439309346389869, 1.1659056728016903, 1.1007758142026705, 1.0]
2015-02-20 16:16:38,354 - INFO - log - B is: [0.0, 0.20374338810065432, 0.4010811986040924, 0.55295285296079, 0.725458368031121, 0.8302637236692895, 0.9784558021236311, 1.0416265813564374, 1.1642204329314598, 1.1912721626624574, 1.285270114331573, 1.2812294212250215, 1.342201145114065, 1.311054354095202, 1.3335949619296246, 1.2778206342464682, 1.2561462011702684, 1.17639729868717, 1.10500910406335, 1.0]
2015-02-20 16:16:38,434 - INFO - log - B is: [0.0, 0.20814773111861995, 0.40813036471735, 0.5657181444061374, 0.7388206327269841, 0.8500828007015088, 0.9967270938082596, 1.06644236799146, 1.1854623336052388, 1.2184623516394584, 1.3072023967129855, 1.3078624497110025, 1.3624397080808583, 1.3342008164512569, 1.349913268936563, 1.2948890079165933, 1.2667306225755042, 1.185449877664458, 1.1086745734887924, 1.0]
2015-02-20 16:16:38,519 - INFO - log - B is: [0.0, 0.21201510091916398, 0.4143015665762404, 0.5769180813866027, 0.7505102471331027, 0.8674452318540465, 1.0126935615335164, 1.0881377159617782, 1.2039992531862473, 1.2421779017677188, 1.3263133987912428, 1.3310368133769679, 1.3800495588972967, 1.3542978940078225, 1.3640945407796834, 1.3096832769180613, 1.275920623434094, 1.1932876744120429, 1.1118556309241483, 1.0]
2015-02-20 16:16:38,599 - INFO - log - B is: [0.0, 0.2154023642883891, 0.4196961376751903, 0.5867224987166503, 0.7607239502296129, 0.882629324480135, 1.0266340213475338, 1.1070857890261394, 1.2201694479134075, 1.2628585879844196, 1.342968132460978, 1.3512139468658493, 1.395381586031007, 1.3717707657853713, 1.3764314385390974, 1.3225311070719405, 1.283910645621347, 1.2000892807965164, 1.1146204557236137, 1.0]
2015-02-20 16:16:38,687 - INFO - log - B is: [0.0, 0.21836423483024475, 0.42440723426440274, 0.5952926963698187, 0.7696408643246379, 0.8958934462694889, 1.038798739897395, 1.1236234970397936, 1.2342715513359255, 1.2808903405256016, 1.3574835027308236, 1.3687885362114935, 1.4087358542019393, 1.386975576237082, 1.3871711831068996, 1.3337028081206432, 1.2908635411562408, 1.206000676033248, 1.1170259007605483, 1.0]
2015-02-20 16:16:38,771 - INFO - log - B is: [0.0, 0.22095134970176702, 0.42851883107827005, 0.6027768667240471, 0.7774215057545787, 0.9074718444182484, 1.0494100126564316, 1.1380511831883025, 1.2465680374124781, 1.296611055548635, 1.3701350147633589, 1.3841003082321024, 1.4203706001227512, 1.4002144762104594, 1.3965247601314617, 1.343425228081591, 1.296917470521345, 1.2111435482584496, 1.1191200511063595, 1.0]
2015-02-20 16:16:38,853 - INFO - log - B is: [0.0, 0.22320953450652012, 0.43210571767248795, 0.6093085334031513, 0.7842083046938907, 0.9175738821878984, 1.0586639845604238, 1.1506344704746965, 1.2572889362889665, 1.310316125369196, 1.3811623982913912, 1.3974429269279922, 1.4305090192097063, 1.4117460938525668, 1.404673498717264, 1.351891077417809, 1.3021906944023776, 1.2156207848108327, 1.1209439792663434, 1.0]
2015-02-20 16:16:38,980 - INFO - log - B is: [0.0, 0.2251797004222892, 0.4352339985023661, 0.6150065766868814, 0.7901268543156575, 0.9263850220824704, 1.0667329920599986, 1.1616070862563481, 1.2666354692325499, 1.3222635284452975, 1.390774378688325, 1.4090709597724973, 1.4393445757117627, 1.42179314898412, 1.4117739809167633, 1.359265457255479, 1.3067850554235791, 1.2195202452738536, 1.1225330051888232, 1.0]
2015-02-20 16:16:39,068 - INFO - log - B is: [0.0, 0.22689806230605689, 0.43796181822119207, 0.6199760490219238, 0.7952874568851114, 0.9340686268738779, 1.0737680374150005, 1.1711740206701504, 1.2747834430475256, 1.3326784213438723, 1.3991527591844533, 1.4192054989610938, 1.4470452840324046, 1.4305482235437277, 1.417961849374423, 1.36569063283857, 1.3107886161490228, 1.2229174695028633, 1.1239176405205644, 1.0]
2015-02-20 16:16:39,153 - INFO - log - A evolved is: [0, 0.0, 0.23027568996569858, 0.43613185303338764, 0.6297434730007906, 0.7918256702967957, 0.9491688374290072, 1.069049313086963, 1.189972392516745, 1.2693188874372368, 1.3531391266467396, 1.3935344166722505, 1.4391115863662558, 1.4418820324444717, 1.4477417396820054, 1.4138134003865166, 1.3783068158360032, 1.3081047803436616, 1.2295874901746364, 1.122989473040971, 1.0, 0]
2015-02-20 16:16:39,155 - INFO - log - PSim: initialized PSim
2015-02-20 16:16:39,155 - INFO - log - START: creating 2 parallel processes
2015-02-20 16:16:39,157 - INFO - log - pid for 0 is 20733
2015-02-20 16:16:39,157 - INFO - log - pid for 0 is 20733
2015-02-20 16:16:39,157 - INFO - log - START: done.
2015-02-20 16:16:39,158 - INFO - log - ****Run parallel (2)****
2015-02-20 16:16:39,158 - INFO - log - input data       : 22
2015-02-20 16:16:39,158 - INFO - log - A is: [0.8349979922368466, 0.015481501499783001, 0.6941804974603681, 0.20706856958620135, 0.9711435290669653, 0.3564344210393311, 0.943530644432185, 0.07711916601122826, 0.26140645652867345, 0.8776779223610565, 0.9999178260801104, 0.4002807629565971, 0.4693671769000016, 0.6540823930695772, 0.2980911810880458, 0.7863430886017803, 0.24813352194108396, 0.5648882207653148, 0.22991252383128824, 0.1002208478215032, 0.5962423335416568, 0.2587472189091671]
2015-02-20 16:16:39,159 - INFO - log - pid for 1 is 20743
2015-02-20 16:16:39,160 - INFO - log - pid for 1 is 20743
2015-02-20 16:16:39,161 - INFO - log - B is: [[0.0, 0.7749198233610041, 0.12160561405538887, 0.8429925917760634, 0.29208207382516294, 0.9676676652619719, 0.22710737203767636, 0.612799128992826, 0.4877291226985391, 0.6409927198167886, 0.6493099211712235], [0.7449730800024527, 0.5375121565254838, 0.3940597575064204, 0.7305433193480754, 0.2834429300269616, 0.6859462331959442, 0.24935360139858279, 0.3428851128058057, 0.42340800719886923, 0.18981461187773183, 1.0]]
2015-02-20 16:16:39,166 - INFO - log - B is: [[0.0, 0.24711311220670643, 0.1854974530139246, 0.6212379624321046, 0.32234654680415586, 0.7963244145534453, 0.43828189519547234, 0.8157111105321693, 0.544566993465515, 0.7582176794311853, 0.633277315822134], [0.6715168850201603, 0.6877228214334898, 0.5825586340315487, 0.7014557978481257, 0.5369483896954258, 0.7047889284424126, 0.5930621873589522, 0.7657359775566187, 0.7694069153249847, 0.9154537948623783, 1.0]]
2015-02-20 16:16:39,168 - INFO - log - B is: [[0.0, 0.20131911365480018, 0.22372724720980564, 0.5247546845929839, 0.3902896401713065, 0.7265664961887012, 0.5194038137443927, 0.8132242078605055, 0.6217872502852801, 0.8160757769211704, 0.7007512464207093], [0.7778959998265076, 0.7589024703706287, 0.7417811847422818, 0.8056194460624243, 0.743668380531146, 0.8568373800488231, 0.8019874185117091, 0.9217914181825684, 0.904119792958321, 0.9840713981658337, 1.0]]
2015-02-20 16:16:39,170 - INFO - log - B is: [[0.0, 0.18637904878824865, 0.25236393132583096, 0.49104922034745374, 0.4418749365060609, 0.6999710712211323, 0.5853784251599295, 0.8190803326936343, 0.6954253139444811, 0.8687181912613259, 0.7811348091225736], [0.8789716587209294, 0.8502126348378858, 0.8813420128040234, 0.9096724729392137, 0.8992235020244842, 0.9631138889231395, 0.9391572126102783, 1.0050328915523368, 0.9852930385213681, 1.0159897393026445, 1.0]]
2015-02-20 16:16:39,172 - INFO - log - B is: [[0.0, 0.18161751595431777, 0.2754928805902349, 0.4818454927958201, 0.4853010800707478, 0.699101339392205, 0.6448732975571624, 0.8410664616485027, 0.7672298752488639, 0.9234828949202192, 0.8627301054633042], [0.9674859955023477, 0.9389607525081219, 0.994012663462206, 0.9999151616548875, 1.017031277438375, 1.0441153976501467, 1.0377194004694155, 1.0623841403362821, 1.0416045846569675, 1.0368364893809587, 1.0]]
2015-02-20 16:16:39,174 - INFO - log - B is: [[0.0, 0.18186884548292145, 0.2958316234937903, 0.4853327184840276, 0.5243888645039309, 0.7127735540355807, 0.7000104493091733, 0.8728683083169345, 0.8351308101392553, 0.9784713472338863, 0.9395577203849556], [1.044736760125511, 1.019713015698825, 1.0853886959779622, 1.0776534718550073, 1.1082883936650683, 1.1099505561214698, 1.111780470816561, 1.1068846486641764, 1.0831594255579613, 1.0526090592137625, 1.0]]
2015-02-20 16:16:39,177 - INFO - log - B is: [[0.0, 0.1848327455993614, 0.31442142303973775, 0.4956859431814048, 0.5603550919731844, 0.7341664492066856, 0.7510424328336534, 0.9092210693153956, 0.8979241920225725, 1.0316079203878654, 1.0097808488072126], [1.1124803928077618, 1.091874744431599, 1.160876062543961, 1.1451205893523138, 1.180858529514014, 1.165433344281998, 1.1692757440038564, 1.1435243518327252, 1.1149871989177125, 1.065430904339231, 1.0]]
2015-02-20 16:16:39,178 - INFO - log - B is: [[0.0, 0.18920682820824955, 0.3315494514342748, 0.5095125990419439, 0.5934812243355688, 0.7591165761564124, 0.7979298319562833, 0.946776946670825, 0.9552565157919358, 1.081648249828363, 1.073195903777928], [1.1721756192292725, 1.156065879461465, 1.2243771443567582, 1.2041193345393235, 1.2400019773631021, 1.2131699336864308, 1.2151812743351782, 1.1746530937180257, 1.140107040843157, 1.0762495837258539, 1.0]]
2015-02-20 16:16:39,182 - INFO - log - B is: [[0.0, 0.1942106210960204, 0.34727727313539847, 0.5247735640458729, 0.6238294485102922, 0.7851203676257491, 0.8407022822216258, 0.983562940552866, 1.0072158951427725, 1.1279902775816029, 1.13016764828897], [1.2249814357176225, 1.2131438261932608, 1.2786061607994734, 1.256020937342944, 1.2892329982474873, 1.2547574279002236, 1.2527391523006097, 1.2015726085842506, 1.160455723553748, 1.0855682427698305, 1.0]]
2015-02-20 16:16:39,184 - INFO - log - B is: [[0.0, 0.19937793004521884, 0.3616342136293871, 0.5402572858347058, 0.6514664973693195, 0.8107144243631287, 0.8794998279605796, 1.0184855498174052, 1.05409243395747, 1.1704351106718116, 1.1812306402954265], [1.2718275316187784, 1.2639366843631943, 1.325468902324605, 1.301881656073068, 1.3309304740937404, 1.2912770064085748, 1.2841061175996666, 1.2251028750833208, 1.1773101817524714, 1.0936936641048558, 1.0]]
2015-02-20 16:16:39,187 - INFO - log - B is: [[0.0, 0.20443775144183668, 0.3746683442195357, 0.5552671796386789, 0.6765080566108408, 0.8350834945712015, 0.9145436031240654, 1.050996076873149, 1.0962597711913458, 1.2090215614533946, 1.2269449809316437], [1.313474027859083, 1.309180748195305, 1.366333662680866, 1.342535581928762, 1.3667361332045573, 1.3235164259334102, 1.3107443382009971, 1.2458124252713492, 1.1915288599935565, 1.100833589827711, 1.0]]
2015-02-20 16:16:39,190 - INFO - log - B is: [[0.0, 0.20924036492508533, 0.3864505005566634, 0.5694260846311562, 0.6991107502181285, 0.8578122371070906, 0.9461003363599827, 1.0808767135079216, 1.1341168807857003, 1.2439216193780414, 1.267845716248515], [1.3505543866088503, 1.349516939167344, 1.402209765176436, 1.3786580282725276, 1.3978098760343536, 1.352080853016647, 1.333666362280976, 1.2641234261520276, 1.2037006327456001, 1.1071397335598594, 1.0]]
2015-02-20 16:16:39,193 - INFO - log - B is: [[0.0, 0.2137107458509639, 0.39706669792379873, 0.5825528962622627, 0.7194546325340878, 0.8787285290426688, 0.9744551172911936, 1.108105909610797, 1.1680588792226128, 1.275376003868708, 1.3044266128455266], [1.3836053275439846, 1.3855020808628955, 1.433863497579906, 1.4108079683129569, 1.4249933169699822, 1.3774534601662696, 1.353590692595389, 1.2803650078964164, 1.2142388864985019, 1.1127289837779755, 1.0]]
2015-02-20 16:16:39,195 - INFO - log - B is: [[0.0, 0.21781919624725946, 0.4066100051268439, 0.5945848566706229, 0.7377282876287691, 0.8978049944714067, 0.9998933873657369, 1.1327743109721118, 1.198462381573808, 1.3036550204127015, 1.3371366333085597], [1.4130877563956046, 1.4176218842461157, 1.4618934714626093, 1.4394566727522358, 1.448914871985899, 1.4000312473087637, 1.3710412318848129, 1.2948029830684489, 1.22344149442797, 1.1176949324846646, 1.0]]
2015-02-20 16:16:39,197 - INFO - log - B is: [[0.0, 0.22156290121400332, 0.4151745104599398, 0.6055288207280641, 0.7541186065821346, 0.9150974705918448, 1.0226900628530446, 1.1550327033414034, 1.2256785453297052, 1.3290352464670552, 1.3663811157067047], [1.4394016471881577, 1.4463022376190704, 1.4867799227863259, 1.4650073672800796, 1.4700576294554557, 1.4201475503486387, 1.3864111835896742, 1.3076577138889685, 1.2315292643860702, 1.1221146732592129, 1.0]]
2015-02-20 16:16:39,199 - INFO - log - B is: [[0.0, 0.2249544126798361, 0.42285145188327156, 0.6154308846485971, 0.7688045453813573, 0.9307068495671077, 1.0431035451746389, 1.1750601432452252, 1.2500303366883163, 1.351786077349287, 1.392524643690314], [1.4628968727809706, 1.4719183419800321, 1.5089172874931243, 1.4878090265506665, 1.4888034866130546, 1.4380868736511465, 1.4000043540625489, 1.3191155030450872, 1.238670723350568, 1.1260530712920234, 1.0]]
2015-02-20 16:16:39,202 - INFO - log - B is: [[0.0, 0.22801451595886374, 0.4297269884351298, 0.6243576243140443, 0.781953712133946, 0.9447556747706306, 1.0613728835205753, 1.1930447796306518, 1.2718121529751027, 1.3721623777339205, 1.415894435333329], [1.4838813015270036, 1.4948020045873427, 1.5286360162920454, 1.5081663053762808, 1.5054621135133666, 1.4540950562272432, 1.4120620462449067, 1.3293361984156038, 1.2449982010191063, 1.1295655805994642, 1.0]]
2015-02-20 16:16:39,204 - INFO - log - B is: [[0.0, 0.23076786186078885, 0.4358810822366254, 0.6323846533277143, 0.7937208079178645, 0.9573740201814288, 1.0777168877595593, 1.2091726200449637, 1.291290744968954, 1.3904008783972897, 1.4367837787617546], [1.5026270235248738, 1.5152475113686759, 1.5462174353326317, 1.5263468928838015, 1.5202901871385566, 1.468386489127797, 1.4227807403223272, 1.3384584709008378, 1.250618357148372, 1.132700179409495, 1.0]]
2015-02-20 16:16:39,206 - INFO - log - B is: [[0.0, 0.2332403381180058, 0.4413870867690739, 0.639589779692301, 0.8042472207027911, 0.9686911859666182, 1.0923344005022184, 1.2236212401094912, 1.3087068227687897, 1.4067188362455934, 1.4554553201180154], [1.5193752722947325, 1.5335164323513848, 1.5619040839844076, 1.5425871192104552, 1.5335043597045928, 1.4811494125991194, 1.4323238631129052, 1.3466036082272932, 1.2556191495204778, 1.135498748363067, 1.0]]
2015-02-20 16:16:39,208 - INFO - log - B is: [[0.0, 0.2354575298964903, 0.44631176339722484, 0.6460490377048591, 0.8136613036502399, 0.9788310166437332, 1.1054052226833178, 1.2365565416874664, 1.3242769807518122, 1.421314029921277, 1.4721441257562025], [1.5343404146972932, 1.549841623718248, 1.5759070851259545, 1.5570963532229964, 1.5452901691280925, 1.4925499298124068, 1.4408297476387093, 1.353878334003776, 1.260074512627951, 1.1379980855382759, 1.0]]
2015-02-20 16:16:39,210 - INFO - log - PSim: initialized PSim
2015-02-20 16:16:39,210 - INFO - log - START: creating 4 parallel processes
2015-02-20 16:16:39,213 - INFO - log - pid for 0 is 20733
2015-02-20 16:16:39,214 - INFO - log - pid for 0 is 20733
2015-02-20 16:16:39,214 - INFO - log - START: done.
2015-02-20 16:16:39,214 - INFO - log - ****Run parallel (4)****
2015-02-20 16:16:39,214 - INFO - log - input data       : 22
2015-02-20 16:16:39,213 - INFO - log - pid for 2 is 20745
2015-02-20 16:16:39,214 - INFO - log - pid for 2 is 20745
2015-02-20 16:16:39,214 - INFO - log - A is: [0.3518362231264007, 0.8705017841896299, 0.5666774634216768, 0.8168948859538622, 0.9484913948608302, 0.24922541935521558, 0.929227382111044, 0.6604329728277998, 0.7561999597208223, 0.8012267768899927, 0.34969624516787645, 0.8008071386313461, 0.7586769808466248, 0.8569248343960354, 0.7546690913991584, 0.7353130428631625, 0.20581936896192177, 0.3275716411679779, 0.8582774691653035, 0.9949760215297975, 0.08567530737465423, 0.8682907454797162]
2015-02-20 16:16:39,215 - INFO - log - pid for 1 is 20744
2015-02-20 16:16:39,216 - INFO - log - pid for 3 is 20746
2015-02-20 16:16:39,217 - INFO - log - B is: [[0.0, 0.4695874217864355, 0.8540289135841427, 0.7679150076536502, 0.5433907311669356, 0.9491899669983338], [0.4651597746039044, 0.8530442494283299, 0.7411604533712929, 0.5632786809567462, 0.8113475362730661, 0.5645171915196473], [0.8391965650260874, 0.7670036146352883, 0.8064495171419956, 0.4905748086929368, 0.5417729205279669, 0.5423789975760093], [0.6716044098612844, 0.48230696678237556, 0.9419639620171535, 1.0]]
2015-02-20 16:16:39,221 - INFO - log - B is: [[0.0, 0.23398999323219227, 0.3587441399188009, 0.5987222464630085, 0.588182185747914, 0.7908444310473229], [0.7116559753522894, 0.8334969993249391, 0.7875085532226255, 0.7989318830862736, 0.8395932163119676, 0.7516889021980125], [0.8582533041659248, 0.7178749454451616, 0.8490429774857235, 0.7083046122692623, 0.849490147326751, 0.7493286809653755], [0.894042732313583, 0.86065263454133, 0.9700396593205277, 1.0]]
2015-02-20 16:16:39,225 - INFO - log - B is: [[0.0, 0.19944462318674666, 0.33088126091230297, 0.5227506472877859, 0.5761716767106878, 0.7332951565577063], [0.742623669842335, 0.8389295356309452, 0.8465525821669583, 0.8694401561257945, 0.9066891037497261, 0.8631756675269474], [0.9397706103509941, 0.8543751159782486, 0.9611462921255816, 0.8666372085518969, 0.9833210397922618, 0.9083898713528846], [1.0076852819299138, 0.9661060653629812, 1.0149302333065484, 1.0]]
2015-02-20 16:16:39,228 - INFO - log - B is: [[0.0, 0.18804975496310877, 0.33195277050997707, 0.4980686675023669, 0.585937501622649, 0.7175841933204724], [0.7695793742564264, 0.853679523187416, 0.8944860754416957, 0.9249935228725079, 0.9750281366026902, 0.9569711392902288], [1.0257888645945488, 0.9743374160464738, 1.0583864725265666, 0.9935479277622135, 1.0777071264292453, 1.0168777394709447], [1.0780650808031729, 1.0293608683935191, 1.0411752705753903, 1.0]]
2015-02-20 16:16:39,231 - INFO - log - B is: [[0.0, 0.18534637649444385, 0.3393711397968699, 0.4941977362888583, 0.6034751669830439, 0.7230302563080723], [0.8009818037841142, 0.8798311645876252, 0.9423595323123619, 0.9786556598269583, 1.0391711088461253, 1.0370915766060125], [1.1021966938759733, 1.0715336241193716, 1.1387773157151015, 1.091880666095107, 1.1500307795783427, 1.0973484453226277], [1.1288283774621946, 1.0747536033935456, 1.0594968912753295, 1.0]]
2015-02-20 16:16:39,235 - INFO - log - B is: [[0.0, 0.18673789616054098, 0.34928469100039117, 0.500515966606192, 0.6244780687723769, 0.7396289260433127], [0.8346341201294352, 0.912545770535113, 0.9893518183285915, 1.0306416151763826, 1.098079496967529, 1.1065129608681772], [1.1686768449595635, 1.1509176537668337, 1.205532410451304, 1.1693209427025644, 1.2077725814897446, 1.159210742257773], [1.1681993195887928, 1.1091457990649023, 1.0734890511408246, 1.0]]
2015-02-20 16:16:39,238 - INFO - log - B is: [[0.0, 0.19020888344105677, 0.3602212603061547, 0.5119992169611033, 0.6467176006969418, 0.7617362511387736], [0.8684376035389961, 0.9478841856437338, 1.034112301567046, 1.0799595978635304, 1.1515691099431524, 1.1672939285143933], [1.226628347560736, 1.2169969831933725, 1.2618067729721734, 1.2317346500714461, 1.25520171563193, 1.2080711191757147], [1.199965900672758, 1.1360057369088452, 1.0846759151181102, 1.0]]
2015-02-20 16:16:39,242 - INFO - log - B is: [[0.0, 0.19468037828531023, 0.3713480591204272, 0.5258755414948352, 0.6688518864926879, 0.786056063987371], [0.9010606582544562, 0.9833655039846708, 1.075863990478634, 1.125924115684268, 1.1998421073540009, 1.220869068697883], [1.2774111934220558, 1.2729627042554823, 1.309927950831926, 1.2831602772099855, 1.2950037478838816, 1.247615794093423], [1.2262866528610437, 1.1575268306113402, 1.0938855649910433, 1.0]]
2015-02-20 16:16:39,245 - INFO - log - B is: [[0.0, 0.19953365943535148, 0.38216838895496075, 0.5405446758616189, 0.6900912171487509, 0.8106690358439778], [0.9317617125752776, 1.0175550174784758, 1.114281007643983, 1.1682238988600206, 1.2432573173451285, 1.2682982352758758], [1.3221322171718606, 1.3210245088210708, 1.351552774077704, 1.3263446228615872, 1.3289558943239135, 1.280321499362183], [1.2485266924450469, 1.1751700751052652, 1.101630081832605, 1.0]]
2015-02-20 16:16:39,248 - INFO - log - B is: [[0.0, 0.2044113869529303, 0.3924018957426908, 0.555085980849672, 0.7100075788330314, 0.8344869709980056], [0.9601855087950629, 1.0496856406657102, 1.1493119836426597, 1.206810058795948, 1.2822228363864268, 1.3104078681285938], [1.3616709555615412, 1.3627400367995584, 1.3878762944321894, 1.3631739018630935, 1.358279260382049, 1.3078706796813762], [1.267598463099052, 1.189922944747903, 1.1082473254754273, 1.0]]
2015-02-20 16:16:39,252 - INFO - log - B is: [[0.0, 0.2091124455711378, 0.40190794753058867, 0.5689877053153146, 0.7284038072885561, 0.8569274791853879], [0.9862159492519648, 1.0794015678536595, 1.1810613120715827, 1.2417944358937691, 1.317148702182661, 1.34786832698961], [1.3967327077293812, 1.3992375468921467, 1.4197826653574586, 1.394967349946817, 1.383841352255949, 1.3314226655192005], [1.284136070502364, 1.2024614017353807, 1.113969760458996, 1.0]]
2015-02-20 16:16:39,255 - INFO - log - B is: [[0.0, 0.21353042904989353, 0.410633353626708, 0.5819861899647032, 0.7452249548975772, 0.8777150289934839], [1.0098790507688729, 1.1065945476470853, 1.2097164138767562, 1.2733787297416024, 1.3484263837388635, 1.38123856339571], [1.4278930925917395, 1.4313589064539156, 1.447944967637953, 1.4226696674839854, 1.4062785837059517, 1.3517920387449898], [1.2985954135002522, 1.2132562383414156, 1.118963010892435, 1.0]]
2015-02-20 16:16:39,258 - INFO - log - B is: [[0.0, 0.21761623796978255, 0.41857763664124714, 0.5939675340460736, 0.7605002205048336, 0.8967579374528637], [1.0312810887005244, 1.1313010410731899, 1.235503998959932, 1.3018087815917057, 1.3764202745660732, 1.4109937735544824], [1.4556306704441762, 1.4597512793744107, 1.472890357006073, 1.4469758583998238, 1.4260726725028472, 1.3695650665085282], [1.3113150287708824, 1.2226427094566177, 1.123348998657962, 1.0]]
2015-02-20 16:16:39,262 - INFO - log - B is: [[0.0, 0.22135500361737584, 0.4257706235410347, 0.6049068038165609, 0.7743058878555839, 0.914072057303772], [1.050569969515819, 1.1536382072876876, 1.2586640665116204, 1.3273462744516071, 1.401464788140011, 1.4375436030210706], [1.4803499717610917, 1.4849264249966656, 1.4950427356965577, 1.4684121068806586, 1.4435992667510373, 1.3851753307406829], [1.3225542239376968, 1.2308658455219228, 1.127220340688879, 1.0]]
2015-02-20 16:16:39,265 - INFO - log - B is: [[0.0, 0.22475179024635442, 0.4322583126842562, 0.6148303635035385, 0.7867421642585454, 0.9297335216975001], [1.0679115571680449, 1.173764445855764, 1.2794347693311472, 1.3502518429487045, 1.4238641836071808, 1.4612447563199147], [1.5023976923482567, 1.5072994863751998, 1.5147509757735198, 1.4873883352851798, 1.4591593968215142, 1.3989528202162018], [1.3325174659871803, 1.2381098661144254, 1.130649510589777, 1.0]]
2015-02-20 16:16:39,269 - INFO - log - B is: [[0.0, 0.22782275202314153, 0.43809414062806157, 0.6237926077387878, 0.7979190021470003, 0.9438496697023632], [1.083475495320152, 1.1918554088366318, 1.298043945964866, 1.3707754553560472, 1.4438937467651562, 1.4824101122334328], [1.5220742151196351, 1.5272147055422594, 1.5323078440584645, 1.5042325763411324, 1.4730001264100354, 1.4111558951915872], [1.3413702346028946, 1.2445173010834774, 1.1336947683622596, 1.0]]
2015-02-20 16:16:39,272 - INFO - log - B is: [[0.0, 0.23058970031227455, 0.44333370768191305, 0.6318617060287643, 0.8079476379748112, 0.956541366277781], [1.0974269994373638, 1.2080897214749118, 1.3147047336922544, 1.3891513440610475, 1.4618016230573032, 1.501315563008023], [1.5396419752948327, 1.5449627497577636, 1.547962916360785, 1.5192136665104683, 1.4853283317828871, 1.42199223474026], [1.349249490344608, 1.2502014828392407, 1.1364040587715085, 1.0]]
2015-02-20 16:16:39,275 - INFO - log - B is: [[0.0, 0.23307680705920544, 0.44803169049313596, 0.6391109919220969, 0.8169357282377022, 0.9679324558636503], [1.1099223656634989, 1.2226407653267206, 1.329613655984317, 1.4055957305432618, 1.4778109242564268, 1.518205318105433], [1.555331689819914, 1.5607926152470146, 1.561931580289157, 1.5325564232237197, 1.496320067814792, 1.4316326993850612], [1.3562707066653563, 1.2552547760793302, 1.138817617233771, 1.0]]
2015-02-20 16:16:39,278 - INFO - log - B is: [[0.0, 0.23530864465780105, 0.4522401223453824, 0.6456138813076885, 0.8249847239280547, 0.9781436664578634], [1.121106766656992, 1.235672219792429, 1.3429501841567495, 1.420306230152222, 1.492121899828075, 1.5332961385203], [1.5693471262087628, 1.574919995888049, 1.5744014695614488, 1.5444519655510127, 1.5061270738732906, 1.4402206288074182], [1.3625326884444262, 1.2597540638054288, 1.1409697452572993, 1.0]]
2015-02-20 16:16:39,281 - INFO - log - B is: [[0.0, 0.23730905895624393, 0.4560075186680204, 0.651440987512909, 0.8321886199777646, 0.987289273112591], [1.1311134318664446, 1.2473359090035487, 1.3548771510402975, 1.4334622351541995, 1.5049140576179714, 1.5467808027016143], [1.581868855174253, 1.5875333227311985, 1.585537191402343, 1.5550648778436658, 1.5148814070525358, 1.4478781862171537], [1.3681209508534835, 1.2637644616984944, 1.1428900472290704, 1.0]]
2015-02-20 16:16:39,286 - INFO - log - PSim: initialized PSim
2015-02-20 16:16:39,286 - INFO - log - START: creating 8 parallel processes
2015-02-20 16:16:39,289 - INFO - log - pid for 2 is 20748
2015-02-20 16:16:39,290 - INFO - log - pid for 1 is 20747
2015-02-20 16:16:39,291 - INFO - log - pid for 4 is 20750
2015-02-20 16:16:39,291 - INFO - log - pid for 4 is 20750
2015-02-20 16:16:39,292 - INFO - log - pid for 5 is 20751
2015-02-20 16:16:39,293 - INFO - log - pid for 5 is 20751
2015-02-20 16:16:39,293 - INFO - log - pid for 6 is 20752
2015-02-20 16:16:39,294 - INFO - log - pid for 6 is 20752
2015-02-20 16:16:39,294 - INFO - log - pid for 3 is 20749
2015-02-20 16:16:39,294 - INFO - log - pid for 7 is 20753
2015-02-20 16:16:39,294 - INFO - log - pid for 3 is 20749
2015-02-20 16:16:39,291 - INFO - log - pid for 0 is 20733
2015-02-20 16:16:39,295 - INFO - log - pid for 0 is 20733
2015-02-20 16:16:39,295 - INFO - log - START: done.
2015-02-20 16:16:39,295 - INFO - log - ****Run parallel (8)****
2015-02-20 16:16:39,295 - INFO - log - input data       : 22
2015-02-20 16:16:39,295 - INFO - log - A is: [0.9941992019456457, 0.8435071423774898, 0.4598280580446992, 0.5816037116804494, 0.9545531256451617, 0.9965794111215339, 0.8038496318380487, 0.5343009340815463, 0.3502909965628688, 0.5466000156963003, 0.13598105174044284, 0.27512469231756576, 0.1357876510048186, 0.7443328553181807, 0.21895643559167421, 0.23421261263664783, 0.06808525280360123, 0.5740927133742549, 0.6882462467681598, 0.7628364630296692, 0.9168622404723055, 0.9169749503809942]
2015-02-20 16:16:39,299 - INFO - log - B is: [[0.0, 0.7373442085075691, 0.7228860055413663], [0.7175211703573271, 0.7994221399133884, 0.8895319572540019], [0.7757707511139368, 0.5874008927128554, 0.5507810534013201], [0.2534666026640525, 0.42119293251932977, 0.1462149298850274], [0.52005935233027, 0.1877026218106431, 0.499603312489811], [0.1538514227100344, 0.4144832415178481, 0.38849632829827724], [0.6787951667143588, 0.8128848221326294, 0.8502362852177284], [1.0]]
2015-02-20 16:16:39,305 - INFO - log - B is: [[0.0, 0.22396251325512512, 0.40415834807183787], [0.55128040852767, 0.6480825877823428, 0.6708375381819255], [0.7243548600035054, 0.6177331750227247, 0.6965939631991751], [0.4917101870940297, 0.643886626923904, 0.38943337721841975], [0.615081100305931, 0.36803304578552665, 0.6288738918135443], [0.44545371183214355, 0.6939477229972132, 0.6079488640171298], [0.8088935737122014, 0.8130198080162959, 0.9439125822547069], [1.0]]
2015-02-20 16:16:39,312 - INFO - log - B is: [[0.0, 0.17564538375548747, 0.341696338123966], [0.4463858223027265, 0.5783932295233226, 0.5940354555438273], [0.7082858073109803, 0.6318294719577815, 0.755844898575038], [0.6050840649297099, 0.7610835579014253, 0.5707648370419213], [0.7629745979969115, 0.5747682636033593, 0.7876610019799416], [0.6380566392631234, 0.8435261892069787, 0.7535269049105736], [0.9195244923938687, 0.8900790902881176, 0.9851288487769995], [1.0]]
2015-02-20 16:16:39,318 - INFO - log - B is: [[0.0, 0.16047456183750364, 0.32452405173917015], [0.4145276153913787, 0.5622723387746398, 0.5775363674527006], [0.7174788608864532, 0.6613150733461574, 0.8061926466091812], [0.6932157868393173, 0.8531519560058013, 0.7079626816113981], [0.8842169935284538, 0.7357543503518569, 0.9181206277187303], [0.7921371330317953, 0.960425030805682, 0.8729748113652885], [1.000879815779719, 0.954924365761518, 1.0143398234909045], [1.0]]
2015-02-20 16:16:39,325 - INFO - log - B is: [[0.0, 0.1577602401977946, 0.3238812533085587], [0.412328238596554, 0.568829327683282, 0.5902852963107091], [0.74243693665776, 0.7038145727195293, 0.8578846038630904], [0.7724872197129432, 0.932448378976293, 0.8191579206334878], [0.9833505423358443, 0.8633224122765005, 1.0225921308051524], [0.9146380911939648, 1.0526172713716304, 0.9688846973503815], [1.0641619866544998, 1.007425179459378, 1.0368648137461378], [1.0]]
2015-02-20 16:16:39,332 - INFO - log - B is: [[0.0, 0.16064729572211237, 0.33062830995857173], [0.42376808350318396, 0.5859818162636973, 0.6170391691701456], [0.7752083592128879, 0.752723101671312, 0.9098971249316088], [0.8462089745776314, 1.0030345492550208, 0.9135402407123925], [1.0664340243786403, 0.9674170553068168, 1.1074769297492126], [1.013103108013541, 1.1262806688454285, 1.0456646719006677], [1.114262456730492, 1.0494511194410918, 1.0546224934162138], [1.0]]
2015-02-20 16:16:39,338 - INFO - log - B is: [[0.0, 0.16614247098114485, 0.34078761141021147], [0.44150653000976675, 0.6079027085565403, 0.649972506814363], [0.8109892994134511, 0.8034641046925369, 0.9604283624013926], [0.9147170901948177, 1.066461863671903, 0.995578504138411], [1.1374636898713486, 1.054447330753734, 1.177835386151113], [1.0936715883794144, 1.1862089234113944, 1.107792513793471], [1.1545940875517045, 1.0832841086769556, 1.0688499593685805], [1.0]]
2015-02-20 16:16:39,344 - INFO - log - B is: [[0.0, 0.17275556109785548, 0.3523330759613146], [0.46180101165139303, 0.63149449560026, 0.6848799997752695], [0.8470229634211305, 0.8532897012417342, 1.0082549505115035], [0.977873051479138, 1.1235424777781533, 1.0677394466434105], [1.1990184825806531, 1.1285434528195555, 1.2372043639949821], [1.1608139349119784, 1.2358862048312278, 1.158893461474562], [1.1876688591039835, 1.1109186830922233, 1.0804586114333008], [1.0]]
2015-02-20 16:16:39,352 - INFO - log - B is: [[0.0, 0.1796957716232481, 0.36416616193242873], [0.482645351687298, 0.6550569809577295, 0.7194640773432691], [0.8817766331968576, 0.900664740497498, 1.0527211030574108], [1.0356325518486225, 1.174868298913892, 1.1316065674092075], [1.2528549154123252, 1.1924733210466658, 1.2880322128285624], [1.2176835179470402, 1.2777725217295746, 1.2016464368775552], [1.2152862609063517, 1.1338777388207466, 1.0901061474742544], [1.0]]
2015-02-20 16:16:39,358 - INFO - log - B is: [[0.0, 0.18653475039369802, 0.375685972932144], [0.5029535754297444, 0.6776672251556161, 0.7524914936069105], [0.9144464755148317, 0.9448116081340748, 1.0935652664037971], [1.0881208315710162, 1.2209589049723906, 1.1883290069258374], [1.3002400053394516, 1.2481718484083746, 1.3320416898883773], [1.266500746189755, 1.3135965534153418, 1.2379655596917383], [1.2387151882979237, 1.1532623436464655, 1.0982575780104897], [1.0]]
2015-02-20 16:16:39,367 - INFO - log - B is: [[0.0, 0.19304479999257554, 0.3865750572459564], [0.5221558863824238, 0.6988524616847448, 0.7833432491625], [0.9446631897630952, 0.9854141155191484, 1.1307731089948894], [1.135592986071497, 1.2622984317973198, 1.238810781607792], [1.3421322644069071, 1.2970452482827481, 1.3704751029070603], [1.3088491806470295, 1.3445851905675787, 1.2692115078816963], [1.2588513505012835, 1.1698558652156428, 1.105240638593197], [1.0]]
2015-02-20 16:16:39,376 - INFO - log - B is: [[0.0, 0.19911348227697698, 0.396681692329319], [0.5399808574959598, 0.7184046054850001, 0.8117597080880046], [0.9723145474663815, 1.0224303518092723, 1.1644753865918525], [1.178381196826477, 1.2993410658028146, 1.2837980391302735], [1.3792848158292992, 1.3401522411131326, 1.4042536841805373], [1.34588223410887, 1.3716259831250839, 1.296361981729799], [1.2763354514554686, 1.1842181441068218, 1.1112887150026498], [1.0]]
2015-02-20 16:16:39,385 - INFO - log - B is: [[0.0, 0.2046955290543672, 0.40595152437145876], [0.556331075642203, 0.7362706633812731, 0.8376905685041568], [0.9974371606011204, 1.0559756781852578, 1.1948815348023014], [1.216853143394282, 1.3325095112261982, 1.323924161763058], [1.4123074945264869, 1.3783158447429866, 1.4340807151355464], [1.3784619381006147, 1.395377023901956, 1.3201337228760959], [1.2916355870893272, 1.1967558915188254, 1.1165712478915808], [1.0]]
2015-02-20 16:16:39,394 - INFO - log - B is: [[0.0, 0.20978463080624823, 0.41438666351350906], [0.5712095988001317, 0.7524865872975276, 0.8612046178087136], [1.0201501807198814, 1.086250214289098, 1.222237999239495], [1.2513840131096436, 1.362193310872689, 1.359736008307753], [1.4417060537561983, 1.4121943150817775, 1.4605085276270273], [1.407250653646266, 1.4163398075073685, 1.3410655788924737], [1.3051026691391816, 1.2077715351899432, 1.1212143389890137], [1.0]]
2015-02-20 16:16:39,404 - INFO - log - B is: [[0.0, 0.21439650726450185, 0.4220208617722273], [0.5846756526884186, 0.7671370100244189, 0.8824349665387089], [1.0406147940375543, 1.1134944043980253, 1.2468028349512745], [1.2823392706710968, 1.3887484666692573, 1.3917108456593725], [1.4679078819161033, 1.4423272067952169, 1.4839823798515666], [1.4327714387368846, 1.4349072130802163, 1.3595738451807182], [1.3170071224759947, 1.217496029279182, 1.1253144368902839], [1.0]]
2015-02-20 16:16:39,414 - INFO - log - B is: [[0.0, 0.21855865435938393, 0.42890440429417637], [0.596817779896011, 0.7803307635655055, 0.9015458525314356], [1.0590097208974263, 1.137962242331514, 1.268830732219173], [1.3100648871989873, 1.4124982747026553, 1.420268191769075], [1.4912794333233057, 1.4691659061337297, 1.5048695049263803], [1.4554479098589517, 1.4513951429008858, 1.3759888818043295], [1.3275630783763832, 1.226110613638339, 1.128947363420777], [1.0]]
2015-02-20 16:16:39,424 - INFO - log - B is: [[0.0, 0.2223041429322899, 0.4350949668071561], [0.6077376318367651, 0.7921861388189971, 0.9187127303113499], [1.0755166741399542, 1.1599055545637744, 1.2885646118933245], [1.3348824218211857, 1.4337349795272478, 1.4457786120998894], [1.5121384111542497, 1.4930943022627352, 1.5234786193019885], [1.4756307888237343, 1.4660635303525165, 1.390579385950284], [1.3369443731987343, 1.2337612189608502, 1.1321742743877519], [1.0]]
2015-02-20 16:16:39,434 - INFO - log - B is: [[0.0, 0.22566790971772271, 0.44065216676512187], [0.6175403219660186, 0.8028221866943533, 0.934110585616484], [1.0903120065282819, 1.1795651671880631, 1.3062312996950098], [1.3570871321403237, 1.4527218863749962, 1.4685705521122263], [1.5307625460929255, 1.5144431085548693, 1.5400732614618173], [1.4936158182534183, 1.4791304555117295, 1.403568613190515], [1.34529521992392, 1.2405680558166965, 1.13504562435059], [1.0]]
2015-02-20 16:16:39,440 - INFO - log - B is: [[0.0, 0.2286845896388562, 0.44563440536208637], [0.6263288385690833, 0.8123537642177504, 0.947907340009697], [1.1035621846945574, 1.197166321222685, 1.3220396915865575], [1.3769479063944898, 1.4696956713849936, 1.4889358276680182], [1.547396119081139, 1.5335000420592613, 1.554881112632124], [1.509656068285029, 1.4907817864413893, 1.4151453641627625], [1.3527374230939893, 1.2466320692778017, 1.137603836154825], [1.0]]
2015-02-20 16:16:39,446 - INFO - log - B is: [[0.0, 0.2313873008356428, 0.45009712611478797], [0.6342009644177149, 0.8208888904866966, 0.9602603887501767], [1.1154216065417102, 1.2129166761361223, 1.3361804068194456], [1.3947082423464263, 1.4848687216560104, 1.5071341541126597], [1.5622549567858683, 1.5505172639616174, 1.5681006762098217], [1.5239705777388195, 1.501177902173379, 1.4254715619460503], [1.3593753455746973, 1.252039354233631, 1.1398851288634904], [1.0]]
2015-02-20 16:16:39,450 - INFO - log - PSim: initialized PSim
2015-02-20 16:16:39,450 - INFO - log - START: creating 16 parallel processes
2015-02-20 16:16:39,455 - INFO - log - pid for 3 is 20756
2015-02-20 16:16:39,456 - INFO - log - pid for 3 is 20756
2015-02-20 16:16:39,457 - INFO - log - pid for 4 is 20757
2015-02-20 16:16:39,458 - INFO - log - pid for 4 is 20757
2015-02-20 16:16:39,458 - INFO - log - pid for 2 is 20755
2015-02-20 16:16:39,459 - INFO - log - pid for 2 is 20755
2015-02-20 16:16:39,459 - INFO - log - pid for 6 is 20759
2015-02-20 16:16:39,460 - INFO - log - pid for 6 is 20759
2015-02-20 16:16:39,461 - INFO - log - pid for 5 is 20758
2015-02-20 16:16:39,461 - INFO - log - pid for 5 is 20758
2015-02-20 16:16:39,462 - INFO - log - pid for 8 is 20761
2015-02-20 16:16:39,462 - INFO - log - pid for 8 is 20761
2015-02-20 16:16:39,465 - INFO - log - pid for 1 is 20754
2015-02-20 16:16:39,465 - INFO - log - pid for 9 is 20762
2015-02-20 16:16:39,466 - INFO - log - pid for 1 is 20754
2015-02-20 16:16:39,466 - INFO - log - pid for 9 is 20762
2015-02-20 16:16:39,466 - INFO - log - pid for 10 is 20763
2015-02-20 16:16:39,466 - INFO - log - pid for 10 is 20763
2015-02-20 16:16:39,467 - INFO - log - pid for 7 is 20760
2015-02-20 16:16:39,467 - INFO - log - pid for 7 is 20760
2015-02-20 16:16:39,467 - INFO - log - pid for 12 is 20765
2015-02-20 16:16:39,468 - INFO - log - pid for 12 is 20765
2015-02-20 16:16:39,468 - INFO - log - pid for 11 is 20764
2015-02-20 16:16:39,469 - INFO - log - pid for 11 is 20764
2015-02-20 16:16:39,469 - INFO - log - pid for 13 is 20766
2015-02-20 16:16:39,469 - INFO - log - pid for 13 is 20766
2015-02-20 16:16:39,471 - INFO - log - pid for 14 is 20767
2015-02-20 16:16:39,471 - INFO - log - pid for 14 is 20767
2015-02-20 16:16:39,471 - INFO - log - pid for 0 is 20733
2015-02-20 16:16:39,472 - INFO - log - pid for 0 is 20733
2015-02-20 16:16:39,472 - INFO - log - START: done.
2015-02-20 16:16:39,472 - INFO - log - ****Run parallel (16)****
2015-02-20 16:16:39,472 - INFO - log - input data       : 22
2015-02-20 16:16:39,472 - INFO - log - A is: [0.5813075412466046, 0.8569143075754974, 0.26283888318107074, 0.5835913550146257, 0.052394754872568616, 0.7048829479272551, 0.8794021686532602, 0.3097810293772607, 0.17266704481336714, 0.6296420919588301, 0.42166152117716516, 0.5503633886542203, 0.5953917729472263, 0.06602056705956116, 0.010900051057929683, 0.7489401228002501, 0.4628486257052258, 0.5620321102576085, 0.33205257566608304, 0.21207900714425854, 0.11442856708654059, 0.10368982212201516]
2015-02-20 16:16:39,472 - INFO - log - pid for 15 is 20768
2015-02-20 16:16:39,473 - INFO - log - pid for 15 is 20768
2015-02-20 16:16:39,483 - INFO - log - B is: [[0.0, 0.43240379072623436], [0.7305834098074583, 0.16794739753921636], [0.6545677299833371, 0.4762290402753111], [0.5176625671646546, 0.5363651852457104], [0.48004213918044214, 0.30749486150766286], [0.6003333188189219, 0.5188572255745925], [0.31852255636928745, 0.3134764905149747], [0.41781092344230236, 0.24720491689397442], [0.665816695041326, 0.4077811791980511], [0.3973861372133302, 0.2335711498887085], [0.16821499314553354, 0.067544862055667], [], [], [], [], []]
2015-02-20 16:16:39,494 - INFO - log - B is: [[0.0, 0.1319759810188791], [0.35259636988000287, 0.3328655914530263], [0.559944093039913, 0.4534171963084067], [0.6291740089810846, 0.5073316606568969], [0.621314241704335, 0.5141595791844192], [0.5936423191768085, 0.4934229833951349], [0.5737321889566187, 0.46059764635021294], [0.5588505458296443, 0.42114391154171993], [0.5197923264068177, 0.3643580173967905], [0.42192318207124996, 0.2673483655575253], [0.24942731705332674, 0.10793467085799142], [], [], [], [], []]
2015-02-20 16:16:39,506 - INFO - log - B is: [[0.0, 0.13327691461587032], [0.3068574454473228, 0.34094654465277396], [0.5183267130384751, 0.47678547348760764], [0.6373370907380936, 0.5519285910811166], [0.6849498166838578, 0.5802754620486438], [0.6889535616477095, 0.5754743521946674], [0.6690113373797569, 0.546889921863832], [0.6287367697987251, 0.4963167567713116], [0.5576146615672164, 0.4170535891860284], [0.4388201112849257, 0.2958775147244703], [0.25670964841940475, 0.11659297673475448], [], [], [], [], []]
2015-02-20 16:16:39,516 - INFO - log - B is: [[0.0, 0.1379375910484057], [0.2988905412873142, 0.3562322401457412], [0.5154318968396553, 0.5056027261837416], [0.6550644819402139, 0.5964315274686453], [0.7296106300409801, 0.6395823232211667], [0.7537040763602935, 0.6446676771380339], [0.7389482257144367, 0.6178181200996217], [0.6895294040630365, 0.5599102440313367], [0.6014690294416046, 0.46600010208460163], [0.4650761329144717, 0.326091622454556], [0.26846044383890133, 0.1267230271131722], [], [], [], [], []]
2015-02-20 16:16:39,527 - INFO - log - B is: [[0.0, 0.14369277933532285], [0.3019210635856352, 0.3738831874267451], [0.5259037448252601, 0.5358652606875661], [0.6784372356471123, 0.6392857995586748], [0.7681554135601336, 0.693197739779065], [0.8043318809641381, 0.704947764452471], [0.7942898520413316, 0.6788595625486602], [0.7411288598197915, 0.6151789286733349], [0.6428444056169681, 0.5096577557422233], [0.4929988315585881, 0.353890412912622], [0.2822752136983939, 0.13624357344340715], [], [], [], [], []]
2015-02-20 16:16:39,537 - INFO - log - B is: [[0.0, 0.14969152114256334], [0.3087144980738872, 0.39185234208804165], [0.5409699263340279, 0.5655227400843588], [0.7034659386020751, 0.679610370353741], [0.8033585527790402, 0.7419509947986193], [0.8474251329465646, 0.7585019234190834], [0.8407336271682754, 0.7324785108473195], [0.7853927839244457, 0.6636759046269406], [0.6799010620247546, 0.5481879113769564], [0.5192794120511875, 0.37861988966884463], [0.2958069582278785, 0.14475933041923056], [], [], [], [], []]
2015-02-20 16:16:39,548 - INFO - log - B is: [[0.0, 0.15554813780481935], [0.3166853233151225, 0.40920847352881906], [0.5572494246290696, 0.5936486560786414], [0.7282089641154728, 0.7170509788501678], [0.8358249895593769, 0.7863343155265233], [0.8855210961886907, 0.8065120218132521], [0.8810868539607472, 0.7800716167889622], [0.8239273060229574, 0.7065144863981186], [0.7126201481063198, 0.5821840824798216], [0.5429173573130192, 0.40045557189532244], [0.3081642452668278, 0.152285302319309], [], [], [], [], []]
2015-02-20 16:16:39,559 - INFO - log - B is: [[0.0, 0.16109047639014767], [0.3248003965910475, 0.4255418464198488], [0.5733416850138969, 0.6198574722826581], [0.7517811078412827, 0.7515213087729012], [0.8657168404665363, 0.8267042344137511], [0.9197193374872762, 0.8497228537201412], [0.9167852525741568, 0.8225628342427943], [0.8578456403306776, 0.7445534700193605], [0.7414709336742477, 0.6122755145238432], [0.5638656854697781, 0.41975295784773914], [0.3191678287920397, 0.15893248343919317], [], [], [], [], []]
2015-02-20 16:16:39,577 - INFO - log - B is: [[0.0, 0.16624813717653958], [0.33262487969385224, 0.44069301541318795], [0.5886509989104668, 0.6440287232431313], [0.7738042137126374, 0.7830775554689119], [0.8931311479033915, 0.8633713402530644], [0.9505932058821128, 0.888680953502111], [0.9486525264530689, 0.8606325642724965], [0.8879251734574766, 0.778469562625629], [0.7669856429370582, 0.639014532909634], [0.5823846339050472, 0.43686459229700725], [0.3289003703160999, 0.16482095996437787], [], [], [], [], []]
2015-02-20 16:16:39,600 - INFO - log - B is: [[0.0, 0.17100058001946988], [0.33997668212881527, 0.4546262141357805], [0.602934705984834, 0.6661758274801408], [0.7941483236339996, 0.811852698147332], [0.9181794710394642, 0.8966291417062586], [0.9785149944472158, 0.9238308496799846], [0.9772315155371474, 0.8948179176854747], [0.9147365141426866, 0.8088053039697732], [0.789638974582518, 0.662859791786816], [0.598790643084622, 0.4520943538893557], [0.33751363794956446, 0.1700567396564627], [], [], [], [], []]
2015-02-20 16:16:39,624 - INFO - log - B is: [[0.0, 0.17535236068862364], [0.34678822975846163, 0.4673682455792959], [0.6161148856534031, 0.6863805607433805], [0.8128087655092344, 0.8380189905444445], [0.9409963349213668, 0.9267596843654177], [1.0037738210913536, 0.9555548893355034], [1.0029250095553042, 0.9255618699607145], [0.9387193891998359, 0.8360036598839627], [0.8098265946934197, 0.684187567519815], [0.6133743064583287, 0.46569384947930614], [0.34515936059878594, 0.1747281700569581], [], [], [], [], []]
2015-02-20 16:16:39,646 - INFO - log - B is: [[0.0, 0.1793207510892591], [0.35304675154553805, 0.4789774789635034], [0.6281941140427222, 0.7047584748777755], [0.8298450773808622, 0.8617656718324307], [0.9617318176044465, 0.9540322131308643], [1.0266182999272713, 0.984190886516173], [1.0260569541217024, 0.9532400632684842], [0.9602260030214349, 0.8604328741875625], [0.8278728786078015, 0.7033081833650354], [0.6263816899981093, 0.47787015086129137], [0.3519695347471241, 0.17890795514193913], [], [], [], [], []]
2015-02-20 16:16:39,657 - INFO - log - B is: [[0.0, 0.18292921745901902], [0.3587666049019755, 0.48952728980949656], [0.6392151141162813, 0.7214397931858462], [0.8453489694443108, 0.8832855939512718], [0.9805426488961393, 0.9787007685407872], [1.047271851444178, 1.0100409526959822], [1.0469006165447328, 0.9781768964122112], [0.979546808567784, 0.8824041754104194], [0.8440446957946938, 0.7204806724057403], [0.6380165047679632, 0.4887949808557381], [0.3580542099764959, 0.18265622323170086], [], [], [], [], []]
2015-02-20 16:16:39,668 - INFO - log - B is: [[0.0, 0.1862038285682018], [0.36397555952755456, 0.4990968500639336], [0.6492401514853388, 0.7365585538764275], [0.8594267029594886, 0.9027673015710526], [0.9975852415923109, 1.0010024556902601], [1.0659382679566198, 1.0333767139734633], [1.0656927592646566, 1.0006560035339753], [0.9969266627758909, 0.902184393373204], [0.8585641481110663, 0.7359242588737042], [0.6484474756666649, 0.4986125524370522], [0.36350443173201125, 0.18602328938853327], [], [], [], [], []]
2015-02-20 16:16:39,678 - INFO - log - B is: [[0.0, 0.1891712229564769], [0.3687075851619455, 0.5077658949457579], [0.6583399405568352, 0.7502464038980777], [0.8721890911716512, 0.9203905148186778], [1.0130110027376873, 1.0211566575687676], [1.0828039842048152, 1.0544429525736103], [1.0826416220212358, 1.0209275384908634], [1.012575465030279, 0.920005020351761], [0.8716186580801005, 0.7498269258120653], [0.6578157205557837, 0.5074456145689026], [0.36839601440162373, 0.1890518270448549], [], [], [], [], []]
2015-02-20 16:16:39,689 - INFO - log - B is: [[0.0, 0.19185745330263812], [0.3729988886770916, 0.5156117574181905], [0.6665874584472189, 0.7626291281479761], [0.883745768624837, 0.9363237496075089], [1.0269634934980576, 1.039365028148424], [1.0980393475980479, 1.0734604798736045], [1.0979319726721466, 1.039213504911537], [1.0266754595001621, 0.9360688106909295], [0.8833685243132309, 0.7623517148564849], [0.6662407762251009, 0.5153999465116978], [0.37279283770112975, 0.19177849324726773], [], [], [], [], []]
2015-02-20 16:16:39,705 - INFO - log - B is: [[0.0, 0.19428734558381594], [0.376885686151508, 0.5227077456684871], [0.6740544542891198, 0.7738248307997652], [0.8942019596414851, 0.9507232762038883], [1.0395769127345111, 1.0558120251964898], [1.1117996518977886, 1.0906285693306088], [1.1117286416764736, 1.0557118183889187], [1.0393864273140123, 0.9505546775421395], [0.8939524767967456, 0.7736413691676965], [0.6738251830605378, 0.5225676688379973], [0.37674941853432675, 0.19423512695883155], [], [], [], [], []]
2015-02-20 16:16:39,718 - INFO - log - B is: [[0.0, 0.19648416844610422], [0.38040295446281036, 0.5291223336994], [0.6808095130383561, 0.7839431259120156], [0.9036567528844336, 0.9637329047537219], [1.0509754693924638, 1.0706657765034826], [1.1242261514801457, 1.1061270904852123], [1.1241791903160339, 1.0705995067715668], [1.0508494957379062, 0.9636214054615369], [0.903491762484637, 0.7838217972970162], [0.6806578891794814, 0.5290296967395807], [0.38031283664874876, 0.1964496347216629], [], [], [], [], []]
2015-02-20 16:16:39,729 - INFO - log - B is: [[0.0, 0.19846949158924754], [0.38358375856911237, 0.5349188476726701], [0.6869170453737431, 0.7930849429140042], [0.9122022960453873, 0.9754842691497697], [1.0612733249642843, 1.0840791277919604], [1.1354470910009862, 1.1201184112644242], [1.1354160341912451, 1.0840353016540447], [1.0611900148527145, 0.9754105313630667], [0.9120931830037659, 0.7930047047047861], [0.6868167720218274, 0.5348575841054274], [0.3835241609876421, 0.19844665341371148], [], [], [], [], []]
2015-02-20 16:16:39,740 - INFO - log - B is: [[0.0, 0.20026315891443572], [0.3864589251797758, 0.54015545221323], [0.6924368382724403, 0.8013427000287182], [0.919923552476036, 0.9860973981256204], [1.0705748854539567, 1.0961907689069357], [1.1455787337631917, 1.13274910591446], [1.1455581949744003, 1.0961617853829482], [1.0705197900079033, 0.9860486331417236], [0.9198513927875559, 0.8012896361227425], [0.6923705245327697, 0.5401149368003911], [0.38641951153271015, 0.20024805535204163], [], [], [], [], []]
2015-02-20 16:16:40,103 - INFO - log - log_payload: {'log_owner': '1', 'simulation': 95}
2015-02-20 16:16:40,104 - INFO - log - plot_payload: {'plot_owner': '1', 'simulation': 95}
2015-02-20 16:16:40,104 - INFO - log - main: END
