2015-02-16 17:51:34,582 - INFO - log - ****SYSTEM INFORMATION****
2015-02-16 17:51:34,583 - INFO - log - Python version    : 2.7.3
2015-02-16 17:51:34,583 - INFO - log - compiler          : GCC 4.7.2
2015-02-16 17:51:34,583 - INFO - log - system            : Linux
2015-02-16 17:51:34,583 - INFO - log - release           : 3.2.0-4-686-pae
2015-02-16 17:51:34,583 - INFO - log - machine           : i686
2015-02-16 17:51:34,583 - INFO - log - cpu's             : 2
2015-02-16 17:51:34,583 - INFO - log - interpreter       : 32bit
2015-02-16 17:51:34,583 - INFO - log - node              : crunchbang
2015-02-16 17:51:34,583 - INFO - log - platform          : Linux-3.2.0-4-686-pae-i686-with-debian-7.8
2015-02-16 17:51:34,583 - INFO - differential_equation - main: START
2015-02-16 17:51:34,585 - INFO - differential_equation - ****RUN_SERIAL()****
2015-02-16 17:51:34,586 - INFO - differential_equation - input data       : 9
2015-02-16 17:51:34,586 - INFO - differential_equation - A           : [0.8150954850597828, 0.8784424784195272, 0.012290365878336651, 0.09075461496025883, 0.6787750540921275, 0.17111126085849293, 0.704360509771515, 0.699538696537618, 0.9943290349974784]
2015-02-16 17:51:34,586 - INFO - differential_equation - B           : [0.0, 0.5463269417516214, 0.40726110504696045, 0.19266133297110427, 0.7532961769935496, 0.49705337375978387, 1.0]
2015-02-16 17:51:34,586 - INFO - differential_equation - plot B           : [0.0, 0.5463269417516214, 0.40726110504696045, 0.19266133297110427, 0.7532961769935496, 0.49705337375978387, 1.0]
2015-02-16 17:51:34,658 - INFO - differential_equation - B           : [0.0, 0.38470360375870766, 0.7290172896265894, 0.873646318736945, 1.0623630270015374, 1.0506711100399657, 1.0]
2015-02-16 17:51:34,658 - INFO - differential_equation - plot B           : [0.0, 0.38470360375870766, 0.7290172896265894, 0.873646318736945, 1.0623630270015374, 1.0506711100399657, 1.0]
2015-02-16 17:51:34,746 - INFO - differential_equation - B           : [0.0, 0.4537250260639137, 0.8038721171360439, 1.0123876409589518, 1.1372054625826993, 1.1203910099567664, 1.0]
2015-02-16 17:51:34,751 - INFO - differential_equation - plot B           : [0.0, 0.4537250260639137, 0.8038721171360439, 1.0123876409589518, 1.1372054625826993, 1.1203910099567664, 1.0]
2015-02-16 17:51:34,833 - INFO - differential_equation - B           : [0.0, 0.47018666806700743, 0.8216340543054521, 1.045311607072182, 1.1549673876506148, 1.136853334066903, 1.0]
2015-02-16 17:51:34,833 - INFO - differential_equation - plot B           : [0.0, 0.47018666806700743, 0.8216340543054521, 1.045311607072182, 1.1549673876506148, 1.136853334066903, 1.0]
2015-02-16 17:51:34,910 - INFO - differential_equation - B           : [0.0, 0.4740931734788277, 0.8258490438248718, 1.0531246185619425, 1.1591823771582168, 1.1407598401448433, 1.0]
2015-02-16 17:51:34,912 - INFO - differential_equation - plot B           : [0.0, 0.4740931734788277, 0.8258490438248718, 1.0531246185619425, 1.1591823771582168, 1.1407598401448433, 1.0]
2015-02-16 17:51:34,994 - INFO - differential_equation - B           : [0.0, 0.47502020560350827, 0.8268492805941969, 1.0549786828119543, 1.1601826139275302, 1.1416868722701745, 1.0]
2015-02-16 17:51:34,995 - INFO - differential_equation - plot B           : [0.0, 0.47502020560350827, 0.8268492805941969, 1.0549786828119543, 1.1601826139275302, 1.1416868722701745, 1.0]
2015-02-16 17:51:35,074 - INFO - differential_equation - B           : [0.0, 0.47524019467223494, 0.8270866414681661, 1.055418660949408, 1.1604199748014996, 1.1419068613389016, 1.0]
2015-02-16 17:51:35,077 - INFO - differential_equation - plot B           : [0.0, 0.47524019467223494, 0.8270866414681661, 1.055418660949408, 1.1604199748014996, 1.1419068613389016, 1.0]
2015-02-16 17:51:35,158 - INFO - differential_equation - B           : [0.0, 0.4752923991094426, 0.8271429683161884, 1.0555230698238234, 1.1604763016495219, 1.1419590657761092, 1.0]
2015-02-16 17:51:35,159 - INFO - differential_equation - plot B           : [0.0, 0.4752923991094426, 0.8271429683161884, 1.0555230698238234, 1.1604763016495219, 1.1419590657761092, 1.0]
2015-02-16 17:51:35,235 - INFO - differential_equation - B           : [0.0, 0.4753047874671002, 0.8271563349412561, 1.0555478465391388, 1.1604896682745895, 1.141971454133767, 1.0]
2015-02-16 17:51:35,238 - INFO - differential_equation - plot B           : [0.0, 0.4753047874671002, 0.8271563349412561, 1.0555478465391388, 1.1604896682745895, 1.141971454133767, 1.0]
2015-02-16 17:51:35,326 - INFO - differential_equation - B           : [0.0, 0.4753077272824428, 0.8271595069040407, 1.055553726169824, 1.1604928402373742, 1.1419743939491096, 1.0]
2015-02-16 17:51:35,327 - INFO - differential_equation - plot B           : [0.0, 0.4753077272824428, 0.8271595069040407, 1.055553726169824, 1.1604928402373742, 1.1419743939491096, 1.0]
2015-02-16 17:51:35,408 - INFO - differential_equation - B           : [0.0, 0.475308424914404, 0.8271602596256782, 1.0555551214337464, 1.1604935929590117, 1.141975091581071, 1.0]
2015-02-16 17:51:35,409 - INFO - differential_equation - plot B           : [0.0, 0.475308424914404, 0.8271602596256782, 1.0555551214337464, 1.1604935929590117, 1.141975091581071, 1.0]
2015-02-16 17:51:35,490 - INFO - differential_equation - B           : [0.0, 0.47530859046573865, 0.827160438250051, 1.0555554525364157, 1.1604937715833845, 1.1419752571324053, 1.0]
2015-02-16 17:51:35,492 - INFO - differential_equation - plot B           : [0.0, 0.47530859046573865, 0.827160438250051, 1.0555554525364157, 1.1604937715833845, 1.1419752571324053, 1.0]
2015-02-16 17:51:35,577 - INFO - differential_equation - B           : [0.0, 0.47530862975184635, 0.8271604806384523, 1.055555531108631, 1.1604938139717855, 1.141975296418513, 1.0]
2015-02-16 17:51:35,578 - INFO - differential_equation - plot B           : [0.0, 0.47530862975184635, 0.8271604806384523, 1.055555531108631, 1.1604938139717855, 1.141975296418513, 1.0]
2015-02-16 17:51:35,653 - INFO - differential_equation - B           : [0.0, 0.4753086390746239, 0.8271604906974184, 1.055555549754186, 1.1604938240307519, 1.1419753057412907, 1.0]
2015-02-16 17:51:35,658 - INFO - differential_equation - plot B           : [0.0, 0.4753086390746239, 0.8271604906974184, 1.055555549754186, 1.1604938240307519, 1.1419753057412907, 1.0]
2015-02-16 17:51:35,739 - INFO - differential_equation - B           : [0.0, 0.47530864128696254, 0.827160493084458, 1.0555555541788635, 1.1604938264177915, 1.1419753079536294, 1.0]
2015-02-16 17:51:35,740 - INFO - differential_equation - plot B           : [0.0, 0.47530864128696254, 0.827160493084458, 1.0555555541788635, 1.1604938264177915, 1.1419753079536294, 1.0]
2015-02-16 17:51:35,820 - INFO - differential_equation - B           : [0.0, 0.4753086418119609, 0.8271604936509138, 1.0555555552288602, 1.1604938269842473, 1.1419753084786277, 1.0]
2015-02-16 17:51:35,820 - INFO - differential_equation - plot B           : [0.0, 0.4753086418119609, 0.8271604936509138, 1.0555555552288602, 1.1604938269842473, 1.1419753084786277, 1.0]
2015-02-16 17:51:35,930 - INFO - differential_equation - B           : [0.0, 0.4753086419365456, 0.8271604937853365, 1.0555555554780296, 1.16049382711867, 1.1419753086032125, 1.0]
2015-02-16 17:51:35,930 - INFO - differential_equation - plot B           : [0.0, 0.4753086419365456, 0.8271604937853365, 1.0555555554780296, 1.16049382711867, 1.1419753086032125, 1.0]
2015-02-16 17:51:36,013 - INFO - differential_equation - B           : [0.0, 0.47530864196611006, 0.8271604938172357, 1.0555555555371585, 1.160493827150569, 1.1419753086327769, 1.0]
2015-02-16 17:51:36,015 - INFO - differential_equation - plot B           : [0.0, 0.47530864196611006, 0.8271604938172357, 1.0555555555371585, 1.160493827150569, 1.1419753086327769, 1.0]
2015-02-16 17:51:36,096 - INFO - differential_equation - B           : [0.0, 0.4753086419731258, 0.8271604938248054, 1.05555555555119, 1.1604938271581389, 1.1419753086397926, 1.0]
2015-02-16 17:51:36,098 - INFO - differential_equation - plot B           : [0.0, 0.4753086419731258, 0.8271604938248054, 1.05555555555119, 1.1604938271581389, 1.1419753086397926, 1.0]
2015-02-16 17:51:36,175 - INFO - differential_equation - B           : [0.0, 0.47530864197479067, 0.8271604938266017, 1.0555555555545197, 1.1604938271599352, 1.1419753086414575, 1.0]
2015-02-16 17:51:36,175 - INFO - differential_equation - plot B           : [0.0, 0.47530864197479067, 0.8271604938266017, 1.0555555555545197, 1.1604938271599352, 1.1419753086414575, 1.0]
2015-02-16 17:51:36,244 - INFO - differential_equation - A           : [0, 0.0, 0.4753086419752203, 0.8271604938269148, 1.0555555555553788, 1.1604938271602483, 1.141975308641887, 1.0, 0]
2015-02-16 17:51:36,248 - INFO - psim - pid for 0 is 21449
2015-02-16 17:51:36,249 - INFO - differential_equation - ****RUN_PARALLEL()****
2015-02-16 17:51:36,249 - INFO - differential_equation - # processes       : 2
2015-02-16 17:51:36,249 - INFO - psim - pid for 1 is 21459
2015-02-16 17:51:36,249 - INFO - differential_equation - input data       : 9
2015-02-16 17:51:36,249 - INFO - differential_equation - A           : [0.7621195940446194, 0.3202694238866638, 0.19378207526355895, 0.7473145719745021, 0.521725549600843, 0.1188600659517911, 0.03966894436178947, 0.16768699725194391, 0.3826871153291451]
2015-02-16 17:51:36,250 - INFO - differential_equation - B           : [[0.0, 0.5396792297158175, 0.5955203929923114, 0.4194822074939294, 0.494815714024875], [0.34242564204304465, 0.2050019266635959, 0.2729064249071957, 1.0]]
2015-02-16 17:51:36,254 - INFO - differential_equation - B           : [[0.0, 0.36532183474855956, 0.6552246285801908, 0.823103219531349, 0.9934982083365225], [1.0521058856210441, 1.1273959265074185, 1.094324500838255, 1.0]]
2015-02-16 17:51:36,257 - INFO - differential_equation - B           : [[0.0, 0.4657867649182103, 0.8328655349757892, 1.0800152769838622, 1.263770131472364], [1.329359110299165, 1.3319958880360152, 1.2151305982335134, 1.0]]
2015-02-16 17:51:36,260 - INFO - differential_equation - B           : [[0.0, 0.5155907780005438, 0.9190307607485986, 1.2007022803496616, 1.3862218780613125], [1.450681775140765, 1.4190035842817308, 1.2655702727916471, 1.0]]
2015-02-16 17:51:36,263 - INFO - differential_equation - B           : [[0.0, 0.5382889299430922, 0.9582462547595068, 1.2555145128769767, 1.4416995776899004], [1.5055138720891987, 1.458245405494917, 1.2882882891553142, 1.0]]
2015-02-16 17:51:36,266 - INFO - differential_equation - B           : [[0.0, 0.5485766905961049, 0.9760186864683416, 1.2803518031177676, 1.4668341734033614], [1.5303517830931497, 1.4760186599288234, 1.2985766705714867, 1.0]]
2015-02-16 17:51:36,268 - INFO - differential_equation - B           : [[0.0, 0.5532377700884978, 0.9840707959663539, 1.2916046581606597, 1.4782215940409908], [1.5416046575348903, 1.4840707951369942, 1.3032377694627286, 1.0]]
2015-02-16 17:51:36,270 - INFO - differential_equation - B           : [[0.0, 0.5553495118584217, 0.9877188711217502, 1.2967028542104975, 1.4833807519704283], [1.5467028541909422, 1.4877188710958331, 1.3053495118388663, 1.0]]
2015-02-16 17:51:36,272 - INFO - differential_equation - B           : [[0.0, 0.5563062527306382, 0.9893716596147422, 1.2990126310132746, 1.4857181478907056], [1.5490126310126635, 1.4893716596139326, 1.306306252730027, 1.0]]
2015-02-16 17:51:36,274 - INFO - differential_equation - B           : [[0.0, 0.5567397114971036, 0.9901204680754945, 1.3000590930464235, 1.4867771229720759], [1.5500590930464047, 1.4901204680754694, 1.3067397114970845, 1.0]]
2015-02-16 17:51:36,276 - INFO - differential_equation - B           : [[0.0, 0.5569360933033685, 0.9904597214703359, 1.300533200666525, 1.4872568997241593], [1.5505332006665244, 1.4904597214703355, 1.3069360933033682, 1.0]]
2015-02-16 17:51:36,278 - INFO - differential_equation - B           : [[0.0, 0.5570250655812243, 0.9906134228130583, 1.3007479987464003, 1.4874742662475926], [1.5507479987464003, 1.4906134228130583, 1.3070250655812246, 1.0]]
2015-02-16 17:51:36,281 - INFO - differential_equation - B           : [[0.0, 0.5570653751515309, 0.9906830583807873, 1.3008453146577275, 1.4875727458118988], [1.5508453146577275, 1.4906830583807877, 1.307065375151531, 1.0]]
2015-02-16 17:51:36,282 - INFO - differential_equation - B           : [[0.0, 0.5570836377103574, 0.9907146073068218, 1.3008894043749304, 1.487617362730975], [1.5508894043749304, 1.490714607306822, 1.3070836377103576, 1.0]]
2015-02-16 17:51:36,284 - INFO - differential_equation - B           : [[0.0, 0.5570919117021753, 0.9907289007888223, 1.300909379558192, 1.4876375767670738], [1.550909379558192, 1.4907289007888227, 1.3070919117021755, 1.0]]
2015-02-16 17:51:36,286 - INFO - differential_equation - B           : [[0.0, 0.5570956602973887, 0.9907353765600571, 1.3009184294675962, 1.4876467348905804], [1.5509184294675962, 1.4907353765600573, 1.3070956602973889, 1.0]]
2015-02-16 17:51:36,288 - INFO - differential_equation - B           : [[0.0, 0.5570973586270926, 0.9907383104576952, 1.3009225295982005, 1.487650884048411], [1.5509225295982005, 1.4907383104576952, 1.3070973586270929, 1.0]]
2015-02-16 17:51:36,290 - INFO - differential_equation - B           : [[0.0, 0.5570981280683416, 0.9907396396824377, 1.3009243871936993, 1.4876527638560695], [1.5509243871936993, 1.490739639682438, 1.3070981280683418, 1.0]]
2015-02-16 17:51:36,291 - INFO - differential_equation - B           : [[0.0, 0.5570984766695788, 0.9907402418978637, 1.3009252287915338, 1.4876536155172924], [1.5509252287915338, 1.4907402418978641, 1.3070984766695788, 1.0]]
2015-02-16 17:51:36,294 - INFO - differential_equation - B           : [[0.0, 0.5570986346060327, 0.9907405147361639, 1.300925610083863, 1.4876540013689168], [1.5509256100838633, 1.4907405147361643, 1.307098634606033, 1.0]]
2015-02-16 17:51:36,299 - INFO - psim - pid for 2 is 21461
2015-02-16 17:51:36,299 - INFO - psim - pid for 0 is 21449
2015-02-16 17:51:36,300 - INFO - differential_equation - ****RUN_PARALLEL()****
2015-02-16 17:51:36,300 - INFO - differential_equation - # processes       : 4
2015-02-16 17:51:36,301 - INFO - differential_equation - input data       : 9
2015-02-16 17:51:36,301 - INFO - differential_equation - A           : [0.2677529940049528, 0.6910726776784891, 0.04571835010524827, 0.8270441621524908, 0.2344449263264312, 0.01724141245053379, 0.7054259265782783, 0.22352478173484025, 0.8302827754355229]
2015-02-16 17:51:36,301 - INFO - psim - pid for 3 is 21462
2015-02-16 17:51:36,302 - INFO - psim - pid for 1 is 21460
2015-02-16 17:51:36,304 - INFO - differential_equation - B           : [[0.0, 0.21846406711682892, 0.8207868149772184], [0.20181003327756813, 0.48387118236324067, 0.5316638215140832], [0.1821114921544154, 0.8295827460686289, 0.17349078592914852], []]
2015-02-16 17:51:36,307 - INFO - differential_equation - B           : [[0.0, 0.3499823796452544, 0.6281159211841885], [0.7628113797414171, 0.8468952160450418, 0.8666826774102947], [0.7446525076717245, 0.6405408048821963, 0.3426139654808135], []]
2015-02-16 17:51:36,310 - INFO - differential_equation - B           : [[0.0, 0.42294417505523235, 0.7272697945952828], [0.9327597269871202, 1.022996773853424, 1.033724440458306], [0.9232733393621257, 0.7342374302501571, 0.4191841384055203], []]
2015-02-16 17:51:36,313 - INFO - differential_equation - B           : [[0.0, 0.4562191400459002, 0.789982807156163], [1.0159629618293278, 1.1207401068811522, 1.1265065340500324], [1.0108883881207333, 0.7937441844935298, 0.4542140902088209], []]
2015-02-16 17:51:36,315 - INFO - differential_equation - B           : [[0.0, 0.47366809153912376, 0.8243058796987528], [1.0600720334101659, 1.1734417000651742, 1.1765379452938427], [1.0573489861646619, 0.826326643878533, 0.4725926104902299], []]
2015-02-16 17:51:36,319 - INFO - differential_equation - B           : [[0.0, 0.4830067945345991, 0.8427780313856097], [1.0837133638419114, 1.201750722485803, 1.2034129965778881], [1.0822515668005825, 0.8438629921667462, 0.4824294812236503], []]
2015-02-16 17:51:36,322 - INFO - differential_equation - B           : [[0.0, 0.48801832769160086, 0.852698097417173], [1.096402656652365, 1.216949705184297, 1.2178421101595174], [1.0956178876533327, 0.8532805725913732, 0.4877083978905809], []]
2015-02-16 17:51:36,325 - INFO - differential_equation - B           : [[0.0, 0.4907086616746031, 0.8580239694885041], [1.1032147967548285, 1.2251094535488107, 1.2255885470728878], [1.1027934888945274, 0.8583366755217414, 0.4905422741837632], []]
2015-02-16 17:51:36,328 - INFO - differential_equation - B           : [[0.0, 0.4921529750580436, 0.8608832135537572], [1.106871924904097, 1.2294900723150255, 1.2297472767689313], [1.1066457430972882, 0.8610510918343444, 0.49206364888472515], []]
2015-02-16 17:51:36,331 - INFO - differential_equation - B           : [[0.0, 0.49292836331719453, 0.8624182182031443], [1.1088352767781153, 1.2318418360673167, 1.2319799179347404], [1.1087138496213582, 0.8625083447410025, 0.49288040798762905], []]
2015-02-16 17:51:36,335 - INFO - differential_equation - B           : [[0.0, 0.4933446354478664, 0.8632422954037982], [1.1098893148055244, 1.233104395600968, 1.2331785257403307], [1.1098241258549841, 0.863290680415921, 0.4933188903206263], []]
2015-02-16 17:51:36,338 - INFO - differential_equation - B           : [[0.0, 0.4935681138173211, 0.863684706558413], [1.1104551819005566, 1.2337822088150145, 1.2338220060574827], [1.1104201847928727, 0.8637106823636185, 0.49355429238005827], []]
2015-02-16 17:51:36,342 - INFO - differential_equation - B           : [[0.0, 0.4936880896181785, 0.8639222178347583], [1.110758971292485, 1.2341460972019227, 1.2341674626077015], [1.1107401828699628, 0.8639361631129796, 0.4936806694906212], []]
2015-02-16 17:51:36,346 - INFO - differential_equation - B           : [[0.0, 0.4937524993990909, 0.8640497272922576], [1.1109220625828955, 1.2343414530246521, 1.2343529231802655], [1.1109119758973305, 0.8640572139046312, 0.4937485158558513], []]
2015-02-16 17:51:36,349 - INFO - differential_equation - B           : [[0.0, 0.49378707820455353, 0.864118181565247], [1.1110096191919066, 1.2344463310555152, 1.2344524888823853], [1.1110042040898367, 0.8641222008012885, 0.49378493961372477], []]
2015-02-16 17:51:36,352 - INFO - differential_equation - B           : [[0.0, 0.49380564205883654, 0.8641549316823154], [1.1110566245210223, 1.2345026355014437, 1.2345059413704342], [1.1110537173886212, 0.8641570894350545, 0.4938044939425848], []]
2015-02-16 17:51:36,356 - INFO - differential_equation - B           : [[0.0, 0.4938156081834966, 0.8641746612192098], [1.1110818596345131, 1.23453286290565, 1.2345346376826967], [1.1110802989217714, 0.8641758196226565, 0.493814991809897], []]
2015-02-16 17:51:36,359 - INFO - differential_equation - B           : [[0.0, 0.4938209585616686, 0.8641852531480829], [1.1110954072676191, 1.2345490906821606, 1.2345500434826413], [1.1110945693889385, 0.8641858750444293, 0.49382062765753426], []]
2015-02-16 17:51:36,362 - INFO - differential_equation - B           : [[0.0, 0.49382383094662846, 0.8641909394932747], [1.1111026804016533, 1.234557802668432, 1.234558314185503], [1.1111022305810903, 0.8641912733623311, 0.49382365329861405], []]
2015-02-16 17:51:36,365 - INFO - differential_equation - B           : [[0.0, 0.4938253730049826, 0.8641939922442916], [1.1111065850304735, 1.2345624797543377, 1.2345627543655695], [1.1111063435414092, 0.8641941714840435, 0.49382527763350265], []]
2015-02-16 17:51:36,372 - INFO - psim - pid for 1 is 21463
2015-02-16 17:51:36,373 - INFO - psim - pid for 3 is 21465
2015-02-16 17:51:36,374 - INFO - psim - pid for 5 is 21467
2015-02-16 17:51:36,375 - INFO - psim - pid for 0 is 21449
2015-02-16 17:51:36,375 - INFO - differential_equation - ****RUN_PARALLEL()****
2015-02-16 17:51:36,375 - INFO - differential_equation - # processes       : 8
2015-02-16 17:51:36,375 - INFO - differential_equation - input data       : 9
2015-02-16 17:51:36,375 - INFO - psim - pid for 6 is 21468
2015-02-16 17:51:36,376 - INFO - differential_equation - A           : [0.18669164585012687, 0.3043386847479205, 0.6870369395541389, 0.26043190039168873, 0.741428451111455, 0.5097125000810142, 0.04590052148265478, 0.29602548359092384, 0.2533181662589279]
2015-02-16 17:51:36,377 - INFO - psim - pid for 7 is 21469
2015-02-16 17:51:36,378 - INFO - psim - pid for 4 is 21466
2015-02-16 17:51:36,380 - INFO - psim - pid for 2 is 21464
2015-02-16 17:51:36,382 - INFO - differential_equation - B           : [[0.0, 0.4985926877638613], [0.344113687631533, 0.7759610903945253], [0.44680059529807986, 0.45539288135878325], [0.4645973868976974, 0.21133773893251973], [0.2097411368571903], [], [], []]
2015-02-16 17:51:36,387 - INFO - differential_equation - B           : [[0.0, 0.38582060860367856], [0.5919694121833967, 0.8228643307303842], [0.8189151299891575, 0.8812080525664634], [0.7469988886177561, 0.6189722426362554], [0.3503864898033065], [], [], []]
2015-02-16 17:51:36,393 - INFO - differential_equation - B           : [[0.0, 0.4300399203927436], [0.7186096070589125, 0.9485761115889213], [1.0116124910485886, 1.0479629239160626], [0.9151456259233033, 0.7413799186551253], [0.4164596584704318], [], [], []]
2015-02-16 17:51:36,399 - INFO - differential_equation - B           : [[0.0, 0.4591802990141017], [0.7860764551051636, 1.0233112021976716], [1.1148863040794688, 1.1346018724643008], [1.0058717156640724, 0.7988783636957344], [0.45226663908248593], [], [], []]
2015-02-16 17:51:36,405 - INFO - differential_equation - B           : [[0.0, 0.4751987778513898], [0.8222604240648843, 1.063937451321167], [1.1703170016111006, 1.1809153895146611], [1.054610293849239, 0.8291734017868473], [0.47151336766965785], [], [], []]
2015-02-16 17:51:36,411 - INFO - differential_equation - B           : [[0.0, 0.4838244454355262], [0.8416835127265538, 1.085783003771238], [1.2000744573595024, 1.2057652414507383], [1.0807781187345704, 0.8453975861386689], [0.481847734756405], [], [], []]
2015-02-16 17:51:36,416 - INFO - differential_equation - B           : [[0.0, 0.4884570029767448], [0.8521107483664729, 1.097513371026477], [1.216049878402693, 1.2191050800650152], [1.0948266374329345, 0.8541048672117268], [0.48739592015967664], [], [], []]
2015-02-16 17:51:36,422 - INFO - differential_equation - B           : [[0.0, 0.4909441474320743], [0.8577086647907197, 1.103811064114122], [1.2246263817993877, 1.2262665911807176], [1.1023686858012958, 0.8587792338720999], [0.49037450713212455], [], [], []]
2015-02-16 17:51:36,428 - INFO - differential_equation - B           : [[0.0, 0.49227939571834606], [0.8607139414095379, 1.107192033008778], [1.229230732558022, 1.2301112898491129], [1.106417683756331, 0.8612886842542236], [0.49197358127194085], [], [], []]
2015-02-16 17:51:36,433 - INFO - differential_equation - B           : [[0.0, 0.49299623296606504], [0.862327343447342, 1.1090071287447354], [1.2317026078787976, 1.2321753407511056], [1.108591414422049, 0.8626358979084972], [0.49283205455491236], [], [], []]
2015-02-16 17:51:36,440 - INFO - differential_equation - B           : [[0.0, 0.4933810716990095], [0.8631935087120903, 1.1099815746309174], [1.2330296500538418, 1.2332834397407246], [1.1097583957250043, 0.8633591581651716], [0.4932929314652082], [], [], []]
2015-02-16 17:51:36,445 - INFO - differential_equation - B           : [[0.0, 0.4935876748528068], [0.8636585151093572, 1.110504712181031], [1.2337420811870738, 1.2338783298141334], [1.1103848971491546, 0.8637474450847831], [0.49354035620117326], [], [], []]
2015-02-16 17:51:36,451 - INFO - differential_equation - B           : [[0.0, 0.49369859108595354], [0.8639081567867768, 1.1107855619423215], [1.2341245544265866, 1.2341977003790112], [1.1107212384712746, 0.8639558994165144], [0.49367318776326646], [], [], []]
2015-02-16 17:51:36,457 - INFO - differential_equation - B           : [[0.0, 0.4937581371796576], [0.8640421785281451, 1.110936337944411], [1.2343298876470512, 1.2343691565224233], [1.1109018054749553, 0.8640678094662222], [0.4937444992423626], [], [], []]
2015-02-16 17:51:36,462 - INFO - differential_equation - B           : [[0.0, 0.4937901048833388], [0.8641141289626451, 1.111017283011621], [1.2344401221081085, 1.2344612038566103], [1.1109987440331215, 0.8641278890967281], [0.49378278326891994], [], [], []]
2015-02-16 17:51:36,468 - INFO - differential_equation - B           : [[0.0, 0.49380726695082383], [0.8641527560165236, 1.1110607388919647], [1.2344993021880637, 1.2345106200604419], [1.1110507861220293, 0.8641601432330748], [0.4938033362949968], [], [], []]
2015-02-16 17:51:36,473 - INFO - differential_equation - B           : [[0.0, 0.4938164805172189], [0.8641734931990255, 1.1110840684610361], [1.2345310733949069, 1.2345371494675417], [1.1110787252524341, 0.8641774590737796], [0.493814370319338], [], [], []]
2015-02-16 17:51:36,479 - INFO - differential_equation - B           : [[0.0, 0.4938214268796422], [0.864184626088929, 1.1110965930903556], [1.2345481299717995, 1.234551391950503], [1.1110937245544252, 0.8641867551943174], [0.49382029400632727], [], [], []]
2015-02-16 17:51:36,493 - INFO - differential_equation - B           : [[0.0, 0.493824082366147], [0.8641906028525319, 1.1111033170182218], [1.234557286904891, 1.2345590381191542], [1.1111017770262441, 0.8641917458764639], [0.493823474175816], [], [], []]
2015-02-16 17:51:36,500 - INFO - differential_equation - B           : [[0.0, 0.4938255079811695], [0.864193811516542, 1.1111069268021765], [1.234562202863361, 1.23456314301401], [1.1111061000475708, 0.8641944251562972], [0.4938251814702757], [], [], []]
2015-02-16 17:51:36,513 - INFO - psim - pid for 1 is 21470
2015-02-16 17:51:36,514 - INFO - psim - pid for 3 is 21472
2015-02-16 17:51:36,516 - INFO - psim - pid for 5 is 21474
2015-02-16 17:51:36,517 - INFO - psim - pid for 6 is 21475
2015-02-16 17:51:36,518 - INFO - psim - pid for 7 is 21476
2015-02-16 17:51:36,520 - INFO - psim - pid for 10 is 21479
2015-02-16 17:51:36,520 - INFO - psim - pid for 4 is 21473
2015-02-16 17:51:36,520 - INFO - psim - pid for 8 is 21477
2015-02-16 17:51:36,521 - INFO - psim - pid for 11 is 21480
2015-02-16 17:51:36,523 - INFO - psim - pid for 12 is 21481
2015-02-16 17:51:36,524 - INFO - psim - pid for 13 is 21482
2015-02-16 17:51:36,524 - INFO - psim - pid for 0 is 21449
2015-02-16 17:51:36,525 - INFO - differential_equation - ****RUN_PARALLEL()****
2015-02-16 17:51:36,525 - INFO - differential_equation - # processes       : 16
2015-02-16 17:51:36,525 - INFO - differential_equation - input data       : 9
2015-02-16 17:51:36,526 - INFO - psim - pid for 14 is 21483
2015-02-16 17:51:36,521 - INFO - psim - pid for 2 is 21471
2015-02-16 17:51:36,527 - INFO - psim - pid for 9 is 21478
2015-02-16 17:51:36,525 - INFO - differential_equation - A           : [0.896609656407773, 0.02792302579189787, 0.8298590372318941, 0.5218938772742788, 0.40375521463883013, 0.7797087350671701, 0.2229600416300379, 0.7699285347346142, 0.6189791569206523]
2015-02-16 17:51:36,538 - INFO - differential_equation - B           : [[0.0], [0.924962741881562], [0.33663684659481674], [0.6785355209970905], [0.712529701232453], [0.3750860231961624], [0.8365470299626205], [0.4826979943370735], [0.4466926624290355], [], [], [], [], [], [], []]
2015-02-16 17:51:36,549 - INFO - differential_equation - B           : [[0.0], [0.39787380718642523], [0.6812831059586355], [0.8539223532597389], [0.969888156499835], [0.9183277352552308], [0.893858585711353], [0.6447985286638436], [0.4120104178303477], [], [], [], [], [], [], []]
2015-02-16 17:51:36,559 - INFO - differential_equation - B           : [[0.0], [0.43684023903992414], [0.7721280421064856], [0.9658765808937022], [1.094589183612692], [1.0677790538961338], [0.9890957584603484], [0.7543964719820799], [0.4459178814120513], [], [], [], [], [], [], []]
2015-02-16 17:51:36,569 - INFO - differential_equation - B           : [[0.0], [0.4628633343483142], [0.8151953337437474], [1.0326426865756093], [1.1595673273082698], [1.1452231965993933], [1.0452318609183264], [0.8058166532212176], [0.4678287836389384], [], [], [], [], [], [], []]
2015-02-16 17:51:36,600 - INFO - differential_equation - B           : [[0.0], [0.47717829174987586], [0.8379200232452346], [1.068950153965184], [1.1943136532916065], [1.1866163171802253], [1.0757173489975285], [0.832894815554633], [0.4798504201697807], [], [], [], [], [], [], []]
2015-02-16 17:51:36,669 - INFO - differential_equation - B           : [[0.0], [0.4848873169831042], [0.8500923441867663], [1.0884743166660729], [1.2129578653983486], [1.208825737747253], [1.0921079284374864], [0.8473952108876064], [0.48632231133503895], [], [], [], [], [], [], []]
2015-02-16 17:51:36,680 - INFO - differential_equation - B           : [[0.0], [0.4890276233177953], [0.8566252141286306], [1.0989582343752595], [1.2229664642450515], [1.2207481213962403], [1.1009090039656244], [0.8551772882019018], [0.48979804023987766], [], [], [], [], [], [], []]
2015-02-16 17:51:36,690 - INFO - differential_equation - B           : [[0.0], [0.4912504893942055], [0.8601322938721496], [1.104586749325778], [1.2283395985814043], [1.2271486680910597], [1.1056340354401526], [0.8593549688203108], [0.4916640948327113], [], [], [], [], [], [], []]
2015-02-16 17:51:36,700 - INFO - differential_equation - B           : [[0.0], [0.4924438574253513], [0.8620150829136757], [1.1076084646786193], [1.2312241971074154], [1.2305848384879081], [1.1081707071721452], [0.8615977711860137], [0.4926659043171964], [], [], [], [], [], [], []]
2015-02-16 17:51:36,712 - INFO - differential_equation - B           : [[0.0], [0.4930845252957237], [0.8630258696827506], [1.1092306927720528], [1.2327728121685708], [1.2324295683839364], [1.1095325362877004], [0.8628018332116694], [0.4932037326092769], [], [], [], [], [], [], []]
2015-02-16 17:51:36,722 - INFO - differential_equation - B           : [[0.0], [0.4934284720047463], [0.863568517020773], [1.1101015964183227], [1.2336041961163613], [1.233419923481639], [1.1102636430535269], [0.8634482416003493], [0.49349246921904494], [], [], [], [], [], [], []]
2015-02-16 17:51:36,733 - INFO - differential_equation - B           : [[0.0], [0.4936131220120568], [0.8638598407338702], [1.1105691466501575], [1.2340505299389426], [1.2339516019889267], [1.1106561424293664], [0.8637952701003266], [0.493647479328529], [], [], [], [], [], [], []]
2015-02-16 17:51:36,744 - INFO - differential_equation - B           : [[0.0], [0.4937122525571916], [0.8640162397441666], [1.1108201540018132], [1.234290147124398], [1.234237037017673], [1.1108668582458447], [0.8639815745839379], [0.493730697503688], [], [], [], [], [], [], []]
2015-02-16 17:51:36,754 - INFO - differential_equation - B           : [[0.0], [0.4937654714284255], [0.8641002035595093], [1.110954908914205], [1.234418787152728], [1.2343902746500837], [1.1109799823882307], [0.8640815933451147], [0.4937753737166753], [], [], [], [], [], [], []]
2015-02-16 17:51:36,765 - INFO - differential_equation - B           : [[0.0], [0.4937940423219976], [0.8641452800742178], [1.111027252956289], [1.2344878483799426], [1.2344725412593742], [1.1110407138122078], [0.8641352890608331], [0.4937993584291817], [], [], [], [], [], [], []]
2015-02-16 17:51:36,777 - INFO - differential_equation - B           : [[0.0], [0.49380938079011166], [0.8641694796912789], [1.1110660913209327], [1.2345249243442933], [1.2345167066180902], [1.111073317868075], [0.864164115951435], [0.49381223477647124], [], [], [], [], [], [], []]
2015-02-16 17:51:36,792 - INFO - differential_equation - B           : [[0.0], [0.4938176153454465], [0.8641824714114619], [1.111086941946979], [1.2345448288143988], [1.234540417075192], [1.1110908215653268], [0.8641795918532023], [0.4938191475263935], [], [], [], [], [], [], []]
2015-02-16 17:51:36,807 - INFO - differential_equation - B           : [[0.0], [0.49382203611948056], [0.8641894461000645], [1.1110981357397793], [1.234555514657292], [1.2345531461867023], [1.1111002185378611], [0.8641879001906785], [0.49382285868068415], [], [], [], [], [], [], []]
2015-02-16 17:51:36,823 - INFO - differential_equation - B           : [[0.0], [0.4938244094404756], [0.8641931905065343], [1.1111041451994945], [1.23456125142083], [1.234559979892149], [1.1111052633630507], [0.86419236057513], [0.49382485103775225], [], [], [], [], [], [], []]
2015-02-16 17:51:36,840 - INFO - differential_equation - B           : [[0.0], [0.493825683573128], [0.8641952007152489], [1.111107371416623], [1.2345643312392607], [1.234563648610904], [1.1111079717099255], [0.8641947551612328], [0.4938259206474684], [], [], [], [], [], [], []]
2015-02-16 17:51:37,174 - INFO - differential_equation - log_payload: {'log_owner': '1', 'simulation': 9}
2015-02-16 17:51:37,174 - INFO - differential_equation - plot_payload: {'plot_owner': '1', 'simulation': 9}
2015-02-16 17:51:37,175 - INFO - differential_equation - main: END
