2015-02-16 18:30:51,365 - INFO - log - ****SYSTEM INFORMATION****
2015-02-16 18:30:51,365 - INFO - log - Python version    : 2.7.3
2015-02-16 18:30:51,365 - INFO - log - compiler          : GCC 4.7.2
2015-02-16 18:30:51,365 - INFO - log - system            : Linux
2015-02-16 18:30:51,365 - INFO - log - release           : 3.2.0-4-686-pae
2015-02-16 18:30:51,366 - INFO - log - machine           : i686
2015-02-16 18:30:51,366 - INFO - log - cpu's             : 2
2015-02-16 18:30:51,366 - INFO - log - interpreter       : 32bit
2015-02-16 18:30:51,366 - INFO - log - node              : crunchbang
2015-02-16 18:30:51,366 - INFO - log - platform          : Linux-3.2.0-4-686-pae-i686-with-debian-7.8
2015-02-16 18:30:51,366 - INFO - merge_sort - main: START
2015-02-16 18:30:51,369 - INFO - merge_sort - ****RUN_SERIAL()****
2015-02-16 18:30:51,369 - INFO - merge_sort - input data       : ['k', 'n', 'd', 's', 'e', 'i', 'a', 'i', 'z', 'z', 't', 'a', 'y', 'w', 'u', 'e', 'c', 'k', 'x', 'p', 't', 'g', 'n', 's', 'v', 'u', 'b', 'g', 'b', 'f', 'd', 'b']
2015-02-16 18:30:51,369 - INFO - merge_sort - result            : ['a', 'a', 'b', 'b', 'b', 'c', 'd', 'd', 'e', 'e', 'f', 'g', 'g', 'i', 'i', 'k', 'k', 'n', 'n', 'p', 's', 's', 't', 't', 'u', 'u', 'v', 'w', 'x', 'y', 'z', 'z']
2015-02-16 18:30:51,370 - INFO - psim - pid for 0 is 24892
2015-02-16 18:30:51,371 - INFO - merge_sort - 0 scattering to all ['k', 'n', 'd', 's', 'e', 'i', 'a', 'i', 'z', 'z', 't', 'a', 'y', 'w', 'u', 'e', 'c', 'k', 'x', 'p', 't', 'g', 'n', 's', 'v', 'u', 'b', 'g', 'b', 'f', 'd', 'b']
2015-02-16 18:30:51,372 - INFO - psim - pid for 1 is 24902
2015-02-16 18:30:51,372 - INFO - merge_sort - 1 scattering to all ['k', 'n', 'd', 's', 'e', 'i', 'a', 'i', 'z', 'z', 't', 'a', 'y', 'w', 'u', 'e', 'c', 'k', 'x', 'p', 't', 'g', 'n', 's', 'v', 'u', 'b', 'g', 'b', 'f', 'd', 'b']
2015-02-16 18:30:51,373 - INFO - merge_sort - ****RUN_PARALLEL()****
2015-02-16 18:30:51,373 - INFO - merge_sort - # processes       : 2
2015-02-16 18:30:51,373 - INFO - merge_sort - input data       : ['k', 'n', 'd', 's', 'e', 'i', 'a', 'i', 'z', 'z', 't', 'a', 'y', 'w', 'u', 'e', 'c', 'k', 'x', 'p', 't', 'g', 'n', 's', 'v', 'u', 'b', 'g', 'b', 'f', 'd', 'b']
2015-02-16 18:30:51,373 - INFO - merge_sort - result           : ['a', 'a', 'b', 'b', 'b', 'c', 'd', 'd', 'e', 'e', 'f', 'g', 'g', 'i', 'i', 'k', 'k', 'n', 'n', 'p', 's', 's', 't', 't', 'u', 'u', 'v', 'w', 'x', 'y', 'z', 'z']
2015-02-16 18:30:51,375 - INFO - psim - pid for 0 is 24892
2015-02-16 18:30:51,376 - INFO - merge_sort - 0 scattering to all ['k', 'n', 'd', 's', 'e', 'i', 'a', 'i', 'z', 'z', 't', 'a', 'y', 'w', 'u', 'e', 'c', 'k', 'x', 'p', 't', 'g', 'n', 's', 'v', 'u', 'b', 'g', 'b', 'f', 'd', 'b']
2015-02-16 18:30:51,376 - INFO - psim - pid for 3 is 24905
2015-02-16 18:30:51,377 - INFO - merge_sort - 3 scattering to all ['k', 'n', 'd', 's', 'e', 'i', 'a', 'i', 'z', 'z', 't', 'a', 'y', 'w', 'u', 'e', 'c', 'k', 'x', 'p', 't', 'g', 'n', 's', 'v', 'u', 'b', 'g', 'b', 'f', 'd', 'b']
2015-02-16 18:30:51,378 - INFO - psim - pid for 2 is 24904
2015-02-16 18:30:51,378 - INFO - merge_sort - 2 scattering to all ['k', 'n', 'd', 's', 'e', 'i', 'a', 'i', 'z', 'z', 't', 'a', 'y', 'w', 'u', 'e', 'c', 'k', 'x', 'p', 't', 'g', 'n', 's', 'v', 'u', 'b', 'g', 'b', 'f', 'd', 'b']
2015-02-16 18:30:51,378 - INFO - psim - pid for 1 is 24903
2015-02-16 18:30:51,379 - INFO - merge_sort - 1 scattering to all ['k', 'n', 'd', 's', 'e', 'i', 'a', 'i', 'z', 'z', 't', 'a', 'y', 'w', 'u', 'e', 'c', 'k', 'x', 'p', 't', 'g', 'n', 's', 'v', 'u', 'b', 'g', 'b', 'f', 'd', 'b']
2015-02-16 18:30:51,380 - INFO - merge_sort - ****RUN_PARALLEL()****
2015-02-16 18:30:51,381 - INFO - merge_sort - # processes       : 4
2015-02-16 18:30:51,381 - INFO - merge_sort - input data       : ['k', 'n', 'd', 's', 'e', 'i', 'a', 'i', 'z', 'z', 't', 'a', 'y', 'w', 'u', 'e', 'c', 'k', 'x', 'p', 't', 'g', 'n', 's', 'v', 'u', 'b', 'g', 'b', 'f', 'd', 'b']
2015-02-16 18:30:51,381 - INFO - merge_sort - result           : ['a', 'a', 'b', 'b', 'b', 'c', 'd', 'd', 'e', 'e', 'f', 'g', 'g', 'i', 'i', 'k', 'k', 'n', 'n', 'p', 's', 's', 't', 't', 'u', 'u', 'v', 'w', 'x', 'y', 'z', 'z']
2015-02-16 18:30:51,384 - INFO - psim - pid for 1 is 24906
2015-02-16 18:30:51,384 - INFO - merge_sort - 1 scattering to all ['k', 'n', 'd', 's', 'e', 'i', 'a', 'i', 'z', 'z', 't', 'a', 'y', 'w', 'u', 'e', 'c', 'k', 'x', 'p', 't', 'g', 'n', 's', 'v', 'u', 'b', 'g', 'b', 'f', 'd', 'b']
2015-02-16 18:30:51,385 - INFO - psim - pid for 0 is 24892
2015-02-16 18:30:51,383 - INFO - psim - pid for 2 is 24907
2015-02-16 18:30:51,385 - INFO - merge_sort - 0 scattering to all ['k', 'n', 'd', 's', 'e', 'i', 'a', 'i', 'z', 'z', 't', 'a', 'y', 'w', 'u', 'e', 'c', 'k', 'x', 'p', 't', 'g', 'n', 's', 'v', 'u', 'b', 'g', 'b', 'f', 'd', 'b']
2015-02-16 18:30:51,385 - INFO - merge_sort - 2 scattering to all ['k', 'n', 'd', 's', 'e', 'i', 'a', 'i', 'z', 'z', 't', 'a', 'y', 'w', 'u', 'e', 'c', 'k', 'x', 'p', 't', 'g', 'n', 's', 'v', 'u', 'b', 'g', 'b', 'f', 'd', 'b']
2015-02-16 18:30:51,389 - INFO - psim - pid for 4 is 24909
2015-02-16 18:30:51,391 - INFO - merge_sort - 4 scattering to all ['k', 'n', 'd', 's', 'e', 'i', 'a', 'i', 'z', 'z', 't', 'a', 'y', 'w', 'u', 'e', 'c', 'k', 'x', 'p', 't', 'g', 'n', 's', 'v', 'u', 'b', 'g', 'b', 'f', 'd', 'b']
2015-02-16 18:30:51,396 - INFO - merge_sort - ****RUN_PARALLEL()****
2015-02-16 18:30:51,396 - INFO - merge_sort - # processes       : 8
2015-02-16 18:30:51,396 - INFO - merge_sort - input data       : ['k', 'n', 'd', 's', 'e', 'i', 'a', 'i', 'z', 'z', 't', 'a', 'y', 'w', 'u', 'e', 'c', 'k', 'x', 'p', 't', 'g', 'n', 's', 'v', 'u', 'b', 'g', 'b', 'f', 'd', 'b']
2015-02-16 18:30:51,397 - INFO - merge_sort - result           : ['a', 'a', 'b', 'b', 'b', 'c', 'd', 'd', 'e', 'e', 'f', 'g', 'g', 'i', 'i', 'k', 'k', 'n', 'n', 'p', 's', 's', 't', 't', 'u', 'u', 'v', 'w', 'x', 'y', 'z', 'z']
2015-02-16 18:30:51,402 - INFO - psim - pid for 3 is 24915
2015-02-16 18:30:51,403 - INFO - merge_sort - 3 scattering to all ['k', 'n', 'd', 's', 'e', 'i', 'a', 'i', 'z', 'z', 't', 'a', 'y', 'w', 'u', 'e', 'c', 'k', 'x', 'p', 't', 'g', 'n', 's', 'v', 'u', 'b', 'g', 'b', 'f', 'd', 'b']
2015-02-16 18:30:51,401 - INFO - psim - pid for 1 is 24913
2015-02-16 18:30:51,404 - INFO - merge_sort - 1 scattering to all ['k', 'n', 'd', 's', 'e', 'i', 'a', 'i', 'z', 'z', 't', 'a', 'y', 'w', 'u', 'e', 'c', 'k', 'x', 'p', 't', 'g', 'n', 's', 'v', 'u', 'b', 'g', 'b', 'f', 'd', 'b']
2015-02-16 18:30:51,404 - INFO - psim - pid for 5 is 24917
2015-02-16 18:30:51,405 - INFO - merge_sort - 5 scattering to all ['k', 'n', 'd', 's', 'e', 'i', 'a', 'i', 'z', 'z', 't', 'a', 'y', 'w', 'u', 'e', 'c', 'k', 'x', 'p', 't', 'g', 'n', 's', 'v', 'u', 'b', 'g', 'b', 'f', 'd', 'b']
2015-02-16 18:30:51,406 - INFO - psim - pid for 6 is 24918
2015-02-16 18:30:51,406 - INFO - merge_sort - 6 scattering to all ['k', 'n', 'd', 's', 'e', 'i', 'a', 'i', 'z', 'z', 't', 'a', 'y', 'w', 'u', 'e', 'c', 'k', 'x', 'p', 't', 'g', 'n', 's', 'v', 'u', 'b', 'g', 'b', 'f', 'd', 'b']
2015-02-16 18:30:51,408 - INFO - psim - pid for 7 is 24919
2015-02-16 18:30:51,408 - INFO - merge_sort - 7 scattering to all ['k', 'n', 'd', 's', 'e', 'i', 'a', 'i', 'z', 'z', 't', 'a', 'y', 'w', 'u', 'e', 'c', 'k', 'x', 'p', 't', 'g', 'n', 's', 'v', 'u', 'b', 'g', 'b', 'f', 'd', 'b']
2015-02-16 18:30:51,409 - INFO - psim - pid for 8 is 24920
2015-02-16 18:30:51,409 - INFO - psim - pid for 4 is 24916
2015-02-16 18:30:51,410 - INFO - merge_sort - 8 scattering to all ['k', 'n', 'd', 's', 'e', 'i', 'a', 'i', 'z', 'z', 't', 'a', 'y', 'w', 'u', 'e', 'c', 'k', 'x', 'p', 't', 'g', 'n', 's', 'v', 'u', 'b', 'g', 'b', 'f', 'd', 'b']
2015-02-16 18:30:51,407 - INFO - psim - pid for 10 is 24922
2015-02-16 18:30:51,410 - INFO - merge_sort - 10 scattering to all ['k', 'n', 'd', 's', 'e', 'i', 'a', 'i', 'z', 'z', 't', 'a', 'y', 'w', 'u', 'e', 'c', 'k', 'x', 'p', 't', 'g', 'n', 's', 'v', 'u', 'b', 'g', 'b', 'f', 'd', 'b']
2015-02-16 18:30:51,411 - INFO - psim - pid for 2 is 24914
2015-02-16 18:30:51,411 - INFO - psim - pid for 11 is 24923
2015-02-16 18:30:51,411 - INFO - merge_sort - 2 scattering to all ['k', 'n', 'd', 's', 'e', 'i', 'a', 'i', 'z', 'z', 't', 'a', 'y', 'w', 'u', 'e', 'c', 'k', 'x', 'p', 't', 'g', 'n', 's', 'v', 'u', 'b', 'g', 'b', 'f', 'd', 'b']
2015-02-16 18:30:51,410 - INFO - merge_sort - 4 scattering to all ['k', 'n', 'd', 's', 'e', 'i', 'a', 'i', 'z', 'z', 't', 'a', 'y', 'w', 'u', 'e', 'c', 'k', 'x', 'p', 't', 'g', 'n', 's', 'v', 'u', 'b', 'g', 'b', 'f', 'd', 'b']
2015-02-16 18:30:51,413 - INFO - psim - pid for 13 is 24925
2015-02-16 18:30:51,414 - INFO - merge_sort - 13 scattering to all ['k', 'n', 'd', 's', 'e', 'i', 'a', 'i', 'z', 'z', 't', 'a', 'y', 'w', 'u', 'e', 'c', 'k', 'x', 'p', 't', 'g', 'n', 's', 'v', 'u', 'b', 'g', 'b', 'f', 'd', 'b']
2015-02-16 18:30:51,414 - INFO - psim - pid for 9 is 24921
2015-02-16 18:30:51,414 - INFO - psim - pid for 12 is 24924
2015-02-16 18:30:51,415 - INFO - merge_sort - 9 scattering to all ['k', 'n', 'd', 's', 'e', 'i', 'a', 'i', 'z', 'z', 't', 'a', 'y', 'w', 'u', 'e', 'c', 'k', 'x', 'p', 't', 'g', 'n', 's', 'v', 'u', 'b', 'g', 'b', 'f', 'd', 'b']
2015-02-16 18:30:51,415 - INFO - merge_sort - 12 scattering to all ['k', 'n', 'd', 's', 'e', 'i', 'a', 'i', 'z', 'z', 't', 'a', 'y', 'w', 'u', 'e', 'c', 'k', 'x', 'p', 't', 'g', 'n', 's', 'v', 'u', 'b', 'g', 'b', 'f', 'd', 'b']
2015-02-16 18:30:51,416 - INFO - psim - pid for 14 is 24926
2015-02-16 18:30:51,416 - INFO - merge_sort - 14 scattering to all ['k', 'n', 'd', 's', 'e', 'i', 'a', 'i', 'z', 'z', 't', 'a', 'y', 'w', 'u', 'e', 'c', 'k', 'x', 'p', 't', 'g', 'n', 's', 'v', 'u', 'b', 'g', 'b', 'f', 'd', 'b']
2015-02-16 18:30:51,417 - INFO - psim - pid for 15 is 24927
2015-02-16 18:30:51,417 - INFO - psim - pid for 0 is 24892
2015-02-16 18:30:51,417 - INFO - merge_sort - 15 scattering to all ['k', 'n', 'd', 's', 'e', 'i', 'a', 'i', 'z', 'z', 't', 'a', 'y', 'w', 'u', 'e', 'c', 'k', 'x', 'p', 't', 'g', 'n', 's', 'v', 'u', 'b', 'g', 'b', 'f', 'd', 'b']
2015-02-16 18:30:51,418 - INFO - merge_sort - 0 scattering to all ['k', 'n', 'd', 's', 'e', 'i', 'a', 'i', 'z', 'z', 't', 'a', 'y', 'w', 'u', 'e', 'c', 'k', 'x', 'p', 't', 'g', 'n', 's', 'v', 'u', 'b', 'g', 'b', 'f', 'd', 'b']
2015-02-16 18:30:51,514 - INFO - merge_sort - ****RUN_PARALLEL()****
2015-02-16 18:30:51,514 - INFO - merge_sort - # processes       : 16
2015-02-16 18:30:51,514 - INFO - merge_sort - input data       : ['k', 'n', 'd', 's', 'e', 'i', 'a', 'i', 'z', 'z', 't', 'a', 'y', 'w', 'u', 'e', 'c', 'k', 'x', 'p', 't', 'g', 'n', 's', 'v', 'u', 'b', 'g', 'b', 'f', 'd', 'b']
2015-02-16 18:30:51,514 - INFO - merge_sort - result           : ['a', 'a', 'b', 'b', 'b', 'c', 'd', 'd', 'e', 'e', 'f', 'g', 'g', 'i', 'i', 'k', 'k', 'n', 'n', 'p', 's', 's', 't', 't', 'u', 'u', 'v', 'w', 'x', 'y', 'z', 'z']
2015-02-16 18:30:51,904 - INFO - merge_sort - log_payload: {'log_owner': '1', 'simulation': 1}
2015-02-16 18:30:51,904 - INFO - merge_sort - plot_payload: {'plot_owner': '1', 'simulation': 1}
2015-02-16 18:30:51,904 - INFO - merge_sort - main: END
