2015-02-16 03:05:30,836 - INFO - merge_sort - ****SYSTEM INFORMATION****
2015-02-16 03:05:30,837 - INFO - merge_sort - Python version    : 2.7.3
2015-02-16 03:05:30,837 - INFO - merge_sort - compiler          : GCC 4.7.2
2015-02-16 03:05:30,837 - INFO - merge_sort - system            : Linux
2015-02-16 03:05:30,837 - INFO - merge_sort - release           : 3.2.0-4-686-pae
2015-02-16 03:05:30,837 - INFO - merge_sort - machine           : i686
2015-02-16 03:05:30,837 - INFO - merge_sort - cpu's             : 2
2015-02-16 03:05:30,837 - INFO - merge_sort - interpreter       : 32bit
2015-02-16 03:05:30,837 - INFO - merge_sort - node              : crunchbang
2015-02-16 03:05:30,837 - INFO - merge_sort - platform          : Linux-3.2.0-4-686-pae-i686-with-debian-7.8
2015-02-16 03:05:30,838 - INFO - merge_sort - main: START
2015-02-16 03:05:30,840 - INFO - merge_sort - ****RUN_SERIAL()****
2015-02-16 03:05:30,840 - INFO - merge_sort - data            : [0, 9, 3, 4, 2, 6, 1, 4, 6, 99, 12, 5, 56, 76, 855, 5685]
2015-02-16 03:05:30,840 - INFO - merge_sort - result            : [0, 1, 2, 3, 4, 4, 5, 6, 6, 9, 12, 56, 76, 99, 855, 5685]
2015-02-16 03:05:30,842 - INFO - psim - pid for 1 is 15254
2015-02-16 03:05:30,848 - INFO - merge_sort - ****RUN_PARALLEL()****
2015-02-16 03:05:30,848 - INFO - merge_sort - result            : [0, 1, 2, 3, 4, 4, 5, 6, 6, 9, 12, 56, 76, 99, 855, 5685]
2015-02-16 03:05:30,852 - INFO - psim - pid for 0 is 15254
2015-02-16 03:05:30,853 - INFO - psim - pid for 0 is 15244
2015-02-16 03:05:30,859 - INFO - psim - pid for 2 is 15258
2015-02-16 03:05:30,865 - INFO - psim - pid for 1 is 15255
2015-02-16 03:05:30,866 - INFO - merge_sort - ****RUN_PARALLEL()****
2015-02-16 03:05:30,866 - INFO - merge_sort - result            : [0, 1, 2, 3, 4, 4, 5, 6, 6, 9, 12, 56, 76, 99, 855, 5685]
2015-02-16 03:05:30,877 - INFO - merge_sort - ****RUN_PARALLEL()****
2015-02-16 03:05:30,880 - INFO - merge_sort - result            : [0, 1, 2, 3, 4, 4, 5, 6, 6, 9, 12, 56, 76, 99, 855, 5685]
2015-02-16 03:05:32,136 - INFO - merge_sort - log_payload: {'log_owner': '1', 'simulation': 32}
2015-02-16 03:05:32,136 - INFO - merge_sort - plot_payload: {'plot_owner': '1', 'simulation': 32}
2015-02-16 03:05:32,136 - INFO - merge_sort - main: END
2015-02-16 03:05:32,684 - INFO - merge_sort - log_payload: {'log_owner': '1', 'simulation': 32}
2015-02-16 03:05:32,689 - INFO - merge_sort - log_payload: {'log_owner': '1', 'simulation': 32}
2015-02-16 03:05:32,689 - INFO - merge_sort - plot_payload: {'plot_owner': '1', 'simulation': 32}
2015-02-16 03:05:32,689 - INFO - merge_sort - main: END
2015-02-16 03:05:32,690 - INFO - merge_sort - plot_payload: {'plot_owner': '1', 'simulation': 32}
2015-02-16 03:05:32,690 - INFO - merge_sort - main: END
2015-02-16 03:05:32,733 - INFO - merge_sort - log_payload: {'log_owner': '1', 'simulation': 32}
2015-02-16 03:05:32,740 - INFO - merge_sort - plot_payload: {'plot_owner': '1', 'simulation': 32}
2015-02-16 03:05:32,740 - INFO - merge_sort - main: END
